1512291773.485378 select(7, [3 4], [], NULL, NULL) = 1 (in [4])
1512291779.459392 clock_gettime(CLOCK_BOOTTIME, {16850, 880021039}) = 0
1512291779.459671 read(4, "f", 16384)   = 1
1512291779.459760 clock_gettime(CLOCK_BOOTTIME, {16850, 880355376}) = 0
1512291779.459806 clock_gettime(CLOCK_BOOTTIME, {16850, 880398897}) = 0
1512291779.459847 select(7, [3 4], [3], NULL, NULL) = 1 (out [3])
1512291779.459911 clock_gettime(CLOCK_BOOTTIME, {16850, 880503901}) = 0
1512291779.459952 write(3, "\34\207\352R\217\375v\5\2275\367\200\10\363\212\271eJ\264A\227\264{\255?\257\376\265\351\251\377L"..., 36) = 36
1512291779.460190 clock_gettime(CLOCK_BOOTTIME, {16850, 880784143}) = 0
1512291779.460239 clock_gettime(CLOCK_BOOTTIME, {16850, 880832219}) = 0
1512291779.460280 select(7, [3 4], [], NULL, NULL) = 1 (in [3])
1512291779.461442 clock_gettime(CLOCK_BOOTTIME, {16850, 882040206}) = 0
1512291779.461495 read(3, "7\354\255\247\3R\"8\3570_\35\331 \351\26\253\317\200! \254Iwt4\371\347@\336\3324"..., 8192) = 100
1512291779.461570 clock_gettime(CLOCK_BOOTTIME, {16850, 882164961}) = 0
1512291779.461698 clock_gettime(CLOCK_BOOTTIME, {16850, 882291986}) = 0
1512291779.461743 select(7, [3 4], [5], NULL, NULL) = 1 (out [5])
1512291779.461808 clock_gettime(CLOCK_BOOTTIME, {16850, 882400032}) = 0
1512291779.461847 write(5, "\r\33[K\33]0;hy@PyStudy2: ~\7\33[01;32mh"..., 66) = 66
1512291779.462225 clock_gettime(CLOCK_BOOTTIME, {16850, 882820028}) = 0
1512291779.462276 clock_gettime(CLOCK_BOOTTIME, {16850, 882868561}) = 0
1512291779.462316 select(7, [3 4], [], NULL, NULL) = 1 (in [4])
1512291779.974731 clock_gettime(CLOCK_BOOTTIME, {16851, 395329994}) = 0
1512291779.974785 read(4, "c", 16384)   = 1
1512291779.974890 clock_gettime(CLOCK_BOOTTIME, {16851, 395484083}) = 0
1512291779.974934 clock_gettime(CLOCK_BOOTTIME, {16851, 395526476}) = 0
1512291779.974974 select(7, [3 4], [3], NULL, NULL) = 1 (out [3])
1512291779.975082 clock_gettime(CLOCK_BOOTTIME, {16851, 395682834}) = 0
1512291779.975136 write(3, "q\267D\364\213\254\374\36<L\6\246\276\202\336\356\365\341\203\f\327\321\37!\352\324\360\316\256\254\262\\"..., 36) = 36
1512291779.975358 clock_gettime(CLOCK_BOOTTIME, {16851, 395952461}) = 0
1512291779.975407 clock_gettime(CLOCK_BOOTTIME, {16851, 395999560}) = 0
1512291779.975447 select(7, [3 4], [], NULL, NULL) = 1 (in [3])
1512291779.976346 clock_gettime(CLOCK_BOOTTIME, {16851, 396943644}) = 0
1512291779.976396 read(3, "\253\223\20(\356q2in(\370X\312<\241\243\273j\323a0e\332j\314)\202_K\224)\304"..., 8192) = 36
1512291779.976477 clock_gettime(CLOCK_BOOTTIME, {16851, 397081324}) = 0
1512291779.976648 clock_gettime(CLOCK_BOOTTIME, {16851, 397252993}) = 0
1512291779.976781 select(7, [3 4], [5], NULL, NULL) = 1 (out [5])
1512291779.976974 clock_gettime(CLOCK_BOOTTIME, {16851, 397576721}) = 0
1512291779.977122 write(5, "c", 1)      = 1
1512291779.977801 clock_gettime(CLOCK_BOOTTIME, {16851, 398405286}) = 0
1512291779.977884 clock_gettime(CLOCK_BOOTTIME, {16851, 398483453}) = 0
1512291779.977951 select(7, [3 4], [], NULL, NULL) = 1 (in [4])
1512291780.078345 clock_gettime(CLOCK_BOOTTIME, {16851, 498944375}) = 0
1512291780.078399 read(4, "o", 16384)   = 1
1512291780.078473 clock_gettime(CLOCK_BOOTTIME, {16851, 499067376}) = 0
1512291780.078564 clock_gettime(CLOCK_BOOTTIME, {16851, 499164211}) = 0
1512291780.078617 select(7, [3 4], [3], NULL, NULL) = 1 (out [3])
1512291780.078678 clock_gettime(CLOCK_BOOTTIME, {16851, 499269716}) = 0
1512291780.078716 write(3, "0\374\313\245xQ)|M_\f\302\357qw50\231?\tc\350\3151\232\264#\n\252\6V\22"..., 36) = 36
1512291780.078940 clock_gettime(CLOCK_BOOTTIME, {16851, 499534953}) = 0
1512291780.078990 clock_gettime(CLOCK_BOOTTIME, {16851, 499582408}) = 0
1512291780.079103 select(7, [3 4], [], NULL, NULL) = 1 (in [3])
1512291780.079858 clock_gettime(CLOCK_BOOTTIME, {16851, 500454865}) = 0
1512291780.079906 read(3, "\262\324\16\231\304\215c\367ihc\345\305\21\307\370\342\264 u \220\267\0\236c\314\241Q\33\261z"..., 8192) = 36
1512291780.079974 clock_gettime(CLOCK_BOOTTIME, {16851, 500567306}) = 0
1512291780.080016 clock_gettime(CLOCK_BOOTTIME, {16851, 500709692}) = 0
1512291780.080174 select(7, [3 4], [5], NULL, NULL) = 1 (out [5])
1512291780.080249 clock_gettime(CLOCK_BOOTTIME, {16851, 500851868}) = 0
1512291780.080314 write(5, "o", 1)      = 1
1512291780.080780 clock_gettime(CLOCK_BOOTTIME, {16851, 501381393}) = 0
1512291780.080853 clock_gettime(CLOCK_BOOTTIME, {16851, 501451306}) = 0
1512291780.080914 select(7, [3 4], [], NULL, NULL) = 1 (in [4])
1512291780.203561 clock_gettime(CLOCK_BOOTTIME, {16851, 624178057}) = 0
1512291780.203653 read(4, "n", 16384)   = 1
1512291780.203752 clock_gettime(CLOCK_BOOTTIME, {16851, 624351570}) = 0
1512291780.203815 clock_gettime(CLOCK_BOOTTIME, {16851, 624415042}) = 0
1512291780.203883 select(7, [3 4], [3], NULL, NULL) = 1 (out [3])
1512291780.204048 clock_gettime(CLOCK_BOOTTIME, {16851, 624662497}) = 0
1512291780.204144 write(3, "w:\21\214\2\25\257*?\324\312\234\235Wc\235A\263\177\326\262\206\301K/p\315\347\342\34\270\332"..., 36) = 36
1512291780.204452 clock_gettime(CLOCK_BOOTTIME, {16851, 625054408}) = 0
1512291780.204599 clock_gettime(CLOCK_BOOTTIME, {16851, 625200207}) = 0
1512291780.204678 select(7, [3 4], [], NULL, NULL) = 1 (in [3])
1512291780.205454 clock_gettime(CLOCK_BOOTTIME, {16851, 626051409}) = 0
1512291780.205504 read(3, "\222}t\321\33\205nd5\257sLh\362\344\257\"a\214\212E\317q)&\3628\5\37\r\272\205"..., 8192) = 36
1512291780.205634 clock_gettime(CLOCK_BOOTTIME, {16851, 626228616}) = 0
1512291780.205678 clock_gettime(CLOCK_BOOTTIME, {16851, 626269366}) = 0
1512291780.205717 select(7, [3 4], [5], NULL, NULL) = 1 (out [5])
1512291780.205780 clock_gettime(CLOCK_BOOTTIME, {16851, 626371277}) = 0
1512291780.205817 write(5, "n", 1)      = 1
1512291780.206159 clock_gettime(CLOCK_BOOTTIME, {16851, 626753029}) = 0
1512291780.206208 clock_gettime(CLOCK_BOOTTIME, {16851, 626798951}) = 0
1512291780.206246 select(7, [3 4], [], NULL, NULL) = 1 (in [4])
1512291780.304039 clock_gettime(CLOCK_BOOTTIME, {16851, 724636282}) = 0
1512291780.304091 read(4, "f", 16384)   = 1
1512291780.304163 clock_gettime(CLOCK_BOOTTIME, {16851, 724756517}) = 0
1512291780.304205 clock_gettime(CLOCK_BOOTTIME, {16851, 724796089}) = 0
1512291780.304243 select(7, [3 4], [3], NULL, NULL) = 1 (out [3])
1512291780.304370 clock_gettime(CLOCK_BOOTTIME, {16851, 724962455}) = 0
1512291780.304411 write(3, "[\23\2630u\347\306\243\233y9\371Ab\277\335\325\274\310\237\247\222t5hP,'\24\21\n\214"..., 36) = 36
1512291780.304631 clock_gettime(CLOCK_BOOTTIME, {16851, 725225121}) = 0
1512291780.304679 clock_gettime(CLOCK_BOOTTIME, {16851, 725271012}) = 0
1512291780.304718 select(7, [3 4], [], NULL, NULL) = 1 (in [3])
1512291780.305558 clock_gettime(CLOCK_BOOTTIME, {16851, 726154110}) = 0
1512291780.305605 read(3, "\200pqw\26\313\222H=\31\351\17\203z\363~\202\26\270\0\v\346}\372\236\347\37\37|\247\311H"..., 8192) = 36
1512291780.305673 clock_gettime(CLOCK_BOOTTIME, {16851, 726266210}) = 0
1512291780.305715 clock_gettime(CLOCK_BOOTTIME, {16851, 726306900}) = 0
1512291780.305755 select(7, [3 4], [5], NULL, NULL) = 1 (out [5])
1512291780.305875 clock_gettime(CLOCK_BOOTTIME, {16851, 726466751}) = 0
1512291780.305914 write(5, "f", 1)      = 1
1512291780.306211 clock_gettime(CLOCK_BOOTTIME, {16851, 726804887}) = 0
1512291780.306405 clock_gettime(CLOCK_BOOTTIME, {16851, 727025650}) = 0
1512291780.306507 select(7, [3 4], [], NULL, NULL) = 1 (in [4])
1512291780.406403 clock_gettime(CLOCK_BOOTTIME, {16851, 827000654}) = 0
1512291780.406454 read(4, "i", 16384)   = 1
1512291780.406525 clock_gettime(CLOCK_BOOTTIME, {16851, 827117802}) = 0
1512291780.406566 clock_gettime(CLOCK_BOOTTIME, {16851, 827157148}) = 0
1512291780.406679 select(7, [3 4], [3], NULL, NULL) = 1 (out [3])
1512291780.406751 clock_gettime(CLOCK_BOOTTIME, {16851, 827342955}) = 0
1512291780.406792 write(3, "\227\334Y\321\372\f\237\207]\212Y\0\345\266i\242\233\"6\240`b)\314mt\216-.\224\336;"..., 36) = 36
1512291780.407016 clock_gettime(CLOCK_BOOTTIME, {16851, 827609018}) = 0
1512291780.407063 clock_gettime(CLOCK_BOOTTIME, {16851, 827688363}) = 0
1512291780.407151 select(7, [3 4], [], NULL, NULL) = 1 (in [3])
1512291780.407892 clock_gettime(CLOCK_BOOTTIME, {16851, 828489349}) = 0
1512291780.407943 read(3, "\33\221\177\r\326z\f\270\222\220O0\231\342\326\276\21>GC\341~\271\351\262\264Y\334+\10p%"..., 8192) = 36
1512291780.408012 clock_gettime(CLOCK_BOOTTIME, {16851, 828605389}) = 0
1512291780.408054 clock_gettime(CLOCK_BOOTTIME, {16851, 828645326}) = 0
1512291780.408140 select(7, [3 4], [5], NULL, NULL) = 1 (out [5])
1512291780.408221 clock_gettime(CLOCK_BOOTTIME, {16851, 828813116}) = 0
1512291780.408260 write(5, "i", 1)      = 1
1512291780.408699 clock_gettime(CLOCK_BOOTTIME, {16851, 829292821}) = 0
1512291780.408748 clock_gettime(CLOCK_BOOTTIME, {16851, 829338858}) = 0
1512291780.408786 select(7, [3 4], [], NULL, NULL) = 1 (in [4])
1512291780.499466 clock_gettime(CLOCK_BOOTTIME, {16851, 920063471}) = 0
1512291780.499517 read(4, "g", 16384)   = 1
1512291780.499587 clock_gettime(CLOCK_BOOTTIME, {16851, 920180724}) = 0
1512291780.499715 clock_gettime(CLOCK_BOOTTIME, {16851, 920317973}) = 0
1512291780.499771 select(7, [3 4], [3], NULL, NULL) = 1 (out [3])
1512291780.499835 clock_gettime(CLOCK_BOOTTIME, {16851, 920427272}) = 0
1512291780.499875 write(3, "\322ce\0036,\37U\371\211\207\240\356N\222\251\2!J1RX\266\203\372\324\3100\247>\234\376"..., 36) = 36
1512291780.500209 clock_gettime(CLOCK_BOOTTIME, {16851, 920822219}) = 0
1512291780.500298 clock_gettime(CLOCK_BOOTTIME, {16851, 920896642}) = 0
1512291780.500365 select(7, [3 4], [], NULL, NULL) = 1 (in [3])
1512291780.501241 clock_gettime(CLOCK_BOOTTIME, {16851, 921833920}) = 0
1512291780.501283 read(3, "B\366\370\226Q\234\372\32+\354\275\223\17\253\\V\362\341\252P\346\256\261\6Z\365\373\255|P\236\334"..., 8192) = 36
1512291780.501350 clock_gettime(CLOCK_BOOTTIME, {16851, 921944147}) = 0
1512291780.501392 clock_gettime(CLOCK_BOOTTIME, {16851, 921983313}) = 0
1512291780.501430 select(7, [3 4], [5], NULL, NULL) = 1 (out [5])
1512291780.501489 clock_gettime(CLOCK_BOOTTIME, {16851, 922080183}) = 0
1512291780.501525 write(5, "g", 1)      = 1
1512291780.501864 clock_gettime(CLOCK_BOOTTIME, {16851, 922457159}) = 0
1512291780.501911 clock_gettime(CLOCK_BOOTTIME, {16851, 922503301}) = 0
1512291780.501950 select(7, [3 4], [], NULL, NULL) = 1 (in [4])
1512291780.610675 clock_gettime(CLOCK_BOOTTIME, {16852, 31262154}) = 0
1512291780.610693 read(4, "\r", 16384)  = 1
1512291780.610742 clock_gettime(CLOCK_BOOTTIME, {16852, 31330322}) = 0
1512291780.610760 clock_gettime(CLOCK_BOOTTIME, {16852, 31344376}) = 0
1512291780.610772 select(7, [3 4], [3], NULL, NULL) = 1 (out [3])
1512291780.610791 clock_gettime(CLOCK_BOOTTIME, {16852, 31376147}) = 0
1512291780.610803 write(3, "^\340!\323\305\0e\3650\333\f\300<K\fv\2236v%\3169\214\363\336-:u\234U<\363"..., 36) = 36
1512291780.610880 clock_gettime(CLOCK_BOOTTIME, {16852, 31465049}) = 0
1512291780.610894 clock_gettime(CLOCK_BOOTTIME, {16852, 31479051}) = 0
1512291780.610906 select(7, [3 4], [], NULL, NULL) = 1 (in [3])
1512291780.611540 clock_gettime(CLOCK_BOOTTIME, {16852, 32132331}) = 0
1512291780.611570 read(3, "\270\243\213u\200\223\336\316\336%\264\267\362\346\244\36538\25\360/u9\5\240_\330\27\275I\222\313"..., 8192) = 36
1512291780.611606 clock_gettime(CLOCK_BOOTTIME, {16852, 32195035}) = 0
1512291780.611630 clock_gettime(CLOCK_BOOTTIME, {16852, 32217830}) = 0
1512291780.611651 select(7, [3 4], [5], NULL, NULL) = 1 (out [5])
1512291780.611682 clock_gettime(CLOCK_BOOTTIME, {16852, 32268034}) = 0
1512291780.611699 write(5, "\r\n", 2)   = 2
1512291780.611873 clock_gettime(CLOCK_BOOTTIME, {16852, 32461818}) = 0
1512291780.611900 clock_gettime(CLOCK_BOOTTIME, {16852, 32486758}) = 0
1512291780.611921 select(7, [3 4], [], NULL, NULL) = 1 (in [3])
1512291780.612783 clock_gettime(CLOCK_BOOTTIME, {16852, 33370372}) = 0
1512291780.612800 read(3, "\2\352[\200F\211\341\231\311\336\5mI\225&\242m\21\10W\211\337\225\"\20\351\32\355r\214\371\31"..., 8192) = 280
1512291780.612876 clock_gettime(CLOCK_BOOTTIME, {16852, 33462020}) = 0
1512291780.612890 clock_gettime(CLOCK_BOOTTIME, {16852, 33475040}) = 0
1512291780.612902 select(7, [3 4], [5], NULL, NULL) = 2 (in [3], out [5])
1512291780.612935 clock_gettime(CLOCK_BOOTTIME, {16852, 33520107}) = 0
1512291780.612947 write(5, "ens32     Link encap:Ethernet  H"..., 139) = 139
1512291780.613084 read(3, "^\rs \365\350\16\237\2741\264\313P\235\242\240\207\256gE\370\207]!\377\361\16A\f\246=\334"..., 8192) = 372
1512291780.613173 clock_gettime(CLOCK_BOOTTIME, {16852, 33759130}) = 0
1512291780.613187 clock_gettime(CLOCK_BOOTTIME, {16852, 33771388}) = 0
1512291780.613198 select(7, [3 4], [5], NULL, NULL) = 2 (in [3], out [5])
1512291780.613275 clock_gettime(CLOCK_BOOTTIME, {16852, 33860020}) = 0
1512291780.613287 write(5, "          inet6 addr: fe80::20c:"..., 187) = 187
1512291780.613401 read(3, "G\2\204,\241%\276\366A\337\375+\252\251o\3642\0330\361\347\5\225\1\347\266(Q\214Oy\253"..., 8192) = 420
1512291780.613471 clock_gettime(CLOCK_BOOTTIME, {16852, 34057228}) = 0
1512291780.613485 clock_gettime(CLOCK_BOOTTIME, {16852, 34069490}) = 0
1512291780.613496 select(7, [3 4], [5], NULL, NULL) = 2 (in [3], out [5])
1512291780.613515 clock_gettime(CLOCK_BOOTTIME, {16852, 34099841}) = 0
1512291780.613526 write(5, "\r\n          TX packets:1041 erro"..., 175) = 175
1512291780.613613 read(3, "\253\320w\357\343\315:}\27\256-\274\373\24mH\267l\5\347\\\240\372\255j\32\224t\363\251\32c"..., 8192) = 232
1512291780.613678 clock_gettime(CLOCK_BOOTTIME, {16852, 34263523}) = 0
1512291780.613691 clock_gettime(CLOCK_BOOTTIME, {16852, 34275637}) = 0
1512291780.613703 select(7, [3 4], [5], NULL, NULL) = 2 (in [3], out [5])
1512291780.613778 clock_gettime(CLOCK_BOOTTIME, {16852, 34362665}) = 0
1512291780.613790 write(5, "\r\nlo        Link encap:Local Loo"..., 86) = 86
1512291780.613875 read(3, "f\263\214\241{\305^,$\0\263\20\367\315\203\311\257cd#s\312\23_\177q\377c\334\5'-"..., 8192) = 268
1512291780.613942 clock_gettime(CLOCK_BOOTTIME, {16852, 34527675}) = 0
1512291780.613955 clock_gettime(CLOCK_BOOTTIME, {16852, 34539775}) = 0
1512291780.613967 select(7, [3 4], [5], NULL, NULL) = 2 (in [3], out [5])
1512291780.613985 clock_gettime(CLOCK_BOOTTIME, {16852, 34569256}) = 0
1512291780.613996 write(5, "\r\n          inet6 addr: ::1/128 "..., 96) = 96
1512291780.614101 read(3, "\20g>A\217\316\201\10\216\301\330\254\211Kj5\343\245\376~R*\237K\366\r\212\261\17\221\242\220"..., 8192) = 272
1512291780.614188 clock_gettime(CLOCK_BOOTTIME, {16852, 34773469}) = 0
1512291780.614201 clock_gettime(CLOCK_BOOTTIME, {16852, 34785585}) = 0
1512291780.614260 select(7, [3 4], [5], NULL, NULL) = 2 (in [3], out [5])
1512291780.614297 clock_gettime(CLOCK_BOOTTIME, {16852, 34883707}) = 0
1512291780.614316 write(5, "          RX packets:164 errors:"..., 130) = 130
1512291780.614559 read(3, "\272\2127\343aBB\245h\310xk\344X>\177)p\277\210\226\321\216S\21\202\215oG\227%."..., 8192) = 284
1512291780.614652 clock_gettime(CLOCK_BOOTTIME, {16852, 35240709}) = 0
1512291780.614675 clock_gettime(CLOCK_BOOTTIME, {16852, 35261597}) = 0
1512291780.614693 select(7, [3 4], [5], NULL, NULL) = 1 (out [5])
1512291780.614782 clock_gettime(CLOCK_BOOTTIME, {16852, 35369431}) = 0
1512291780.614803 write(5, "          collisions:0 txqueuele"..., 102) = 102
1512291780.614912 clock_gettime(CLOCK_BOOTTIME, {16852, 35498062}) = 0
1512291780.614928 clock_gettime(CLOCK_BOOTTIME, {16852, 35512508}) = 0
1512291780.614940 select(7, [3 4], [], NULL, NULL) = 1 (in [3])
1512291780.614956 clock_gettime(CLOCK_BOOTTIME, {16852, 35541034}) = 0
1512291780.614968 read(3, "P\207!\301\354\342\357\250\316c\2465\313#\217\242d,\34M+\315\31Z2FD\201\307\241UI"..., 8192) = 100
1512291780.615027 clock_gettime(CLOCK_BOOTTIME, {16852, 35612297}) = 0
1512291780.615040 clock_gettime(CLOCK_BOOTTIME, {16852, 35624410}) = 0
1512291780.615051 select(7, [3 4], [5], NULL, NULL) = 1 (out [5])
1512291780.615069 clock_gettime(CLOCK_BOOTTIME, {16852, 35653688}) = 0
1512291780.615080 write(5, "\33]0;hy@PyStudy2: ~\7\33[01;32mhy@Py"..., 60) = 60
1512291780.615161 clock_gettime(CLOCK_BOOTTIME, {16852, 35745690}) = 0
1512291780.615175 clock_gettime(CLOCK_BOOTTIME, {16852, 35759439}) = 0
1512291780.615186 select(7, [3 4], [], NULL, NULL <detached ...>
