1512300168.459843 select(4, [3], NULL, NULL, NULL) = 1 (in [3])
1512300168.480475 read(3, "\312\224b\322v\225\322\277\316\2655\23\1UfU\311\226n\356P\f\17\21t}bqtr\333\207"..., 8192) = 44
1512300168.480513 write(3, "\223\347\304\304\310v\35\312C5\210\200\337c\22\361u\354\37\256\374\1\313\33\330\251)\324\337\336\234\377"..., 60) = 60
1512300168.480584 select(4, [3], NULL, NULL, NULL) = 1 (in [3])
1512300168.482348 read(3, "\302\"\311\241*\240\215,\361\347\327-\177K\t\21Z\16\177F<\261Bs%\372\22\254z15\306"..., 8192) = 52
1512300168.482427 stat("/home/hy/.ssh/id_rsa", 0x7ffd3912aa50) = -1 ENOENT (No such file or directory)
1512300168.482464 stat("/home/hy/.ssh/id_dsa", 0x7ffd3912aa50) = -1 ENOENT (No such file or directory)
1512300168.482477 stat("/home/hy/.ssh/id_ecdsa", 0x7ffd3912aa50) = -1 ENOENT (No such file or directory)
1512300168.482488 stat("/home/hy/.ssh/id_ed25519", 0x7ffd3912aa50) = -1 ENOENT (No such file or directory)
1512300168.482504 open("/dev/tty", O_RDWR) = 4
1512300168.482560 close(4)              = 0
1512300168.482572 open("/dev/tty", O_RDWR) = 4
1512300168.482584 ioctl(4, TCGETS, {B38400 opost isig icanon echo ...}) = 0
1512300168.482599 ioctl(4, TCGETS, {B38400 opost isig icanon echo ...}) = 0
1512300168.482609 ioctl(4, SNDCTL_TMR_CONTINUE or TCSETSF, {B38400 opost isig icanon -echo ...}) = 0
1512300168.482621 ioctl(4, TCGETS, {B38400 opost isig icanon -echo ...}) = 0
1512300168.482631 rt_sigaction(SIGALRM, {0x55dd0ce7b5b0, [], SA_RESTORER, 0x7f1dcc5c74b0}, {SIG_DFL, [], 0}, 8) = 0
1512300168.482644 rt_sigaction(SIGHUP, {0x55dd0ce7b5b0, [], SA_RESTORER, 0x7f1dcc5c74b0}, {SIG_DFL, [], 0}, 8) = 0
1512300168.482654 rt_sigaction(SIGINT, {0x55dd0ce7b5b0, [], SA_RESTORER, 0x7f1dcc5c74b0}, {SIG_DFL, [], 0}, 8) = 0
1512300168.482665 rt_sigaction(SIGPIPE, {0x55dd0ce7b5b0, [], SA_RESTORER, 0x7f1dcc5c74b0}, {SIG_IGN, [], SA_RESTORER, 0x7f1dcc5c74b0}, 8) = 0
1512300168.482676 rt_sigaction(SIGQUIT, {0x55dd0ce7b5b0, [], SA_RESTORER, 0x7f1dcc5c74b0}, {SIG_DFL, [], 0}, 8) = 0
1512300168.482686 rt_sigaction(SIGTERM, {0x55dd0ce7b5b0, [], SA_RESTORER, 0x7f1dcc5c74b0}, {SIG_DFL, [], 0}, 8) = 0
1512300168.482696 rt_sigaction(SIGTSTP, {0x55dd0ce7b5b0, [], SA_RESTORER, 0x7f1dcc5c74b0}, {SIG_DFL, [], 0}, 8) = 0
1512300168.482707 rt_sigaction(SIGTTIN, {0x55dd0ce7b5b0, [], SA_RESTORER, 0x7f1dcc5c74b0}, {SIG_DFL, [], 0}, 8) = 0
1512300168.482717 rt_sigaction(SIGTTOU, {0x55dd0ce7b5b0, [], SA_RESTORER, 0x7f1dcc5c74b0}, {SIG_DFL, [], 0}, 8) = 0
1512300168.482728 write(4, "hy@192.168.100.130's password: ", 31) = 31
1512300168.482778 read(4, "1", 1)       = 1
1512300168.482795 read(4, "1", 1)       = 1
1512300168.482805 read(4, "1", 1)       = 1
1512300168.482814 read(4, "1", 1)       = 1
1512300168.482823 read(4, "\n", 1)      = 1
1512300168.482833 write(4, "\n", 1)     = 1
1512300168.482849 ioctl(4, TCGETS, {B38400 opost isig icanon -echo ...}) = 0
1512300168.482860 ioctl(4, SNDCTL_TMR_CONTINUE or TCSETSF, {B38400 opost isig icanon echo ...}) = 0
1512300168.482870 ioctl(4, TCGETS, {B38400 opost isig icanon echo ...}) = 0
1512300168.482880 rt_sigaction(SIGALRM, {SIG_DFL, [], SA_RESTORER, 0x7f1dcc5c74b0}, NULL, 8) = 0
1512300168.482890 rt_sigaction(SIGHUP, {SIG_DFL, [], SA_RESTORER, 0x7f1dcc5c74b0}, NULL, 8) = 0
1512300168.482899 rt_sigaction(SIGINT, {SIG_DFL, [], SA_RESTORER, 0x7f1dcc5c74b0}, NULL, 8) = 0
1512300168.482908 rt_sigaction(SIGQUIT, {SIG_DFL, [], SA_RESTORER, 0x7f1dcc5c74b0}, NULL, 8) = 0
1512300168.482917 rt_sigaction(SIGPIPE, {SIG_IGN, [], SA_RESTORER, 0x7f1dcc5c74b0}, NULL, 8) = 0
1512300168.482927 rt_sigaction(SIGTERM, {SIG_DFL, [], SA_RESTORER, 0x7f1dcc5c74b0}, NULL, 8) = 0
1512300168.482936 rt_sigaction(SIGTSTP, {SIG_DFL, [], SA_RESTORER, 0x7f1dcc5c74b0}, NULL, 8) = 0
1512300168.482945 rt_sigaction(SIGTTIN, {SIG_DFL, [], SA_RESTORER, 0x7f1dcc5c74b0}, NULL, 8) = 0
1512300168.482954 rt_sigaction(SIGTTOU, {SIG_DFL, [], SA_RESTORER, 0x7f1dcc5c74b0}, NULL, 8) = 0
1512300168.482963 close(4)              = 0
1512300168.482980 write(3, "\252\34,\332=\242\374/\242ni\337{\211\f\243\277\2459\\\255\363o\255\202\2745R\343\35\4\357"..., 84) = 84
1512300168.483050 select(4, [3], NULL, NULL, NULL) = 1 (in [3])
1512300168.489440 read(3, "4\213\350th1\3773\356\35\23u\270\3523Aqp.o\301\225\rTD\346Pa", 8192) = 28
1512300168.489469 dup(0)                = 4
1512300168.489478 dup(1)                = 5
1512300168.489486 dup(2)                = 6
1512300168.489494 ioctl(4, TCGETS, {B38400 opost isig icanon echo ...}) = 0
1512300168.489511 ioctl(5, TCGETS, {B38400 opost isig icanon echo ...}) = 0
1512300168.489521 ioctl(6, TCGETS, {B38400 opost isig icanon echo ...}) = 0
1512300168.489533 fcntl(4, F_SETFD, FD_CLOEXEC) = 0
1512300168.489542 fcntl(5, F_SETFD, FD_CLOEXEC) = 0
1512300168.489551 fcntl(6, F_SETFD, FD_CLOEXEC) = 0
1512300168.489567 rt_sigaction(SIGHUP, NULL, {SIG_DFL, [], SA_RESTORER, 0x7f1dcc5c74b0}, 8) = 0
1512300168.489580 rt_sigaction(SIGHUP, {SIG_IGN, [], SA_RESTORER, 0x7f1dcc5c74b0}, NULL, 8) = 0
1512300168.489590 rt_sigaction(SIGHUP, NULL, {SIG_IGN, [], SA_RESTORER, 0x7f1dcc5c74b0}, 8) = 0
1512300168.489599 rt_sigaction(SIGHUP, {0x55dd0ce25fc0, [], SA_RESTORER, 0x7f1dcc5c74b0}, NULL, 8) = 0
1512300168.489609 rt_sigaction(SIGINT, NULL, {SIG_DFL, [], SA_RESTORER, 0x7f1dcc5c74b0}, 8) = 0
1512300168.489619 rt_sigaction(SIGINT, {SIG_IGN, [], SA_RESTORER, 0x7f1dcc5c74b0}, NULL, 8) = 0
1512300168.489628 rt_sigaction(SIGINT, NULL, {SIG_IGN, [], SA_RESTORER, 0x7f1dcc5c74b0}, 8) = 0
1512300168.489637 rt_sigaction(SIGINT, {0x55dd0ce25fc0, [], SA_RESTORER, 0x7f1dcc5c74b0}, NULL, 8) = 0
1512300168.489647 rt_sigaction(SIGQUIT, NULL, {SIG_DFL, [], SA_RESTORER, 0x7f1dcc5c74b0}, 8) = 0
1512300168.489656 rt_sigaction(SIGQUIT, {SIG_IGN, [], SA_RESTORER, 0x7f1dcc5c74b0}, NULL, 8) = 0
1512300168.489666 rt_sigaction(SIGQUIT, NULL, {SIG_IGN, [], SA_RESTORER, 0x7f1dcc5c74b0}, 8) = 0
1512300168.489675 rt_sigaction(SIGQUIT, {0x55dd0ce25fc0, [], SA_RESTORER, 0x7f1dcc5c74b0}, NULL, 8) = 0
1512300168.489684 rt_sigaction(SIGTERM, NULL, {SIG_DFL, [], SA_RESTORER, 0x7f1dcc5c74b0}, 8) = 0
1512300168.489694 rt_sigaction(SIGTERM, {SIG_IGN, [], SA_RESTORER, 0x7f1dcc5c74b0}, NULL, 8) = 0
1512300168.489703 rt_sigaction(SIGTERM, NULL, {SIG_IGN, [], SA_RESTORER, 0x7f1dcc5c74b0}, 8) = 0
1512300168.489712 rt_sigaction(SIGTERM, {0x55dd0ce25fc0, [], SA_RESTORER, 0x7f1dcc5c74b0}, NULL, 8) = 0
1512300168.489722 rt_sigaction(SIGWINCH, NULL, {SIG_DFL, [], 0}, 8) = 0
1512300168.489731 rt_sigaction(SIGWINCH, {0x55dd0ce26230, [], SA_RESTORER, 0x7f1dcc5c74b0}, NULL, 8) = 0
1512300168.489741 ioctl(0, TCGETS, {B38400 opost isig icanon echo ...}) = 0
1512300168.489751 ioctl(0, TCGETS, {B38400 opost isig icanon echo ...}) = 0
1512300168.489761 ioctl(0, SNDCTL_TMR_STOP or TCSETSW, {B38400 -opost -isig -icanon -echo ...}) = 0
1512300168.489791 ioctl(0, TCGETS, {B38400 -opost -isig -icanon -echo ...}) = 0
1512300168.489804 clock_gettime(CLOCK_BOOTTIME, {25239, 910389514}) = 0
1512300168.489816 clock_gettime(CLOCK_BOOTTIME, {25239, 910400261}) = 0
1512300168.489826 select(7, [3], [3], NULL, NULL) = 1 (out [3])
1512300168.489841 clock_gettime(CLOCK_BOOTTIME, {25239, 910425272}) = 0
1512300168.489851 write(3, "XF\216\264_\225\252\273\f\6Z\0\236j@\266\202\311\316m\203\255+Z\324\33\311\316\340\237\353Y"..., 112) = 112
1512300168.489920 clock_gettime(CLOCK_BOOTTIME, {25239, 910504212}) = 0
1512300168.489931 clock_gettime(CLOCK_BOOTTIME, {25239, 910515436}) = 0
1512300168.489941 select(7, [3], [], NULL, NULL) = 1 (in [3])
1512300168.572419 clock_gettime(CLOCK_BOOTTIME, {25239, 993005830}) = 0
1512300168.572434 read(3, "\361\0\3209\357m\216$\363\320s\316\214\35x\270\33\321Hh{/\360\337l4E\232xH\252\36"..., 8192) = 940
1512300168.572467 clock_gettime(CLOCK_BOOTTIME, {25239, 993052014}) = 0
1512300168.572478 clock_gettime(CLOCK_BOOTTIME, {25239, 993062399}) = 0
1512300168.572488 select(7, [3], [], NULL, NULL) = 1 (in [3])
1512300168.611961 clock_gettime(CLOCK_BOOTTIME, {25240, 32552897}) = 0
1512300168.611985 read(3, "\266\252*\300\264\226\265\222\326\315\207EA\177\377k\333A\200.\375\343\327h\337\270\7=\306\340\314\254"..., 8192) = 44
1512300168.612032 getsockopt(3, SOL_TCP, TCP_NODELAY, [0], [4]) = 0
1512300168.612112 setsockopt(3, SOL_TCP, TCP_NODELAY, [1], 4) = 0
1512300168.612138 getsockname(3, {sa_family=AF_INET, sin_port=htons(37176), sin_addr=inet_addr("192.168.100.129")}, [16]) = 0
1512300168.612155 setsockopt(3, SOL_IP, IP_TOS, [16], 4) = 0
1512300168.612171 ioctl(0, TIOCGWINSZ, {ws_row=7, ws_col=226, ws_xpixel=1808, ws_ypixel=189}) = 0
1512300168.612203 clock_gettime(CLOCK_BOOTTIME, {25240, 32789211}) = 0
1512300168.612217 clock_gettime(CLOCK_BOOTTIME, {25240, 32801961}) = 0
1512300168.612229 select(7, [3], [3], NULL, NULL) = 1 (out [3])
1512300168.612248 clock_gettime(CLOCK_BOOTTIME, {25240, 32832507}) = 0
1512300168.612260 write(3, "\212\261\21lu_\336\247q\224\247\341@@\323+\335_\333\304\237\257\252\262l\353V\34Fo9\251"..., 392) = 392
1512300168.612350 clock_gettime(CLOCK_BOOTTIME, {25240, 32938364}) = 0
1512300168.612374 clock_gettime(CLOCK_BOOTTIME, {25240, 32961459}) = 0
1512300168.612394 select(7, [3], [], NULL, NULL) = 1 (in [3])
1512300168.613549 clock_gettime(CLOCK_BOOTTIME, {25240, 34135856}) = 0
1512300168.613564 read(3, "\267\356f\214\332\305\2415E\237#,\255k\307N\200\251\234L\17\311|\242>\356\v\311e\227\364P"..., 8192) = 108
1512300168.613594 clock_gettime(CLOCK_BOOTTIME, {25240, 34178794}) = 0
1512300168.613605 clock_gettime(CLOCK_BOOTTIME, {25240, 34189641}) = 0
1512300168.613615 select(7, [3 4], [], NULL, NULL) = 1 (in [3])
1512300168.613705 clock_gettime(CLOCK_BOOTTIME, {25240, 34289507}) = 0
1512300168.613715 read(3, "%$\16\223\270\v\22a\321\271\25\374t:%\333\26\376&\202\257\216X>\363.\326R\24\302\372\373"..., 8192) = 136
1512300168.613783 clock_gettime(CLOCK_BOOTTIME, {25240, 34368061}) = 0
1512300168.613794 clock_gettime(CLOCK_BOOTTIME, {25240, 34378318}) = 0
1512300168.613804 select(7, [3 4], [5], NULL, NULL) = 2 (in [3], out [5])
1512300168.613820 clock_gettime(CLOCK_BOOTTIME, {25240, 34404069}) = 0
1512300168.613829 write(5, "Welcome to Ubuntu 16.04.2 LTS (G"..., 67) = 67
1512300168.613941 read(3, "w\214\206-Y\206\245\260}h\f\31L\235\253\361t\276\246B\345\221\2161DuO\226\350\212+\360"..., 8192) = 352
1512300168.614117 clock_gettime(CLOCK_BOOTTIME, {25240, 34704435}) = 0
1512300168.614133 clock_gettime(CLOCK_BOOTTIME, {25240, 34717164}) = 0
1512300168.614143 select(7, [3 4], [5], NULL, NULL) = 2 (in [3], out [5])
1512300168.614159 clock_gettime(CLOCK_BOOTTIME, {25240, 34743903}) = 0
1512300168.614169 write(5, "\r\n * Documentation:  https://hel"..., 145) = 145
1512300168.614273 read(3, "[2\\>%E\327\25\366&*!\274F\335\321u\350\\\236?\203$\352rey\36\274\264\30\236"..., 8192) = 316
1512300168.614342 clock_gettime(CLOCK_BOOTTIME, {25240, 34926814}) = 0
1512300168.614353 clock_gettime(CLOCK_BOOTTIME, {25240, 34937017}) = 0
1512300168.614362 select(7, [3 4], [5], NULL, NULL) = 2 (in [3], out [5])
1512300168.614378 clock_gettime(CLOCK_BOOTTIME, {25240, 34962252}) = 0
1512300168.614388 write(5, "\r\n\r\n168 packages can be updated."..., 70) = 70
1512300168.614458 read(3, "\352's\0204\243-\301\304C\344\307\22g\343\243\305Zm\35\207\240\207\237\266u\377\332\341\30p\260"..., 8192) = 164
1512300168.614596 clock_gettime(CLOCK_BOOTTIME, {25240, 35183746}) = 0
1512300168.614617 clock_gettime(CLOCK_BOOTTIME, {25240, 35204080}) = 0
1512300168.614634 select(7, [3 4], [5], NULL, NULL) = 1 (out [5])
1512300168.614662 clock_gettime(CLOCK_BOOTTIME, {25240, 35248395}) = 0
1512300168.614678 write(5, "\r\nLast login: Sun Dec  3 18:16:3"..., 62) = 62
1512300168.614788 clock_gettime(CLOCK_BOOTTIME, {25240, 35375363}) = 0
1512300168.614808 clock_gettime(CLOCK_BOOTTIME, {25240, 35394966}) = 0
1512300168.614825 select(7, [3 4], [], NULL, NULL) = 1 (in [3])
1512300168.669226 clock_gettime(CLOCK_BOOTTIME, {25240, 89812823}) = 0
1512300168.669242 read(3, "\n\32`\373I:{7\205\253?\373\201O@\320\212J\"\374\352\201\323\2154z\223\24bv1f"..., 8192) = 100
1512300168.669266 clock_gettime(CLOCK_BOOTTIME, {25240, 89850961}) = 0
1512300168.669277 clock_gettime(CLOCK_BOOTTIME, {25240, 89861318}) = 0
1512300168.669287 select(7, [3 4], [5], NULL, NULL) = 1 (out [5])
1512300168.669302 clock_gettime(CLOCK_BOOTTIME, {25240, 89886613}) = 0
1512300168.669312 write(5, "\33]0;hy@PyStudy2: ~\7\33[01;32mhy@Py"..., 60) = 60
1512300168.669436 clock_gettime(CLOCK_BOOTTIME, {25240, 90021316}) = 0
1512300168.669449 clock_gettime(CLOCK_BOOTTIME, {25240, 90033097}) = 0
1512300168.669459 select(7, [3 4], [], NULL, NULL) = 1 (in [4])
1512300171.540322 clock_gettime(CLOCK_BOOTTIME, {25242, 960911203}) = 0
1512300171.540345 read(4, "d", 16384)   = 1
1512300171.540390 clock_gettime(CLOCK_BOOTTIME, {25242, 961008425}) = 0
1512300171.540442 clock_gettime(CLOCK_BOOTTIME, {25242, 961028732}) = 0
1512300171.540459 select(7, [3 4], [3], NULL, NULL) = 1 (out [3])
1512300171.540486 clock_gettime(CLOCK_BOOTTIME, {25242, 961072093}) = 0
1512300171.540503 write(3, "\2064g\262\203OX \34\235a=\30\272vKS\207\227\235\332\334\334\221\16-X\210\277b\346-"..., 36) = 36
1512300171.540601 clock_gettime(CLOCK_BOOTTIME, {25242, 961187665}) = 0
1512300171.540621 clock_gettime(CLOCK_BOOTTIME, {25242, 961206696}) = 0
1512300171.540637 select(7, [3 4], [], NULL, NULL) = 1 (in [3])
1512300171.541037 clock_gettime(CLOCK_BOOTTIME, {25242, 961625364}) = 0
1512300171.541058 read(3, "\fV\334\326\320c9\316ki\231'\32\363\nU\254\224\236\17q\227\257\354\342\30hb\265\244\4\356"..., 8192) = 36
1512300171.541087 clock_gettime(CLOCK_BOOTTIME, {25242, 961673410}) = 0
1512300171.541104 clock_gettime(CLOCK_BOOTTIME, {25242, 961689960}) = 0
1512300171.541120 select(7, [3 4], [5], NULL, NULL) = 1 (out [5])
1512300171.541144 clock_gettime(CLOCK_BOOTTIME, {25242, 961730602}) = 0
1512300171.541160 write(5, "d", 1)      = 1
1512300171.541289 clock_gettime(CLOCK_BOOTTIME, {25242, 961875950}) = 0
1512300171.541309 clock_gettime(CLOCK_BOOTTIME, {25242, 961895161}) = 0
1512300171.541325 select(7, [3 4], [], NULL, NULL) = 1 (in [4])
1512300171.683605 clock_gettime(CLOCK_BOOTTIME, {25243, 104216214}) = 0
1512300171.683724 read(4, "f", 16384)   = 1
1512300171.683800 clock_gettime(CLOCK_BOOTTIME, {25243, 104394624}) = 0
1512300171.683882 clock_gettime(CLOCK_BOOTTIME, {25243, 104481033}) = 0
1512300171.683971 select(7, [3 4], [3], NULL, NULL) = 1 (out [3])
1512300171.684052 clock_gettime(CLOCK_BOOTTIME, {25243, 104644378}) = 0
1512300171.684094 write(3, "5\306\304\f<N\240(>\314\254\t\343B\252\245f\214\215o8b\332\30\276\371a,\30{X\350"..., 36) = 36
1512300171.684327 clock_gettime(CLOCK_BOOTTIME, {25243, 104921515}) = 0
1512300171.684376 clock_gettime(CLOCK_BOOTTIME, {25243, 104967972}) = 0
1512300171.684415 select(7, [3 4], [], NULL, NULL) = 1 (in [3])
1512300171.685311 clock_gettime(CLOCK_BOOTTIME, {25243, 105908668}) = 0
1512300171.685360 read(3, "\330(t\265\220*^/WuCuw\307-b\235\356b\"\203\244\325\f\322\232G\242%\367\345\36"..., 8192) = 36
1512300171.685430 clock_gettime(CLOCK_BOOTTIME, {25243, 106022956}) = 0
1512300171.685548 clock_gettime(CLOCK_BOOTTIME, {25243, 106144280}) = 0
1512300171.685597 select(7, [3 4], [5], NULL, NULL) = 1 (out [5])
1512300171.685660 clock_gettime(CLOCK_BOOTTIME, {25243, 106252503}) = 0
1512300171.685698 write(5, "f", 1)      = 1
1512300171.686043 clock_gettime(CLOCK_BOOTTIME, {25243, 106637438}) = 0
1512300171.686091 clock_gettime(CLOCK_BOOTTIME, {25243, 106683524}) = 0
1512300171.686130 select(7, [3 4], [], NULL, NULL) = 1 (in [4])
1512300179.036439 clock_gettime(CLOCK_BOOTTIME, {25250, 457026850}) = 0
1512300179.036457 read(4, "\r", 16384)  = 1
1512300179.036490 clock_gettime(CLOCK_BOOTTIME, {25250, 457075278}) = 0
1512300179.036503 clock_gettime(CLOCK_BOOTTIME, {25250, 457087763}) = 0
1512300179.036515 select(7, [3 4], [3], NULL, NULL) = 1 (out [3])
1512300179.036533 clock_gettime(CLOCK_BOOTTIME, {25250, 457118430}) = 0
1512300179.036546 write(3, "C\356\177\333\356Y\0065;b\1\26\240X\324kj\5+\26\346\263\305\320\326\10\357\31\307\n7\222"..., 36) = 36
1512300179.036622 clock_gettime(CLOCK_BOOTTIME, {25250, 457207761}) = 0
1512300179.036637 clock_gettime(CLOCK_BOOTTIME, {25250, 457222161}) = 0
1512300179.036649 select(7, [3 4], [], NULL, NULL) = 1 (in [3])
1512300179.038233 clock_gettime(CLOCK_BOOTTIME, {25250, 458819956}) = 0
1512300179.038249 read(3, "\206\222\17ip\343\235]\20\240\376\366\10\264\302\270\233\306S\31\366\0075X\305\6\275_\226\225\275\f"..., 8192) = 36
1512300179.038384 clock_gettime(CLOCK_BOOTTIME, {25250, 458974963}) = 0
1512300179.038406 clock_gettime(CLOCK_BOOTTIME, {25250, 458990726}) = 0
1512300179.038418 select(7, [3 4], [5], NULL, NULL) = 2 (in [3], out [5])
1512300179.038439 clock_gettime(CLOCK_BOOTTIME, {25250, 459023853}) = 0
1512300179.038451 write(5, "\r\n", 2)   = 2
1512300179.038646 read(3, "\333\362\324\207W\261\304\241\212\364\343\2rx\357\325\256\24\3\"\260\261/\233ew\371\205R\361\304\257"..., 8192) = 416
1512300179.038676 clock_gettime(CLOCK_BOOTTIME, {25250, 459261305}) = 0
1512300179.038689 clock_gettime(CLOCK_BOOTTIME, {25250, 459273579}) = 0
1512300179.038700 select(7, [3 4], [5], NULL, NULL) = 1 (out [5])
1512300179.038718 clock_gettime(CLOCK_BOOTTIME, {25250, 459303241}) = 0
1512300179.038730 write(5, "Filesystem                   1K-"..., 210) = 210
1512300179.039154 clock_gettime(CLOCK_BOOTTIME, {25250, 459746179}) = 0
1512300179.039186 clock_gettime(CLOCK_BOOTTIME, {25250, 459775128}) = 0
1512300179.039212 select(7, [3 4], [], NULL, NULL) = 1 (in [3])
1512300179.039252 clock_gettime(CLOCK_BOOTTIME, {25250, 459839550}) = 0
1512300179.039275 read(3, "\370)\203=\312\222g\370T\17\236i\246j\336\34\202\\\366\202\361\303\233\366\373\6o\252$\252\\\26"..., 8192) = 684
1512300179.039507 clock_gettime(CLOCK_BOOTTIME, {25250, 460099790}) = 0
1512300179.039538 clock_gettime(CLOCK_BOOTTIME, {25250, 460126158}) = 0
1512300179.039562 select(7, [3 4], [5], NULL, NULL) = 1 (out [5])
1512300179.039601 clock_gettime(CLOCK_BOOTTIME, {25250, 460188682}) = 0
1512300179.039624 write(5, "/dev/mapper/PyStudy--vg-root  17"..., 355) = 355
1512300179.039878 clock_gettime(CLOCK_BOOTTIME, {25250, 460467571}) = 0
1512300179.039905 clock_gettime(CLOCK_BOOTTIME, {25250, 460493004}) = 0
1512300179.039926 select(7, [3 4], [], NULL, NULL) = 1 (in [3])
1512300179.039956 clock_gettime(CLOCK_BOOTTIME, {25250, 460543046}) = 0
1512300179.039975 read(3, "mH\ry\233\335Os0\317\225\2446Z\2667%f\1770\254X\327Cq\361T\303\303\274\302/"..., 8192) = 188
1512300179.040071 clock_gettime(CLOCK_BOOTTIME, {25250, 460658738}) = 0
1512300179.040090 clock_gettime(CLOCK_BOOTTIME, {25250, 460676753}) = 0
1512300179.040109 select(7, [3 4], [5], NULL, NULL) = 1 (out [5])
1512300179.040139 clock_gettime(CLOCK_BOOTTIME, {25250, 460726948}) = 0
1512300179.040161 write(5, "\r\ntmpfs                         "..., 80) = 80
1512300179.040327 clock_gettime(CLOCK_BOOTTIME, {25250, 460915583}) = 0
1512300179.040351 clock_gettime(CLOCK_BOOTTIME, {25250, 460938437}) = 0
1512300179.040367 select(7, [3 4], [], NULL, NULL) = 1 (in [3])
1512300179.040386 clock_gettime(CLOCK_BOOTTIME, {25250, 460970890}) = 0
1512300179.040398 read(3, "\265\250\226Pi\r\"V\215\r\3\265\337\377y\203\21\257c\223\266W\304\7)\314\214\2571^\311\1"..., 8192) = 100
1512300179.040481 clock_gettime(CLOCK_BOOTTIME, {25250, 461069272}) = 0
1512300179.040498 clock_gettime(CLOCK_BOOTTIME, {25250, 461082730}) = 0
1512300179.040510 select(7, [3 4], [5], NULL, NULL) = 1 (out [5])
1512300179.040528 clock_gettime(CLOCK_BOOTTIME, {25250, 461113438}) = 0
1512300179.040540 write(5, "\33]0;hy@PyStudy2: ~\7\33[01;32mhy@Py"..., 60) = 60
1512300179.040627 clock_gettime(CLOCK_BOOTTIME, {25250, 461212590}) = 0
1512300179.040642 clock_gettime(CLOCK_BOOTTIME, {25250, 461226908}) = 0
1512300179.040654 select(7, [3 4], [], NULL, NULL) = 1 (in [4])
1512300180.212537 clock_gettime(CLOCK_BOOTTIME, {25251, 633154322}) = 0
1512300180.212673 read(4, "e", 16384)   = 1
1512300180.212787 clock_gettime(CLOCK_BOOTTIME, {25251, 633388511}) = 0
1512300180.212854 clock_gettime(CLOCK_BOOTTIME, {25251, 633453385}) = 0
1512300180.212919 select(7, [3 4], [3], NULL, NULL) = 1 (out [3])
1512300180.213115 clock_gettime(CLOCK_BOOTTIME, {25251, 633714269}) = 0
1512300180.213179 write(3, "p\33\3206\350F\353\6?S\10\241p5H\0063\233\36\273m\vk\3\214\271>\1\307\210\30\203"..., 36) = 36
1512300180.213551 clock_gettime(CLOCK_BOOTTIME, {25251, 634149565}) = 0
1512300180.213605 clock_gettime(CLOCK_BOOTTIME, {25251, 634197826}) = 0
1512300180.213645 select(7, [3 4], [], NULL, NULL) = 1 (in [3])
1512300180.214249 clock_gettime(CLOCK_BOOTTIME, {25251, 634843555}) = 0
1512300180.214292 read(3, "\360\\q\365\372\221\234{wE\363\200L\17\303S\335\261lc\322\352\270\32D\261NJ\337Fq\3"..., 8192) = 36
1512300180.214360 clock_gettime(CLOCK_BOOTTIME, {25251, 634953412}) = 0
1512300180.214401 clock_gettime(CLOCK_BOOTTIME, {25251, 634992958}) = 0
1512300180.214440 select(7, [3 4], [5], NULL, NULL) = 1 (out [5])
1512300180.214607 clock_gettime(CLOCK_BOOTTIME, {25251, 635206634}) = 0
1512300180.214674 write(5, "e", 1)      = 1
1512300180.215188 clock_gettime(CLOCK_BOOTTIME, {25251, 635864796}) = 0
1512300180.215365 clock_gettime(CLOCK_BOOTTIME, {25251, 636389467}) = 0
1512300180.215883 select(7, [3 4], [], NULL, NULL) = 1 (in [4])
1512300180.385221 clock_gettime(CLOCK_BOOTTIME, {25251, 805818812}) = 0
1512300180.385274 read(4, "x", 16384)   = 1
1512300180.385344 clock_gettime(CLOCK_BOOTTIME, {25251, 805983094}) = 0
1512300180.385445 clock_gettime(CLOCK_BOOTTIME, {25251, 806037008}) = 0
1512300180.385484 select(7, [3 4], [3], NULL, NULL) = 1 (out [3])
1512300180.385544 clock_gettime(CLOCK_BOOTTIME, {25251, 806135049}) = 0
1512300180.385581 write(3, "=n\347\213K}q&0Cm0$\223\374\30\213f;K\333\316/\201%d\223\221\355\350\307\1"..., 36) = 36
1512300180.385799 clock_gettime(CLOCK_BOOTTIME, {25251, 806392806}) = 0
1512300180.385886 clock_gettime(CLOCK_BOOTTIME, {25251, 806484772}) = 0
1512300180.385934 select(7, [3 4], [], NULL, NULL) = 1 (in [3])
1512300180.386680 clock_gettime(CLOCK_BOOTTIME, {25251, 807275590}) = 0
1512300180.386726 read(3, "\206F\230:=m(\21[\344c\311\10\356Th\216\270eL\260G\354W4\267\347<\216\201\203V"..., 8192) = 36
1512300180.386793 clock_gettime(CLOCK_BOOTTIME, {25251, 807385919}) = 0
1512300180.386833 clock_gettime(CLOCK_BOOTTIME, {25251, 807423866}) = 0
1512300180.386925 select(7, [3 4], [5], NULL, NULL) = 1 (out [5])
1512300180.386997 clock_gettime(CLOCK_BOOTTIME, {25251, 807588730}) = 0
1512300180.387034 write(5, "x", 1)      = 1
1512300180.387332 clock_gettime(CLOCK_BOOTTIME, {25251, 807924647}) = 0
1512300180.387426 clock_gettime(CLOCK_BOOTTIME, {25251, 808017530}) = 0
1512300180.387465 select(7, [3 4], [], NULL, NULL) = 1 (in [4])
1512300180.512420 clock_gettime(CLOCK_BOOTTIME, {25251, 933017934}) = 0
1512300180.512461 read(4, "i", 16384)   = 1
1512300180.512522 clock_gettime(CLOCK_BOOTTIME, {25251, 933112632}) = 0
1512300180.512549 clock_gettime(CLOCK_BOOTTIME, {25251, 933136520}) = 0
1512300180.512571 select(7, [3 4], [3], NULL, NULL) = 1 (out [3])
1512300180.512605 clock_gettime(CLOCK_BOOTTIME, {25251, 933192360}) = 0
1512300180.512627 write(3, "\217\203\2436&\321m\0343\363\200\5-r<:\353\220C\304\206\211~\370\334\222\0244{\334\310\341"..., 36) = 36
1512300180.512770 clock_gettime(CLOCK_BOOTTIME, {25251, 933358888}) = 0
1512300180.512797 clock_gettime(CLOCK_BOOTTIME, {25251, 933384963}) = 0
1512300180.512820 select(7, [3 4], [], NULL, NULL) = 1 (in [3])
1512300180.513303 clock_gettime(CLOCK_BOOTTIME, {25251, 933893287}) = 0
1512300180.513331 read(3, "J#e\253!3\360\327\33T\206E\263\240\207\16\365\332|\366\325`#\241\334\373\0\314t\213\245Z"..., 8192) = 36
1512300180.513371 clock_gettime(CLOCK_BOOTTIME, {25251, 933959568}) = 0
1512300180.513394 clock_gettime(CLOCK_BOOTTIME, {25251, 933981928}) = 0
1512300180.513416 select(7, [3 4], [5], NULL, NULL) = 1 (out [5])
1512300180.513449 clock_gettime(CLOCK_BOOTTIME, {25251, 934036794}) = 0
1512300180.513471 write(5, "i", 1)      = 1
1512300180.513644 clock_gettime(CLOCK_BOOTTIME, {25251, 934233150}) = 0
1512300180.513674 clock_gettime(CLOCK_BOOTTIME, {25251, 934300869}) = 0
1512300180.513742 select(7, [3 4], [], NULL, NULL) = 1 (in [4])
1512300180.613019 clock_gettime(CLOCK_BOOTTIME, {25252, 33621481}) = 0
1512300180.613079 read(4, "t", 16384)   = 1
1512300180.613145 clock_gettime(CLOCK_BOOTTIME, {25252, 33738433}) = 0
1512300180.613183 clock_gettime(CLOCK_BOOTTIME, {25252, 33775413}) = 0
1512300180.613220 select(7, [3 4], [3], NULL, NULL) = 1 (out [3])
1512300180.613274 clock_gettime(CLOCK_BOOTTIME, {25252, 33865768}) = 0
1512300180.613333 write(3, "\367yx\272\244\27\311,/G\307n\362\217m\366\314e0\234\244h\37\262\325W\22\360\354H\240R"..., 36) = 36
1512300180.613536 clock_gettime(CLOCK_BOOTTIME, {25252, 34128961}) = 0
1512300180.613578 clock_gettime(CLOCK_BOOTTIME, {25252, 34170240}) = 0
1512300180.613616 select(7, [3 4], [], NULL, NULL) = 1 (in [3])
1512300180.614118 clock_gettime(CLOCK_BOOTTIME, {25252, 34709593}) = 0
1512300180.614149 read(3, "\226\366@\332\236~\3Q\32\371\230T\36\247\7\337\340e\203\3119<\370\373\265{\32\316jv\207\266"..., 8192) = 36
1512300180.614194 clock_gettime(CLOCK_BOOTTIME, {25252, 34783288}) = 0
1512300180.614220 clock_gettime(CLOCK_BOOTTIME, {25252, 34807782}) = 0
1512300180.614244 select(7, [3 4], [5], NULL, NULL) = 1 (out [5])
1512300180.614280 clock_gettime(CLOCK_BOOTTIME, {25252, 34868379}) = 0
1512300180.614304 write(5, "t", 1)      = 1
1512300180.614558 clock_gettime(CLOCK_BOOTTIME, {25252, 35153188}) = 0
1512300180.614596 clock_gettime(CLOCK_BOOTTIME, {25252, 35184367}) = 0
1512300180.614621 select(7, [3 4], [], NULL, NULL) = 1 (in [4])
1512300180.780642 clock_gettime(CLOCK_BOOTTIME, {25252, 201229239}) = 0
1512300180.780660 read(4, "\r", 16384)  = 1
1512300180.780725 clock_gettime(CLOCK_BOOTTIME, {25252, 201311287}) = 0
1512300180.780740 clock_gettime(CLOCK_BOOTTIME, {25252, 201324663}) = 0
1512300180.780752 select(7, [3 4], [3], NULL, NULL) = 1 (out [3])
1512300180.780772 clock_gettime(CLOCK_BOOTTIME, {25252, 201357002}) = 0
1512300180.780784 write(3, "fi\251\256q\345O\250\3064\265g\343i6\27\215Q\376\30\343=\334M\345\373\36\21\234HCP"..., 36) = 36
1512300180.780879 clock_gettime(CLOCK_BOOTTIME, {25252, 201468802}) = 0
1512300180.780904 clock_gettime(CLOCK_BOOTTIME, {25252, 201491115}) = 0
1512300180.780924 select(7, [3 4], [], NULL, NULL) = 1 (in [3])
1512300180.781627 clock_gettime(CLOCK_BOOTTIME, {25252, 202216287}) = 0
1512300180.781652 read(3, "\201p-*v\36g\35\346S\3\322\255\327\243x]\220_\275\310\265F\f\\*e\270*\220#M"..., 8192) = 44
1512300180.781714 clock_gettime(CLOCK_BOOTTIME, {25252, 202303643}) = 0
1512300180.781739 clock_gettime(CLOCK_BOOTTIME, {25252, 202327281}) = 0
1512300180.781760 select(7, [3 4], [5], NULL, NULL) = 1 (out [5])
1512300180.781789 clock_gettime(CLOCK_BOOTTIME, {25252, 202376215}) = 0
1512300180.781808 write(5, "\r\nlogout\r\n", 10) = 10
1512300180.781967 clock_gettime(CLOCK_BOOTTIME, {25252, 202556764}) = 0
1512300180.781994 clock_gettime(CLOCK_BOOTTIME, {25252, 202582208}) = 0
1512300180.782017 select(7, [3 4], [], NULL, NULL) = 1 (in [3])
1512300180.782883 clock_gettime(CLOCK_BOOTTIME, {25252, 203470604}) = 0
1512300180.782900 read(3, "P\21\240a\375\242\322\364\200\373)VB\231\210q:{\274d'R\327\210\10\275Z\365\n\3243\6"..., 8192) = 176
1512300180.782930 close(4)              = 0
1512300180.782945 close(5)              = 0
1512300180.782959 clock_gettime(CLOCK_BOOTTIME, {25252, 203543817}) = 0
1512300180.782972 clock_gettime(CLOCK_BOOTTIME, {25252, 203556515}) = 0
1512300180.782984 ioctl(0, TCGETS, {B38400 -opost -isig -icanon -echo ...}) = 0
1512300180.783000 ioctl(0, SNDCTL_TMR_STOP or TCSETSW, {B38400 opost isig icanon echo ...}) = 0
1512300180.783014 ioctl(0, TCGETS, {B38400 opost isig icanon echo ...}) = 0
1512300180.783038 close(6)              = 0
1512300180.783050 select(7, [3], [3], NULL, NULL) = 1 (out [3])
1512300180.783068 clock_gettime(CLOCK_BOOTTIME, {25252, 203653034}) = 0
1512300180.783080 write(3, "\311\321\316K\377\201t\362XFi?z\335\7\225\251\35Z\35}u\327\277\316\2233\226\227\341\32\252"..., 36) = 36
1512300180.783145 rt_sigaction(SIGWINCH, NULL, {0x55dd0ce26230, [], SA_RESTORER, 0x7f1dcc5c74b0}, 8) = 0
1512300180.783162 rt_sigaction(SIGWINCH, {SIG_DFL, [], SA_RESTORER, 0x7f1dcc5c74b0}, NULL, 8) = 0
1512300180.783195 write(3, "\313\10\7\232>\321\342\24\177\342\300+&\317\374\331\356\244}\205\277\7\362/\253\370\22\355\327`\311\362"..., 60) = 60
1512300180.783249 ioctl(0, TCGETS, {B38400 opost isig icanon echo ...}) = 0
1512300180.783265 ioctl(1, TCGETS, {B38400 opost isig icanon echo ...}) = 0
1512300180.783277 ioctl(2, TCGETS, {B38400 opost isig icanon echo ...}) = 0
1512300180.783303 write(2, "Connection to 192.168.100.130 cl"..., 39) = 39
1512300180.783503 close(3)              = 0
1512300180.783589 exit_group(0)         = ?
1512300180.784378 +++ exited with 0 +++
