1512300620.170649 select(4, [3], NULL, NULL, NULL) = 1 (in [3])
1512300620.196367 read(3, "\332O\254U\206Y\3472T`\336\370\363\207\312\265\327lf\355c\203\200\243j\211\254H\317*N\377"..., 8192) = 44
1512300620.196417 write(3, "9\373\277nl\242\27\200\236&\373\227<\260\227\366(\21\314\244\255\374\212WevG\214\"}\314i"..., 60) = 60
1512300620.198678 select(4, [3], NULL, NULL, NULL) = 1 (in [3])
1512300620.198702 read(3, "\36\234\224\340x\325\216\326\275\254*\205X\315\307\6\r\10\246\n\216\237\200c\310\227\4'\7&^G"..., 8192) = 52
1512300620.198726 stat("/home/hy/.ssh/id_rsa", 0x7ffdd9b47350) = -1 ENOENT (No such file or directory)
1512300620.198762 stat("/home/hy/.ssh/id_dsa", 0x7ffdd9b47350) = -1 ENOENT (No such file or directory)
1512300620.198774 stat("/home/hy/.ssh/id_ecdsa", 0x7ffdd9b47350) = -1 ENOENT (No such file or directory)
1512300620.198785 stat("/home/hy/.ssh/id_ed25519", 0x7ffdd9b47350) = -1 ENOENT (No such file or directory)
1512300620.198799 open("/dev/tty", O_RDWR) = 4
1512300620.198817 close(4)              = 0
1512300620.198828 open("/dev/tty", O_RDWR) = 4
1512300620.198839 ioctl(4, TCGETS, {B38400 opost isig icanon echo ...}) = 0
1512300620.198853 ioctl(4, TCGETS, {B38400 opost isig icanon echo ...}) = 0
1512300620.198863 ioctl(4, SNDCTL_TMR_CONTINUE or TCSETSF, {B38400 opost isig icanon -echo ...}) = 0
1512300620.198874 ioctl(4, TCGETS, {B38400 opost isig icanon -echo ...}) = 0
1512300620.198883 rt_sigaction(SIGALRM, {0x562d930805b0, [], SA_RESTORER, 0x7fbb3bce24b0}, {SIG_DFL, [], 0}, 8) = 0
1512300620.198895 rt_sigaction(SIGHUP, {0x562d930805b0, [], SA_RESTORER, 0x7fbb3bce24b0}, {SIG_DFL, [], 0}, 8) = 0
1512300620.198905 rt_sigaction(SIGINT, {0x562d930805b0, [], SA_RESTORER, 0x7fbb3bce24b0}, {SIG_DFL, [], 0}, 8) = 0
1512300620.198915 rt_sigaction(SIGPIPE, {0x562d930805b0, [], SA_RESTORER, 0x7fbb3bce24b0}, {SIG_IGN, [], SA_RESTORER, 0x7fbb3bce24b0}, 8) = 0
1512300620.198925 rt_sigaction(SIGQUIT, {0x562d930805b0, [], SA_RESTORER, 0x7fbb3bce24b0}, {SIG_DFL, [], 0}, 8) = 0
1512300620.198934 rt_sigaction(SIGTERM, {0x562d930805b0, [], SA_RESTORER, 0x7fbb3bce24b0}, {SIG_DFL, [], 0}, 8) = 0
1512300620.198944 rt_sigaction(SIGTSTP, {0x562d930805b0, [], SA_RESTORER, 0x7fbb3bce24b0}, {SIG_DFL, [], 0}, 8) = 0
1512300620.198953 rt_sigaction(SIGTTIN, {0x562d930805b0, [], SA_RESTORER, 0x7fbb3bce24b0}, {SIG_DFL, [], 0}, 8) = 0
1512300620.198963 rt_sigaction(SIGTTOU, {0x562d930805b0, [], SA_RESTORER, 0x7fbb3bce24b0}, {SIG_DFL, [], 0}, 8) = 0
1512300620.198973 write(4, "hy@192.168.100.129's password: ", 31) = 31
1512300620.199010 read(4, "1", 1)       = 1
1512300620.199021 read(4, "1", 1)       = 1
1512300620.199030 read(4, "1", 1)       = 1
1512300620.199049 read(4, "1", 1)       = 1
1512300620.199083 read(4, "\n", 1)      = 1
1512300620.199093 write(4, "\n", 1)     = 1
1512300620.199108 ioctl(4, TCGETS, {B38400 opost isig icanon -echo ...}) = 0
1512300620.199118 ioctl(4, SNDCTL_TMR_CONTINUE or TCSETSF, {B38400 opost isig icanon echo ...}) = 0
1512300620.199128 ioctl(4, TCGETS, {B38400 opost isig icanon echo ...}) = 0
1512300620.199137 rt_sigaction(SIGALRM, {SIG_DFL, [], SA_RESTORER, 0x7fbb3bce24b0}, NULL, 8) = 0
1512300620.199146 rt_sigaction(SIGHUP, {SIG_DFL, [], SA_RESTORER, 0x7fbb3bce24b0}, NULL, 8) = 0
1512300620.199155 rt_sigaction(SIGINT, {SIG_DFL, [], SA_RESTORER, 0x7fbb3bce24b0}, NULL, 8) = 0
1512300620.199164 rt_sigaction(SIGQUIT, {SIG_DFL, [], SA_RESTORER, 0x7fbb3bce24b0}, NULL, 8) = 0
1512300620.199173 rt_sigaction(SIGPIPE, {SIG_IGN, [], SA_RESTORER, 0x7fbb3bce24b0}, NULL, 8) = 0
1512300620.199181 rt_sigaction(SIGTERM, {SIG_DFL, [], SA_RESTORER, 0x7fbb3bce24b0}, NULL, 8) = 0
1512300620.199190 rt_sigaction(SIGTSTP, {SIG_DFL, [], SA_RESTORER, 0x7fbb3bce24b0}, NULL, 8) = 0
1512300620.199199 rt_sigaction(SIGTTIN, {SIG_DFL, [], SA_RESTORER, 0x7fbb3bce24b0}, NULL, 8) = 0
1512300620.199208 rt_sigaction(SIGTTOU, {SIG_DFL, [], SA_RESTORER, 0x7fbb3bce24b0}, NULL, 8) = 0
1512300620.199216 close(4)              = 0
1512300620.199232 write(3, "/&\326\27\364\2#[oq;iTo\313\210\22W(\36\207z{-\366\271(R\37b\314\\"..., 84) = 84
1512300620.203597 select(4, [3], NULL, NULL, NULL) = 1 (in [3])
1512300620.205312 read(3, "%\\4\0006y\354r\376]\274\240\23\311Q\274\225\6\272\260\361}y\202\356\274\t\265", 8192) = 28
1512300620.205334 dup(0)                = 4
1512300620.205344 dup(1)                = 5
1512300620.205352 dup(2)                = 6
1512300620.205359 ioctl(4, TCGETS, {B38400 opost isig icanon echo ...}) = 0
1512300620.205372 ioctl(5, TCGETS, {B38400 opost isig icanon echo ...}) = 0
1512300620.205382 ioctl(6, TCGETS, {B38400 opost isig icanon echo ...}) = 0
1512300620.205393 fcntl(4, F_SETFD, FD_CLOEXEC) = 0
1512300620.205402 fcntl(5, F_SETFD, FD_CLOEXEC) = 0
1512300620.205411 fcntl(6, F_SETFD, FD_CLOEXEC) = 0
1512300620.205426 rt_sigaction(SIGHUP, NULL, {SIG_DFL, [], SA_RESTORER, 0x7fbb3bce24b0}, 8) = 0
1512300620.205439 rt_sigaction(SIGHUP, {SIG_IGN, [], SA_RESTORER, 0x7fbb3bce24b0}, NULL, 8) = 0
1512300620.205448 rt_sigaction(SIGHUP, NULL, {SIG_IGN, [], SA_RESTORER, 0x7fbb3bce24b0}, 8) = 0
1512300620.205458 rt_sigaction(SIGHUP, {0x562d9302afc0, [], SA_RESTORER, 0x7fbb3bce24b0}, NULL, 8) = 0
1512300620.205467 rt_sigaction(SIGINT, NULL, {SIG_DFL, [], SA_RESTORER, 0x7fbb3bce24b0}, 8) = 0
1512300620.205476 rt_sigaction(SIGINT, {SIG_IGN, [], SA_RESTORER, 0x7fbb3bce24b0}, NULL, 8) = 0
1512300620.205485 rt_sigaction(SIGINT, NULL, {SIG_IGN, [], SA_RESTORER, 0x7fbb3bce24b0}, 8) = 0
1512300620.205493 rt_sigaction(SIGINT, {0x562d9302afc0, [], SA_RESTORER, 0x7fbb3bce24b0}, NULL, 8) = 0
1512300620.205502 rt_sigaction(SIGQUIT, NULL, {SIG_DFL, [], SA_RESTORER, 0x7fbb3bce24b0}, 8) = 0
1512300620.205511 rt_sigaction(SIGQUIT, {SIG_IGN, [], SA_RESTORER, 0x7fbb3bce24b0}, NULL, 8) = 0
1512300620.205520 rt_sigaction(SIGQUIT, NULL, {SIG_IGN, [], SA_RESTORER, 0x7fbb3bce24b0}, 8) = 0
1512300620.205529 rt_sigaction(SIGQUIT, {0x562d9302afc0, [], SA_RESTORER, 0x7fbb3bce24b0}, NULL, 8) = 0
1512300620.205538 rt_sigaction(SIGTERM, NULL, {SIG_DFL, [], SA_RESTORER, 0x7fbb3bce24b0}, 8) = 0
1512300620.205579 rt_sigaction(SIGTERM, {SIG_IGN, [], SA_RESTORER, 0x7fbb3bce24b0}, NULL, 8) = 0
1512300620.205590 rt_sigaction(SIGTERM, NULL, {SIG_IGN, [], SA_RESTORER, 0x7fbb3bce24b0}, 8) = 0
1512300620.205599 rt_sigaction(SIGTERM, {0x562d9302afc0, [], SA_RESTORER, 0x7fbb3bce24b0}, NULL, 8) = 0
1512300620.205608 rt_sigaction(SIGWINCH, NULL, {SIG_DFL, [], 0}, 8) = 0
1512300620.205617 rt_sigaction(SIGWINCH, {0x562d9302b230, [], SA_RESTORER, 0x7fbb3bce24b0}, NULL, 8) = 0
1512300620.205626 ioctl(0, TCGETS, {B38400 opost isig icanon echo ...}) = 0
1512300620.205636 ioctl(0, TCGETS, {B38400 opost isig icanon echo ...}) = 0
1512300620.205645 ioctl(0, SNDCTL_TMR_STOP or TCSETSW, {B38400 -opost -isig -icanon -echo ...}) = 0
1512300620.205656 ioctl(0, TCGETS, {B38400 -opost -isig -icanon -echo ...}) = 0
1512300620.205668 clock_gettime(CLOCK_BOOTTIME, {25691, 626252891}) = 0
1512300620.205679 clock_gettime(CLOCK_BOOTTIME, {25691, 626263014}) = 0
1512300620.205688 select(7, [3], [3], NULL, NULL) = 1 (out [3])
1512300620.205702 clock_gettime(CLOCK_BOOTTIME, {25691, 626286006}) = 0
1512300620.205711 write(3, "\221\216\241\226\3033`\242\322\320\10#\241<r}\235\277\vp\2675sD|\277O'\266\\\231\260"..., 112) = 112
1512300620.205731 clock_gettime(CLOCK_BOOTTIME, {25691, 626315011}) = 0
1512300620.205740 clock_gettime(CLOCK_BOOTTIME, {25691, 626324454}) = 0
1512300620.205749 select(7, [3], [], NULL, NULL) = 1 (in [3])
1512300620.295247 clock_gettime(CLOCK_BOOTTIME, {25691, 715842716}) = 0
1512300620.295270 read(3, "\302A\210\263\236X(f:\377\211\360\263\3025\320q\274#\20\235l\241\2027I\355\275\3526\253Q"..., 8192) = 940
1512300620.295299 clock_gettime(CLOCK_BOOTTIME, {25691, 715884114}) = 0
1512300620.295310 clock_gettime(CLOCK_BOOTTIME, {25691, 715893917}) = 0
1512300620.295319 select(7, [3], [], NULL, NULL) = 1 (in [3])
1512300620.331590 clock_gettime(CLOCK_BOOTTIME, {25691, 752180239}) = 0
1512300620.331616 read(3, "i\327w\327\373\363\322\260\333\26l\206\3705\235oD\254\357\330\236\347\313~M\221f\36\347\300U\247"..., 8192) = 44
1512300620.331676 getsockopt(3, SOL_TCP, TCP_NODELAY, [0], [4]) = 0
1512300620.331709 setsockopt(3, SOL_TCP, TCP_NODELAY, [1], 4) = 0
1512300620.331756 getsockname(3, {sa_family=AF_INET, sin_port=htons(37588), sin_addr=inet_addr("192.168.100.129")}, [16]) = 0
1512300620.331773 setsockopt(3, SOL_IP, IP_TOS, [16], 4) = 0
1512300620.331788 ioctl(0, TIOCGWINSZ, {ws_row=22, ws_col=226, ws_xpixel=1808, ws_ypixel=594}) = 0
1512300620.331821 clock_gettime(CLOCK_BOOTTIME, {25691, 752407740}) = 0
1512300620.331839 clock_gettime(CLOCK_BOOTTIME, {25691, 752426665}) = 0
1512300620.331859 select(7, [3], [3], NULL, NULL) = 1 (out [3])
1512300620.331902 clock_gettime(CLOCK_BOOTTIME, {25691, 752518891}) = 0
1512300620.331963 write(3, "<\272\306\235\347\330\334\34*\260\356\251\r\260\211\2624\227\231\371\220\254\36<L\274\264\204Alf\372"..., 392) = 392
1512300620.332028 clock_gettime(CLOCK_BOOTTIME, {25691, 752614062}) = 0
1512300620.332043 clock_gettime(CLOCK_BOOTTIME, {25691, 752628008}) = 0
1512300620.332055 select(7, [3], [], NULL, NULL) = 1 (in [3])
1512300620.333327 clock_gettime(CLOCK_BOOTTIME, {25691, 753916380}) = 0
1512300620.333352 read(3, "\364\250I\364\370\245C\234X\241\334&kj\342\222\32&\364\267\314\277\244{k\rJ\23f2\201\322"..., 8192) = 108
1512300620.333412 clock_gettime(CLOCK_BOOTTIME, {25691, 754021252}) = 0
1512300620.333455 clock_gettime(CLOCK_BOOTTIME, {25691, 754055554}) = 0
1512300620.333484 select(7, [3 4], [], NULL, NULL) = 1 (in [3])
1512300620.333796 clock_gettime(CLOCK_BOOTTIME, {25691, 754384381}) = 0
1512300620.333819 read(3, "\215\303\361\37\10f\203$\336&\24,\202\26\227\317RO8\276@\324\310\v\225\356\262\206\17JJ\315"..., 8192) = 100
1512300620.333884 clock_gettime(CLOCK_BOOTTIME, {25691, 754472594}) = 0
1512300620.333907 clock_gettime(CLOCK_BOOTTIME, {25691, 754493158}) = 0
1512300620.333941 select(7, [3 4], [5], NULL, NULL) = 1 (out [5])
1512300620.333962 clock_gettime(CLOCK_BOOTTIME, {25691, 754546964}) = 0
1512300620.333974 write(5, "Welcome to Ubuntu 16.04.2 LTS (G"..., 65) = 65
1512300620.334158 clock_gettime(CLOCK_BOOTTIME, {25691, 754744378}) = 0
1512300620.334174 clock_gettime(CLOCK_BOOTTIME, {25691, 754758665}) = 0
1512300620.334186 select(7, [3 4], [], NULL, NULL) = 1 (in [3])
1512300620.334241 clock_gettime(CLOCK_BOOTTIME, {25691, 754826761}) = 0
1512300620.334254 read(3, "\264Q]r\23*\214\353f\376|\3706\5\3\21\361.L\313\270\215\375T\v\344R\331_\217\372I"..., 8192) = 36
1512300620.334273 clock_gettime(CLOCK_BOOTTIME, {25691, 754858796}) = 0
1512300620.334286 clock_gettime(CLOCK_BOOTTIME, {25691, 754870397}) = 0
1512300620.334297 select(7, [3 4], [5], NULL, NULL) = 1 (out [5])
1512300620.334313 clock_gettime(CLOCK_BOOTTIME, {25691, 754898279}) = 0
1512300620.334325 write(5, "\r\n", 2)   = 2
1512300620.334610 clock_gettime(CLOCK_BOOTTIME, {25691, 755227278}) = 0
1512300620.334668 clock_gettime(CLOCK_BOOTTIME, {25691, 755253605}) = 0
1512300620.334682 select(7, [3 4], [], NULL, NULL) = 1 (in [3])
1512300620.334791 clock_gettime(CLOCK_BOOTTIME, {25691, 755380163}) = 0
1512300620.334810 read(3, "\337\200\203D\2372\353?\36\361_\23\"\323gq\0260\326fl\32\312K{\346I\303\206\205\363V"..., 8192) = 36
1512300620.334846 clock_gettime(CLOCK_BOOTTIME, {25691, 755434008}) = 0
1512300620.334862 clock_gettime(CLOCK_BOOTTIME, {25691, 755447430}) = 0
1512300620.334875 select(7, [3 4], [5], NULL, NULL) = 1 (out [5])
1512300620.334912 clock_gettime(CLOCK_BOOTTIME, {25691, 755517678}) = 0
1512300620.334949 write(5, "\r\n", 2)   = 2
1512300620.335105 clock_gettime(CLOCK_BOOTTIME, {25691, 755693502}) = 0
1512300620.335128 clock_gettime(CLOCK_BOOTTIME, {25691, 755714907}) = 0
1512300620.335147 select(7, [3 4], [], NULL, NULL) = 1 (in [3])
1512300620.335228 clock_gettime(CLOCK_BOOTTIME, {25691, 755814001}) = 0
1512300620.335242 read(3, "}\215}\343{0/\346\305\22\3124\345\36t\326\335\244\306d]T\217NM\35\365y\2363k\213"..., 8192) = 76
1512300620.335262 clock_gettime(CLOCK_BOOTTIME, {25691, 755849113}) = 0
1512300620.335282 clock_gettime(CLOCK_BOOTTIME, {25691, 755867145}) = 0
1512300620.335295 select(7, [3 4], [5], NULL, NULL) = 1 (out [5])
1512300620.335312 clock_gettime(CLOCK_BOOTTIME, {25691, 755897097}) = 0
1512300620.335335 write(5, " * Documentation:  https://help."..., 42) = 42
1512300620.335622 clock_gettime(CLOCK_BOOTTIME, {25691, 756211978}) = 0
1512300620.335650 clock_gettime(CLOCK_BOOTTIME, {25691, 756237597}) = 0
1512300620.335670 select(7, [3 4], [], NULL, NULL) = 1 (in [3])
1512300620.335756 clock_gettime(CLOCK_BOOTTIME, {25691, 756343836}) = 0
1512300620.335777 read(3, "l\36\222\254-!\210\37C\1\3\277\263\202\357\247\360v\275p5\276\0\223\22\247\343\"W\213N\231"..., 8192) = 36
1512300620.335882 clock_gettime(CLOCK_BOOTTIME, {25691, 756478428}) = 0
1512300620.335934 clock_gettime(CLOCK_BOOTTIME, {25691, 756527792}) = 0
1512300620.335962 select(7, [3 4], [5], NULL, NULL) = 1 (out [5])
1512300620.336024 clock_gettime(CLOCK_BOOTTIME, {25691, 756612589}) = 0
1512300620.336046 write(5, "\r\n", 2)   = 2
1512300620.336438 clock_gettime(CLOCK_BOOTTIME, {25691, 757031175}) = 0
1512300620.336469 clock_gettime(CLOCK_BOOTTIME, {25691, 757054204}) = 0
1512300620.336482 select(7, [3 4], [], NULL, NULL) = 1 (in [3])
1512300620.336567 clock_gettime(CLOCK_BOOTTIME, {25691, 757152131}) = 0
1512300620.336580 read(3, "G\331\253\203\n\235l\340d\376\332\10d\265i\262\306~U\364Y\0na\267^MkI\24\275\236"..., 8192) = 84
1512300620.336606 clock_gettime(CLOCK_BOOTTIME, {25691, 757194691}) = 0
1512300620.336623 clock_gettime(CLOCK_BOOTTIME, {25691, 757207787}) = 0
1512300620.336635 select(7, [3 4], [5], NULL, NULL) = 1 (out [5])
1512300620.336654 clock_gettime(CLOCK_BOOTTIME, {25691, 757241666}) = 0
1512300620.336673 write(5, " * Management:     https://lands"..., 50) = 50
1512300620.336799 clock_gettime(CLOCK_BOOTTIME, {25691, 757384790}) = 0
1512300620.336815 clock_gettime(CLOCK_BOOTTIME, {25691, 757399808}) = 0
1512300620.336827 select(7, [3 4], [], NULL, NULL) = 1 (in [3])
1512300620.336879 clock_gettime(CLOCK_BOOTTIME, {25691, 757464552}) = 0
1512300620.336892 read(3, "\1\377&\27663$WK\212xP\344J\357\366_Og\227\201\321a\243\250|\4\25B\n\345\303"..., 8192) = 36
1512300620.336935 clock_gettime(CLOCK_BOOTTIME, {25691, 757715074}) = 0
1512300620.337163 clock_gettime(CLOCK_BOOTTIME, {25691, 757748845}) = 0
1512300620.337177 select(7, [3 4], [5], NULL, NULL) = 1 (out [5])
1512300620.337199 clock_gettime(CLOCK_BOOTTIME, {25691, 757783858}) = 0
1512300620.337211 write(5, "\r\n", 2)   = 2
1512300620.337354 clock_gettime(CLOCK_BOOTTIME, {25691, 757938941}) = 0
1512300620.337369 clock_gettime(CLOCK_BOOTTIME, {25691, 757953905}) = 0
1512300620.337415 select(7, [3 4], [], NULL, NULL) = 1 (in [3])
1512300620.337751 clock_gettime(CLOCK_BOOTTIME, {25691, 758338816}) = 0
1512300620.337774 read(3, "\243\266\\\300\333\323\242\35\366dD,\22A\24\35e2Y_\274i\276O\6\323\31:\207\365\251\262"..., 8192) = 84
1512300620.337825 clock_gettime(CLOCK_BOOTTIME, {25691, 758417714}) = 0
1512300620.337857 clock_gettime(CLOCK_BOOTTIME, {25691, 758443962}) = 0
1512300620.337876 select(7, [3 4], [5], NULL, NULL) = 1 (out [5])
1512300620.337905 clock_gettime(CLOCK_BOOTTIME, {25691, 758491917}) = 0
1512300620.337975 write(5, " * Support:        https://ubunt"..., 47) = 47
1512300620.338352 clock_gettime(CLOCK_BOOTTIME, {25691, 758944346}) = 0
1512300620.338391 clock_gettime(CLOCK_BOOTTIME, {25691, 758978463}) = 0
1512300620.338413 select(7, [3 4], [], NULL, NULL) = 1 (in [3])
1512300620.338979 clock_gettime(CLOCK_BOOTTIME, {25691, 759564817}) = 0
1512300620.338994 read(3, "\2462\206\35\310\320\204\277\346\222\305W#\1771\33\253+g)\277\225M$\5OT&\314\364t\t"..., 8192) = 36
1512300620.339063 clock_gettime(CLOCK_BOOTTIME, {25691, 759657358}) = 0
1512300620.339123 clock_gettime(CLOCK_BOOTTIME, {25691, 759709481}) = 0
1512300620.339138 select(7, [3 4], [5], NULL, NULL) = 1 (out [5])
1512300620.339157 clock_gettime(CLOCK_BOOTTIME, {25691, 759742152}) = 0
1512300620.339170 write(5, "\r\n", 2)   = 2
1512300620.339403 clock_gettime(CLOCK_BOOTTIME, {25691, 759994416}) = 0
1512300620.343577 clock_gettime(CLOCK_BOOTTIME, {25691, 764170474}) = 0
1512300620.343615 select(7, [3 4], [], NULL, NULL) = 1 (in [3])
1512300620.343661 clock_gettime(CLOCK_BOOTTIME, {25691, 764248161}) = 0
1512300620.343682 read(3, "\353\355\22yQ\270\266'L\3248\214\2377\207u\10@\217m\2549X~{\243\267,,\303\36\250"..., 8192) = 444
1512300620.343791 clock_gettime(CLOCK_BOOTTIME, {25691, 764381334}) = 0
1512300620.343817 clock_gettime(CLOCK_BOOTTIME, {25691, 764405052}) = 0
1512300620.343840 select(7, [3 4], [5], NULL, NULL) = 1 (out [5])
1512300620.343875 clock_gettime(CLOCK_BOOTTIME, {25691, 764461172}) = 0
1512300620.343893 write(5, "\r\n175 packages can be updated.\r\n"..., 128) = 128
1512300620.344386 clock_gettime(CLOCK_BOOTTIME, {25691, 764978837}) = 0
1512300620.344450 clock_gettime(CLOCK_BOOTTIME, {25691, 765047058}) = 0
1512300620.344490 select(7, [3 4], [], NULL, NULL) = 1 (in [3])
1512300620.500119 clock_gettime(CLOCK_BOOTTIME, {25691, 920705970}) = 0
1512300620.500135 read(3, "?~\f\322\367#2M\21\345?8\211\336\327<\276\\\340\217\216\345\22\363\33\325\200\24\313j\374\4"..., 8192) = 92
1512300620.500159 clock_gettime(CLOCK_BOOTTIME, {25691, 920744111}) = 0
1512300620.500170 clock_gettime(CLOCK_BOOTTIME, {25691, 920754555}) = 0
1512300620.500180 select(7, [3 4], [5], NULL, NULL) = 1 (out [5])
1512300620.500195 clock_gettime(CLOCK_BOOTTIME, {25691, 920779554}) = 0
1512300620.500205 write(5, "\33]0;hy@PyStudy: ~\7\33[01;32mhy@PyS"..., 58) = 58
1512300620.500334 clock_gettime(CLOCK_BOOTTIME, {25691, 920918539}) = 0
1512300620.500346 clock_gettime(CLOCK_BOOTTIME, {25691, 920930504}) = 0
1512300620.500356 select(7, [3 4], [], NULL, NULL) = 1 (in [4])
1512300621.266146 clock_gettime(CLOCK_BOOTTIME, {25692, 686740079}) = 0
1512300621.266220 read(4, "e", 16384)   = 1
1512300621.266290 clock_gettime(CLOCK_BOOTTIME, {25692, 686884739}) = 0
1512300621.266336 clock_gettime(CLOCK_BOOTTIME, {25692, 686925891}) = 0
1512300621.266375 select(7, [3 4], [3], NULL, NULL) = 1 (out [3])
1512300621.266435 clock_gettime(CLOCK_BOOTTIME, {25692, 687025297}) = 0
1512300621.266473 write(3, "|\241\246_\262F\374\6\34\227\r\363\2054U\3026\370!\271L\7\224|B\334s,\257O\330Q"..., 36) = 36
1512300621.266872 clock_gettime(CLOCK_BOOTTIME, {25692, 687469611}) = 0
1512300621.266929 clock_gettime(CLOCK_BOOTTIME, {25692, 687526194}) = 0
1512300621.266967 select(7, [3 4], [], NULL, NULL) = 1 (in [3])
1512300621.267007 clock_gettime(CLOCK_BOOTTIME, {25692, 687637390}) = 0
1512300621.267099 read(3, "f/VY\365\361\5\244\215\367\315\n\333O\336\223N\354\3646\233&c\225\213\241(Y\260\271\220\336"..., 8192) = 36
1512300621.267172 clock_gettime(CLOCK_BOOTTIME, {25692, 687767353}) = 0
1512300621.267216 clock_gettime(CLOCK_BOOTTIME, {25692, 687809290}) = 0
1512300621.267261 select(7, [3 4], [5], NULL, NULL) = 1 (out [5])
1512300621.267326 clock_gettime(CLOCK_BOOTTIME, {25692, 687921332}) = 0
1512300621.267372 write(5, "e", 1)      = 1
1512300621.267712 clock_gettime(CLOCK_BOOTTIME, {25692, 688309176}) = 0
1512300621.267766 clock_gettime(CLOCK_BOOTTIME, {25692, 688360845}) = 0
1512300621.267811 select(7, [3 4], [], NULL, NULL) = 1 (in [4])
1512300621.438266 clock_gettime(CLOCK_BOOTTIME, {25692, 858859146}) = 0
1512300621.438302 read(4, "x", 16384)   = 1
1512300621.438352 clock_gettime(CLOCK_BOOTTIME, {25692, 858942182}) = 0
1512300621.438379 clock_gettime(CLOCK_BOOTTIME, {25692, 858967924}) = 0
1512300621.438405 select(7, [3 4], [3], NULL, NULL) = 1 (out [3])
1512300621.438442 clock_gettime(CLOCK_BOOTTIME, {25692, 859031096}) = 0
1512300621.438469 write(3, "\317\341\v30\336[\26\202\377\310'{#\364W\210\272\230\271\2177\305\264\324\303\26#Mv\364g"..., 36) = 36
1512300621.438752 clock_gettime(CLOCK_BOOTTIME, {25692, 859342474}) = 0
1512300621.438785 clock_gettime(CLOCK_BOOTTIME, {25692, 859373278}) = 0
1512300621.438811 select(7, [3 4], [], NULL, NULL) = 1 (in [3])
1512300621.438848 clock_gettime(CLOCK_BOOTTIME, {25692, 859436631}) = 0
1512300621.438873 read(3, "\177\244,\n07\264\236\336\314#\333\32\254\3\321\265=\316\310\37\255\241v\211\372\304\311\321\10\232\16"..., 8192) = 36
1512300621.438914 clock_gettime(CLOCK_BOOTTIME, {25692, 859503445}) = 0
1512300621.438940 clock_gettime(CLOCK_BOOTTIME, {25692, 859528245}) = 0
1512300621.439030 select(7, [3 4], [5], NULL, NULL) = 1 (out [5])
1512300621.439093 clock_gettime(CLOCK_BOOTTIME, {25692, 859683059}) = 0
1512300621.439121 write(5, "x", 1)      = 1
1512300621.439355 clock_gettime(CLOCK_BOOTTIME, {25692, 859944858}) = 0
1512300621.439387 clock_gettime(CLOCK_BOOTTIME, {25692, 859975265}) = 0
1512300621.439412 select(7, [3 4], [], NULL, NULL) = 1 (in [4])
1512300621.581760 clock_gettime(CLOCK_BOOTTIME, {25693, 2352317}) = 0
1512300621.581794 read(4, "i", 16384)   = 1
1512300621.581880 clock_gettime(CLOCK_BOOTTIME, {25693, 2470756}) = 0
1512300621.581911 clock_gettime(CLOCK_BOOTTIME, {25693, 2498533}) = 0
1512300621.581935 select(7, [3 4], [3], NULL, NULL) = 1 (out [3])
1512300621.581974 clock_gettime(CLOCK_BOOTTIME, {25693, 2562310}) = 0
1512300621.581999 write(3, "\203I(\277=R\34\221t\203\271\31\246\372\300\6\25]\17-\362!I d,\2701\342\301Q\22"..., 36) = 36
1512300621.582228 clock_gettime(CLOCK_BOOTTIME, {25693, 2817344}) = 0
1512300621.582257 clock_gettime(CLOCK_BOOTTIME, {25693, 2844757}) = 0
1512300621.582281 select(7, [3 4], [], NULL, NULL) = 1 (in [3])
1512300621.582350 clock_gettime(CLOCK_BOOTTIME, {25693, 2945800}) = 0
1512300621.582396 read(3, "\341\347_3r\31\322\333$PAr[\345B\177\371\220\376\373O\352qI'\252\316\307\306T\377\367"..., 8192) = 36
1512300621.582461 clock_gettime(CLOCK_BOOTTIME, {25693, 3055510}) = 0
1512300621.582503 clock_gettime(CLOCK_BOOTTIME, {25693, 3092034}) = 0
1512300621.582529 select(7, [3 4], [5], NULL, NULL) = 1 (out [5])
1512300621.582568 clock_gettime(CLOCK_BOOTTIME, {25693, 3155227}) = 0
1512300621.582591 write(5, "i", 1)      = 1
1512300621.582807 clock_gettime(CLOCK_BOOTTIME, {25693, 3427731}) = 0
1512300621.582870 clock_gettime(CLOCK_BOOTTIME, {25693, 3458295}) = 0
1512300621.582894 select(7, [3 4], [], NULL, NULL) = 1 (in [4])
1512300621.674570 clock_gettime(CLOCK_BOOTTIME, {25693, 95161660}) = 0
1512300621.674604 read(4, "t", 16384)   = 1
1512300621.674653 clock_gettime(CLOCK_BOOTTIME, {25693, 95242489}) = 0
1512300621.674680 clock_gettime(CLOCK_BOOTTIME, {25693, 95267671}) = 0
1512300621.674704 select(7, [3 4], [3], NULL, NULL) = 1 (out [3])
1512300621.674860 clock_gettime(CLOCK_BOOTTIME, {25693, 95448334}) = 0
1512300621.674887 write(3, "p\4\32t\244R\242#\221\3207\6\253\255\236\333\210\236[\340\212\347s\r[\211\357\240\4\320l\212"..., 36) = 36
1512300621.675248 clock_gettime(CLOCK_BOOTTIME, {25693, 95839385}) = 0
1512300621.675283 clock_gettime(CLOCK_BOOTTIME, {25693, 95870660}) = 0
1512300621.675307 select(7, [3 4], [], NULL, NULL) = 1 (in [3])
1512300621.675345 clock_gettime(CLOCK_BOOTTIME, {25693, 95933238}) = 0
1512300621.675369 read(3, "Z_\255\340~\210P\332\357\2064\350\213\31P)\331!n\267\t\10\24\270\4\30W\213\\:z\6"..., 8192) = 36
1512300621.675410 clock_gettime(CLOCK_BOOTTIME, {25693, 96000967}) = 0
1512300621.675446 clock_gettime(CLOCK_BOOTTIME, {25693, 96038210}) = 0
1512300621.675485 select(7, [3 4], [5], NULL, NULL) = 1 (out [5])
1512300621.675524 clock_gettime(CLOCK_BOOTTIME, {25693, 96112086}) = 0
1512300621.675549 write(5, "t", 1)      = 1
1512300621.675859 clock_gettime(CLOCK_BOOTTIME, {25693, 96448205}) = 0
1512300621.675890 clock_gettime(CLOCK_BOOTTIME, {25693, 96478087}) = 0
1512300621.675914 select(7, [3 4], [], NULL, NULL) = 1 (in [4])
1512300621.874097 clock_gettime(CLOCK_BOOTTIME, {25693, 294690069}) = 0
1512300621.874129 read(4, "\r", 16384)  = 1
1512300621.874161 clock_gettime(CLOCK_BOOTTIME, {25693, 294746891}) = 0
1512300621.874174 clock_gettime(CLOCK_BOOTTIME, {25693, 294758554}) = 0
1512300621.874185 select(7, [3 4], [3], NULL, NULL) = 1 (out [3])
1512300621.874204 clock_gettime(CLOCK_BOOTTIME, {25693, 294788331}) = 0
1512300621.874215 write(3, "\316\332\32\255K\202:T\250 \225\257\252\367\363t\270\214\2028\251R\300\224P\203\267\177&Ytd"..., 36) = 36
1512300621.874709 clock_gettime(CLOCK_BOOTTIME, {25693, 295295507}) = 0
1512300621.874728 clock_gettime(CLOCK_BOOTTIME, {25693, 295312448}) = 0
1512300621.874739 select(7, [3 4], [], NULL, NULL) = 1 (in [3])
1512300621.874759 clock_gettime(CLOCK_BOOTTIME, {25693, 295343843}) = 0
1512300621.874770 read(3, "M\"\214\340\3139NW\f\317\314LK\225\203\32\255\223\343yS$JhG\265\2556\313p\367\36"..., 8192) = 44
1512300621.874800 clock_gettime(CLOCK_BOOTTIME, {25693, 295385681}) = 0
1512300621.874813 clock_gettime(CLOCK_BOOTTIME, {25693, 295397081}) = 0
1512300621.874823 select(7, [3 4], [5], NULL, NULL) = 1 (out [5])
1512300621.874839 clock_gettime(CLOCK_BOOTTIME, {25693, 295423855}) = 0
1512300621.874850 write(5, "\r\nlogout\r\n", 10) = 10
1512300621.875098 clock_gettime(CLOCK_BOOTTIME, {25693, 295687542}) = 0
1512300621.875125 clock_gettime(CLOCK_BOOTTIME, {25693, 295710635}) = 0
1512300621.875139 select(7, [3 4], [], NULL, NULL) = 1 (in [3])
1512300621.876853 clock_gettime(CLOCK_BOOTTIME, {25693, 297440344}) = 0
1512300621.876871 read(3, "\301\10\270Y1!o|\221~\366\215\22&0\362l\306\213\377\272[\0021D\26\273\2136\217Vb"..., 8192) = 176
1512300621.876901 close(4)              = 0
1512300621.876916 close(5)              = 0
1512300621.876930 clock_gettime(CLOCK_BOOTTIME, {25693, 297515291}) = 0
1512300621.876943 clock_gettime(CLOCK_BOOTTIME, {25693, 297527679}) = 0
1512300621.876955 ioctl(0, TCGETS, {B38400 -opost -isig -icanon -echo ...}) = 0
1512300621.876970 ioctl(0, SNDCTL_TMR_STOP or TCSETSW, {B38400 opost isig icanon echo ...}) = 0
1512300621.876983 ioctl(0, TCGETS, {B38400 opost isig icanon echo ...}) = 0
1512300621.877007 close(6)              = 0
1512300621.877020 select(7, [3], [3], NULL, NULL) = 1 (out [3])
1512300621.877038 clock_gettime(CLOCK_BOOTTIME, {25693, 297622902}) = 0
1512300621.877050 write(3, "\351\343Xfe\263\30\371+2Y \20{\345\261<\244g}\343\322\373M\7\205V\340\24\240\274\t"..., 36) = 36
1512300621.877121 rt_sigaction(SIGWINCH, NULL, {0x562d9302b230, [], SA_RESTORER, 0x7fbb3bce24b0}, 8) = 0
1512300621.877138 rt_sigaction(SIGWINCH, {SIG_DFL, [], SA_RESTORER, 0x7fbb3bce24b0}, NULL, 8) = 0
1512300621.877155 write(3, "\317ZD\376\212+{=L\331Yf\266\4\203\6\0163\347\356\203i\4Vb-\234\24\261,\220\373"..., 60) = 60
1512300621.882061 ioctl(0, TCGETS, {B38400 opost isig icanon echo ...}) = 0
1512300621.882110 ioctl(1, TCGETS, {B38400 opost isig icanon echo ...}) = 0
1512300621.882125 ioctl(2, TCGETS, {B38400 opost isig icanon echo ...}) = 0
1512300621.882141 write(2, "Connection to 192.168.100.129 cl"..., 39) = 39
1512300621.882391 close(3)              = 0
1512300621.882461 exit_group(0)         = ?
1512300621.883239 +++ exited with 0 +++
