1512300570.309529 select(4, [3], NULL, NULL, NULL) = 1 (in [3])
1512300570.338078 read(3, "_:\362+\257'c\350\272\10\rN\332<\v\251\345\355\310y#\236O\r\v'\304\376(d&`"..., 8192) = 44
1512300570.338116 write(3, "U\316\0'T\0j\241\236\253\376\254>\2208g\224N\10Z\304e\314~\272\250\323\211]\31\350\v"..., 60) = 60
1512300570.338190 select(4, [3], NULL, NULL, NULL) = 1 (in [3])
1512300570.339941 read(3, "I\377\201CUk\302\215j\32\246(\362\352\331\341\212o\36\210q!\27\207\243\313\361C))<1"..., 8192) = 52
1512300570.339984 stat("/home/hy/.ssh/id_rsa", 0x7fff68e91a70) = -1 ENOENT (No such file or directory)
1512300570.340017 stat("/home/hy/.ssh/id_dsa", 0x7fff68e91a70) = -1 ENOENT (No such file or directory)
1512300570.340029 stat("/home/hy/.ssh/id_ecdsa", 0x7fff68e91a70) = -1 ENOENT (No such file or directory)
1512300570.340040 stat("/home/hy/.ssh/id_ed25519", 0x7fff68e91a70) = -1 ENOENT (No such file or directory)
1512300570.340055 open("/dev/tty", O_RDWR) = 4
1512300570.340076 close(4)              = 0
1512300570.340088 open("/dev/tty", O_RDWR) = 4
1512300570.340099 ioctl(4, TCGETS, {B38400 opost isig icanon echo ...}) = 0
1512300570.340113 ioctl(4, TCGETS, {B38400 opost isig icanon echo ...}) = 0
1512300570.340122 ioctl(4, SNDCTL_TMR_CONTINUE or TCSETSF, {B38400 opost isig icanon -echo ...}) = 0
1512300570.340133 ioctl(4, TCGETS, {B38400 opost isig icanon -echo ...}) = 0
1512300570.340143 rt_sigaction(SIGALRM, {0x55b015d835b0, [], SA_RESTORER, 0x7f016a2214b0}, {SIG_DFL, [], 0}, 8) = 0
1512300570.340155 rt_sigaction(SIGHUP, {0x55b015d835b0, [], SA_RESTORER, 0x7f016a2214b0}, {SIG_DFL, [], 0}, 8) = 0
1512300570.340165 rt_sigaction(SIGINT, {0x55b015d835b0, [], SA_RESTORER, 0x7f016a2214b0}, {SIG_DFL, [], 0}, 8) = 0
1512300570.340174 rt_sigaction(SIGPIPE, {0x55b015d835b0, [], SA_RESTORER, 0x7f016a2214b0}, {SIG_IGN, [], SA_RESTORER, 0x7f016a2214b0}, 8) = 0
1512300570.340184 rt_sigaction(SIGQUIT, {0x55b015d835b0, [], SA_RESTORER, 0x7f016a2214b0}, {SIG_DFL, [], 0}, 8) = 0
1512300570.340194 rt_sigaction(SIGTERM, {0x55b015d835b0, [], SA_RESTORER, 0x7f016a2214b0}, {SIG_DFL, [], 0}, 8) = 0
1512300570.340203 rt_sigaction(SIGTSTP, {0x55b015d835b0, [], SA_RESTORER, 0x7f016a2214b0}, {SIG_DFL, [], 0}, 8) = 0
1512300570.340213 rt_sigaction(SIGTTIN, {0x55b015d835b0, [], SA_RESTORER, 0x7f016a2214b0}, {SIG_DFL, [], 0}, 8) = 0
1512300570.340223 rt_sigaction(SIGTTOU, {0x55b015d835b0, [], SA_RESTORER, 0x7f016a2214b0}, {SIG_DFL, [], 0}, 8) = 0
1512300570.340233 write(4, "hy@192.168.100.130's password: ", 31) = 31
1512300570.340275 read(4, "1", 1)       = 1
1512300570.340285 read(4, "1", 1)       = 1
1512300570.340294 read(4, "1", 1)       = 1
1512300570.340303 read(4, "1", 1)       = 1
1512300570.340312 read(4, "\n", 1)      = 1
1512300570.340320 write(4, "\n", 1)     = 1
1512300570.340335 ioctl(4, TCGETS, {B38400 opost isig icanon -echo ...}) = 0
1512300570.340345 ioctl(4, SNDCTL_TMR_CONTINUE or TCSETSF, {B38400 opost isig icanon echo ...}) = 0
1512300570.340354 ioctl(4, TCGETS, {B38400 opost isig icanon echo ...}) = 0
1512300570.340363 rt_sigaction(SIGALRM, {SIG_DFL, [], SA_RESTORER, 0x7f016a2214b0}, NULL, 8) = 0
1512300570.340372 rt_sigaction(SIGHUP, {SIG_DFL, [], SA_RESTORER, 0x7f016a2214b0}, NULL, 8) = 0
1512300570.340381 rt_sigaction(SIGINT, {SIG_DFL, [], SA_RESTORER, 0x7f016a2214b0}, NULL, 8) = 0
1512300570.340390 rt_sigaction(SIGQUIT, {SIG_DFL, [], SA_RESTORER, 0x7f016a2214b0}, NULL, 8) = 0
1512300570.340398 rt_sigaction(SIGPIPE, {SIG_IGN, [], SA_RESTORER, 0x7f016a2214b0}, NULL, 8) = 0
1512300570.340407 rt_sigaction(SIGTERM, {SIG_DFL, [], SA_RESTORER, 0x7f016a2214b0}, NULL, 8) = 0
1512300570.340416 rt_sigaction(SIGTSTP, {SIG_DFL, [], SA_RESTORER, 0x7f016a2214b0}, NULL, 8) = 0
1512300570.340425 rt_sigaction(SIGTTIN, {SIG_DFL, [], SA_RESTORER, 0x7f016a2214b0}, NULL, 8) = 0
1512300570.340434 rt_sigaction(SIGTTOU, {SIG_DFL, [], SA_RESTORER, 0x7f016a2214b0}, NULL, 8) = 0
1512300570.340442 close(4)              = 0
1512300570.340487 write(3, "\253\2548\205\352\251j\226e\261k\202\266\356\271A\212\343[\353\26e\272\262\303\314I~\320\341\37_"..., 84) = 84
1512300570.340584 select(4, [3], NULL, NULL, NULL) = 1 (in [3])
1512300570.346883 read(3, "\330\207\223\372F\230\220A\201^:\242\216@\336\204\332\372\217\273Y^{2n\267\226\316", 8192) = 28
1512300570.346912 dup(0)                = 4
1512300570.346922 dup(1)                = 5
1512300570.346930 dup(2)                = 6
1512300570.346939 ioctl(4, TCGETS, {B38400 opost isig icanon echo ...}) = 0
1512300570.346954 ioctl(5, TCGETS, {B38400 opost isig icanon echo ...}) = 0
1512300570.346979 ioctl(6, TCGETS, {B38400 opost isig icanon echo ...}) = 0
1512300570.346995 fcntl(4, F_SETFD, FD_CLOEXEC) = 0
1512300570.347004 fcntl(5, F_SETFD, FD_CLOEXEC) = 0
1512300570.347013 fcntl(6, F_SETFD, FD_CLOEXEC) = 0
1512300570.347030 rt_sigaction(SIGHUP, NULL, {SIG_DFL, [], SA_RESTORER, 0x7f016a2214b0}, 8) = 0
1512300570.347043 rt_sigaction(SIGHUP, {SIG_IGN, [], SA_RESTORER, 0x7f016a2214b0}, NULL, 8) = 0
1512300570.347052 rt_sigaction(SIGHUP, NULL, {SIG_IGN, [], SA_RESTORER, 0x7f016a2214b0}, 8) = 0
1512300570.347061 rt_sigaction(SIGHUP, {0x55b015d2dfc0, [], SA_RESTORER, 0x7f016a2214b0}, NULL, 8) = 0
1512300570.347071 rt_sigaction(SIGINT, NULL, {SIG_DFL, [], SA_RESTORER, 0x7f016a2214b0}, 8) = 0
1512300570.347080 rt_sigaction(SIGINT, {SIG_IGN, [], SA_RESTORER, 0x7f016a2214b0}, NULL, 8) = 0
1512300570.347089 rt_sigaction(SIGINT, NULL, {SIG_IGN, [], SA_RESTORER, 0x7f016a2214b0}, 8) = 0
1512300570.347098 rt_sigaction(SIGINT, {0x55b015d2dfc0, [], SA_RESTORER, 0x7f016a2214b0}, NULL, 8) = 0
1512300570.347107 rt_sigaction(SIGQUIT, NULL, {SIG_DFL, [], SA_RESTORER, 0x7f016a2214b0}, 8) = 0
1512300570.347116 rt_sigaction(SIGQUIT, {SIG_IGN, [], SA_RESTORER, 0x7f016a2214b0}, NULL, 8) = 0
1512300570.347125 rt_sigaction(SIGQUIT, NULL, {SIG_IGN, [], SA_RESTORER, 0x7f016a2214b0}, 8) = 0
1512300570.347134 rt_sigaction(SIGQUIT, {0x55b015d2dfc0, [], SA_RESTORER, 0x7f016a2214b0}, NULL, 8) = 0
1512300570.347143 rt_sigaction(SIGTERM, NULL, {SIG_DFL, [], SA_RESTORER, 0x7f016a2214b0}, 8) = 0
1512300570.347152 rt_sigaction(SIGTERM, {SIG_IGN, [], SA_RESTORER, 0x7f016a2214b0}, NULL, 8) = 0
1512300570.347162 rt_sigaction(SIGTERM, NULL, {SIG_IGN, [], SA_RESTORER, 0x7f016a2214b0}, 8) = 0
1512300570.347171 rt_sigaction(SIGTERM, {0x55b015d2dfc0, [], SA_RESTORER, 0x7f016a2214b0}, NULL, 8) = 0
1512300570.347180 rt_sigaction(SIGWINCH, NULL, {SIG_DFL, [], 0}, 8) = 0
1512300570.347189 rt_sigaction(SIGWINCH, {0x55b015d2e230, [], SA_RESTORER, 0x7f016a2214b0}, NULL, 8) = 0
1512300570.347199 ioctl(0, TCGETS, {B38400 opost isig icanon echo ...}) = 0
1512300570.347208 ioctl(0, TCGETS, {B38400 opost isig icanon echo ...}) = 0
1512300570.347217 ioctl(0, SNDCTL_TMR_STOP or TCSETSW, {B38400 -opost -isig -icanon -echo ...}) = 0
1512300570.347229 ioctl(0, TCGETS, {B38400 -opost -isig -icanon -echo ...}) = 0
1512300570.347240 clock_gettime(CLOCK_BOOTTIME, {25641, 767825587}) = 0
1512300570.347252 clock_gettime(CLOCK_BOOTTIME, {25641, 767835911}) = 0
1512300570.347261 select(7, [3], [3], NULL, NULL) = 1 (out [3])
1512300570.347276 clock_gettime(CLOCK_BOOTTIME, {25641, 767860768}) = 0
1512300570.347286 write(3, "\356B\7\30\214\337\"\202\320\234\225j2\36\305\314\323\32\362s\0&\253v\227\207\302\nd\316\333Z"..., 112) = 112
1512300570.347358 clock_gettime(CLOCK_BOOTTIME, {25641, 767942402}) = 0
1512300570.347370 clock_gettime(CLOCK_BOOTTIME, {25641, 767954051}) = 0
1512300570.347379 select(7, [3], [], NULL, NULL) = 1 (in [3])
1512300570.424170 clock_gettime(CLOCK_BOOTTIME, {25641, 844759342}) = 0
1512300570.424193 read(3, "\314HB\317\226\322\20\311\250\4\264\325\22\376}\375\307 \277J\314\f\233\207\251>\217@\312\2312O"..., 8192) = 940
1512300570.424237 clock_gettime(CLOCK_BOOTTIME, {25641, 844824030}) = 0
1512300570.424253 clock_gettime(CLOCK_BOOTTIME, {25641, 844838488}) = 0
1512300570.424266 select(7, [3], [], NULL, NULL) = 1 (in [3])
1512300570.463810 clock_gettime(CLOCK_BOOTTIME, {25641, 884397379}) = 0
1512300570.463827 read(3, "\227\f^\221f&\312\nd7\217\255\257I\244\261\221\371\177PPA\344\21d\6\2778\7r\270\226"..., 8192) = 44
1512300570.463857 getsockopt(3, SOL_TCP, TCP_NODELAY, [0], [4]) = 0
1512300570.463894 setsockopt(3, SOL_TCP, TCP_NODELAY, [1], 4) = 0
1512300570.463919 getsockname(3, {sa_family=AF_INET, sin_port=htons(37194), sin_addr=inet_addr("192.168.100.129")}, [16]) = 0
1512300570.463942 setsockopt(3, SOL_IP, IP_TOS, [16], 4) = 0
1512300570.463957 ioctl(0, TIOCGWINSZ, {ws_row=22, ws_col=226, ws_xpixel=1808, ws_ypixel=594}) = 0
1512300570.463989 clock_gettime(CLOCK_BOOTTIME, {25641, 884574416}) = 0
1512300570.464001 clock_gettime(CLOCK_BOOTTIME, {25641, 884586322}) = 0
1512300570.464013 select(7, [3], [3], NULL, NULL) = 1 (out [3])
1512300570.464031 clock_gettime(CLOCK_BOOTTIME, {25641, 884615739}) = 0
1512300570.464043 write(3, "\302\302\16\361\37w\27Z\215:\235\212\277\300n\373\1\363\31m\224\n-\27]\23\336.\207\3233\204"..., 392) = 392
1512300570.464110 clock_gettime(CLOCK_BOOTTIME, {25641, 884695617}) = 0
1512300570.464124 clock_gettime(CLOCK_BOOTTIME, {25641, 884709205}) = 0
1512300570.464136 select(7, [3], [], NULL, NULL) = 1 (in [3])
1512300570.465249 clock_gettime(CLOCK_BOOTTIME, {25641, 885839404}) = 0
1512300570.465277 read(3, "\36\334\3448\217\213\225\330-\346\201h\3529_3|\217:\220\337\17\265 cj\263d\21\2\246\241"..., 8192) = 108
1512300570.465323 clock_gettime(CLOCK_BOOTTIME, {25641, 885911129}) = 0
1512300570.465345 clock_gettime(CLOCK_BOOTTIME, {25641, 885932586}) = 0
1512300570.465365 select(7, [3 4], [], NULL, NULL) = 1 (in [3])
1512300570.465541 clock_gettime(CLOCK_BOOTTIME, {25641, 886127339}) = 0
1512300570.465556 read(3, "\v\263\310yot\266<\302*wW\233\266\3167^P\32l\2312\310\2461\323\356K\335N\266\336"..., 8192) = 100
1512300570.465642 clock_gettime(CLOCK_BOOTTIME, {25641, 886227666}) = 0
1512300570.465655 clock_gettime(CLOCK_BOOTTIME, {25641, 886240032}) = 0
1512300570.465667 select(7, [3 4], [5], NULL, NULL) = 2 (in [3], out [5])
1512300570.465688 clock_gettime(CLOCK_BOOTTIME, {25641, 886272654}) = 0
1512300570.465699 write(5, "Welcome to Ubuntu 16.04.2 LTS (G"..., 65) = 65
1512300570.465838 read(3, "\343\373\245\302\260\241Ix:Re\336\262\377\313\342\0b\3069\21\341N\206.\250\235r\307\3121\275"..., 8192) = 268
1512300570.465938 clock_gettime(CLOCK_BOOTTIME, {25641, 886523074}) = 0
1512300570.465949 clock_gettime(CLOCK_BOOTTIME, {25641, 886532838}) = 0
1512300570.465958 select(7, [3 4], [5], NULL, NULL) = 2 (in [3], out [5])
1512300570.465973 clock_gettime(CLOCK_BOOTTIME, {25641, 886557772}) = 0
1512300570.465983 write(5, "\r\n\r\n * Documentation:  https://h"..., 98) = 98
1512300570.466074 read(3, "x\330\257-i\362vn\344\337\2767\323\330\3057Y8~\241k9I\257\0231\3464\220\315l["..., 8192) = 296
1512300570.466147 clock_gettime(CLOCK_BOOTTIME, {25641, 886732560}) = 0
1512300570.466158 clock_gettime(CLOCK_BOOTTIME, {25641, 886742249}) = 0
1512300570.466167 select(7, [3 4], [5], NULL, NULL) = 2 (in [3], out [5])
1512300570.466183 clock_gettime(CLOCK_BOOTTIME, {25641, 886767029}) = 0
1512300570.466192 write(5, "\r\n * Support:        https://ubu"..., 83) = 83
1512300570.466263 read(3, "\272&\31<\23i\10\21\272\1\204\241\234%\342\17\364\7\270c~\303\325\tG\347f\236oq!\207"..., 8192) = 268
1512300570.466317 clock_gettime(CLOCK_BOOTTIME, {25641, 886902135}) = 0
1512300570.466327 clock_gettime(CLOCK_BOOTTIME, {25641, 886911729}) = 0
1512300570.466337 select(7, [3 4], [5], NULL, NULL) = 2 (in [3], out [5])
1512300570.466352 clock_gettime(CLOCK_BOOTTIME, {25641, 886935912}) = 0
1512300570.466361 write(5, "81 updates are security updates."..., 96) = 96
1512300570.466547 read(3, "T\341\325\346\366*)\230^\20\363\213p\265\200+o9$SW;\304\210-\24\30<\251\252\201X"..., 8192) = 36
1512300570.466568 clock_gettime(CLOCK_BOOTTIME, {25641, 887152250}) = 0
1512300570.466578 clock_gettime(CLOCK_BOOTTIME, {25641, 887162000}) = 0
1512300570.466587 select(7, [3 4], [5], NULL, NULL) = 1 (out [5])
1512300570.466602 clock_gettime(CLOCK_BOOTTIME, {25641, 887186493}) = 0
1512300570.466612 write(5, "\r\n", 2)   = 2
1512300570.466674 clock_gettime(CLOCK_BOOTTIME, {25641, 887258381}) = 0
1512300570.466686 clock_gettime(CLOCK_BOOTTIME, {25641, 887269823}) = 0
1512300570.466695 select(7, [3 4], [], NULL, NULL) = 1 (in [3])
1512300570.508682 clock_gettime(CLOCK_BOOTTIME, {25641, 929278688}) = 0
1512300570.508709 read(3, "\363\27z\6Z\242\365\277\262\275\331\20\256\0373V\227\271G\335N\306\254\345\221\377Y}?\34\27\36"..., 8192) = 100
1512300570.508734 clock_gettime(CLOCK_BOOTTIME, {25641, 929319065}) = 0
1512300570.508746 clock_gettime(CLOCK_BOOTTIME, {25641, 929330154}) = 0
1512300570.508756 select(7, [3 4], [5], NULL, NULL) = 1 (out [5])
1512300570.508771 clock_gettime(CLOCK_BOOTTIME, {25641, 929355851}) = 0
1512300570.508781 write(5, "\33]0;hy@PyStudy2: ~\7\33[01;32mhy@Py"..., 60) = 60
1512300570.508887 clock_gettime(CLOCK_BOOTTIME, {25641, 929472039}) = 0
1512300570.508915 clock_gettime(CLOCK_BOOTTIME, {25641, 929499833}) = 0
1512300570.508927 select(7, [3 4], [], NULL, NULL) = 1 (in [4])
1512300572.197896 clock_gettime(CLOCK_BOOTTIME, {25643, 618508330}) = 0
1512300572.198023 read(4, "d", 16384)   = 1
1512300572.198136 clock_gettime(CLOCK_BOOTTIME, {25643, 618732091}) = 0
1512300572.198224 clock_gettime(CLOCK_BOOTTIME, {25643, 618827877}) = 0
1512300572.198280 select(7, [3 4], [3], NULL, NULL) = 1 (out [3])
1512300572.198413 clock_gettime(CLOCK_BOOTTIME, {25643, 619005531}) = 0
1512300572.198453 write(3, "\2651f,.\362\34\370\361l\17 \211\17\24\23\366\212-\376_\270\337'u`\373XS\312\366 "..., 36) = 36
1512300572.198772 clock_gettime(CLOCK_BOOTTIME, {25643, 619372817}) = 0
1512300572.198845 clock_gettime(CLOCK_BOOTTIME, {25643, 619444763}) = 0
1512300572.198910 select(7, [3 4], [], NULL, NULL) = 1 (in [3])
1512300572.199893 clock_gettime(CLOCK_BOOTTIME, {25643, 620498792}) = 0
1512300572.199973 read(3, "p0\311\n\10?K8\20\347{u?\304\366\355\321\350\242\353R\242\302\370\205\3036\"\36R\317\254"..., 8192) = 36
1512300572.200084 clock_gettime(CLOCK_BOOTTIME, {25643, 620681979}) = 0
1512300572.200133 clock_gettime(CLOCK_BOOTTIME, {25643, 620725109}) = 0
1512300572.200234 select(7, [3 4], [5], NULL, NULL) = 1 (out [5])
1512300572.200304 clock_gettime(CLOCK_BOOTTIME, {25643, 620896889}) = 0
1512300572.200343 write(5, "d", 1)      = 1
1512300572.200815 clock_gettime(CLOCK_BOOTTIME, {25643, 621432990}) = 0
1512300572.200913 clock_gettime(CLOCK_BOOTTIME, {25643, 621514487}) = 0
1512300572.200981 select(7, [3 4], [], NULL, NULL) = 1 (in [4])
1512300572.331828 clock_gettime(CLOCK_BOOTTIME, {25643, 752425940}) = 0
1512300572.331880 read(4, "f", 16384)   = 1
1512300572.331951 clock_gettime(CLOCK_BOOTTIME, {25643, 752545305}) = 0
1512300572.331992 clock_gettime(CLOCK_BOOTTIME, {25643, 752583553}) = 0
1512300572.332030 select(7, [3 4], [3], NULL, NULL) = 1 (out [3])
1512300572.332155 clock_gettime(CLOCK_BOOTTIME, {25643, 752747691}) = 0
1512300572.332195 write(3, "\323\230#\0233v\35\335\367\302>\247\326 \372~\3\240QT8@O\254\312\242!A\246\346\364D"..., 36) = 36
1512300572.332413 clock_gettime(CLOCK_BOOTTIME, {25643, 753006538}) = 0
1512300572.332460 clock_gettime(CLOCK_BOOTTIME, {25643, 753051537}) = 0
1512300572.332497 select(7, [3 4], [], NULL, NULL) = 1 (in [3])
1512300572.333495 clock_gettime(CLOCK_BOOTTIME, {25643, 754102423}) = 0
1512300572.333652 read(3, "\371\306dl\rW\354o\333\271\307\205\331\207\n\34\355\215Nx\373\335^\356\235S\324$\n>u["..., 8192) = 36
1512300572.333767 clock_gettime(CLOCK_BOOTTIME, {25643, 754370841}) = 0
1512300572.333837 clock_gettime(CLOCK_BOOTTIME, {25643, 754436888}) = 0
1512300572.333902 select(7, [3 4], [5], NULL, NULL) = 1 (out [5])
1512300572.334003 clock_gettime(CLOCK_BOOTTIME, {25643, 754601533}) = 0
1512300572.334156 write(5, "f", 1)      = 1
1512300572.334533 clock_gettime(CLOCK_BOOTTIME, {25643, 755168389}) = 0
1512300572.334631 clock_gettime(CLOCK_BOOTTIME, {25643, 755221852}) = 0
1512300572.334667 select(7, [3 4], [], NULL, NULL) = 1 (in [4])
1512300572.594721 clock_gettime(CLOCK_BOOTTIME, {25644, 15307607}) = 0
1512300572.594737 read(4, "\r", 16384)  = 1
1512300572.594762 clock_gettime(CLOCK_BOOTTIME, {25644, 15346922}) = 0
1512300572.594774 clock_gettime(CLOCK_BOOTTIME, {25644, 15358279}) = 0
1512300572.594785 select(7, [3 4], [3], NULL, NULL) = 1 (out [3])
1512300572.594803 clock_gettime(CLOCK_BOOTTIME, {25644, 15387356}) = 0
1512300572.594867 write(3, "\332\26\244\234L\27;2\252PgE9!\270\246u\303\340\203w\216\204\277\365\2346\277h\345\305L"..., 36) = 36
1512300572.594949 clock_gettime(CLOCK_BOOTTIME, {25644, 15534070}) = 0
1512300572.594963 clock_gettime(CLOCK_BOOTTIME, {25644, 15547704}) = 0
1512300572.594974 select(7, [3 4], [], NULL, NULL) = 1 (in [3])
1512300572.596484 clock_gettime(CLOCK_BOOTTIME, {25644, 17070636}) = 0
1512300572.596500 read(3, "\273\252!\315\177\210\177\211Nw\1\267\235\3\261\217\326p\237e\207D\256d(\375+_\342\240\37a"..., 8192) = 36
1512300572.596526 clock_gettime(CLOCK_BOOTTIME, {25644, 17111195}) = 0
1512300572.596539 clock_gettime(CLOCK_BOOTTIME, {25644, 17123078}) = 0
1512300572.596550 select(7, [3 4], [5], NULL, NULL) = 1 (out [5])
1512300572.596568 clock_gettime(CLOCK_BOOTTIME, {25644, 17152230}) = 0
1512300572.596579 write(5, "\r\n", 2)   = 2
1512300572.597038 clock_gettime(CLOCK_BOOTTIME, {25644, 17630163}) = 0
1512300572.597061 clock_gettime(CLOCK_BOOTTIME, {25644, 17646043}) = 0
1512300572.597073 select(7, [3 4], [], NULL, NULL) = 1 (in [3])
1512300572.597092 clock_gettime(CLOCK_BOOTTIME, {25644, 17676277}) = 0
1512300572.597103 read(3, "\254\367m\tl{\220<o\17\333\225f\272\232\361\5-\246}\350<\365\"H\200\240M\315,\213\356"..., 8192) = 660
1512300572.597137 clock_gettime(CLOCK_BOOTTIME, {25644, 17721785}) = 0
1512300572.597148 clock_gettime(CLOCK_BOOTTIME, {25644, 17732825}) = 0
1512300572.597159 select(7, [3 4], [5], NULL, NULL) = 1 (out [5])
1512300572.597175 clock_gettime(CLOCK_BOOTTIME, {25644, 17759525}) = 0
1512300572.597186 write(5, "Filesystem                   1K-"..., 345) = 345
1512300572.597431 clock_gettime(CLOCK_BOOTTIME, {25644, 18015624}) = 0
1512300572.597445 clock_gettime(CLOCK_BOOTTIME, {25644, 18029447}) = 0
1512300572.597456 select(7, [3 4], [], NULL, NULL) = 1 (in [3])
1512300572.597472 clock_gettime(CLOCK_BOOTTIME, {25644, 18056671}) = 0
1512300572.597483 read(3, "\16j\24\2\225HG\325\0|R\204i\3273\314\306Y*\nP\355\vB\312\25Gn\267J\346\351"..., 8192) = 592
1512300572.597556 clock_gettime(CLOCK_BOOTTIME, {25644, 18141466}) = 0
1512300572.597568 clock_gettime(CLOCK_BOOTTIME, {25644, 18152413}) = 0
1512300572.597579 select(7, [3 4], [5], NULL, NULL) = 2 (in [3], out [5])
1512300572.597596 clock_gettime(CLOCK_BOOTTIME, {25644, 18180613}) = 0
1512300572.597607 write(5, "\r\ntmpfs                         "..., 298) = 298
1512300572.597689 read(3, "T\342\222\263_!\254\7\241\\g\23\304\270(\206\217W\3103\352\365{\267+A\262\350`9s\332"..., 8192) = 36
1512300572.597743 clock_gettime(CLOCK_BOOTTIME, {25644, 18327803}) = 0
1512300572.597754 clock_gettime(CLOCK_BOOTTIME, {25644, 18338761}) = 0
1512300572.597765 select(7, [3 4], [5], NULL, NULL) = 1 (out [5])
1512300572.597782 clock_gettime(CLOCK_BOOTTIME, {25644, 18366810}) = 0
1512300572.597793 write(5, "\r\n", 2)   = 2
1512300572.597988 clock_gettime(CLOCK_BOOTTIME, {25644, 18573025}) = 0
1512300572.598003 clock_gettime(CLOCK_BOOTTIME, {25644, 18587415}) = 0
1512300572.598014 select(7, [3 4], [], NULL, NULL) = 1 (in [3])
1512300572.598031 clock_gettime(CLOCK_BOOTTIME, {25644, 18615466}) = 0
1512300572.598042 read(3, "rmf6\360x\370X2\0359\20z~\306~KZ\202\317\271s1\235\203c\241\37\334\301\200q"..., 8192) = 100
1512300572.598118 clock_gettime(CLOCK_BOOTTIME, {25644, 18705614}) = 0
1512300572.598139 clock_gettime(CLOCK_BOOTTIME, {25644, 18723677}) = 0
1512300572.598150 select(7, [3 4], [5], NULL, NULL) = 1 (out [5])
1512300572.598168 clock_gettime(CLOCK_BOOTTIME, {25644, 18752855}) = 0
1512300572.598179 write(5, "\33]0;hy@PyStudy2: ~\7\33[01;32mhy@Py"..., 60) = 60
1512300572.598261 clock_gettime(CLOCK_BOOTTIME, {25644, 18846074}) = 0
1512300572.598275 clock_gettime(CLOCK_BOOTTIME, {25644, 18859333}) = 0
1512300572.598286 select(7, [3 4], [], NULL, NULL) = 1 (in [4])
1512300574.028112 clock_gettime(CLOCK_BOOTTIME, {25645, 448711690}) = 0
1512300574.028168 read(4, "l", 16384)   = 1
1512300574.028239 clock_gettime(CLOCK_BOOTTIME, {25645, 448887490}) = 0
1512300574.028340 clock_gettime(CLOCK_BOOTTIME, {25645, 448932158}) = 0
1512300574.028379 select(7, [3 4], [3], NULL, NULL) = 1 (out [3])
1512300574.028472 clock_gettime(CLOCK_BOOTTIME, {25645, 449065640}) = 0
1512300574.028513 write(3, "7\373^\347|e:\266\323\377M\300\257\241%v.\31\177\177)\237\201&\30\315\310<\364C#\316"..., 36) = 36
1512300574.028797 clock_gettime(CLOCK_BOOTTIME, {25645, 449403779}) = 0
1512300574.029006 clock_gettime(CLOCK_BOOTTIME, {25645, 449642840}) = 0
1512300574.030329 select(7, [3 4], [], NULL, NULL) = 1 (in [3])
1512300574.031165 clock_gettime(CLOCK_BOOTTIME, {25645, 451768258}) = 0
1512300574.031286 read(3, "\274b\354\31\272G<\274M\372f\226\366g\216-&\r\326\331#\240\347\223M\36\262wS\255\313f"..., 8192) = 36
1512300574.031398 clock_gettime(CLOCK_BOOTTIME, {25645, 451997511}) = 0
1512300574.031459 clock_gettime(CLOCK_BOOTTIME, {25645, 452056627}) = 0
1512300574.031517 select(7, [3 4], [5], NULL, NULL) = 1 (out [5])
1512300574.031604 clock_gettime(CLOCK_BOOTTIME, {25645, 452201270}) = 0
1512300574.031660 write(5, "l", 1)      = 1
1512300574.032157 clock_gettime(CLOCK_BOOTTIME, {25645, 452757422}) = 0
1512300574.032639 clock_gettime(CLOCK_BOOTTIME, {25645, 453340255}) = 0
1512300574.032853 select(7, [3 4], [], NULL, NULL) = 1 (in [4])
1512300574.114207 clock_gettime(CLOCK_BOOTTIME, {25645, 534803330}) = 0
1512300574.114257 read(4, "s", 16384)   = 1
1512300574.114374 clock_gettime(CLOCK_BOOTTIME, {25645, 534974655}) = 0
1512300574.114426 clock_gettime(CLOCK_BOOTTIME, {25645, 535016186}) = 0
1512300574.114462 select(7, [3 4], [3], NULL, NULL) = 1 (out [3])
1512300574.114522 clock_gettime(CLOCK_BOOTTIME, {25645, 535112643}) = 0
1512300574.114559 write(3, "ldn\245\330\273h\336\367\21\352\344\261\2r\364!&-\362\310p\247\"\2516F\356\372\304~\260"..., 36) = 36
1512300574.114773 clock_gettime(CLOCK_BOOTTIME, {25645, 535365646}) = 0
1512300574.114885 clock_gettime(CLOCK_BOOTTIME, {25645, 535478962}) = 0
1512300574.114930 select(7, [3 4], [], NULL, NULL) = 1 (in [3])
1512300574.115880 clock_gettime(CLOCK_BOOTTIME, {25645, 536493971}) = 0
1512300574.115971 read(3, "\254\337\274!\237\366\17\262\341B\v\261P\243\276O\36\333\366\22\24l,}\223g\355){\361\2\347"..., 8192) = 36
1512300574.116075 clock_gettime(CLOCK_BOOTTIME, {25645, 536677589}) = 0
1512300574.116143 clock_gettime(CLOCK_BOOTTIME, {25645, 536741466}) = 0
1512300574.116209 select(7, [3 4], [5], NULL, NULL) = 1 (out [5])
1512300574.116370 clock_gettime(CLOCK_BOOTTIME, {25645, 536989142}) = 0
1512300574.116462 write(5, "s", 1)      = 1
1512300574.116937 clock_gettime(CLOCK_BOOTTIME, {25645, 537538472}) = 0
1512300574.117009 clock_gettime(CLOCK_BOOTTIME, {25645, 537606720}) = 0
1512300574.117073 select(7, [3 4], [], NULL, NULL) = 1 (in [4])
1512300574.343215 clock_gettime(CLOCK_BOOTTIME, {25645, 763803035}) = 0
1512300574.343234 read(4, "\r", 16384)  = 1
1512300574.343285 clock_gettime(CLOCK_BOOTTIME, {25645, 763873396}) = 0
1512300574.343303 clock_gettime(CLOCK_BOOTTIME, {25645, 763887598}) = 0
1512300574.343315 select(7, [3 4], [3], NULL, NULL) = 1 (out [3])
1512300574.343333 clock_gettime(CLOCK_BOOTTIME, {25645, 763917881}) = 0
1512300574.343345 write(3, "-9,\32\24r\31\257L\213I\227\321Cw\262\344\277/\2Q]\325kf\205\6\21\345s\33E"..., 36) = 36
1512300574.343420 clock_gettime(CLOCK_BOOTTIME, {25645, 764005678}) = 0
1512300574.343434 clock_gettime(CLOCK_BOOTTIME, {25645, 764019300}) = 0
1512300574.343446 select(7, [3 4], [], NULL, NULL) = 1 (in [3])
1512300574.345373 clock_gettime(CLOCK_BOOTTIME, {25645, 765961069}) = 0
1512300574.345391 read(3, "Z\302\256j\217\320\305LJP\3458\315\363R\n\356$\370t\3618U\272%\373\367\23\330E\337\316"..., 8192) = 108
1512300574.345418 clock_gettime(CLOCK_BOOTTIME, {25645, 766003846}) = 0
1512300574.345431 clock_gettime(CLOCK_BOOTTIME, {25645, 766016262}) = 0
1512300574.345443 select(7, [3 4], [5], NULL, NULL) = 1 (out [5])
1512300574.345461 clock_gettime(CLOCK_BOOTTIME, {25645, 766046042}) = 0
1512300574.345473 write(5, "\r\naaa.txt\r\n\33]0;hy@PyStudy2: ~\7\33["..., 71) = 71
1512300574.345590 clock_gettime(CLOCK_BOOTTIME, {25645, 766175633}) = 0
1512300574.345605 clock_gettime(CLOCK_BOOTTIME, {25645, 766189816}) = 0
1512300574.345627 select(7, [3 4], [], NULL, NULL) = 1 (in [4])
1512300574.634259 clock_gettime(CLOCK_BOOTTIME, {25646, 54867814}) = 0
1512300574.634334 read(4, "e", 16384)   = 1
1512300574.634425 clock_gettime(CLOCK_BOOTTIME, {25646, 55021203}) = 0
1512300574.634465 clock_gettime(CLOCK_BOOTTIME, {25646, 55055626}) = 0
1512300574.634548 select(7, [3 4], [3], NULL, NULL) = 1 (out [3])
1512300574.634617 clock_gettime(CLOCK_BOOTTIME, {25646, 55207733}) = 0
1512300574.634650 write(3, "\34\33\363\274\f\243Vu\346B\232\262^\311\370\354o\333\30a\301*\33c\1a\320\0249\24c\355"..., 36) = 36
1512300574.634881 clock_gettime(CLOCK_BOOTTIME, {25646, 55477912}) = 0
1512300574.634942 clock_gettime(CLOCK_BOOTTIME, {25646, 55537476}) = 0
1512300574.634993 select(7, [3 4], [], NULL, NULL) = 1 (in [3])
1512300574.635723 clock_gettime(CLOCK_BOOTTIME, {25646, 56317385}) = 0
1512300574.635764 read(3, "\343\264\356\254\312\352\321=\365E\365-D\33\216l\230\20!\357\321\270\31\333\202\323\20\34\251\355\347\273"..., 8192) = 36
1512300574.635818 clock_gettime(CLOCK_BOOTTIME, {25646, 56409525}) = 0
1512300574.635851 clock_gettime(CLOCK_BOOTTIME, {25646, 56440729}) = 0
1512300574.635881 select(7, [3 4], [5], NULL, NULL) = 1 (out [5])
1512300574.635929 clock_gettime(CLOCK_BOOTTIME, {25646, 56518785}) = 0
1512300574.635959 write(5, "e", 1)      = 1
1512300574.636247 clock_gettime(CLOCK_BOOTTIME, {25646, 56838301}) = 0
1512300574.636285 clock_gettime(CLOCK_BOOTTIME, {25646, 56874886}) = 0
1512300574.636316 select(7, [3 4], [], NULL, NULL) = 1 (in [4])
1512300574.807114 clock_gettime(CLOCK_BOOTTIME, {25646, 227708240}) = 0
1512300574.807200 read(4, "x", 16384)   = 1
1512300574.807269 clock_gettime(CLOCK_BOOTTIME, {25646, 227860595}) = 0
1512300574.807301 clock_gettime(CLOCK_BOOTTIME, {25646, 227891510}) = 0
1512300574.807332 select(7, [3 4], [3], NULL, NULL) = 1 (out [3])
1512300574.807381 clock_gettime(CLOCK_BOOTTIME, {25646, 227970945}) = 0
1512300574.807412 write(3, "X\372q\317\374;\314H\222u\223\302{\305\374I\fh\235&\360\222JQ]\2\305;\271g\360\245"..., 36) = 36
1512300574.807616 clock_gettime(CLOCK_BOOTTIME, {25646, 228207053}) = 0
1512300574.807705 clock_gettime(CLOCK_BOOTTIME, {25646, 228311858}) = 0
1512300574.807778 select(7, [3 4], [], NULL, NULL) = 1 (in [3])
1512300574.808440 clock_gettime(CLOCK_BOOTTIME, {25646, 229040604}) = 0
1512300574.808498 read(3, "\201`\266\256\260\275\352\237\2\212\236\4t\227c\345\342\214I[L=2U1\16\314\350\326\264\376\f"..., 8192) = 36
1512300574.808579 clock_gettime(CLOCK_BOOTTIME, {25646, 229177395}) = 0
1512300574.808634 clock_gettime(CLOCK_BOOTTIME, {25646, 229228766}) = 0
1512300574.808740 select(7, [3 4], [5], NULL, NULL) = 1 (out [5])
1512300574.808820 clock_gettime(CLOCK_BOOTTIME, {25646, 229415857}) = 0
1512300574.808871 write(5, "x", 1)      = 1
1512300574.809248 clock_gettime(CLOCK_BOOTTIME, {25646, 229842046}) = 0
1512300574.809291 clock_gettime(CLOCK_BOOTTIME, {25646, 229880779}) = 0
1512300574.809321 select(7, [3 4], [], NULL, NULL) = 1 (in [4])
1512300574.918466 clock_gettime(CLOCK_BOOTTIME, {25646, 339059042}) = 0
1512300574.918504 read(4, "i", 16384)   = 1
1512300574.918559 clock_gettime(CLOCK_BOOTTIME, {25646, 339150008}) = 0
1512300574.918591 clock_gettime(CLOCK_BOOTTIME, {25646, 339183385}) = 0
1512300574.918674 select(7, [3 4], [3], NULL, NULL) = 1 (out [3])
1512300574.918722 clock_gettime(CLOCK_BOOTTIME, {25646, 339311544}) = 0
1512300574.918752 write(3, "\262y\337\220\367~8\342\31j\263`\n\350_\304\231%\365W\247i\32\234\355t\265\334V\376\227F"..., 36) = 36
1512300574.918967 clock_gettime(CLOCK_BOOTTIME, {25646, 339563962}) = 0
1512300574.919025 clock_gettime(CLOCK_BOOTTIME, {25646, 339620003}) = 0
1512300574.919076 select(7, [3 4], [], NULL, NULL) = 1 (in [3])
1512300574.919771 clock_gettime(CLOCK_BOOTTIME, {25646, 340364788}) = 0
1512300574.919809 read(3, "k4:n$ZNi\273tL\n5Ya\234\322|}\0\334\244i\214\303*\202]\1\205\302\35"..., 8192) = 36
1512300574.919865 clock_gettime(CLOCK_BOOTTIME, {25646, 340455360}) = 0
1512300574.919896 clock_gettime(CLOCK_BOOTTIME, {25646, 340485198}) = 0
1512300574.919925 select(7, [3 4], [5], NULL, NULL) = 1 (out [5])
1512300574.919998 clock_gettime(CLOCK_BOOTTIME, {25646, 340588115}) = 0
1512300574.920028 write(5, "i", 1)      = 1
1512300574.920309 clock_gettime(CLOCK_BOOTTIME, {25646, 340899312}) = 0
1512300574.920346 clock_gettime(CLOCK_BOOTTIME, {25646, 340934885}) = 0
1512300574.920375 select(7, [3 4], [], NULL, NULL) = 1 (in [4])
1512300575.035652 clock_gettime(CLOCK_BOOTTIME, {25646, 456254673}) = 0
1512300575.035719 read(4, "t", 16384)   = 1
1512300575.035805 clock_gettime(CLOCK_BOOTTIME, {25646, 456406331}) = 0
1512300575.035861 clock_gettime(CLOCK_BOOTTIME, {25646, 456455208}) = 0
1512300575.035909 select(7, [3 4], [3], NULL, NULL) = 1 (out [3])
1512300575.035983 clock_gettime(CLOCK_BOOTTIME, {25646, 456585905}) = 0
1512300575.036040 write(3, "MbWj\304f\234\324M\211\217\n\326\327\207\24\236\271\311\2161\3\354\376\330M\204\207;\202\312\267"..., 36) = 36
1512300575.036339 clock_gettime(CLOCK_BOOTTIME, {25646, 456942150}) = 0
1512300575.036403 clock_gettime(CLOCK_BOOTTIME, {25646, 456997565}) = 0
1512300575.036452 select(7, [3 4], [], NULL, NULL) = 1 (in [3])
1512300575.037441 clock_gettime(CLOCK_BOOTTIME, {25646, 458041326}) = 0
1512300575.037501 read(3, "(\367\376%.:)\330\342\247y\370\22\313*\272z\303\252\351\344t\375\244\270\246\f\360T\217\n\26"..., 8192) = 36
1512300575.037626 clock_gettime(CLOCK_BOOTTIME, {25646, 458229929}) = 0
1512300575.037689 clock_gettime(CLOCK_BOOTTIME, {25646, 458283645}) = 0
1512300575.037737 select(7, [3 4], [5], NULL, NULL) = 1 (out [5])
1512300575.037814 clock_gettime(CLOCK_BOOTTIME, {25646, 458409033}) = 0
1512300575.037862 write(5, "t", 1)      = 1
1512300575.038217 clock_gettime(CLOCK_BOOTTIME, {25646, 458814657}) = 0
1512300575.038276 clock_gettime(CLOCK_BOOTTIME, {25646, 458870806}) = 0
1512300575.038335 select(7, [3 4], [], NULL, NULL) = 1 (in [4])
1512300575.218483 clock_gettime(CLOCK_BOOTTIME, {25646, 639070493}) = 0
1512300575.218501 read(4, "\r", 16384)  = 1
1512300575.218548 clock_gettime(CLOCK_BOOTTIME, {25646, 639136940}) = 0
1512300575.218571 clock_gettime(CLOCK_BOOTTIME, {25646, 639157150}) = 0
1512300575.218588 select(7, [3 4], [3], NULL, NULL) = 1 (out [3])
1512300575.218607 clock_gettime(CLOCK_BOOTTIME, {25646, 639192437}) = 0
1512300575.218620 write(3, "hB\310\271\314nq?\322\234]\354\210\344\305\305\21\234\234\321a\347\20\200\361\223\367\220\307 g\274"..., 36) = 36
1512300575.218729 clock_gettime(CLOCK_BOOTTIME, {25646, 639318896}) = 0
1512300575.218756 clock_gettime(CLOCK_BOOTTIME, {25646, 639343116}) = 0
1512300575.218795 select(7, [3 4], [], NULL, NULL) = 1 (in [3])
1512300575.219554 clock_gettime(CLOCK_BOOTTIME, {25646, 640141444}) = 0
1512300575.219571 read(3, "\352\377\313k@ll\202\251\326x\16\325\\_Q\334\213\224\32=F\241+d\3\26$\315\241\346\377"..., 8192) = 44
1512300575.219598 clock_gettime(CLOCK_BOOTTIME, {25646, 640183511}) = 0
1512300575.219611 clock_gettime(CLOCK_BOOTTIME, {25646, 640196262}) = 0
1512300575.219623 select(7, [3 4], [5], NULL, NULL) = 1 (out [5])
1512300575.219642 clock_gettime(CLOCK_BOOTTIME, {25646, 640227157}) = 0
1512300575.219654 write(5, "\r\nlogout\r\n", 10) = 10
1512300575.219778 clock_gettime(CLOCK_BOOTTIME, {25646, 640363944}) = 0
1512300575.219794 clock_gettime(CLOCK_BOOTTIME, {25646, 640378538}) = 0
1512300575.219805 select(7, [3 4], [], NULL, NULL) = 1 (in [3])
1512300575.220643 clock_gettime(CLOCK_BOOTTIME, {25646, 641229725}) = 0
1512300575.220659 read(3, "\206\226z\224\"\242\3043\33\2671]6\205Yo\2\272\327R\253L\214\371\35#\346\331\335=\207y"..., 8192) = 176
1512300575.220687 close(4)              = 0
1512300575.220703 close(5)              = 0
1512300575.220716 clock_gettime(CLOCK_BOOTTIME, {25646, 641301526}) = 0
1512300575.220729 clock_gettime(CLOCK_BOOTTIME, {25646, 641313874}) = 0
1512300575.220742 ioctl(0, TCGETS, {B38400 -opost -isig -icanon -echo ...}) = 0
1512300575.220756 ioctl(0, SNDCTL_TMR_STOP or TCSETSW, {B38400 opost isig icanon echo ...}) = 0
1512300575.220770 ioctl(0, TCGETS, {B38400 opost isig icanon echo ...}) = 0
1512300575.220793 close(6)              = 0
1512300575.220806 select(7, [3], [3], NULL, NULL) = 1 (out [3])
1512300575.220836 clock_gettime(CLOCK_BOOTTIME, {25646, 641420975}) = 0
1512300575.220848 write(3, "\f\3O\301\265\1\23\361\324\220\20\216\241R\252\5\266uw\241,t\302_\264\24\177\313*a\265\244"..., 36) = 36
1512300575.220936 rt_sigaction(SIGWINCH, NULL, {0x55b015d2e230, [], SA_RESTORER, 0x7f016a2214b0}, 8) = 0
1512300575.220962 rt_sigaction(SIGWINCH, {SIG_DFL, [], SA_RESTORER, 0x7f016a2214b0}, NULL, 8) = 0
1512300575.220986 write(3, "\315\274\311`\324('+g~\362\34\235]|\5\373H\247\303s\2N\23\255)g\\\201\246\317\236"..., 60) = 60
1512300575.221045 ioctl(0, TCGETS, {B38400 opost isig icanon echo ...}) = 0
1512300575.221062 ioctl(1, TCGETS, {B38400 opost isig icanon echo ...}) = 0
1512300575.221074 ioctl(2, TCGETS, {B38400 opost isig icanon echo ...}) = 0
1512300575.221088 write(2, "Connection to 192.168.100.130 cl"..., 39) = 39
1512300575.221274 close(3)              = 0
1512300575.221359 exit_group(0)         = ?
1512300575.221543 +++ exited with 0 +++
