1512310592.434170 select(4, [3], NULL, NULL, NULL) = 1 (in [3])
1512310592.441693 read(3, "\0\0\1\4\n\37\0\0\0h\0\0\0\23ecdsa-sha2-nistp25"..., 8192) = 364
1512310592.441858 open("/home/hy/.ssh/known_hosts", O_RDONLY) = 4
1512310592.441894 fstat(4, {st_mode=S_IFREG|0644, st_size=798, ...}) = 0
1512310592.441910 read(4, "|1|O9ZITlqm8A5drAsYzTgRRbmdEoY=|"..., 4096) = 798
1512310592.442044 read(4, "", 4096)     = 0
1512310592.442057 close(4)              = 0
1512310592.442069 open("/home/hy/.ssh/known_hosts2", O_RDONLY) = -1 ENOENT (No such file or directory)
1512310592.442086 open("/usr/local/openssh7/etc/ssh_known_hosts", O_RDONLY) = -1 ENOENT (No such file or directory)
1512310592.442101 open("/usr/local/openssh7/etc/ssh_known_hosts2", O_RDONLY) = -1 ENOENT (No such file or directory)
1512310592.444046 clock_gettime(CLOCK_BOOTTIME, {35663, 864638217}) = 0
1512310592.444072 write(3, "\0\0\0\f\n\25\0\0\0\0\0\0\0\0\0\0", 16) = 16
1512310592.444151 write(3, "oz\326\303@\v\244`\265\335k\10mu\346\306\357\270\323\311\373\310\305\34\316O\34(9\v\264\241"..., 44) = 44
1512310592.444171 select(4, [3], NULL, NULL, NULL) = 1 (in [3])
1512310592.481649 read(3, "8(\10D\313\233S0|_\33)\23\355\177\361=\310\365\26\224\271\317#y\336\226\366\350o\205\34"..., 8192) = 44
1512310592.481686 write(3, "\200\266\351\3710\26\301n\313\325\320\23b\235\344Y\343\3175\320\211D\325;\371\303\252\24\215ys\250"..., 60) = 60
1512310592.481751 select(4, [3], NULL, NULL, NULL) = 1 (in [3])
1512310592.483556 read(3, "\235\315\16\305\1\"\200\7\364\364w\244Q\5\247\34\331E\350\347\233i\340z\243\26\216\37W\200\360l"..., 8192) = 52
1512310592.483600 stat("/home/hy/.ssh/id_rsa", 0x7ffeacf29cd0) = -1 ENOENT (No such file or directory)
1512310592.483631 stat("/home/hy/.ssh/id_dsa", 0x7ffeacf29cd0) = -1 ENOENT (No such file or directory)
1512310592.483647 stat("/home/hy/.ssh/id_ecdsa", 0x7ffeacf29cd0) = -1 ENOENT (No such file or directory)
1512310592.483662 stat("/home/hy/.ssh/id_ed25519", 0x7ffeacf29cd0) = -1 ENOENT (No such file or directory)
1512310592.483680 open("/dev/tty", O_RDWR) = 4
1512310592.483705 close(4)              = 0
1512310592.483719 open("/dev/tty", O_RDWR) = 4
1512310592.483734 ioctl(4, TCGETS, {B38400 opost isig icanon echo ...}) = 0
1512310592.483750 ioctl(4, TCGETS, {B38400 opost isig icanon echo ...}) = 0
1512310592.483762 ioctl(4, SNDCTL_TMR_CONTINUE or TCSETSF, {B38400 opost isig icanon -echo ...}) = 0
1512310592.483776 ioctl(4, TCGETS, {B38400 opost isig icanon -echo ...}) = 0
1512310592.483788 rt_sigaction(SIGALRM, {0x562b1b6b15b0, [], SA_RESTORER, 0x7fb5ce8964b0}, {SIG_DFL, [], 0}, 8) = 0
1512310592.483803 rt_sigaction(SIGHUP, {0x562b1b6b15b0, [], SA_RESTORER, 0x7fb5ce8964b0}, {SIG_DFL, [], 0}, 8) = 0
1512310592.483816 rt_sigaction(SIGINT, {0x562b1b6b15b0, [], SA_RESTORER, 0x7fb5ce8964b0}, {SIG_DFL, [], 0}, 8) = 0
1512310592.483828 rt_sigaction(SIGPIPE, {0x562b1b6b15b0, [], SA_RESTORER, 0x7fb5ce8964b0}, {SIG_IGN, [], SA_RESTORER, 0x7fb5ce8964b0}, 8) = 0
1512310592.483840 rt_sigaction(SIGQUIT, {0x562b1b6b15b0, [], SA_RESTORER, 0x7fb5ce8964b0}, {SIG_DFL, [], 0}, 8) = 0
1512310592.483853 rt_sigaction(SIGTERM, {0x562b1b6b15b0, [], SA_RESTORER, 0x7fb5ce8964b0}, {SIG_DFL, [], 0}, 8) = 0
1512310592.483865 rt_sigaction(SIGTSTP, {0x562b1b6b15b0, [], SA_RESTORER, 0x7fb5ce8964b0}, {SIG_DFL, [], 0}, 8) = 0
1512310592.483877 rt_sigaction(SIGTTIN, {0x562b1b6b15b0, [], SA_RESTORER, 0x7fb5ce8964b0}, {SIG_DFL, [], 0}, 8) = 0
1512310592.483889 rt_sigaction(SIGTTOU, {0x562b1b6b15b0, [], SA_RESTORER, 0x7fb5ce8964b0}, {SIG_DFL, [], 0}, 8) = 0
1512310592.483902 write(4, "hy@192.168.100.131's password: ", 31) = 31
1512310592.483949 read(4, "1", 1)       = 1
1512310592.483963 read(4, "1", 1)       = 1
1512310592.483974 read(4, "1", 1)       = 1
1512310592.483985 read(4, "1", 1)       = 1
1512310592.483997 read(4, "\n", 1)      = 1
1512310592.484008 write(4, "\n", 1)     = 1
1512310592.484026 ioctl(4, TCGETS, {B38400 opost isig icanon -echo ...}) = 0
1512310592.484038 ioctl(4, SNDCTL_TMR_CONTINUE or TCSETSF, {B38400 opost isig icanon echo ...}) = 0
1512310592.484050 ioctl(4, TCGETS, {B38400 opost isig icanon echo ...}) = 0
1512310592.484074 rt_sigaction(SIGALRM, {SIG_DFL, [], SA_RESTORER, 0x7fb5ce8964b0}, NULL, 8) = 0
1512310592.484086 rt_sigaction(SIGHUP, {SIG_DFL, [], SA_RESTORER, 0x7fb5ce8964b0}, NULL, 8) = 0
1512310592.484097 rt_sigaction(SIGINT, {SIG_DFL, [], SA_RESTORER, 0x7fb5ce8964b0}, NULL, 8) = 0
1512310592.484143 rt_sigaction(SIGQUIT, {SIG_DFL, [], SA_RESTORER, 0x7fb5ce8964b0}, NULL, 8) = 0
1512310592.484158 rt_sigaction(SIGPIPE, {SIG_IGN, [], SA_RESTORER, 0x7fb5ce8964b0}, NULL, 8) = 0
1512310592.484169 rt_sigaction(SIGTERM, {SIG_DFL, [], SA_RESTORER, 0x7fb5ce8964b0}, NULL, 8) = 0
1512310592.484180 rt_sigaction(SIGTSTP, {SIG_DFL, [], SA_RESTORER, 0x7fb5ce8964b0}, NULL, 8) = 0
1512310592.484191 rt_sigaction(SIGTTIN, {SIG_DFL, [], SA_RESTORER, 0x7fb5ce8964b0}, NULL, 8) = 0
1512310592.484207 rt_sigaction(SIGTTOU, {SIG_DFL, [], SA_RESTORER, 0x7fb5ce8964b0}, NULL, 8) = 0
1512310592.484247 close(4)              = 0
1512310592.484268 write(3, "\2378k\30Buhu\220rz\20u\353\t2\10\277\33n\350S\351\344\314\231\351\2449#\366-"..., 84) = 84
1512310592.484377 select(4, [3], NULL, NULL, NULL) = 1 (in [3])
1512310592.492549 read(3, "\3404\302Y\16\302\334\300\24F\220\372J\237\246\222\35\315\315$U\253\312\330\302\6\241\234", 8192) = 28
1512310592.492583 dup(0)                = 4
1512310592.492594 dup(1)                = 5
1512310592.492604 dup(2)                = 6
1512310592.492614 ioctl(4, TCGETS, {B38400 opost isig icanon echo ...}) = 0
1512310592.492632 ioctl(5, TCGETS, {B38400 opost isig icanon echo ...}) = 0
1512310592.492643 ioctl(6, TCGETS, {B38400 opost isig icanon echo ...}) = 0
1512310592.492657 fcntl(4, F_SETFD, FD_CLOEXEC) = 0
1512310592.492669 fcntl(5, F_SETFD, FD_CLOEXEC) = 0
1512310592.492679 fcntl(6, F_SETFD, FD_CLOEXEC) = 0
1512310592.492699 rt_sigaction(SIGHUP, NULL, {SIG_DFL, [], SA_RESTORER, 0x7fb5ce8964b0}, 8) = 0
1512310592.492714 rt_sigaction(SIGHUP, {SIG_IGN, [], SA_RESTORER, 0x7fb5ce8964b0}, NULL, 8) = 0
1512310592.492726 rt_sigaction(SIGHUP, NULL, {SIG_IGN, [], SA_RESTORER, 0x7fb5ce8964b0}, 8) = 0
1512310592.492737 rt_sigaction(SIGHUP, {0x562b1b65bfc0, [], SA_RESTORER, 0x7fb5ce8964b0}, NULL, 8) = 0
1512310592.492748 rt_sigaction(SIGINT, NULL, {SIG_DFL, [], SA_RESTORER, 0x7fb5ce8964b0}, 8) = 0
1512310592.492760 rt_sigaction(SIGINT, {SIG_IGN, [], SA_RESTORER, 0x7fb5ce8964b0}, NULL, 8) = 0
1512310592.492771 rt_sigaction(SIGINT, NULL, {SIG_IGN, [], SA_RESTORER, 0x7fb5ce8964b0}, 8) = 0
1512310592.492782 rt_sigaction(SIGINT, {0x562b1b65bfc0, [], SA_RESTORER, 0x7fb5ce8964b0}, NULL, 8) = 0
1512310592.492793 rt_sigaction(SIGQUIT, NULL, {SIG_DFL, [], SA_RESTORER, 0x7fb5ce8964b0}, 8) = 0
1512310592.492804 rt_sigaction(SIGQUIT, {SIG_IGN, [], SA_RESTORER, 0x7fb5ce8964b0}, NULL, 8) = 0
1512310592.492815 rt_sigaction(SIGQUIT, NULL, {SIG_IGN, [], SA_RESTORER, 0x7fb5ce8964b0}, 8) = 0
1512310592.492826 rt_sigaction(SIGQUIT, {0x562b1b65bfc0, [], SA_RESTORER, 0x7fb5ce8964b0}, NULL, 8) = 0
1512310592.492837 rt_sigaction(SIGTERM, NULL, {SIG_DFL, [], SA_RESTORER, 0x7fb5ce8964b0}, 8) = 0
1512310592.492848 rt_sigaction(SIGTERM, {SIG_IGN, [], SA_RESTORER, 0x7fb5ce8964b0}, NULL, 8) = 0
1512310592.492859 rt_sigaction(SIGTERM, NULL, {SIG_IGN, [], SA_RESTORER, 0x7fb5ce8964b0}, 8) = 0
1512310592.492870 rt_sigaction(SIGTERM, {0x562b1b65bfc0, [], SA_RESTORER, 0x7fb5ce8964b0}, NULL, 8) = 0
1512310592.492882 rt_sigaction(SIGWINCH, NULL, {SIG_DFL, [], 0}, 8) = 0
1512310592.492893 rt_sigaction(SIGWINCH, {0x562b1b65c230, [], SA_RESTORER, 0x7fb5ce8964b0}, NULL, 8) = 0
1512310592.492905 ioctl(0, TCGETS, {B38400 opost isig icanon echo ...}) = 0
1512310592.492917 ioctl(0, TCGETS, {B38400 opost isig icanon echo ...}) = 0
1512310592.492928 ioctl(0, SNDCTL_TMR_STOP or TCSETSW, {B38400 -opost -isig -icanon -echo ...}) = 0
1512310592.492942 ioctl(0, TCGETS, {B38400 -opost -isig -icanon -echo ...}) = 0
1512310592.492956 clock_gettime(CLOCK_BOOTTIME, {35663, 913541420}) = 0
1512310592.492970 clock_gettime(CLOCK_BOOTTIME, {35663, 913554524}) = 0
1512310592.492982 select(7, [3], [3], NULL, NULL) = 1 (out [3])
1512310592.493000 clock_gettime(CLOCK_BOOTTIME, {35663, 913596525}) = 0
1512310592.493025 write(3, ":\\\17\371\376Cj\22\244\23\v\300\3162\222*\213\221\0\301\215g\221\257\333\373\235}d\241x\246"..., 112) = 112
1512310592.493109 clock_gettime(CLOCK_BOOTTIME, {35663, 913694664}) = 0
1512310592.493141 clock_gettime(CLOCK_BOOTTIME, {35663, 913726399}) = 0
1512310592.493153 select(7, [3], [], NULL, NULL) = 1 (in [3])
1512310592.602583 clock_gettime(CLOCK_BOOTTIME, {35664, 23171670}) = 0
1512310592.602603 read(3, "\217\300]\f5\255\2hk(dDr\312\16\311\23\337\32DV\327\216\203{c\260\376\2202\227\371"..., 8192) = 940
1512310592.602642 clock_gettime(CLOCK_BOOTTIME, {35664, 23227624}) = 0
1512310592.602655 clock_gettime(CLOCK_BOOTTIME, {35664, 23239550}) = 0
1512310592.602666 select(7, [3], [], NULL, NULL) = 1 (in [3])
1512310592.641147 clock_gettime(CLOCK_BOOTTIME, {35664, 61746145}) = 0
1512310592.641259 read(3, "\334\341/\1\35Q(hUr?O\332\346\230\223$E\302q\251\343\241\230b\2553\37\376\273\337\312"..., 8192) = 44
1512310592.641346 getsockopt(3, SOL_TCP, TCP_NODELAY, [0], [4]) = 0
1512310592.641395 setsockopt(3, SOL_TCP, TCP_NODELAY, [1], 4) = 0
1512310592.641435 getsockname(3, {sa_family=AF_INET, sin_port=htons(40988), sin_addr=inet_addr("192.168.100.129")}, [16]) = 0
1512310592.641483 setsockopt(3, SOL_IP, IP_TOS, [16], 4) = 0
1512310592.641527 ioctl(0, TIOCGWINSZ, {ws_row=9, ws_col=226, ws_xpixel=1808, ws_ypixel=243}) = 0
1512310592.641620 clock_gettime(CLOCK_BOOTTIME, {35664, 62214963}) = 0
1512310592.641663 clock_gettime(CLOCK_BOOTTIME, {35664, 62254408}) = 0
1512310592.641701 select(7, [3], [3], NULL, NULL) = 1 (out [3])
1512310592.641758 clock_gettime(CLOCK_BOOTTIME, {35664, 62349908}) = 0
1512310592.641798 write(3, "\31\343I6\253\16\271\227\237\306&\33I0\321\315!5\331\265imv\371\241T\352\232\337\220\313."..., 392) = 392
1512310592.642003 clock_gettime(CLOCK_BOOTTIME, {35664, 62596841}) = 0
1512310592.642615 clock_gettime(CLOCK_BOOTTIME, {35664, 63213824}) = 0
1512310592.642672 select(7, [3], [], NULL, NULL) = 1 (in [3])
1512310592.645763 clock_gettime(CLOCK_BOOTTIME, {35664, 66361634}) = 0
1512310592.645819 read(3, "HW\331G\236;N?\245\212\251\241g\261\226\2\314Dw\247\1\217~]\236\215\243)\362P\2\35"..., 8192) = 108
1512310592.645933 clock_gettime(CLOCK_BOOTTIME, {35664, 66526733}) = 0
1512310592.645975 clock_gettime(CLOCK_BOOTTIME, {35664, 66567432}) = 0
1512310592.646015 select(7, [3 4], [], NULL, NULL) = 1 (in [3])
1512310592.646807 clock_gettime(CLOCK_BOOTTIME, {35664, 67418774}) = 0
1512310592.646903 read(3, "\326\342\270\352\n\367G\273io\4\201\301\375\247\250\276\344\300,\240\27\335\v}\373#\303\271\n\237*"..., 8192) = 100
1512310592.647328 clock_gettime(CLOCK_BOOTTIME, {35664, 67938855}) = 0
1512310592.647417 clock_gettime(CLOCK_BOOTTIME, {35664, 68017781}) = 0
1512310592.647487 select(7, [3 4], [5], NULL, NULL) = 2 (in [3], out [5])
1512310592.647615 clock_gettime(CLOCK_BOOTTIME, {35664, 68217385}) = 0
1512310592.647685 write(5, "Welcome to Ubuntu 16.04.2 LTS (G"..., 65) = 65
1512310592.648401 read(3, "\331O\250\263\316\5V\224\332\305o\270S\326\300M]\23\315\7\370E\374E\264\\\5\17\214H\261\331"..., 8192) = 304
1512310592.648762 clock_gettime(CLOCK_BOOTTIME, {35664, 69370936}) = 0
1512310592.648847 clock_gettime(CLOCK_BOOTTIME, {35664, 69449372}) = 0
1512310592.648926 select(7, [3 4], [5], NULL, NULL) = 2 (in [3], out [5])
1512310592.649045 clock_gettime(CLOCK_BOOTTIME, {35664, 69647301}) = 0
1512310592.649116 write(5, "\r\n\r\n * Documentation:  https://h"..., 100) = 100
1512310592.649913 read(3, "P\3\36\321\226Ex\3366l\357{5\365\336\16\r\0\276\33\271\256\265[|\326\234rpH\346Q"..., 8192) = 260
1512310592.650318 clock_gettime(CLOCK_BOOTTIME, {35664, 70935397}) = 0
1512310592.650417 clock_gettime(CLOCK_BOOTTIME, {35664, 71017160}) = 0
1512310592.650487 select(7, [3 4], [5], NULL, NULL) = 2 (in [3], out [5])
1512310592.650594 clock_gettime(CLOCK_BOOTTIME, {35664, 71193440}) = 0
1512310592.650659 write(5, " * Support:        https://ubunt"..., 81) = 81
1512310592.651041 read(3, "\244\261\177\371S\271\334!t\336_\377\266\\\216\352k\3206 \344\341Dh\240\263\247\325u\352s\1"..., 8192) = 68
1512310592.651184 clock_gettime(CLOCK_BOOTTIME, {35664, 71786794}) = 0
1512310592.651326 clock_gettime(CLOCK_BOOTTIME, {35664, 71927227}) = 0
1512310592.651392 select(7, [3 4], [5], NULL, NULL) = 1 (out [5])
1512310592.651978 clock_gettime(CLOCK_BOOTTIME, {35664, 72578283}) = 0
1512310592.652046 write(5, "81 updates are security updates.", 32) = 32
1512310592.652547 clock_gettime(CLOCK_BOOTTIME, {35664, 73152754}) = 0
1512310592.652635 clock_gettime(CLOCK_BOOTTIME, {35664, 73235404}) = 0
1512310592.652709 select(7, [3 4], [], NULL, NULL) = 1 (in [3])
1512310592.653779 clock_gettime(CLOCK_BOOTTIME, {35664, 74374727}) = 0
1512310592.653827 read(3, "\211\305\202{\307\256\34\363j\361-\307\327Z\313\335\231\303\23\371LB\25\33\33\245f\204\326gE\261"..., 8192) = 100
1512310592.654058 clock_gettime(CLOCK_BOOTTIME, {35664, 74651914}) = 0
1512310592.654100 clock_gettime(CLOCK_BOOTTIME, {35664, 74690623}) = 0
1512310592.654137 select(7, [3 4], [5], NULL, NULL) = 1 (out [5])
1512310592.654273 clock_gettime(CLOCK_BOOTTIME, {35664, 74865324}) = 0
1512310592.654315 write(5, "\r\n\r\n\r\nLast login: Sun Dec  3 16:"..., 66) = 66
1512310592.654671 clock_gettime(CLOCK_BOOTTIME, {35664, 75263850}) = 0
1512310592.654717 clock_gettime(CLOCK_BOOTTIME, {35664, 75307696}) = 0
1512310592.654753 select(7, [3 4], [], NULL, NULL) = 1 (in [3])
1512310592.745394 clock_gettime(CLOCK_BOOTTIME, {35664, 165982888}) = 0
1512310592.745416 read(3, "(\n\311\367\211\324\310\25\334\366\260\201n\257\"f\210\35\251i\35\343\31AX\263\347A\263U\"I"..., 8192) = 100
1512310592.745451 clock_gettime(CLOCK_BOOTTIME, {35664, 166037155}) = 0
1512310592.745467 clock_gettime(CLOCK_BOOTTIME, {35664, 166052497}) = 0
1512310592.745482 select(7, [3 4], [5], NULL, NULL) = 1 (out [5])
1512310592.745505 clock_gettime(CLOCK_BOOTTIME, {35664, 166090652}) = 0
1512310592.745520 write(5, "\33]0;hy@PyStudy3: ~\7\33[01;32mhy@Py"..., 60) = 60
1512310592.745674 clock_gettime(CLOCK_BOOTTIME, {35664, 166260533}) = 0
1512310592.745693 clock_gettime(CLOCK_BOOTTIME, {35664, 166278252}) = 0
1512310592.745708 select(7, [3 4], [], NULL, NULL) = 1 (in [4])
1512310594.490453 clock_gettime(CLOCK_BOOTTIME, {35665, 911051382}) = 0
1512310594.490531 read(4, "s", 16384)   = 1
1512310594.490608 clock_gettime(CLOCK_BOOTTIME, {35665, 911202289}) = 0
1512310594.490651 clock_gettime(CLOCK_BOOTTIME, {35665, 911242907}) = 0
1512310594.490691 select(7, [3 4], [3], NULL, NULL) = 1 (out [3])
1512310594.490856 clock_gettime(CLOCK_BOOTTIME, {35665, 911449182}) = 0
1512310594.490898 write(3, "4R\213$e\251\320_\232\222!\342\312#0\253\260O5]\36\335\330K\\\324\237/9;3/"..., 36) = 36
1512310594.491118 clock_gettime(CLOCK_BOOTTIME, {35665, 911712196}) = 0
1512310594.491166 clock_gettime(CLOCK_BOOTTIME, {35665, 911758447}) = 0
1512310594.491206 select(7, [3 4], [], NULL, NULL) = 1 (in [3])
1512310594.492017 clock_gettime(CLOCK_BOOTTIME, {35665, 912614846}) = 0
1512310594.492066 read(3, "\377\30Qc\254\341qw\234\305\230<6\220\370D\265\217\217\233q2\257\274\356\342g\n\260\310N\303"..., 8192) = 36
1512310594.492134 clock_gettime(CLOCK_BOOTTIME, {35665, 912727239}) = 0
1512310594.492174 clock_gettime(CLOCK_BOOTTIME, {35665, 912766128}) = 0
1512310594.492213 select(7, [3 4], [5], NULL, NULL) = 1 (out [5])
1512310594.492271 clock_gettime(CLOCK_BOOTTIME, {35665, 912862575}) = 0
1512310594.492308 write(5, "s", 1)      = 1
1512310594.492608 clock_gettime(CLOCK_BOOTTIME, {35665, 913202401}) = 0
1512310594.492657 clock_gettime(CLOCK_BOOTTIME, {35665, 913248858}) = 0
1512310594.492696 select(7, [3 4], [], NULL, NULL) = 1 (in [4])
1512310594.633543 clock_gettime(CLOCK_BOOTTIME, {35666, 54141429}) = 0
1512310594.633596 read(4, "u", 16384)   = 1
1512310594.633669 clock_gettime(CLOCK_BOOTTIME, {35666, 54262297}) = 0
1512310594.633710 clock_gettime(CLOCK_BOOTTIME, {35666, 54301742}) = 0
1512310594.633749 select(7, [3 4], [3], NULL, NULL) = 1 (out [3])
1512310594.633806 clock_gettime(CLOCK_BOOTTIME, {35666, 54398119}) = 0
1512310594.633845 write(3, "\273\206\320W\217\350\221\226\261&\205\302{F\270\254\2147Kt\26\t\203\264\242\306\32P+\270\236\24"..., 36) = 36
1512310594.634262 clock_gettime(CLOCK_BOOTTIME, {35666, 54856718}) = 0
1512310594.634313 clock_gettime(CLOCK_BOOTTIME, {35666, 54905460}) = 0
1512310594.634353 select(7, [3 4], [], NULL, NULL) = 1 (in [3])
1512310594.635160 clock_gettime(CLOCK_BOOTTIME, {35666, 55760375}) = 0
1512310594.635214 read(3, "w\"e\353\365W\205\364nq\23q^\256\3138\250Z\342\367\351\301q\300MU\311n\200\243R\252"..., 8192) = 36
1512310594.635283 clock_gettime(CLOCK_BOOTTIME, {35666, 55876527}) = 0
1512310594.635324 clock_gettime(CLOCK_BOOTTIME, {35666, 55916399}) = 0
1512310594.635363 select(7, [3 4], [5], NULL, NULL) = 1 (out [5])
1512310594.635423 clock_gettime(CLOCK_BOOTTIME, {35666, 56014740}) = 0
1512310594.635460 write(5, "u", 1)      = 1
1512310594.635814 clock_gettime(CLOCK_BOOTTIME, {35666, 56407833}) = 0
1512310594.636055 clock_gettime(CLOCK_BOOTTIME, {35666, 56658560}) = 0
1512310594.636115 select(7, [3 4], [], NULL, NULL) = 1 (in [4])
1512310595.291818 clock_gettime(CLOCK_BOOTTIME, {35666, 712458333}) = 0
1512310595.291931 read(4, "d", 16384)   = 1
1512310595.292007 clock_gettime(CLOCK_BOOTTIME, {35666, 712599663}) = 0
1512310595.292046 clock_gettime(CLOCK_BOOTTIME, {35666, 712636598}) = 0
1512310595.292083 select(7, [3 4], [3], NULL, NULL) = 1 (out [3])
1512310595.292141 clock_gettime(CLOCK_BOOTTIME, {35666, 712731210}) = 0
1512310595.292177 write(3, "\376\r\254D\273t\206a\253~M\36\340vIOA.\263\245`\261VW\240h\357\201\263\321\7}"..., 36) = 36
1512310595.292420 clock_gettime(CLOCK_BOOTTIME, {35666, 713020711}) = 0
1512310595.292476 clock_gettime(CLOCK_BOOTTIME, {35666, 713067132}) = 0
1512310595.292514 select(7, [3 4], [], NULL, NULL) = 1 (in [3])
1512310595.293293 clock_gettime(CLOCK_BOOTTIME, {35666, 713889001}) = 0
1512310595.293340 read(3, "\330#.BG\327\356\2065.q\260$\231y\2206\330j\263\303/\27L~\314\26w\253\335\3^"..., 8192) = 36
1512310595.293406 clock_gettime(CLOCK_BOOTTIME, {35666, 713998608}) = 0
1512310595.293445 clock_gettime(CLOCK_BOOTTIME, {35666, 714035518}) = 0
1512310595.293481 select(7, [3 4], [5], NULL, NULL) = 1 (out [5])
1512310595.293537 clock_gettime(CLOCK_BOOTTIME, {35666, 714127961}) = 0
1512310595.293573 write(5, "d", 1)      = 1
1512310595.293919 clock_gettime(CLOCK_BOOTTIME, {35666, 714512469}) = 0
1512310595.293966 clock_gettime(CLOCK_BOOTTIME, {35666, 714557212}) = 0
1512310595.294002 select(7, [3 4], [], NULL, NULL) = 1 (in [4])
1512310595.395636 clock_gettime(CLOCK_BOOTTIME, {35666, 816234144}) = 0
1512310595.395688 read(4, "o", 16384)   = 1
1512310595.395758 clock_gettime(CLOCK_BOOTTIME, {35666, 816351062}) = 0
1512310595.395798 clock_gettime(CLOCK_BOOTTIME, {35666, 816389085}) = 0
1512310595.395835 select(7, [3 4], [3], NULL, NULL) = 1 (out [3])
1512310595.395890 clock_gettime(CLOCK_BOOTTIME, {35666, 816481086}) = 0
1512310595.395927 write(3, "\345g\231\34.\306\vS\326\34\204\261\236\376uY\vE9\265'\t\221\25\321Q\35\237\212\303\212\325"..., 36) = 36
1512310595.396225 clock_gettime(CLOCK_BOOTTIME, {35666, 816903026}) = 0
1512310595.396383 clock_gettime(CLOCK_BOOTTIME, {35666, 816983616}) = 0
1512310595.396432 select(7, [3 4], [], NULL, NULL) = 1 (in [3])
1512310595.397063 clock_gettime(CLOCK_BOOTTIME, {35666, 817658297}) = 0
1512310595.397109 read(3, "\220\36\244^ Q\30z\331=4\305\334_\210\200\314\310\2066\262[XC|\201\233\353\254l\320:"..., 8192) = 36
1512310595.397176 clock_gettime(CLOCK_BOOTTIME, {35666, 817767623}) = 0
1512310595.397214 clock_gettime(CLOCK_BOOTTIME, {35666, 817804548}) = 0
1512310595.397320 select(7, [3 4], [5], NULL, NULL) = 1 (out [5])
1512310595.397383 clock_gettime(CLOCK_BOOTTIME, {35666, 817974198}) = 0
1512310595.397419 write(5, "o", 1)      = 1
1512310595.397756 clock_gettime(CLOCK_BOOTTIME, {35666, 818349847}) = 0
1512310595.397804 clock_gettime(CLOCK_BOOTTIME, {35666, 818394890}) = 0
1512310595.397908 select(7, [3 4], [], NULL, NULL) = 1 (in [4])
1512310595.554237 clock_gettime(CLOCK_BOOTTIME, {35666, 974835117}) = 0
1512310595.554313 read(4, " ", 16384)   = 1
1512310595.554389 clock_gettime(CLOCK_BOOTTIME, {35666, 975009628}) = 0
1512310595.554461 clock_gettime(CLOCK_BOOTTIME, {35666, 975053579}) = 0
1512310595.554501 select(7, [3 4], [3], NULL, NULL) = 1 (out [3])
1512310595.554560 clock_gettime(CLOCK_BOOTTIME, {35666, 975152371}) = 0
1512310595.554600 write(3, "\210\372\213\r\31Cl-\240\3_5\37\n\252\2\245 \216Q\3517nz\200\345P\22/\300x8"..., 36) = 36
1512310595.554863 clock_gettime(CLOCK_BOOTTIME, {35666, 975457027}) = 0
1512310595.554912 clock_gettime(CLOCK_BOOTTIME, {35666, 975503949}) = 0
1512310595.554951 select(7, [3 4], [], NULL, NULL) = 1 (in [3])
1512310595.555763 clock_gettime(CLOCK_BOOTTIME, {35666, 976359872}) = 0
1512310595.555812 read(3, "\230\301\376\24\345\242\4\367Qd\334mV\372P\365\352\351\364\371\305j\372\5\237\250\316\342D\352\335\370"..., 8192) = 36
1512310595.555883 clock_gettime(CLOCK_BOOTTIME, {35666, 976476690}) = 0
1512310595.555924 clock_gettime(CLOCK_BOOTTIME, {35666, 976515535}) = 0
1512310595.555962 select(7, [3 4], [5], NULL, NULL) = 1 (out [5])
1512310595.556021 clock_gettime(CLOCK_BOOTTIME, {35666, 976612693}) = 0
1512310595.556058 write(5, " ", 1)      = 1
1512310595.556365 clock_gettime(CLOCK_BOOTTIME, {35666, 976959490}) = 0
1512310595.556415 clock_gettime(CLOCK_BOOTTIME, {35666, 977007415}) = 0
1512310595.556454 select(7, [3 4], [], NULL, NULL) = 1 (in [4])
1512310596.082781 clock_gettime(CLOCK_BOOTTIME, {35667, 503394504}) = 0
1512310596.083094 read(4, "s", 16384)   = 1
1512310596.083365 clock_gettime(CLOCK_BOOTTIME, {35667, 503987897}) = 0
1512310596.083467 clock_gettime(CLOCK_BOOTTIME, {35667, 504062353}) = 0
1512310596.083513 select(7, [3 4], [3], NULL, NULL) = 1 (out [3])
1512310596.083583 clock_gettime(CLOCK_BOOTTIME, {35667, 504175108}) = 0
1512310596.083623 write(3, "\302\307\343\16N\345\272j0\326\263\257\2\3304.\302\36A\0 \362\25h\234\321\306\316\246n\2578"..., 36) = 36
1512310596.083999 clock_gettime(CLOCK_BOOTTIME, {35667, 504605321}) = 0
1512310596.084085 clock_gettime(CLOCK_BOOTTIME, {35667, 504686824}) = 0
1512310596.084154 select(7, [3 4], [], NULL, NULL) = 1 (in [3])
1512310596.084743 clock_gettime(CLOCK_BOOTTIME, {35667, 505340977}) = 0
1512310596.084792 read(3, "\257\271\265\366\235>?\227A\3124>R~\274K\230*\272\f\206\312\203@\233\30\223\333\330\347\371\16"..., 8192) = 36
1512310596.084930 clock_gettime(CLOCK_BOOTTIME, {35667, 505525201}) = 0
1512310596.084974 clock_gettime(CLOCK_BOOTTIME, {35667, 505565909}) = 0
1512310596.085014 select(7, [3 4], [5], NULL, NULL) = 1 (out [5])
1512310596.085225 clock_gettime(CLOCK_BOOTTIME, {35667, 505821964}) = 0
1512310596.085273 write(5, "s", 1)      = 1
1512310596.085668 clock_gettime(CLOCK_BOOTTIME, {35667, 506263258}) = 0
1512310596.085720 clock_gettime(CLOCK_BOOTTIME, {35667, 506312782}) = 0
1512310596.085761 select(7, [3 4], [], NULL, NULL) = 1 (in [4])
1512310596.225513 clock_gettime(CLOCK_BOOTTIME, {35667, 646110548}) = 0
1512310596.225563 read(4, "h", 16384)   = 1
1512310596.225634 clock_gettime(CLOCK_BOOTTIME, {35667, 646225748}) = 0
1512310596.225672 clock_gettime(CLOCK_BOOTTIME, {35667, 646262844}) = 0
1512310596.225709 select(7, [3 4], [3], NULL, NULL) = 1 (out [3])
1512310596.225765 clock_gettime(CLOCK_BOOTTIME, {35667, 646355502}) = 0
1512310596.225802 write(3, "\275\212\306\267p\311\330!\320\223\320\343\10S_\263\3408\\2UI\371\264\201\371z2\264\367\372\257"..., 36) = 36
1512310596.226073 clock_gettime(CLOCK_BOOTTIME, {35667, 646672956}) = 0
1512310596.226204 clock_gettime(CLOCK_BOOTTIME, {35667, 646821848}) = 0
1512310596.226295 select(7, [3 4], [], NULL, NULL) = 1 (in [3])
1512310596.227009 clock_gettime(CLOCK_BOOTTIME, {35667, 647601987}) = 0
1512310596.227051 read(3, "\300\344./4\rC!\n>9\302)\10iZ\\\213\25\33\244\353\236\342e\277U\240\26]8Z"..., 8192) = 36
1512310596.227115 clock_gettime(CLOCK_BOOTTIME, {35667, 647706868}) = 0
1512310596.227208 clock_gettime(CLOCK_BOOTTIME, {35667, 647801134}) = 0
1512310596.227250 select(7, [3 4], [5], NULL, NULL) = 1 (out [5])
1512310596.227309 clock_gettime(CLOCK_BOOTTIME, {35667, 647899435}) = 0
1512310596.227344 write(5, "h", 1)      = 1
1512310596.227683 clock_gettime(CLOCK_BOOTTIME, {35667, 648300953}) = 0
1512310596.227758 clock_gettime(CLOCK_BOOTTIME, {35667, 648349019}) = 0
1512310596.227795 select(7, [3 4], [], NULL, NULL) = 1 (in [4])
1512310596.415400 clock_gettime(CLOCK_BOOTTIME, {35667, 836011693}) = 0
1512310596.415613 read(4, "u", 16384)   = 1
1512310596.415738 clock_gettime(CLOCK_BOOTTIME, {35667, 836343395}) = 0
1512310596.415818 clock_gettime(CLOCK_BOOTTIME, {35667, 836420041}) = 0
1512310596.415892 select(7, [3 4], [3], NULL, NULL) = 1 (out [3])
1512310596.416004 clock_gettime(CLOCK_BOOTTIME, {35667, 836606354}) = 0
1512310596.416078 write(3, "\363(\314N\230\343T.+F\16\205#\201\334\213\213\255<\352\225\241\207\33<\277HR\352\367\355\30"..., 36) = 36
1512310596.416389 clock_gettime(CLOCK_BOOTTIME, {35667, 836994933}) = 0
1512310596.416537 clock_gettime(CLOCK_BOOTTIME, {35667, 837140983}) = 0
1512310596.416616 select(7, [3 4], [], NULL, NULL) = 1 (in [3])
1512310596.418039 clock_gettime(CLOCK_BOOTTIME, {35667, 838633529}) = 0
1512310596.418085 read(3, "\261\333\235\262\340\22\0]\376\321k,wgx\273\6\257\220\17(!\305x\325\320\347\265?c\224\356"..., 8192) = 36
1512310596.418154 clock_gettime(CLOCK_BOOTTIME, {35667, 838746037}) = 0
1512310596.418193 clock_gettime(CLOCK_BOOTTIME, {35667, 838783779}) = 0
1512310596.418231 select(7, [3 4], [5], NULL, NULL) = 1 (out [5])
1512310596.418289 clock_gettime(CLOCK_BOOTTIME, {35667, 838880010}) = 0
1512310596.418326 write(5, "u", 1)      = 1
1512310596.418673 clock_gettime(CLOCK_BOOTTIME, {35667, 839266729}) = 0
1512310596.418721 clock_gettime(CLOCK_BOOTTIME, {35667, 839311858}) = 0
1512310596.418758 select(7, [3 4], [], NULL, NULL) = 1 (in [4])
1512310596.532200 clock_gettime(CLOCK_BOOTTIME, {35667, 952798397}) = 0
1512310596.532280 read(4, "t", 16384)   = 1
1512310596.532353 clock_gettime(CLOCK_BOOTTIME, {35667, 952946598}) = 0
1512310596.532395 clock_gettime(CLOCK_BOOTTIME, {35667, 952987026}) = 0
1512310596.532434 select(7, [3 4], [3], NULL, NULL) = 1 (out [3])
1512310596.532491 clock_gettime(CLOCK_BOOTTIME, {35667, 953082926}) = 0
1512310596.532530 write(3, ":\377\\lF\335\7\247<ex.\211\3\224\312\222\367\201;\v\214\304\303\257\316\313I\225\226(\7"..., 36) = 36
1512310596.532809 clock_gettime(CLOCK_BOOTTIME, {35667, 953403283}) = 0
1512310596.532859 clock_gettime(CLOCK_BOOTTIME, {35667, 953451042}) = 0
1512310596.532898 select(7, [3 4], [], NULL, NULL) = 1 (in [3])
1512310596.534044 clock_gettime(CLOCK_BOOTTIME, {35667, 954639805}) = 0
1512310596.534090 read(3, ">\262\27\5\303\225\352A\205\215>\3214\242\255\230\7B\250\332\330\f\235\262o\364\25\267\316\20\227\273"..., 8192) = 36
1512310596.534157 clock_gettime(CLOCK_BOOTTIME, {35667, 954750334}) = 0
1512310596.534197 clock_gettime(CLOCK_BOOTTIME, {35667, 954789103}) = 0
1512310596.534235 select(7, [3 4], [5], NULL, NULL) = 1 (out [5])
1512310596.534290 clock_gettime(CLOCK_BOOTTIME, {35667, 954882543}) = 0
1512310596.534328 write(5, "t", 1)      = 1
1512310596.534623 clock_gettime(CLOCK_BOOTTIME, {35667, 955217317}) = 0
1512310596.534671 clock_gettime(CLOCK_BOOTTIME, {35667, 955266345}) = 0
1512310596.534800 select(7, [3 4], [], NULL, NULL) = 1 (in [4])
1512310596.753140 clock_gettime(CLOCK_BOOTTIME, {35668, 173740675}) = 0
1512310596.753200 read(4, "d", 16384)   = 1
1512310596.753274 clock_gettime(CLOCK_BOOTTIME, {35668, 173866785}) = 0
1512310596.753314 clock_gettime(CLOCK_BOOTTIME, {35668, 173906126}) = 0
1512310596.753353 select(7, [3 4], [3], NULL, NULL) = 1 (out [3])
1512310596.753409 clock_gettime(CLOCK_BOOTTIME, {35668, 174001545}) = 0
1512310596.753448 write(3, "\261\254\375K9\261I~\357y\343\344\265\371*1?\300\275\0\361t\247\217G\354'~\17*o\16"..., 36) = 36
1512310596.753699 clock_gettime(CLOCK_BOOTTIME, {35668, 174301003}) = 0
1512310596.753757 clock_gettime(CLOCK_BOOTTIME, {35668, 174348678}) = 0
1512310596.753795 select(7, [3 4], [], NULL, NULL) = 1 (in [3])
1512310596.754594 clock_gettime(CLOCK_BOOTTIME, {35668, 175191325}) = 0
1512310596.754643 read(3, "-q,\333aP{U\211@i\230y_L\2522\272\334\f/\273\\\366yO0;\334\5z\204"..., 8192) = 36
1512310596.754711 clock_gettime(CLOCK_BOOTTIME, {35668, 175329808}) = 0
1512310596.754781 clock_gettime(CLOCK_BOOTTIME, {35668, 175373012}) = 0
1512310596.754820 select(7, [3 4], [5], NULL, NULL) = 1 (out [5])
1512310596.754879 clock_gettime(CLOCK_BOOTTIME, {35668, 175470632}) = 0
1512310596.754916 write(5, "d", 1)      = 1
1512310596.755469 clock_gettime(CLOCK_BOOTTIME, {35668, 176064311}) = 0
1512310596.755522 clock_gettime(CLOCK_BOOTTIME, {35668, 176114016}) = 0
1512310596.755562 select(7, [3 4], [], NULL, NULL) = 1 (in [4])
1512310596.848554 clock_gettime(CLOCK_BOOTTIME, {35668, 269151703}) = 0
1512310596.848606 read(4, "o", 16384)   = 1
1512310596.848678 clock_gettime(CLOCK_BOOTTIME, {35668, 269271985}) = 0
1512310596.848719 clock_gettime(CLOCK_BOOTTIME, {35668, 269311170}) = 0
1512310596.848758 select(7, [3 4], [3], NULL, NULL) = 1 (out [3])
1512310596.848885 clock_gettime(CLOCK_BOOTTIME, {35668, 269477958}) = 0
1512310596.848929 write(3, "wO\262\370o\263\360\360C\0307Os\372\231\220\223\331\367+\355\\\255\3514vI\363'G\377L"..., 36) = 36
1512310596.849155 clock_gettime(CLOCK_BOOTTIME, {35668, 269749327}) = 0
1512310596.849204 clock_gettime(CLOCK_BOOTTIME, {35668, 269795769}) = 0
1512310596.849242 select(7, [3 4], [], NULL, NULL) = 1 (in [3])
1512310596.850071 clock_gettime(CLOCK_BOOTTIME, {35668, 270669392}) = 0
1512310596.850124 read(3, "`cM\35\326\335\254V\214\277\234\357\317\347\226\334\321\212\342(Fu\247\342\3221\224xT\231t\247"..., 8192) = 36
1512310596.850194 clock_gettime(CLOCK_BOOTTIME, {35668, 270787308}) = 0
1512310596.850235 clock_gettime(CLOCK_BOOTTIME, {35668, 270827260}) = 0
1512310596.850275 select(7, [3 4], [5], NULL, NULL) = 1 (out [5])
1512310596.850336 clock_gettime(CLOCK_BOOTTIME, {35668, 270927670}) = 0
1512310596.850373 write(5, "o", 1)      = 1
1512310596.850773 clock_gettime(CLOCK_BOOTTIME, {35668, 271368624}) = 0
1512310596.851035 clock_gettime(CLOCK_BOOTTIME, {35668, 271636354}) = 0
1512310596.851162 select(7, [3 4], [], NULL, NULL) = 1 (in [4])
1512310596.979528 clock_gettime(CLOCK_BOOTTIME, {35668, 400125051}) = 0
1512310596.979578 read(4, "w", 16384)   = 1
1512310596.979649 clock_gettime(CLOCK_BOOTTIME, {35668, 400240446}) = 0
1512310596.979687 clock_gettime(CLOCK_BOOTTIME, {35668, 400277586}) = 0
1512310596.979723 select(7, [3 4], [3], NULL, NULL) = 1 (out [3])
1512310596.979781 clock_gettime(CLOCK_BOOTTIME, {35668, 400371347}) = 0
1512310596.979938 write(3, "bCN\324yI\36\317\252,\266q]^\377\1{Jr7Z'oJ\217)\5W\243\352\10c"..., 36) = 36
1512310596.980222 clock_gettime(CLOCK_BOOTTIME, {35668, 400822188}) = 0
1512310596.980297 clock_gettime(CLOCK_BOOTTIME, {35668, 400989999}) = 0
1512310596.980549 select(7, [3 4], [], NULL, NULL) = 1 (in [3])
1512310596.981196 clock_gettime(CLOCK_BOOTTIME, {35668, 401790474}) = 0
1512310596.981239 read(3, "bzr\33\0310g:g/U\330\206o\266\242\363\10 \333o\313k\2EL\"\35\304\267\356\32"..., 8192) = 36
1512310596.981437 clock_gettime(CLOCK_BOOTTIME, {35668, 402051624}) = 0
1512310596.981525 clock_gettime(CLOCK_BOOTTIME, {35668, 402124080}) = 0
1512310596.981591 select(7, [3 4], [5], NULL, NULL) = 1 (out [5])
1512310596.981708 clock_gettime(CLOCK_BOOTTIME, {35668, 402308775}) = 0
1512310596.981774 write(5, "w", 1)      = 1
1512310596.982242 clock_gettime(CLOCK_BOOTTIME, {35668, 402835290}) = 0
1512310596.982288 clock_gettime(CLOCK_BOOTTIME, {35668, 402878339}) = 0
1512310596.982419 select(7, [3 4], [], NULL, NULL) = 1 (in [4])
1512310597.098575 clock_gettime(CLOCK_BOOTTIME, {35668, 519173628}) = 0
1512310597.098626 read(4, "n", 16384)   = 1
1512310597.098766 clock_gettime(CLOCK_BOOTTIME, {35668, 519362898}) = 0
1512310597.098814 clock_gettime(CLOCK_BOOTTIME, {35668, 519405305}) = 0
1512310597.098852 select(7, [3 4], [3], NULL, NULL) = 1 (out [3])
1512310597.098913 clock_gettime(CLOCK_BOOTTIME, {35668, 519504102}) = 0
1512310597.098950 write(3, "y\275G\23'EVn\361\357=\212\323\243\372\247a*I\225)\325\31\254jIQ\316$F\354("..., 36) = 36
1512310597.099186 clock_gettime(CLOCK_BOOTTIME, {35668, 519779626}) = 0
1512310597.099232 clock_gettime(CLOCK_BOOTTIME, {35668, 519822890}) = 0
1512310597.099269 select(7, [3 4], [], NULL, NULL) = 1 (in [3])
1512310597.100071 clock_gettime(CLOCK_BOOTTIME, {35668, 520667572}) = 0
1512310597.100119 read(3, "\366\200c\271\376\264M\317Pn\311;\227n/\\v\204c\357\4\327\233Qj$\251E\250\366Vy"..., 8192) = 36
1512310597.100186 clock_gettime(CLOCK_BOOTTIME, {35668, 520778221}) = 0
1512310597.100224 clock_gettime(CLOCK_BOOTTIME, {35668, 520815276}) = 0
1512310597.100261 select(7, [3 4], [5], NULL, NULL) = 1 (out [5])
1512310597.100318 clock_gettime(CLOCK_BOOTTIME, {35668, 520908555}) = 0
1512310597.100354 write(5, "n", 1)      = 1
1512310597.100835 clock_gettime(CLOCK_BOOTTIME, {35668, 521455142}) = 0
1512310597.100937 clock_gettime(CLOCK_BOOTTIME, {35668, 521536193}) = 0
1512310597.101003 select(7, [3 4], [], NULL, NULL) = 1 (in [4])
1512310597.226283 clock_gettime(CLOCK_BOOTTIME, {35668, 646880410}) = 0
1512310597.226334 read(4, " ", 16384)   = 1
1512310597.226406 clock_gettime(CLOCK_BOOTTIME, {35668, 646998962}) = 0
1512310597.226446 clock_gettime(CLOCK_BOOTTIME, {35668, 647036448}) = 0
1512310597.226483 select(7, [3 4], [3], NULL, NULL) = 1 (out [3])
1512310597.226538 clock_gettime(CLOCK_BOOTTIME, {35668, 647129151}) = 0
1512310597.226575 write(3, "\255R\222)\333\316\7\216$\302\245\327\350M\2711vw\25\261\267\3373NCA'\f\32\0r\330"..., 36) = 36
1512310597.226797 clock_gettime(CLOCK_BOOTTIME, {35668, 647390006}) = 0
1512310597.226844 clock_gettime(CLOCK_BOOTTIME, {35668, 647434298}) = 0
1512310597.226880 select(7, [3 4], [], NULL, NULL) = 1 (in [3])
1512310597.227751 clock_gettime(CLOCK_BOOTTIME, {35668, 648347442}) = 0
1512310597.227798 read(3, "\247\240\326\314gm\1777\26\201\3112\316%\274\2073\"|\374\245J\nas\274c\333\311\34lI"..., 8192) = 36
1512310597.227866 clock_gettime(CLOCK_BOOTTIME, {35668, 648458086}) = 0
1512310597.227904 clock_gettime(CLOCK_BOOTTIME, {35668, 648495211}) = 0
1512310597.227941 select(7, [3 4], [5], NULL, NULL) = 1 (out [5])
1512310597.227998 clock_gettime(CLOCK_BOOTTIME, {35668, 648588947}) = 0
1512310597.228033 write(5, " ", 1)      = 1
1512310597.228397 clock_gettime(CLOCK_BOOTTIME, {35668, 648990304}) = 0
1512310597.228444 clock_gettime(CLOCK_BOOTTIME, {35668, 649034987}) = 0
1512310597.228481 select(7, [3 4], [], NULL, NULL) = 1 (in [4])
1512310597.860421 clock_gettime(CLOCK_BOOTTIME, {35669, 281054314}) = 0
1512310597.860620 read(4, "n", 16384)   = 1
1512310597.860702 clock_gettime(CLOCK_BOOTTIME, {35669, 281296285}) = 0
1512310597.860745 clock_gettime(CLOCK_BOOTTIME, {35669, 281336438}) = 0
1512310597.860784 select(7, [3 4], [3], NULL, NULL) = 1 (out [3])
1512310597.860847 clock_gettime(CLOCK_BOOTTIME, {35669, 281438888}) = 0
1512310597.860886 write(3, "\223\232\321\316\225\270\332&MQ\326\225\340j\240\233\17=\200\235\323\372\26\27\325m\245\233\30-\213@"..., 36) = 36
1512310597.861326 clock_gettime(CLOCK_BOOTTIME, {35669, 281939809}) = 0
1512310597.861425 clock_gettime(CLOCK_BOOTTIME, {35669, 282027982}) = 0
1512310597.861491 select(7, [3 4], [], NULL, NULL) = 1 (in [3])
1512310597.862191 clock_gettime(CLOCK_BOOTTIME, {35669, 282786721}) = 0
1512310597.862332 read(3, "\371Ms\303,\21\344\277\t\202e&\342@\242c\2205\200\352h\206I'DI\2532\247\16\352a"..., 8192) = 36
1512310597.862449 clock_gettime(CLOCK_BOOTTIME, {35669, 283043266}) = 0
1512310597.862491 clock_gettime(CLOCK_BOOTTIME, {35669, 283083398}) = 0
1512310597.862530 select(7, [3 4], [5], NULL, NULL) = 1 (out [5])
1512310597.862594 clock_gettime(CLOCK_BOOTTIME, {35669, 283185563}) = 0
1512310597.862631 write(5, "n", 1)      = 1
1512310597.862948 clock_gettime(CLOCK_BOOTTIME, {35669, 283541807}) = 0
1512310597.862995 clock_gettime(CLOCK_BOOTTIME, {35669, 283587121}) = 0
1512310597.863034 select(7, [3 4], [], NULL, NULL) = 1 (in [4])
1512310598.003007 clock_gettime(CLOCK_BOOTTIME, {35669, 423634712}) = 0
1512310598.003116 read(4, "o", 16384)   = 1
1512310598.003224 clock_gettime(CLOCK_BOOTTIME, {35669, 423824623}) = 0
1512310598.003290 clock_gettime(CLOCK_BOOTTIME, {35669, 423888335}) = 0
1512310598.003352 select(7, [3 4], [3], NULL, NULL) = 1 (out [3])
1512310598.003448 clock_gettime(CLOCK_BOOTTIME, {35669, 424046398}) = 0
1512310598.003506 write(3, "\350\241\7'\312H\305t\tSA\342\25\27\300{\374\235\25\251\364\4\257@\315\306Ul\3121\247\210"..., 36) = 36
1512310598.003871 clock_gettime(CLOCK_BOOTTIME, {35669, 424472848}) = 0
1512310598.003941 clock_gettime(CLOCK_BOOTTIME, {35669, 424610975}) = 0
1512310598.004099 select(7, [3 4], [], NULL, NULL) = 1 (in [3])
1512310598.004822 clock_gettime(CLOCK_BOOTTIME, {35669, 425418907}) = 0
1512310598.004872 read(3, "\366\21\311\230s|\207\327\254G%WW\257h\361\353nK\336\231\254\23?!hM$\202\256to"..., 8192) = 36
1512310598.004939 clock_gettime(CLOCK_BOOTTIME, {35669, 425532272}) = 0
1512310598.005041 clock_gettime(CLOCK_BOOTTIME, {35669, 425651151}) = 0
1512310598.005125 select(7, [3 4], [5], NULL, NULL) = 1 (out [5])
1512310598.005226 clock_gettime(CLOCK_BOOTTIME, {35669, 425825236}) = 0
1512310598.005288 write(5, "o", 1)      = 1
1512310598.005624 clock_gettime(CLOCK_BOOTTIME, {35669, 426218109}) = 0
1512310598.005672 clock_gettime(CLOCK_BOOTTIME, {35669, 426263062}) = 0
1512310598.005709 select(7, [3 4], [], NULL, NULL) = 1 (in [4])
1512310598.149558 clock_gettime(CLOCK_BOOTTIME, {35669, 570166671}) = 0
1512310598.149642 read(4, "w", 16384)   = 1
1512310598.149739 clock_gettime(CLOCK_BOOTTIME, {35669, 570332197}) = 0
1512310598.149795 clock_gettime(CLOCK_BOOTTIME, {35669, 570395773}) = 0
1512310598.149868 select(7, [3 4], [3], NULL, NULL) = 1 (out [3])
1512310598.149945 clock_gettime(CLOCK_BOOTTIME, {35669, 570536582}) = 0
1512310598.149984 write(3, "\336\330\325\\\254_\367Z=tI\321p\205\311\261\324\341\203i\200\36\256\225\243\345\277\374\30\265\274\326"..., 36) = 36
1512310598.150310 clock_gettime(CLOCK_BOOTTIME, {35669, 570903270}) = 0
1512310598.150358 clock_gettime(CLOCK_BOOTTIME, {35669, 570948729}) = 0
1512310598.150395 select(7, [3 4], [], NULL, NULL) = 1 (in [3])
1512310598.151079 clock_gettime(CLOCK_BOOTTIME, {35669, 571674502}) = 0
1512310598.151125 read(3, "\faeE\325M\336\216r/k{\213\v,\3\10!\376\31k\5\301\267\224\32G\233\263$\265\22"..., 8192) = 36
1512310598.151270 clock_gettime(CLOCK_BOOTTIME, {35669, 571877133}) = 0
1512310598.151351 clock_gettime(CLOCK_BOOTTIME, {35669, 571950466}) = 0
1512310598.151416 select(7, [3 4], [5], NULL, NULL) = 1 (out [5])
1512310598.151755 clock_gettime(CLOCK_BOOTTIME, {35669, 572356866}) = 0
1512310598.151825 write(5, "w", 1)      = 1
1512310598.152412 clock_gettime(CLOCK_BOOTTIME, {35669, 573005892}) = 0
1512310598.152462 clock_gettime(CLOCK_BOOTTIME, {35669, 573053151}) = 0
1512310598.152500 select(7, [3 4], [], NULL, NULL) = 1 (in [4])
1512310598.358074 clock_gettime(CLOCK_BOOTTIME, {35669, 778661424}) = 0
1512310598.358092 read(4, "\r", 16384)  = 1
1512310598.358118 clock_gettime(CLOCK_BOOTTIME, {35669, 778702703}) = 0
1512310598.358130 clock_gettime(CLOCK_BOOTTIME, {35669, 778714481}) = 0
1512310598.358141 select(7, [3 4], [3], NULL, NULL) = 1 (out [3])
1512310598.358159 clock_gettime(CLOCK_BOOTTIME, {35669, 778743861}) = 0
1512310598.358171 write(3, " K\264r\242cs\361\300\304)\300\323L\324\n\253_\275\1\315\363\235\210\345\234\266^\25\266\v\211"..., 36) = 36
1512310598.358272 clock_gettime(CLOCK_BOOTTIME, {35669, 778860466}) = 0
1512310598.358296 clock_gettime(CLOCK_BOOTTIME, {35669, 778882111}) = 0
1512310598.358314 select(7, [3 4], [], NULL, NULL) = 1 (in [3])
1512310598.358970 clock_gettime(CLOCK_BOOTTIME, {35669, 779556346}) = 0
1512310598.358986 read(3, "\362\330\260\225t\262\374,%j\214\352\205\372,\351z\237\35[p\357\354gy\216\200e\17\241D "..., 8192) = 36
1512310598.359010 clock_gettime(CLOCK_BOOTTIME, {35669, 779594597}) = 0
1512310598.359022 clock_gettime(CLOCK_BOOTTIME, {35669, 779606471}) = 0
1512310598.359033 select(7, [3 4], [5], NULL, NULL) = 1 (out [5])
1512310598.359052 clock_gettime(CLOCK_BOOTTIME, {35669, 779636429}) = 0
1512310598.359063 write(5, "\r\n", 2)   = 2
1512310598.359202 clock_gettime(CLOCK_BOOTTIME, {35669, 779789311}) = 0
1512310598.359219 clock_gettime(CLOCK_BOOTTIME, {35669, 779803974}) = 0
1512310598.359231 select(7, [3 4], [], NULL, NULL) = 1 (in [4])
1512310600.596035 clock_gettime(CLOCK_BOOTTIME, {35672, 16622950}) = 0
1512310600.596065 read(4, "\r", 16384)  = 1
1512310600.596093 clock_gettime(CLOCK_BOOTTIME, {35672, 16678459}) = 0
1512310600.596115 clock_gettime(CLOCK_BOOTTIME, {35672, 16699890}) = 0
1512310600.596127 select(7, [3 4], [3], NULL, NULL) = 1 (out [3])
1512310600.596145 clock_gettime(CLOCK_BOOTTIME, {35672, 16730330}) = 0
1512310600.596158 write(3, "\250\33b\327>\225\350\232\260\6\276\25\3#\306\v\263\270\375\313md\fMa\365^\345\n\273\317\343"..., 36) = 36
1512310600.596234 clock_gettime(CLOCK_BOOTTIME, {35672, 16819619}) = 0
1512310600.596249 clock_gettime(CLOCK_BOOTTIME, {35672, 16833518}) = 0
1512310600.596261 select(7, [3 4], [], NULL, NULL) = 1 (in [3])
1512310600.596534 clock_gettime(CLOCK_BOOTTIME, {35672, 17120462}) = 0
1512310600.596549 read(3, "/\275\350\313s\5\357\365\265%\332puMe\306\307\253\317\274P\232\257YQ\222V\225\3675i\213"..., 8192) = 36
1512310600.596571 clock_gettime(CLOCK_BOOTTIME, {35672, 17156471}) = 0
1512310600.596584 clock_gettime(CLOCK_BOOTTIME, {35672, 17168834}) = 0
1512310600.596596 select(7, [3 4], [5], NULL, NULL) = 1 (out [5])
1512310600.596614 clock_gettime(CLOCK_BOOTTIME, {35672, 17198665}) = 0
1512310600.596625 write(5, "\r\n", 2)   = 2
1512310600.596722 clock_gettime(CLOCK_BOOTTIME, {35672, 17307782}) = 0
1512310600.596737 clock_gettime(CLOCK_BOOTTIME, {35672, 17322074}) = 0
1512310600.596749 select(7, [3 4], [], NULL, NULL) = 1 (in [4])
1512310600.809066 clock_gettime(CLOCK_BOOTTIME, {35672, 229653735}) = 0
1512310600.809085 read(4, "\r", 16384)  = 1
1512310600.809118 clock_gettime(CLOCK_BOOTTIME, {35672, 229704607}) = 0
1512310600.809133 clock_gettime(CLOCK_BOOTTIME, {35672, 229717681}) = 0
1512310600.809145 select(7, [3 4], [3], NULL, NULL) = 1 (out [3])
1512310600.809163 clock_gettime(CLOCK_BOOTTIME, {35672, 229748103}) = 0
1512310600.809176 write(3, "\257\7\6u\322\"/\273\364\t\5\353PT)\4\250@\244\220\20=\327\366\275\335\343\211\321\21+\357"..., 36) = 36
1512310600.809282 clock_gettime(CLOCK_BOOTTIME, {35672, 229871624}) = 0
1512310600.809308 clock_gettime(CLOCK_BOOTTIME, {35672, 229896001}) = 0
1512310600.809328 select(7, [3 4], [], NULL, NULL) = 1 (in [3])
1512310600.809608 clock_gettime(CLOCK_BOOTTIME, {35672, 230193960}) = 0
1512310600.809622 read(3, "\321T\264WX\0\202\367e\0Oz\t\222B\304K\226\350\265\215\303_\20\0229\253\307\277\310n_"..., 8192) = 36
1512310600.809677 clock_gettime(CLOCK_BOOTTIME, {35672, 230265549}) = 0
1512310600.809701 clock_gettime(CLOCK_BOOTTIME, {35672, 230289089}) = 0
1512310600.809717 select(7, [3 4], [5], NULL, NULL) = 1 (out [5])
1512310600.809737 clock_gettime(CLOCK_BOOTTIME, {35672, 230321974}) = 0
1512310600.809749 write(5, "\r\n", 2)   = 2
1512310600.809867 clock_gettime(CLOCK_BOOTTIME, {35672, 230452442}) = 0
1512310600.809882 clock_gettime(CLOCK_BOOTTIME, {35672, 230467006}) = 0
1512310600.809894 select(7, [3 4], [], NULL, NULL) = 1 (in [4])
1512310601.030509 clock_gettime(CLOCK_BOOTTIME, {35672, 451102014}) = 0
1512310601.030538 read(4, "\r", 16384)  = 1
1512310601.030565 clock_gettime(CLOCK_BOOTTIME, {35672, 451150707}) = 0
1512310601.030578 clock_gettime(CLOCK_BOOTTIME, {35672, 451162998}) = 0
1512310601.030590 select(7, [3 4], [3], NULL, NULL) = 1 (out [3])
1512310601.030610 clock_gettime(CLOCK_BOOTTIME, {35672, 451195063}) = 0
1512310601.030622 write(3, ",\211\332q<\305\301\276\25\353\250\263\214\333\204\331p\243\5\320\257.\313\253I\241\30x\330\305\364\342"..., 36) = 36
1512310601.030699 clock_gettime(CLOCK_BOOTTIME, {35672, 451284509}) = 0
1512310601.030714 clock_gettime(CLOCK_BOOTTIME, {35672, 451298445}) = 0
1512310601.030725 select(7, [3 4], [], NULL, NULL) = 1 (in [3])
1512310601.030995 clock_gettime(CLOCK_BOOTTIME, {35672, 451581665}) = 0
1512310601.031010 read(3, "\275\10BY2M\243\310\332|\202J`\327\217J\"2\21\273^\25\342\320\21\321\354l_\265\261\233"..., 8192) = 36
1512310601.031033 clock_gettime(CLOCK_BOOTTIME, {35672, 451617977}) = 0
1512310601.031045 clock_gettime(CLOCK_BOOTTIME, {35672, 451630355}) = 0
1512310601.031057 select(7, [3 4], [5], NULL, NULL) = 1 (out [5])
1512310601.031075 clock_gettime(CLOCK_BOOTTIME, {35672, 451660012}) = 0
1512310601.031098 write(5, "\r\n", 2)   = 2
1512310601.031199 clock_gettime(CLOCK_BOOTTIME, {35672, 451784253}) = 0
1512310601.031214 clock_gettime(CLOCK_BOOTTIME, {35672, 451798690}) = 0
1512310601.031226 select(7, [3 4], [], NULL, NULL) = 1 (in [4])
1512310601.243555 clock_gettime(CLOCK_BOOTTIME, {35672, 664142411}) = 0
1512310601.243573 read(4, "\r", 16384)  = 1
1512310601.243598 clock_gettime(CLOCK_BOOTTIME, {35672, 664182995}) = 0
1512310601.243610 clock_gettime(CLOCK_BOOTTIME, {35672, 664195220}) = 0
1512310601.243623 select(7, [3 4], [3], NULL, NULL) = 1 (out [3])
1512310601.243641 clock_gettime(CLOCK_BOOTTIME, {35672, 664225832}) = 0
1512310601.243653 write(3, "\22\375@\321f\353\231\375\23\370\347e\2\243\35G \231\177\26\27'\0\277\3528\237\27\247\17\16\347"..., 36) = 36
1512310601.243731 clock_gettime(CLOCK_BOOTTIME, {35672, 664316473}) = 0
1512310601.243745 clock_gettime(CLOCK_BOOTTIME, {35672, 664330154}) = 0
1512310601.243757 select(7, [3 4], [], NULL, NULL) = 1 (in [3])
1512310601.244318 clock_gettime(CLOCK_BOOTTIME, {35672, 664908754}) = 0
1512310601.244341 read(3, "\376r\2161j\26\226\337.4~\251\354lcL\231H,\34\200=\261 \217*\223,\342\230E\244"..., 8192) = 36
1512310601.244439 clock_gettime(CLOCK_BOOTTIME, {35672, 665027767}) = 0
1512310601.244457 clock_gettime(CLOCK_BOOTTIME, {35672, 665041655}) = 0
1512310601.244469 select(7, [3 4], [5], NULL, NULL) = 1 (out [5])
1512310601.244490 clock_gettime(CLOCK_BOOTTIME, {35672, 665074720}) = 0
1512310601.244501 write(5, "\r\n", 2)   = 2
1512310601.244517 clock_gettime(CLOCK_BOOTTIME, {35672, 665101869}) = 0
1512310601.244528 clock_gettime(CLOCK_BOOTTIME, {35672, 665112670}) = 0
1512310601.244539 select(7, [3 4], [], NULL, NULL) = 1 (in [4])
1512310601.456956 clock_gettime(CLOCK_BOOTTIME, {35672, 877542934}) = 0
1512310601.456973 read(4, "\r", 16384)  = 1
1512310601.456998 clock_gettime(CLOCK_BOOTTIME, {35672, 877583683}) = 0
1512310601.457011 clock_gettime(CLOCK_BOOTTIME, {35672, 877595970}) = 0
1512310601.457023 select(7, [3 4], [3], NULL, NULL) = 1 (out [3])
1512310601.457041 clock_gettime(CLOCK_BOOTTIME, {35672, 877625971}) = 0
1512310601.457053 write(3, "\337]\242-KLE\0362\326e\221\2\320\251\234\332i<\217\10\312N\352\36G\7\335{k\336u"..., 36) = 36
1512310601.457132 clock_gettime(CLOCK_BOOTTIME, {35672, 877719842}) = 0
1512310601.457155 clock_gettime(CLOCK_BOOTTIME, {35672, 877739827}) = 0
1512310601.457168 select(7, [3 4], [], NULL, NULL) = 1 (in [3])
1512310601.457427 clock_gettime(CLOCK_BOOTTIME, {35672, 878013813}) = 0
1512310601.457442 read(3, "1\202\250\323r\206\370\263\214\271\226\351yv\21\331{y\37\377\311\307\330\376u\377\200AM\343\267\272"..., 8192) = 36
1512310601.457464 clock_gettime(CLOCK_BOOTTIME, {35672, 878049225}) = 0
1512310601.457477 clock_gettime(CLOCK_BOOTTIME, {35672, 878061442}) = 0
1512310601.457488 select(7, [3 4], [5], NULL, NULL) = 1 (out [5])
1512310601.457506 clock_gettime(CLOCK_BOOTTIME, {35672, 878091181}) = 0
1512310601.457518 write(5, "\r\n", 2)   = 2
1512310601.457533 clock_gettime(CLOCK_BOOTTIME, {35672, 878118094}) = 0
1512310601.457545 clock_gettime(CLOCK_BOOTTIME, {35672, 878129374}) = 0
1512310601.457556 select(7, [3 4], [], NULL, NULL) = 1 (in [4])
1512310601.670177 clock_gettime(CLOCK_BOOTTIME, {35673, 90764207}) = 0
1512310601.670200 read(4, "\r", 16384)  = 1
1512310601.670226 clock_gettime(CLOCK_BOOTTIME, {35673, 90811324}) = 0
1512310601.670239 clock_gettime(CLOCK_BOOTTIME, {35673, 90823667}) = 0
1512310601.670251 select(7, [3 4], [3], NULL, NULL) = 1 (out [3])
1512310601.670269 clock_gettime(CLOCK_BOOTTIME, {35673, 90853383}) = 0
1512310601.670281 write(3, "k~\375\326\216\2476d\214\374\211H\307N\24\203\366\217KK\310!Z|\273\37\305yN(M^"..., 36) = 36
1512310601.670357 clock_gettime(CLOCK_BOOTTIME, {35673, 90945932}) = 0
1512310601.670382 clock_gettime(CLOCK_BOOTTIME, {35673, 90967264}) = 0
1512310601.670395 select(7, [3 4], [], NULL, NULL) = 1 (in [3])
1512310601.670672 clock_gettime(CLOCK_BOOTTIME, {35673, 91265319}) = 0
1512310601.670702 read(3, "\10\274rO\317\224\202\"Hk\362H\357\341<n\260\211\307\310\210\16\327\236\236e\3058\321~\240\5"..., 8192) = 36
1512310601.670741 clock_gettime(CLOCK_BOOTTIME, {35673, 91327443}) = 0
1512310601.670755 clock_gettime(CLOCK_BOOTTIME, {35673, 91340288}) = 0
1512310601.670767 select(7, [3 4], [5], NULL, NULL) = 1 (out [5])
1512310601.670787 clock_gettime(CLOCK_BOOTTIME, {35673, 91372386}) = 0
1512310601.670799 write(5, "\r\n", 2)   = 2
1512310601.670932 clock_gettime(CLOCK_BOOTTIME, {35673, 91519929}) = 0
1512310601.670955 clock_gettime(CLOCK_BOOTTIME, {35673, 91540047}) = 0
1512310601.670968 select(7, [3 4], [], NULL, NULL) = 1 (in [4])
1512310601.892958 clock_gettime(CLOCK_BOOTTIME, {35673, 313554051}) = 0
1512310601.893001 read(4, "\r", 16384)  = 1
1512310601.893057 clock_gettime(CLOCK_BOOTTIME, {35673, 313685464}) = 0
1512310601.893199 clock_gettime(CLOCK_BOOTTIME, {35673, 313788338}) = 0
1512310601.893223 select(7, [3 4], [3], NULL, NULL) = 1 (out [3])
1512310601.893257 clock_gettime(CLOCK_BOOTTIME, {35673, 313844466}) = 0
1512310601.893278 write(3, "\201\225F\216\207\3\206\231\34~\6\3\0349O\237LB\337\264\271\230i=\17\272\245\177\32G=\225"..., 36) = 36
1512310601.893401 clock_gettime(CLOCK_BOOTTIME, {35673, 313989495}) = 0
1512310601.893427 clock_gettime(CLOCK_BOOTTIME, {35673, 314014265}) = 0
1512310601.893448 select(7, [3 4], [], NULL, NULL) = 1 (in [3])
1512310601.894225 clock_gettime(CLOCK_BOOTTIME, {35673, 314817536}) = 0
1512310601.894257 read(3, "\374\345\341\244\334i\35\300l\240`\376Y\341\233\365\225\324L\213\4zp\342\373>O9O)\365\364"..., 8192) = 36
1512310601.894300 clock_gettime(CLOCK_BOOTTIME, {35673, 314887829}) = 0
1512310601.894322 clock_gettime(CLOCK_BOOTTIME, {35673, 314908951}) = 0
1512310601.894342 select(7, [3 4], [5], NULL, NULL) = 1 (out [5])
1512310601.894373 clock_gettime(CLOCK_BOOTTIME, {35673, 314959953}) = 0
1512310601.894415 write(5, "\r\n", 2)   = 2
1512310601.894684 clock_gettime(CLOCK_BOOTTIME, {35673, 315272920}) = 0
1512310601.894711 clock_gettime(CLOCK_BOOTTIME, {35673, 315298807}) = 0
1512310601.894732 select(7, [3 4], [], NULL, NULL) = 1 (in [4])
1512310602.120533 clock_gettime(CLOCK_BOOTTIME, {35673, 541120315}) = 0
1512310602.120551 read(4, "\r", 16384)  = 1
1512310602.120576 clock_gettime(CLOCK_BOOTTIME, {35673, 541161109}) = 0
1512310602.120589 clock_gettime(CLOCK_BOOTTIME, {35673, 541173456}) = 0
1512310602.120601 select(7, [3 4], [3], NULL, NULL) = 1 (out [3])
1512310602.120619 clock_gettime(CLOCK_BOOTTIME, {35673, 541203843}) = 0
1512310602.120631 write(3, "fCC\251I\317\326\250S+B\216\310\326n\271\263u\225c \242\224B\266|'\204\203\260'\220"..., 36) = 36
1512310602.120708 clock_gettime(CLOCK_BOOTTIME, {35673, 541293763}) = 0
1512310602.120723 clock_gettime(CLOCK_BOOTTIME, {35673, 541307840}) = 0
1512310602.120735 select(7, [3 4], [], NULL, NULL) = 1 (in [3])
1512310602.121037 clock_gettime(CLOCK_BOOTTIME, {35673, 541623403}) = 0
1512310602.121052 read(3, "\27$\"\2339\305\"\304\227\35,\226\16\320o\215\22\16\327\363\330\272\376\324\321\243\320\20\320\276\241p"..., 8192) = 36
1512310602.121074 clock_gettime(CLOCK_BOOTTIME, {35673, 541659461}) = 0
1512310602.121087 clock_gettime(CLOCK_BOOTTIME, {35673, 541671837}) = 0
1512310602.121099 select(7, [3 4], [5], NULL, NULL) = 1 (out [5])
1512310602.121116 clock_gettime(CLOCK_BOOTTIME, {35673, 541701317}) = 0
1512310602.121128 write(5, "\r\n", 2)   = 2
1512310602.121227 clock_gettime(CLOCK_BOOTTIME, {35673, 541812141}) = 0
1512310602.121241 clock_gettime(CLOCK_BOOTTIME, {35673, 541826169}) = 0
1512310602.121253 select(7, [3 4], [], NULL, NULL) = 1 (in [4])
1512310603.946901 clock_gettime(CLOCK_BOOTTIME, {35675, 367490552}) = 0
1512310603.946926 read(4, "\3", 16384)  = 1
1512310603.946976 clock_gettime(CLOCK_BOOTTIME, {35675, 367563189}) = 0
1512310603.946995 clock_gettime(CLOCK_BOOTTIME, {35675, 367581783}) = 0
1512310603.947014 select(7, [3 4], [3], NULL, NULL) = 1 (out [3])
1512310603.947040 clock_gettime(CLOCK_BOOTTIME, {35675, 367626926}) = 0
1512310603.947059 write(3, "\314[\373\254\237:n{\10\227\337P\265Hv\243\354\364\177\265\367\377pG\254\346u7\341'K\7"..., 36) = 36
1512310603.947207 clock_gettime(CLOCK_BOOTTIME, {35675, 367810426}) = 0
1512310603.947248 clock_gettime(CLOCK_BOOTTIME, {35675, 367834503}) = 0
1512310603.947267 select(7, [3 4], [], NULL, NULL) = 1 (in [3])
1512310603.947586 clock_gettime(CLOCK_BOOTTIME, {35675, 368175446}) = 0
1512310603.947609 read(3, "Pb\32\334a\300!y\335\305\346\241n4\4LY-\276>3\345S\364\271>\320\26\316&\370\303"..., 8192) = 36
1512310603.947643 clock_gettime(CLOCK_BOOTTIME, {35675, 368229870}) = 0
1512310603.947662 clock_gettime(CLOCK_BOOTTIME, {35675, 368248675}) = 0
1512310603.947680 select(7, [3 4], [5], NULL, NULL) = 1 (out [5])
1512310603.947707 clock_gettime(CLOCK_BOOTTIME, {35675, 368293286}) = 0
1512310603.947724 write(5, "^C", 2)     = 2
1512310603.947875 clock_gettime(CLOCK_BOOTTIME, {35675, 368462560}) = 0
1512310603.947898 clock_gettime(CLOCK_BOOTTIME, {35675, 368484323}) = 0
1512310603.947916 select(7, [3 4], [], NULL, NULL) = 1 (in [3])
1512310603.948269 clock_gettime(CLOCK_BOOTTIME, {35675, 368865000}) = 0
1512310603.948311 read(3, "m_/\353.3%~\356\307\224\265Y\2652!\5\324@\372\207u\270\n\2468\202%\305\26\344\243"..., 8192) = 100
1512310603.948365 clock_gettime(CLOCK_BOOTTIME, {35675, 369013318}) = 0
1512310603.948469 clock_gettime(CLOCK_BOOTTIME, {35675, 369061416}) = 0
1512310603.948507 select(7, [3 4], [5], NULL, NULL) = 1 (out [5])
1512310603.948566 clock_gettime(CLOCK_BOOTTIME, {35675, 369158242}) = 0
1512310603.948603 write(5, "\r\n\33]0;hy@PyStudy3: ~\7\33[01;32mhy@"..., 62) = 62
1512310603.948832 clock_gettime(CLOCK_BOOTTIME, {35675, 369424454}) = 0
1512310603.948870 clock_gettime(CLOCK_BOOTTIME, {35675, 369460444}) = 0
1512310603.948902 select(7, [3 4], [], NULL, NULL) = 1 (in [4])
1512310604.542095 clock_gettime(CLOCK_BOOTTIME, {35675, 962687965}) = 0
1512310604.542128 read(4, "e", 16384)   = 1
1512310604.542170 clock_gettime(CLOCK_BOOTTIME, {35675, 962757416}) = 0
1512310604.542191 clock_gettime(CLOCK_BOOTTIME, {35675, 962777965}) = 0
1512310604.542211 select(7, [3 4], [3], NULL, NULL) = 1 (out [3])
1512310604.542244 clock_gettime(CLOCK_BOOTTIME, {35675, 962830679}) = 0
1512310604.542264 write(3, "\306\260M\322e\353\314@\2\0u\37\317\312-U\371\315\0067[(]\347wkby\340\277\n\340"..., 36) = 36
1512310604.542388 clock_gettime(CLOCK_BOOTTIME, {35675, 962976236}) = 0
1512310604.542413 clock_gettime(CLOCK_BOOTTIME, {35675, 963000320}) = 0
1512310604.542433 select(7, [3 4], [], NULL, NULL) = 1 (in [3])
1512310604.542862 clock_gettime(CLOCK_BOOTTIME, {35675, 963452576}) = 0
1512310604.542888 read(3, "\363?\34\374pX\255\343\260\262d\"<\325\352\230L\277\344\237M\356\371\305B \347\210\33\vF\204"..., 8192) = 36
1512310604.542926 clock_gettime(CLOCK_BOOTTIME, {35675, 963513381}) = 0
1512310604.542947 clock_gettime(CLOCK_BOOTTIME, {35675, 963534472}) = 0
1512310604.542967 select(7, [3 4], [5], NULL, NULL) = 1 (out [5])
1512310604.542999 clock_gettime(CLOCK_BOOTTIME, {35675, 963586125}) = 0
1512310604.543057 write(5, "e", 1)      = 1
1512310604.543236 clock_gettime(CLOCK_BOOTTIME, {35675, 963824806}) = 0
1512310604.543262 clock_gettime(CLOCK_BOOTTIME, {35675, 963849276}) = 0
1512310604.543283 select(7, [3 4], [], NULL, NULL) = 1 (in [4])
1512310604.738868 clock_gettime(CLOCK_BOOTTIME, {35676, 159459405}) = 0
1512310604.738897 read(4, "x", 16384)   = 1
1512310604.738953 clock_gettime(CLOCK_BOOTTIME, {35676, 159541208}) = 0
1512310604.738975 clock_gettime(CLOCK_BOOTTIME, {35676, 159562574}) = 0
1512310604.738996 select(7, [3 4], [3], NULL, NULL) = 1 (out [3])
1512310604.739026 clock_gettime(CLOCK_BOOTTIME, {35676, 159613494}) = 0
1512310604.739047 write(3, "\255\0301\t<\241\24\315\1776\321\345\257\212U(\216:b\344\26n\327L\2\323\276#\245\311\307\325"..., 36) = 36
1512310604.739198 clock_gettime(CLOCK_BOOTTIME, {35676, 159787034}) = 0
1512310604.739224 clock_gettime(CLOCK_BOOTTIME, {35676, 159811643}) = 0
1512310604.739245 select(7, [3 4], [], NULL, NULL) = 1 (in [3])
1512310604.739689 clock_gettime(CLOCK_BOOTTIME, {35676, 160279468}) = 0
1512310604.739715 read(3, "1O\204\21\357\1Y\20dG;\257M\261X\227\246:d\230\v\33\33\211\240S~\2168\21\245\364"..., 8192) = 36
1512310604.739752 clock_gettime(CLOCK_BOOTTIME, {35676, 160356166}) = 0
1512310604.739792 clock_gettime(CLOCK_BOOTTIME, {35676, 160379114}) = 0
1512310604.739812 select(7, [3 4], [5], NULL, NULL) = 1 (out [5])
1512310604.739843 clock_gettime(CLOCK_BOOTTIME, {35676, 160430776}) = 0
1512310604.739864 write(5, "x", 1)      = 1
1512310604.740028 clock_gettime(CLOCK_BOOTTIME, {35676, 160616351}) = 0
1512310604.740054 clock_gettime(CLOCK_BOOTTIME, {35676, 160641033}) = 0
1512310604.740099 select(7, [3 4], [], NULL, NULL) = 1 (in [4])
1512310604.859133 clock_gettime(CLOCK_BOOTTIME, {35676, 279725842}) = 0
1512310604.859168 read(4, "i", 16384)   = 1
1512310604.859216 clock_gettime(CLOCK_BOOTTIME, {35676, 279805970}) = 0
1512310604.859243 clock_gettime(CLOCK_BOOTTIME, {35676, 279831770}) = 0
1512310604.859269 select(7, [3 4], [3], NULL, NULL) = 1 (out [3])
1512310604.859306 clock_gettime(CLOCK_BOOTTIME, {35676, 279894985}) = 0
1512310604.859332 write(3, "\7\332\361^8\203\314\337\235\257\331)\"n\303<\237\364\21\32\201\306m\201C\35\33\341\251\237\271@"..., 36) = 36
1512310604.859522 clock_gettime(CLOCK_BOOTTIME, {35676, 280112829}) = 0
1512310604.859556 clock_gettime(CLOCK_BOOTTIME, {35676, 280144495}) = 0
1512310604.859582 select(7, [3 4], [], NULL, NULL) = 1 (in [3])
1512310604.860157 clock_gettime(CLOCK_BOOTTIME, {35676, 280749920}) = 0
1512310604.860190 read(3, "\234\353\273n\256\235\25\351\177|Z\27\32\f\3246jl@\217\26\"r\304\331x%+8\331\232\336"..., 8192) = 36
1512310604.860237 clock_gettime(CLOCK_BOOTTIME, {35676, 280826573}) = 0
1512310604.860264 clock_gettime(CLOCK_BOOTTIME, {35676, 280852609}) = 0
1512310604.860289 select(7, [3 4], [5], NULL, NULL) = 1 (out [5])
1512310604.860329 clock_gettime(CLOCK_BOOTTIME, {35676, 280917335}) = 0
1512310604.860354 write(5, "i", 1)      = 1
1512310604.860558 clock_gettime(CLOCK_BOOTTIME, {35676, 281147768}) = 0
1512310604.860590 clock_gettime(CLOCK_BOOTTIME, {35676, 281178619}) = 0
1512310604.860616 select(7, [3 4], [], NULL, NULL) = 1 (in [4])
1512310605.006898 clock_gettime(CLOCK_BOOTTIME, {35676, 427489217}) = 0
1512310605.006927 read(4, "t", 16384)   = 1
1512310605.006968 clock_gettime(CLOCK_BOOTTIME, {35676, 427556454}) = 0
1512310605.006990 clock_gettime(CLOCK_BOOTTIME, {35676, 427577648}) = 0
1512310605.007011 select(7, [3 4], [3], NULL, NULL) = 1 (out [3])
1512310605.007042 clock_gettime(CLOCK_BOOTTIME, {35676, 427629096}) = 0
1512310605.007063 write(3, "\246\177\301\214\23S\274\217\311\253_\313\251\260P\216\342\306\367\351\241\22\262\1Oz\251\2123\7Z\346"..., 36) = 36
1512310605.007187 clock_gettime(CLOCK_BOOTTIME, {35676, 427775393}) = 0
1512310605.007212 clock_gettime(CLOCK_BOOTTIME, {35676, 427799085}) = 0
1512310605.007232 select(7, [3 4], [], NULL, NULL) = 1 (in [3])
1512310605.007700 clock_gettime(CLOCK_BOOTTIME, {35676, 428290672}) = 0
1512310605.007728 read(3, "\4\302\266\306_\364\253j\224\1~\222\373\221&\6[[\323\205\272\213\2T\23);;\326c\254\327"..., 8192) = 36
1512310605.007766 clock_gettime(CLOCK_BOOTTIME, {35676, 428353619}) = 0
1512310605.007787 clock_gettime(CLOCK_BOOTTIME, {35676, 428374679}) = 0
1512310605.007808 select(7, [3 4], [5], NULL, NULL) = 1 (out [5])
1512310605.007840 clock_gettime(CLOCK_BOOTTIME, {35676, 428427563}) = 0
1512310605.007860 write(5, "t", 1)      = 1
1512310605.008026 clock_gettime(CLOCK_BOOTTIME, {35676, 428614534}) = 0
1512310605.008052 clock_gettime(CLOCK_BOOTTIME, {35676, 428639655}) = 0
1512310605.008073 select(7, [3 4], [], NULL, NULL) = 1 (in [4])
1512310605.142906 clock_gettime(CLOCK_BOOTTIME, {35676, 563493674}) = 0
1512310605.142924 read(4, "\r", 16384)  = 1
1512310605.142949 clock_gettime(CLOCK_BOOTTIME, {35676, 563534365}) = 0
1512310605.142962 clock_gettime(CLOCK_BOOTTIME, {35676, 563546533}) = 0
1512310605.142974 select(7, [3 4], [3], NULL, NULL) = 1 (out [3])
1512310605.142992 clock_gettime(CLOCK_BOOTTIME, {35676, 563576520}) = 0
1512310605.143004 write(3, "\t&\1&U\314\205>\227\331[\355\220\237\34\362yeq\\\242\342\34t\234l8c)\354\310\337"..., 36) = 36
1512310605.143081 clock_gettime(CLOCK_BOOTTIME, {35676, 563666712}) = 0
1512310605.143096 clock_gettime(CLOCK_BOOTTIME, {35676, 563690821}) = 0
1512310605.143119 select(7, [3 4], [], NULL, NULL) = 1 (in [3])
1512310605.143831 clock_gettime(CLOCK_BOOTTIME, {35676, 564418094}) = 0
1512310605.143847 read(3, "\272\341\216\234,\262h8\321\32\232\372\272\347\303I\215P\36\"y\203Q\213O\273\344>\356+\317\343"..., 8192) = 44
1512310605.143922 clock_gettime(CLOCK_BOOTTIME, {35676, 564507107}) = 0
1512310605.143935 clock_gettime(CLOCK_BOOTTIME, {35676, 564519904}) = 0
1512310605.143947 select(7, [3 4], [5], NULL, NULL) = 1 (out [5])
1512310605.143968 clock_gettime(CLOCK_BOOTTIME, {35676, 564552414}) = 0
1512310605.143979 write(5, "\r\nlogout\r\n", 10) = 10
1512310605.144097 clock_gettime(CLOCK_BOOTTIME, {35676, 564682673}) = 0
1512310605.144112 clock_gettime(CLOCK_BOOTTIME, {35676, 564697005}) = 0
1512310605.144124 select(7, [3 4], [], NULL, NULL) = 1 (in [3])
1512310605.144948 clock_gettime(CLOCK_BOOTTIME, {35676, 565534496}) = 0
1512310605.144964 read(3, "~d\37\305w\373\264\240`v\270O\323-\336e\315\332!\360\343[\365\240x\231\367\244\313J\2655"..., 8192) = 176
1512310605.144992 close(4)              = 0
1512310605.145006 close(5)              = 0
1512310605.145019 clock_gettime(CLOCK_BOOTTIME, {35676, 565604663}) = 0
1512310605.145032 clock_gettime(CLOCK_BOOTTIME, {35676, 565617309}) = 0
1512310605.145045 ioctl(0, TCGETS, {B38400 -opost -isig -icanon -echo ...}) = 0
1512310605.145060 ioctl(0, SNDCTL_TMR_STOP or TCSETSW, {B38400 opost isig icanon echo ...}) = 0
1512310605.145073 ioctl(0, TCGETS, {B38400 opost isig icanon echo ...}) = 0
1512310605.145097 close(6)              = 0
1512310605.145109 select(7, [3], [3], NULL, NULL) = 1 (out [3])
1512310605.145127 clock_gettime(CLOCK_BOOTTIME, {35676, 565711930}) = 0
1512310605.145139 write(3, "\305U1\363\351*0v\334M\320KQ.\2512\\\307\31\235o\266Q\231z\252\313U\261N\365\2"..., 36) = 36
1512310605.145202 rt_sigaction(SIGWINCH, NULL, {0x562b1b65c230, [], SA_RESTORER, 0x7fb5ce8964b0}, 8) = 0
1512310605.145220 rt_sigaction(SIGWINCH, {SIG_DFL, [], SA_RESTORER, 0x7fb5ce8964b0}, NULL, 8) = 0
1512310605.145235 write(3, "\3767/O\242\241\374\207h\322\3043k\374\17{\16\22\340!aso\200$\321\22\306\236\6\213\374"..., 60) = 60
1512310605.145287 ioctl(0, TCGETS, {B38400 opost isig icanon echo ...}) = 0
1512310605.145303 ioctl(1, TCGETS, {B38400 opost isig icanon echo ...}) = 0
1512310605.145314 ioctl(2, TCGETS, {B38400 opost isig icanon echo ...}) = 0
1512310605.145328 write(2, "Connection to 192.168.100.131 cl"..., 39) = 39
1512310605.145639 close(3)              = 0
1512310605.145726 exit_group(130)       = ?
1512310605.146593 +++ exited with 130 +++
