1512301115.902434 select(4, [3], NULL, NULL, NULL) = 1 (in [3])
1512301115.932163 read(3, "\204aI\325[\231$\355\375\225c\177Cz\26\20\261<1v\5\31\r\226\25\"\265\16\177\373\321J"..., 8192) = 44
1512301115.932202 write(3, "[ >\311\261w#\334\243\200\35\347Q\247\323?\267t\213\234%\336b\373\223\263\237\nH\274Bc"..., 60) = 60
1512301115.932277 select(4, [3], NULL, NULL, NULL) = 1 (in [3])
1512301115.934185 read(3, "F\224\263\375\5\260\357\242n\327m\f\v\6\2p:\364\307\251\305\266\216\31=\352\212\370\332\313W\211"..., 8192) = 52
1512301115.934239 stat("/home/hy/.ssh/id_rsa", 0x7fffc972ae70) = -1 ENOENT (No such file or directory)
1512301115.934283 stat("/home/hy/.ssh/id_dsa", 0x7fffc972ae70) = -1 ENOENT (No such file or directory)
1512301115.934299 stat("/home/hy/.ssh/id_ecdsa", 0x7fffc972ae70) = -1 ENOENT (No such file or directory)
1512301115.934314 stat("/home/hy/.ssh/id_ed25519", 0x7fffc972ae70) = -1 ENOENT (No such file or directory)
1512301115.934334 open("/dev/tty", O_RDWR) = 4
1512301115.934361 close(4)              = 0
1512301115.934376 open("/dev/tty", O_RDWR) = 4
1512301115.934390 ioctl(4, TCGETS, {B38400 opost isig icanon echo ...}) = 0
1512301115.934408 ioctl(4, TCGETS, {B38400 opost isig icanon echo ...}) = 0
1512301115.934420 ioctl(4, SNDCTL_TMR_CONTINUE or TCSETSF, {B38400 opost isig icanon -echo ...}) = 0
1512301115.934435 ioctl(4, TCGETS, {B38400 opost isig icanon -echo ...}) = 0
1512301115.934447 rt_sigaction(SIGALRM, {0x5604c110a5b0, [], SA_RESTORER, 0x7fe9180c84b0}, {SIG_DFL, [], 0}, 8) = 0
1512301115.934463 rt_sigaction(SIGHUP, {0x5604c110a5b0, [], SA_RESTORER, 0x7fe9180c84b0}, {SIG_DFL, [], 0}, 8) = 0
1512301115.934477 rt_sigaction(SIGINT, {0x5604c110a5b0, [], SA_RESTORER, 0x7fe9180c84b0}, {SIG_DFL, [], 0}, 8) = 0
1512301115.934490 rt_sigaction(SIGPIPE, {0x5604c110a5b0, [], SA_RESTORER, 0x7fe9180c84b0}, {SIG_IGN, [], SA_RESTORER, 0x7fe9180c84b0}, 8) = 0
1512301115.934504 rt_sigaction(SIGQUIT, {0x5604c110a5b0, [], SA_RESTORER, 0x7fe9180c84b0}, {SIG_DFL, [], 0}, 8) = 0
1512301115.934517 rt_sigaction(SIGTERM, {0x5604c110a5b0, [], SA_RESTORER, 0x7fe9180c84b0}, {SIG_DFL, [], 0}, 8) = 0
1512301115.934531 rt_sigaction(SIGTSTP, {0x5604c110a5b0, [], SA_RESTORER, 0x7fe9180c84b0}, {SIG_DFL, [], 0}, 8) = 0
1512301115.934544 rt_sigaction(SIGTTIN, {0x5604c110a5b0, [], SA_RESTORER, 0x7fe9180c84b0}, {SIG_DFL, [], 0}, 8) = 0
1512301115.934557 rt_sigaction(SIGTTOU, {0x5604c110a5b0, [], SA_RESTORER, 0x7fe9180c84b0}, {SIG_DFL, [], 0}, 8) = 0
1512301115.934571 write(4, "hy@192.168.100.130's password: ", 31) = 31
1512301115.934620 read(4, "1", 1)       = 1
1512301115.934635 read(4, "1", 1)       = 1
1512301115.934647 read(4, "1", 1)       = 1
1512301115.934659 read(4, "1", 1)       = 1
1512301115.934671 read(4, "\n", 1)      = 1
1512301115.934683 write(4, "\n", 1)     = 1
1512301115.934703 ioctl(4, TCGETS, {B38400 opost isig icanon -echo ...}) = 0
1512301115.934737 ioctl(4, SNDCTL_TMR_CONTINUE or TCSETSF, {B38400 opost isig icanon echo ...}) = 0
1512301115.934757 ioctl(4, TCGETS, {B38400 opost isig icanon echo ...}) = 0
1512301115.934769 rt_sigaction(SIGALRM, {SIG_DFL, [], SA_RESTORER, 0x7fe9180c84b0}, NULL, 8) = 0
1512301115.934782 rt_sigaction(SIGHUP, {SIG_DFL, [], SA_RESTORER, 0x7fe9180c84b0}, NULL, 8) = 0
1512301115.934794 rt_sigaction(SIGINT, {SIG_DFL, [], SA_RESTORER, 0x7fe9180c84b0}, NULL, 8) = 0
1512301115.934806 rt_sigaction(SIGQUIT, {SIG_DFL, [], SA_RESTORER, 0x7fe9180c84b0}, NULL, 8) = 0
1512301115.934818 rt_sigaction(SIGPIPE, {SIG_IGN, [], SA_RESTORER, 0x7fe9180c84b0}, NULL, 8) = 0
1512301115.934830 rt_sigaction(SIGTERM, {SIG_DFL, [], SA_RESTORER, 0x7fe9180c84b0}, NULL, 8) = 0
1512301115.934842 rt_sigaction(SIGTSTP, {SIG_DFL, [], SA_RESTORER, 0x7fe9180c84b0}, NULL, 8) = 0
1512301115.934855 rt_sigaction(SIGTTIN, {SIG_DFL, [], SA_RESTORER, 0x7fe9180c84b0}, NULL, 8) = 0
1512301115.934867 rt_sigaction(SIGTTOU, {SIG_DFL, [], SA_RESTORER, 0x7fe9180c84b0}, NULL, 8) = 0
1512301115.934879 close(4)              = 0
1512301115.934899 write(3, "a\255\366\320\236]\351\351M?1\332\330N9c\270\20\3759\274\261Q\201\366\312\16\226\273\3569\344"..., 84) = 84
1512301115.934984 select(4, [3], NULL, NULL, NULL) = 1 (in [3])
1512301115.942654 read(3, "3\\\212\350}7J7zcq\375wWl\213q\300V\341\334io\357\300\30\221\205", 8192) = 28
1512301115.942689 dup(0)                = 4
1512301115.942701 dup(1)                = 5
1512301115.942737 dup(2)                = 6
1512301115.942757 ioctl(4, TCGETS, {B38400 opost isig icanon echo ...}) = 0
1512301115.942786 ioctl(5, TCGETS, {B38400 opost isig icanon echo ...}) = 0
1512301115.942807 ioctl(6, TCGETS, {B38400 opost isig icanon echo ...}) = 0
1512301115.942831 fcntl(4, F_SETFD, FD_CLOEXEC) = 0
1512301115.942851 fcntl(5, F_SETFD, FD_CLOEXEC) = 0
1512301115.942868 fcntl(6, F_SETFD, FD_CLOEXEC) = 0
1512301115.942899 rt_sigaction(SIGHUP, NULL, {SIG_DFL, [], SA_RESTORER, 0x7fe9180c84b0}, 8) = 0
1512301115.942918 rt_sigaction(SIGHUP, {SIG_IGN, [], SA_RESTORER, 0x7fe9180c84b0}, NULL, 8) = 0
1512301115.942930 rt_sigaction(SIGHUP, NULL, {SIG_IGN, [], SA_RESTORER, 0x7fe9180c84b0}, 8) = 0
1512301115.942943 rt_sigaction(SIGHUP, {0x5604c10b4fc0, [], SA_RESTORER, 0x7fe9180c84b0}, NULL, 8) = 0
1512301115.942955 rt_sigaction(SIGINT, NULL, {SIG_DFL, [], SA_RESTORER, 0x7fe9180c84b0}, 8) = 0
1512301115.942968 rt_sigaction(SIGINT, {SIG_IGN, [], SA_RESTORER, 0x7fe9180c84b0}, NULL, 8) = 0
1512301115.942980 rt_sigaction(SIGINT, NULL, {SIG_IGN, [], SA_RESTORER, 0x7fe9180c84b0}, 8) = 0
1512301115.942992 rt_sigaction(SIGINT, {0x5604c10b4fc0, [], SA_RESTORER, 0x7fe9180c84b0}, NULL, 8) = 0
1512301115.943004 rt_sigaction(SIGQUIT, NULL, {SIG_DFL, [], SA_RESTORER, 0x7fe9180c84b0}, 8) = 0
1512301115.943017 rt_sigaction(SIGQUIT, {SIG_IGN, [], SA_RESTORER, 0x7fe9180c84b0}, NULL, 8) = 0
1512301115.943029 rt_sigaction(SIGQUIT, NULL, {SIG_IGN, [], SA_RESTORER, 0x7fe9180c84b0}, 8) = 0
1512301115.943041 rt_sigaction(SIGQUIT, {0x5604c10b4fc0, [], SA_RESTORER, 0x7fe9180c84b0}, NULL, 8) = 0
1512301115.943054 rt_sigaction(SIGTERM, NULL, {SIG_DFL, [], SA_RESTORER, 0x7fe9180c84b0}, 8) = 0
1512301115.943066 rt_sigaction(SIGTERM, {SIG_IGN, [], SA_RESTORER, 0x7fe9180c84b0}, NULL, 8) = 0
1512301115.943078 rt_sigaction(SIGTERM, NULL, {SIG_IGN, [], SA_RESTORER, 0x7fe9180c84b0}, 8) = 0
1512301115.943091 rt_sigaction(SIGTERM, {0x5604c10b4fc0, [], SA_RESTORER, 0x7fe9180c84b0}, NULL, 8) = 0
1512301115.943103 rt_sigaction(SIGWINCH, NULL, {SIG_DFL, [], 0}, 8) = 0
1512301115.943115 rt_sigaction(SIGWINCH, {0x5604c10b5230, [], SA_RESTORER, 0x7fe9180c84b0}, NULL, 8) = 0
1512301115.943128 ioctl(0, TCGETS, {B38400 opost isig icanon echo ...}) = 0
1512301115.943141 ioctl(0, TCGETS, {B38400 opost isig icanon echo ...}) = 0
1512301115.943153 ioctl(0, SNDCTL_TMR_STOP or TCSETSW, {B38400 -opost -isig -icanon -echo ...}) = 0
1512301115.943168 ioctl(0, TCGETS, {B38400 -opost -isig -icanon -echo ...}) = 0
1512301115.943183 clock_gettime(CLOCK_BOOTTIME, {26187, 363769123}) = 0
1512301115.943198 clock_gettime(CLOCK_BOOTTIME, {26187, 363782614}) = 0
1512301115.943227 select(7, [3], [3], NULL, NULL) = 1 (out [3])
1512301115.943251 clock_gettime(CLOCK_BOOTTIME, {26187, 363836497}) = 0
1512301115.943264 write(3, "\3\212lXU\350;)\300\t\v\221\22\253P\264\20h\30\265\254/\204\237\325\324\321\324o\0367h"..., 112) = 112
1512301115.943348 clock_gettime(CLOCK_BOOTTIME, {26187, 363933544}) = 0
1512301115.943363 clock_gettime(CLOCK_BOOTTIME, {26187, 363948182}) = 0
1512301115.943376 select(7, [3], [], NULL, NULL) = 1 (in [3])
1512301116.008594 clock_gettime(CLOCK_BOOTTIME, {26187, 429181305}) = 0
1512301116.008610 read(3, "\2311\370\204\26\20Y*\221\333\20s\352Y\17y+Gr\201_\366\32Q\261}UqD\273\n\226"..., 8192) = 940
1512301116.008643 clock_gettime(CLOCK_BOOTTIME, {26187, 429228302}) = 0
1512301116.008654 clock_gettime(CLOCK_BOOTTIME, {26187, 429238380}) = 0
1512301116.008664 select(7, [3], [], NULL, NULL) = 1 (in [3])
1512301116.047796 clock_gettime(CLOCK_BOOTTIME, {26187, 468383354}) = 0
1512301116.047813 read(3, "\246\237`'\377\323\261\305\255\10\265\273OSe\374\327UHi\321\250\2126\236)\3003\347\2\216\4"..., 8192) = 44
1512301116.047841 getsockopt(3, SOL_TCP, TCP_NODELAY, [0], [4]) = 0
1512301116.047857 setsockopt(3, SOL_TCP, TCP_NODELAY, [1], 4) = 0
1512301116.047880 getsockname(3, {sa_family=AF_INET, sin_port=htons(37244), sin_addr=inet_addr("192.168.100.129")}, [16]) = 0
1512301116.047894 setsockopt(3, SOL_IP, IP_TOS, [16], 4) = 0
1512301116.047908 ioctl(0, TIOCGWINSZ, {ws_row=9, ws_col=226, ws_xpixel=1808, ws_ypixel=243}) = 0
1512301116.047937 clock_gettime(CLOCK_BOOTTIME, {26187, 468521872}) = 0
1512301116.047965 clock_gettime(CLOCK_BOOTTIME, {26187, 468551976}) = 0
1512301116.047980 select(7, [3], [3], NULL, NULL) = 1 (out [3])
1512301116.047996 clock_gettime(CLOCK_BOOTTIME, {26187, 468580145}) = 0
1512301116.048007 write(3, "\204RG\2758\37558]u\4WD\21@vr\315\6\324\262R\347r\177v6\210[\372dJ"..., 392) = 392
1512301116.048065 clock_gettime(CLOCK_BOOTTIME, {26187, 468650234}) = 0
1512301116.048078 clock_gettime(CLOCK_BOOTTIME, {26187, 468662913}) = 0
1512301116.048089 select(7, [3], [], NULL, NULL) = 1 (in [3])
1512301116.049071 clock_gettime(CLOCK_BOOTTIME, {26187, 469657366}) = 0
1512301116.049086 read(3, "g\343\247Z\tk\237\271b#\253\342\272\340\235^\233\210\10\276\253\345b#-\353\367;\366mq\304"..., 8192) = 108
1512301116.049116 clock_gettime(CLOCK_BOOTTIME, {26187, 469701074}) = 0
1512301116.049128 clock_gettime(CLOCK_BOOTTIME, {26187, 469713522}) = 0
1512301116.049141 select(7, [3 4], [], NULL, NULL) = 1 (in [3])
1512301116.049287 clock_gettime(CLOCK_BOOTTIME, {26187, 469872078}) = 0
1512301116.049299 read(3, "\253\22Ao\253\257\r\362\t\227\26\355\266\302\310\336,O\347}\f\316\360\377\235\242I\365\237\261m\266"..., 8192) = 100
1512301116.049382 clock_gettime(CLOCK_BOOTTIME, {26187, 469968121}) = 0
1512301116.049396 clock_gettime(CLOCK_BOOTTIME, {26187, 469980751}) = 0
1512301116.049408 select(7, [3 4], [5], NULL, NULL) = 2 (in [3], out [5])
1512301116.049427 clock_gettime(CLOCK_BOOTTIME, {26187, 470012194}) = 0
1512301116.049439 write(5, "Welcome to Ubuntu 16.04.2 LTS (G"..., 65) = 65
1512301116.049709 read(3, "\353!w\323U4\333\217\215\36\361\10\26\232w\237ZE\357\1\3443\333\233JW\232\f\320\357\257\31"..., 8192) = 388
1512301116.049790 clock_gettime(CLOCK_BOOTTIME, {26187, 470375448}) = 0
1512301116.049802 clock_gettime(CLOCK_BOOTTIME, {26187, 470386260}) = 0
1512301116.049812 select(7, [3 4], [5], NULL, NULL) = 2 (in [3], out [5])
1512301116.049828 clock_gettime(CLOCK_BOOTTIME, {26187, 470412886}) = 0
1512301116.049838 write(5, "\r\n\r\n * Documentation:  https://h"..., 147) = 147
1512301116.049921 read(3, "\240h\205\332\371\n\2\227.\2431\274g\252\257\354x\346\212\375\207\276\352\253\22\252\310nXU\345\370"..., 8192) = 244
1512301116.049991 clock_gettime(CLOCK_BOOTTIME, {26187, 470576654}) = 0
1512301116.050002 clock_gettime(CLOCK_BOOTTIME, {26187, 470586753}) = 0
1512301116.050012 select(7, [3 4], [5], NULL, NULL) = 2 (in [3], out [5])
1512301116.050028 clock_gettime(CLOCK_BOOTTIME, {26187, 470612265}) = 0
1512301116.050037 write(5, "\r\n\r\n168 packages can be updated."..., 66) = 66
1512301116.050112 read(3, "\214\26\250\3420I\316\304\245\3\3265\36\324\36\253R\362a\357\\`J\256c\303v\354\333\233\7\363"..., 8192) = 236
1512301116.050162 clock_gettime(CLOCK_BOOTTIME, {26187, 470747228}) = 0
1512301116.050173 clock_gettime(CLOCK_BOOTTIME, {26187, 470757326}) = 0
1512301116.050183 select(7, [3 4], [5], NULL, NULL) = 1 (out [5])
1512301116.050198 clock_gettime(CLOCK_BOOTTIME, {26187, 470782542}) = 0
1512301116.050208 write(5, "\r\n\r\n\r\nLast login: Sun Dec  3 19:"..., 66) = 66
1512301116.050276 clock_gettime(CLOCK_BOOTTIME, {26187, 470860622}) = 0
1512301116.050288 clock_gettime(CLOCK_BOOTTIME, {26187, 470872114}) = 0
1512301116.050298 select(7, [3 4], [], NULL, NULL) = 1 (in [3])
1512301116.090625 clock_gettime(CLOCK_BOOTTIME, {26187, 511220803}) = 0
1512301116.090650 read(3, "\27\23HRnd7\n\221\202\334\243\262\4\2\362+\300B\375cM!e\262Y\210\6=@=\301"..., 8192) = 100
1512301116.090674 clock_gettime(CLOCK_BOOTTIME, {26187, 511258302}) = 0
1512301116.090684 clock_gettime(CLOCK_BOOTTIME, {26187, 511268372}) = 0
1512301116.090694 select(7, [3 4], [5], NULL, NULL) = 1 (out [5])
1512301116.090709 clock_gettime(CLOCK_BOOTTIME, {26187, 511302296}) = 0
1512301116.090728 write(5, "\33]0;hy@PyStudy2: ~\7\33[01;32mhy@Py"..., 60) = 60
1512301116.090844 clock_gettime(CLOCK_BOOTTIME, {26187, 511429193}) = 0
1512301116.090856 clock_gettime(CLOCK_BOOTTIME, {26187, 511440520}) = 0
1512301116.090866 select(7, [3 4], [], NULL, NULL) = 1 (in [4])
1512301240.904055 clock_gettime(CLOCK_BOOTTIME, {26312, 324642532}) = 0
1512301240.904079 read(4, "\r", 16384)  = 1
1512301240.904107 clock_gettime(CLOCK_BOOTTIME, {26312, 324692916}) = 0
1512301240.904121 clock_gettime(CLOCK_BOOTTIME, {26312, 324705545}) = 0
1512301240.904133 select(7, [3 4], [3], NULL, NULL) = 1 (out [3])
1512301240.904151 clock_gettime(CLOCK_BOOTTIME, {26312, 324736546}) = 0
1512301240.904189 write(3, "Z\225\t\276h\274\3368\230\335\256'\243\314B/\324\311\212WJC\300 7(\376\220}]\260\253"..., 36) = 36
1512301240.904290 clock_gettime(CLOCK_BOOTTIME, {26312, 324878640}) = 0
1512301240.904313 clock_gettime(CLOCK_BOOTTIME, {26312, 324901271}) = 0
1512301240.904334 select(7, [3 4], [], NULL, NULL) = 1 (in [3])
1512301240.904788 clock_gettime(CLOCK_BOOTTIME, {26312, 325374628}) = 0
1512301240.904803 read(3, "\374\352\26\2\t\203\353\363\n\35\244\260\201\231\317bB(\227\340R\301\341+\222\2\351[\223\r\304e"..., 8192) = 100
1512301240.904826 clock_gettime(CLOCK_BOOTTIME, {26312, 325411734}) = 0
1512301240.904839 clock_gettime(CLOCK_BOOTTIME, {26312, 325423991}) = 0
1512301240.904851 select(7, [3 4], [5], NULL, NULL) = 1 (out [5])
1512301240.904869 clock_gettime(CLOCK_BOOTTIME, {26312, 325454293}) = 0
1512301240.904881 write(5, "\r\n\33]0;hy@PyStudy2: ~\7\33[01;32mhy@"..., 62) = 62
1512301240.904989 clock_gettime(CLOCK_BOOTTIME, {26312, 325574407}) = 0
1512301240.905004 clock_gettime(CLOCK_BOOTTIME, {26312, 325589069}) = 0
1512301240.905016 select(7, [3 4], [], NULL, NULL) = 1 (in [4])
1512301241.045577 clock_gettime(CLOCK_BOOTTIME, {26312, 466164745}) = 0
1512301241.045596 read(4, "\r", 16384)  = 1
1512301241.045622 clock_gettime(CLOCK_BOOTTIME, {26312, 466207985}) = 0
1512301241.045636 clock_gettime(CLOCK_BOOTTIME, {26312, 466220718}) = 0
1512301241.045648 select(7, [3 4], [3], NULL, NULL) = 1 (out [3])
1512301241.045667 clock_gettime(CLOCK_BOOTTIME, {26312, 466251894}) = 0
1512301241.045679 write(3, "\276\204\362\24\313\205[\357.\17\235`^\327D\215\226uO\276\30k\245\254\374Q\336X{\335\t\326"..., 36) = 36
1512301241.045757 clock_gettime(CLOCK_BOOTTIME, {26312, 466342913}) = 0
1512301241.045772 clock_gettime(CLOCK_BOOTTIME, {26312, 466357681}) = 0
1512301241.045812 select(7, [3 4], [], NULL, NULL) = 1 (in [3])
1512301241.046225 clock_gettime(CLOCK_BOOTTIME, {26312, 466811927}) = 0
1512301241.046241 read(3, "\205\316G\204\2\263X`4\213@\24\34j\5\3335\342\31X'\251\274\364\32\332\233r\344\216\224\314"..., 8192) = 100
1512301241.046263 clock_gettime(CLOCK_BOOTTIME, {26312, 466849090}) = 0
1512301241.046276 clock_gettime(CLOCK_BOOTTIME, {26312, 466861577}) = 0
1512301241.046303 select(7, [3 4], [5], NULL, NULL) = 1 (out [5])
1512301241.046326 clock_gettime(CLOCK_BOOTTIME, {26312, 466911730}) = 0
1512301241.046339 write(5, "\r\n\33]0;hy@PyStudy2: ~\7\33[01;32mhy@"..., 62) = 62
1512301241.046442 clock_gettime(CLOCK_BOOTTIME, {26312, 467028196}) = 0
1512301241.046458 clock_gettime(CLOCK_BOOTTIME, {26312, 467042708}) = 0
1512301241.046470 select(7, [3 4], [], NULL, NULL) = 1 (in [4])
1512301241.195099 clock_gettime(CLOCK_BOOTTIME, {26312, 615686066}) = 0
1512301241.195117 read(4, "\r", 16384)  = 1
1512301241.195145 clock_gettime(CLOCK_BOOTTIME, {26312, 615730873}) = 0
1512301241.195158 clock_gettime(CLOCK_BOOTTIME, {26312, 615743594}) = 0
1512301241.195171 select(7, [3 4], [3], NULL, NULL) = 1 (out [3])
1512301241.195189 clock_gettime(CLOCK_BOOTTIME, {26312, 615774413}) = 0
1512301241.195202 write(3, "\200\366E\366\321&1\4\262`\220\26&\322n\322u11\276\34\335\314o\244j{\23h\231\0273"..., 36) = 36
1512301241.195282 clock_gettime(CLOCK_BOOTTIME, {26312, 615867696}) = 0
1512301241.195297 clock_gettime(CLOCK_BOOTTIME, {26312, 615881995}) = 0
1512301241.195310 select(7, [3 4], [], NULL, NULL) = 1 (in [3])
1512301241.195742 clock_gettime(CLOCK_BOOTTIME, {26312, 616340326}) = 0
1512301241.195770 read(3, "\203KP\5\266\355\37\4\3i*\22\260\0\251\224u9\372>M\346\364\254\223L\326'\207h/\320"..., 8192) = 100
1512301241.195793 clock_gettime(CLOCK_BOOTTIME, {26312, 616378767}) = 0
1512301241.195806 clock_gettime(CLOCK_BOOTTIME, {26312, 616390762}) = 0
1512301241.195838 select(7, [3 4], [5], NULL, NULL) = 1 (out [5])
1512301241.195859 clock_gettime(CLOCK_BOOTTIME, {26312, 616444533}) = 0
1512301241.195871 write(5, "\r\n\33]0;hy@PyStudy2: ~\7\33[01;32mhy@"..., 62) = 62
1512301241.195977 clock_gettime(CLOCK_BOOTTIME, {26312, 616563197}) = 0
1512301241.195992 clock_gettime(CLOCK_BOOTTIME, {26312, 616577470}) = 0
1512301241.196005 select(7, [3 4], [], NULL, NULL) = 1 (in [4])
1512301241.336563 clock_gettime(CLOCK_BOOTTIME, {26312, 757151119}) = 0
1512301241.336584 read(4, "\r", 16384)  = 1
1512301241.336610 clock_gettime(CLOCK_BOOTTIME, {26312, 757195924}) = 0
1512301241.336623 clock_gettime(CLOCK_BOOTTIME, {26312, 757208222}) = 0
1512301241.336635 select(7, [3 4], [3], NULL, NULL) = 1 (out [3])
1512301241.336655 clock_gettime(CLOCK_BOOTTIME, {26312, 757239756}) = 0
1512301241.336667 write(3, "\307\31\5\221\343\364%\3110\275\264\317\263\200\344\351\271\352*\362-\342\24\0053\222\234\244\244\0\377\255"..., 36) = 36
1512301241.336751 clock_gettime(CLOCK_BOOTTIME, {26312, 757339274}) = 0
1512301241.336774 clock_gettime(CLOCK_BOOTTIME, {26312, 757358819}) = 0
1512301241.336786 select(7, [3 4], [], NULL, NULL) = 1 (in [3])
1512301241.337218 clock_gettime(CLOCK_BOOTTIME, {26312, 757803972}) = 0
1512301241.337232 read(3, "\273s\25\354\215\244\235\312)\320`_\274\230\5=\34b\263\313\347\256\243\321\30\236\242'\346c\201\326"..., 8192) = 100
1512301241.337255 clock_gettime(CLOCK_BOOTTIME, {26312, 757840254}) = 0
1512301241.337268 clock_gettime(CLOCK_BOOTTIME, {26312, 757852433}) = 0
1512301241.337279 select(7, [3 4], [5], NULL, NULL) = 1 (out [5])
1512301241.337297 clock_gettime(CLOCK_BOOTTIME, {26312, 757882254}) = 0
1512301241.337309 write(5, "\r\n\33]0;hy@PyStudy2: ~\7\33[01;32mhy@"..., 62) = 62
1512301241.337414 clock_gettime(CLOCK_BOOTTIME, {26312, 757999420}) = 0
1512301241.337429 clock_gettime(CLOCK_BOOTTIME, {26312, 758013682}) = 0
1512301241.337441 select(7, [3 4], [], NULL, NULL) = 1 (in [4])
1512301244.171127 clock_gettime(CLOCK_BOOTTIME, {26315, 591724028}) = 0
1512301244.171175 read(4, "a", 16384)   = 1
1512301244.171242 clock_gettime(CLOCK_BOOTTIME, {26315, 591834934}) = 0
1512301244.171363 clock_gettime(CLOCK_BOOTTIME, {26315, 591958860}) = 0
1512301244.171419 select(7, [3 4], [3], NULL, NULL) = 1 (out [3])
1512301244.171483 clock_gettime(CLOCK_BOOTTIME, {26315, 592074103}) = 0
1512301244.171519 write(3, "\205\201DQ:ia~\224>\355Ev|\327\315:\321\314\3\247\271h|\322#=\360\10s\21S"..., 36) = 36
1512301244.171864 clock_gettime(CLOCK_BOOTTIME, {26315, 592465980}) = 0
1512301244.171937 clock_gettime(CLOCK_BOOTTIME, {26315, 592534918}) = 0
1512301244.171994 select(7, [3 4], [], NULL, NULL) = 1 (in [3])
1512301244.172698 clock_gettime(CLOCK_BOOTTIME, {26315, 593299985}) = 0
1512301244.172764 read(3, "j\217O\334\320\336\347\27\331\310%\234\27\4\325\300L\2228>\202\275,\247g\244\2679\331\3\27d"..., 8192) = 36
1512301244.172964 clock_gettime(CLOCK_BOOTTIME, {26315, 593567710}) = 0
1512301244.173037 clock_gettime(CLOCK_BOOTTIME, {26315, 593636853}) = 0
1512301244.173103 select(7, [3 4], [5], NULL, NULL) = 1 (out [5])
1512301244.173203 clock_gettime(CLOCK_BOOTTIME, {26315, 593802990}) = 0
1512301244.173266 write(5, "a", 1)      = 1
1512301244.173761 clock_gettime(CLOCK_BOOTTIME, {26315, 594403452}) = 0
1512301244.173861 clock_gettime(CLOCK_BOOTTIME, {26315, 594452633}) = 0
1512301244.173897 select(7, [3 4], [], NULL, NULL) = 1 (in [4])
1512301244.305282 clock_gettime(CLOCK_BOOTTIME, {26315, 725884156}) = 0
1512301244.305340 read(4, "s", 16384)   = 1
1512301244.305406 clock_gettime(CLOCK_BOOTTIME, {26315, 725998960}) = 0
1512301244.305443 clock_gettime(CLOCK_BOOTTIME, {26315, 726034037}) = 0
1512301244.305478 select(7, [3 4], [3], NULL, NULL) = 1 (out [3])
1512301244.305589 clock_gettime(CLOCK_BOOTTIME, {26315, 726205588}) = 0
1512301244.305654 write(3, "\243\376:\202\221?\362\353UvZ+\342\230\327<K\374x\30^\214?\375F{\337\373\272\207)Q"..., 36) = 36
1512301244.305858 clock_gettime(CLOCK_BOOTTIME, {26315, 726450486}) = 0
1512301244.305900 clock_gettime(CLOCK_BOOTTIME, {26315, 726491309}) = 0
1512301244.305936 select(7, [3 4], [], NULL, NULL) = 1 (in [3])
1512301244.306703 clock_gettime(CLOCK_BOOTTIME, {26315, 727308983}) = 0
1512301244.306785 read(3, "Qf\307s\313p\372\365\343%U\n\222\325Dd\374\211\352\177\253\217\320\2631\201\326g\230\3168\354"..., 8192) = 36
1512301244.306891 clock_gettime(CLOCK_BOOTTIME, {26315, 727493694}) = 0
1512301244.307061 clock_gettime(CLOCK_BOOTTIME, {26315, 727683848}) = 0
1512301244.307217 select(7, [3 4], [5], NULL, NULL) = 1 (out [5])
1512301244.307421 clock_gettime(CLOCK_BOOTTIME, {26315, 728018857}) = 0
1512301244.307660 write(5, "s", 1)      = 1
1512301244.308175 clock_gettime(CLOCK_BOOTTIME, {26315, 728767362}) = 0
1512301244.308219 clock_gettime(CLOCK_BOOTTIME, {26315, 728809415}) = 0
1512301244.308253 select(7, [3 4], [], NULL, NULL) = 1 (in [4])
1512301244.478570 clock_gettime(CLOCK_BOOTTIME, {26315, 899164803}) = 0
1512301244.478615 read(4, "s", 16384)   = 1
1512301244.478680 clock_gettime(CLOCK_BOOTTIME, {26315, 899271801}) = 0
1512301244.478715 clock_gettime(CLOCK_BOOTTIME, {26315, 899305471}) = 0
1512301244.478749 select(7, [3 4], [3], NULL, NULL) = 1 (out [3])
1512301244.478849 clock_gettime(CLOCK_BOOTTIME, {26315, 899439572}) = 0
1512301244.478886 write(3, "\277&u\326oF\v\32] \222o\352\232\335\261H\314\5\337g\302\341\272>\220\347\302\226\232o\221"..., 36) = 36
1512301244.479085 clock_gettime(CLOCK_BOOTTIME, {26315, 899676692}) = 0
1512301244.479125 clock_gettime(CLOCK_BOOTTIME, {26315, 899714815}) = 0
1512301244.479158 select(7, [3 4], [], NULL, NULL) = 1 (in [3])
1512301244.479969 clock_gettime(CLOCK_BOOTTIME, {26315, 900562528}) = 0
1512301244.480010 read(3, "\232\"\337)Ix\2qt%\207\240\317\255{:c\204\n'\315\310\221\361~\301D}!:\252v"..., 8192) = 36
1512301244.480070 clock_gettime(CLOCK_BOOTTIME, {26315, 900662098}) = 0
1512301244.480106 clock_gettime(CLOCK_BOOTTIME, {26315, 900695740}) = 0
1512301244.480138 select(7, [3 4], [5], NULL, NULL) = 1 (out [5])
1512301244.480190 clock_gettime(CLOCK_BOOTTIME, {26315, 900779624}) = 0
1512301244.480222 write(5, "s", 1)      = 1
1512301244.480531 clock_gettime(CLOCK_BOOTTIME, {26315, 901123876}) = 0
1512301244.480573 clock_gettime(CLOCK_BOOTTIME, {26315, 901163050}) = 0
1512301244.480606 select(7, [3 4], [], NULL, NULL) = 1 (in [4])
1512301244.623236 clock_gettime(CLOCK_BOOTTIME, {26316, 43840095}) = 0
1512301244.623285 read(4, "\r", 16384)  = 1
1512301244.623313 clock_gettime(CLOCK_BOOTTIME, {26316, 43898220}) = 0
1512301244.623325 clock_gettime(CLOCK_BOOTTIME, {26316, 43910134}) = 0
1512301244.623337 select(7, [3 4], [3], NULL, NULL) = 1 (out [3])
1512301244.623358 clock_gettime(CLOCK_BOOTTIME, {26316, 43942890}) = 0
1512301244.623370 write(3, "W\22\376\21\274Ejc|r\242\263b\240\305\344\213f\236\346Q\237&\214\375\246\367\316\326\346A\377"..., 36) = 36
1512301244.623488 clock_gettime(CLOCK_BOOTTIME, {26316, 44076794}) = 0
1512301244.623511 clock_gettime(CLOCK_BOOTTIME, {26316, 44097952}) = 0
1512301244.623530 select(7, [3 4], [], NULL, NULL) = 1 (in [3])
1512301244.624767 clock_gettime(CLOCK_BOOTTIME, {26316, 45353516}) = 0
1512301244.624783 read(3, "z\217\20\314a\217\266\333\0\260T\26\3449\277\342Em\f(P\256\353N\227u\227(\36\373@\217"..., 8192) = 36
1512301244.624810 clock_gettime(CLOCK_BOOTTIME, {26316, 45395496}) = 0
1512301244.624823 clock_gettime(CLOCK_BOOTTIME, {26316, 45407268}) = 0
1512301244.624834 select(7, [3 4], [5], NULL, NULL) = 1 (out [5])
1512301244.624853 clock_gettime(CLOCK_BOOTTIME, {26316, 45437288}) = 0
1512301244.624864 write(5, "\r\n", 2)   = 2
1512301244.624985 clock_gettime(CLOCK_BOOTTIME, {26316, 45570182}) = 0
1512301244.624999 clock_gettime(CLOCK_BOOTTIME, {26316, 45583857}) = 0
1512301244.625011 select(7, [3 4], [], NULL, NULL) = 1 (in [3])
1512301244.699541 clock_gettime(CLOCK_BOOTTIME, {26316, 120137155}) = 0
1512301244.699568 read(3, "\332)g\322|\205'\202\202c\264^\201\270,\4\210t\317vz\234M\33K\224[\261\20;/\231"..., 8192) = 248
1512301244.699597 clock_gettime(CLOCK_BOOTTIME, {26316, 120181296}) = 0
1512301244.699631 clock_gettime(CLOCK_BOOTTIME, {26316, 120220519}) = 0
1512301244.699652 select(7, [3 4], [5], NULL, NULL) = 1 (out [5])
1512301244.699675 clock_gettime(CLOCK_BOOTTIME, {26316, 120259624}) = 0
1512301244.699685 write(5, "The program 'ass' is currently n"..., 101) = 101
1512301244.699793 clock_gettime(CLOCK_BOOTTIME, {26316, 120377183}) = 0
1512301244.699804 clock_gettime(CLOCK_BOOTTIME, {26316, 120388449}) = 0
1512301244.699814 select(7, [3 4], [], NULL, NULL) = 1 (in [3])
1512301244.710238 clock_gettime(CLOCK_BOOTTIME, {26316, 130827466}) = 0
1512301244.710262 read(3, "\253\365j\336\21k\264k\2>\251{u\356Q\267\223\257U9&\17\217\274!\253\262\324\30:pQ"..., 8192) = 100
1512301244.710298 clock_gettime(CLOCK_BOOTTIME, {26316, 130883593}) = 0
1512301244.710312 clock_gettime(CLOCK_BOOTTIME, {26316, 130896314}) = 0
1512301244.710324 select(7, [3 4], [5], NULL, NULL) = 1 (out [5])
1512301244.710343 clock_gettime(CLOCK_BOOTTIME, {26316, 130927889}) = 0
1512301244.710354 write(5, "\33]0;hy@PyStudy2: ~\7\33[01;32mhy@Py"..., 60) = 60
1512301244.710487 clock_gettime(CLOCK_BOOTTIME, {26316, 131071618}) = 0
1512301244.710510 clock_gettime(CLOCK_BOOTTIME, {26316, 131093791}) = 0
1512301244.710519 select(7, [3 4], [], NULL, NULL) = 1 (in [4])
1512301487.345958 clock_gettime(CLOCK_BOOTTIME, {26558, 766612825}) = 0
1512301487.346077 read(4, "d", 16384)   = 1
1512301487.346239 clock_gettime(CLOCK_BOOTTIME, {26558, 766844299}) = 0
1512301487.346298 clock_gettime(CLOCK_BOOTTIME, {26558, 766890375}) = 0
1512301487.346338 select(7, [3 4], [3], NULL, NULL) = 1 (out [3])
1512301487.346640 clock_gettime(CLOCK_BOOTTIME, {26558, 767243034}) = 0
1512301487.346715 write(3, "\342\30\257\355\364R\363\271(\244\6j%\316\356\322]\232\17\302\244\351\373j\260\251+k\362y)\300"..., 36) = 36
1512301487.347092 clock_gettime(CLOCK_BOOTTIME, {26558, 767700881}) = 0
1512301487.347179 clock_gettime(CLOCK_BOOTTIME, {26558, 767779954}) = 0
1512301487.347247 select(7, [3 4], [], NULL, NULL) = 1 (in [3])
1512301487.348172 clock_gettime(CLOCK_BOOTTIME, {26558, 768770627}) = 0
1512301487.348223 read(3, "\344\21,q\315\306\30\221s\271\5\3600.\23\320\306\307\244\34\7\34`\3566%i\351\r\1\2067"..., 8192) = 36
1512301487.348294 clock_gettime(CLOCK_BOOTTIME, {26558, 768888664}) = 0
1512301487.348337 clock_gettime(CLOCK_BOOTTIME, {26558, 768929418}) = 0
1512301487.348377 select(7, [3 4], [5], NULL, NULL) = 1 (out [5])
1512301487.348437 clock_gettime(CLOCK_BOOTTIME, {26558, 769030030}) = 0
1512301487.348476 write(5, "d", 1)      = 1
1512301487.348870 clock_gettime(CLOCK_BOOTTIME, {26558, 769465822}) = 0
1512301487.348921 clock_gettime(CLOCK_BOOTTIME, {26558, 769513431}) = 0
1512301487.348961 select(7, [3 4], [], NULL, NULL) = 1 (in [4])
1512301487.599307 clock_gettime(CLOCK_BOOTTIME, {26559, 19920997}) = 0
1512301487.599406 read(4, "f", 16384)   = 1
1512301487.599536 clock_gettime(CLOCK_BOOTTIME, {26559, 20144689}) = 0
1512301487.599732 clock_gettime(CLOCK_BOOTTIME, {26559, 20338581}) = 0
1512301487.599815 select(7, [3 4], [3], NULL, NULL) = 1 (out [3])
1512301487.599931 clock_gettime(CLOCK_BOOTTIME, {26559, 20532955}) = 0
1512301487.600006 write(3, "\220K\31\31\236\2753\257b\223\356\341i\343\r\304a\343\261@i\247h\347\227\32\211iI\325L3"..., 36) = 36
1512301487.600400 clock_gettime(CLOCK_BOOTTIME, {26559, 21007871}) = 0
1512301487.600489 clock_gettime(CLOCK_BOOTTIME, {26559, 21090853}) = 0
1512301487.600600 select(7, [3 4], [], NULL, NULL) = 1 (in [3])
1512301487.601268 clock_gettime(CLOCK_BOOTTIME, {26559, 21865336}) = 0
1512301487.601317 read(3, "\261\361\351\340?\325\360\236Ia15\367\35\214y\301C\17L\21\231\226\224\250\v\37\6Z\260!\\"..., 8192) = 36
1512301487.601386 clock_gettime(CLOCK_BOOTTIME, {26559, 21979103}) = 0
1512301487.601427 clock_gettime(CLOCK_BOOTTIME, {26559, 22018619}) = 0
1512301487.601465 select(7, [3 4], [5], NULL, NULL) = 1 (out [5])
1512301487.601555 clock_gettime(CLOCK_BOOTTIME, {26559, 22146976}) = 0
1512301487.601685 write(5, "f", 1)      = 1
1512301487.602002 clock_gettime(CLOCK_BOOTTIME, {26559, 22595957}) = 0
1512301487.602049 clock_gettime(CLOCK_BOOTTIME, {26559, 22639828}) = 0
1512301487.602139 select(7, [3 4], [], NULL, NULL) = 1 (in [4])
1512301487.909918 clock_gettime(CLOCK_BOOTTIME, {26559, 330509069}) = 0
1512301487.909948 read(4, " ", 16384)   = 1
1512301487.910046 clock_gettime(CLOCK_BOOTTIME, {26559, 330635298}) = 0
1512301487.910071 clock_gettime(CLOCK_BOOTTIME, {26559, 330658643}) = 0
1512301487.910093 select(7, [3 4], [3], NULL, NULL) = 1 (out [3])
1512301487.910127 clock_gettime(CLOCK_BOOTTIME, {26559, 330715096}) = 0
1512301487.910150 write(3, "\271\206r\23\304\371\10\n\200\343|\257\275\267gQ\305]u\217 \20\221\200X\2326\34^_e\276"..., 36) = 36
1512301487.910283 clock_gettime(CLOCK_BOOTTIME, {26559, 330871698}) = 0
1512301487.910310 clock_gettime(CLOCK_BOOTTIME, {26559, 330897730}) = 0
1512301487.910332 select(7, [3 4], [], NULL, NULL) = 1 (in [3])
1512301487.910832 clock_gettime(CLOCK_BOOTTIME, {26559, 331422151}) = 0
1512301487.910859 read(3, "|o\256\26\334\377{\16\345h\213\377\3\320uEj\24\313\333\205\6\311\4#B\347~\31\236\230\7"..., 8192) = 36
1512301487.910899 clock_gettime(CLOCK_BOOTTIME, {26559, 331487557}) = 0
1512301487.910922 clock_gettime(CLOCK_BOOTTIME, {26559, 331509966}) = 0
1512301487.910944 select(7, [3 4], [5], NULL, NULL) = 1 (out [5])
1512301487.911012 clock_gettime(CLOCK_BOOTTIME, {26559, 331600400}) = 0
1512301487.911035 write(5, " ", 1)      = 1
1512301487.911210 clock_gettime(CLOCK_BOOTTIME, {26559, 331799482}) = 0
1512301487.911238 clock_gettime(CLOCK_BOOTTIME, {26559, 331825580}) = 0
1512301487.911260 select(7, [3 4], [], NULL, NULL) = 1 (in [4])
1512301488.082881 clock_gettime(CLOCK_BOOTTIME, {26559, 503472927}) = 0
1512301488.082912 read(4, "-", 16384)   = 1
1512301488.082957 clock_gettime(CLOCK_BOOTTIME, {26559, 503546136}) = 0
1512301488.082981 clock_gettime(CLOCK_BOOTTIME, {26559, 503569180}) = 0
1512301488.083004 select(7, [3 4], [3], NULL, NULL) = 1 (out [3])
1512301488.083038 clock_gettime(CLOCK_BOOTTIME, {26559, 503626054}) = 0
1512301488.083061 write(3, "\300\260\231\304\367\367\255\36\241\235l\3\235\21)\240\356\251\254O\335m\327<F+e\223\234\2064["..., 36) = 36
1512301488.083241 clock_gettime(CLOCK_BOOTTIME, {26559, 503833195}) = 0
1512301488.083273 clock_gettime(CLOCK_BOOTTIME, {26559, 503861887}) = 0
1512301488.083307 select(7, [3 4], [], NULL, NULL) = 1 (in [3])
1512301488.083809 clock_gettime(CLOCK_BOOTTIME, {26559, 504400261}) = 0
1512301488.083838 read(3, "\f\326H\201\274\275>\210\334/\242\317z\nl\320\337|L\274\205\226\6~I\215\237L\315!\335\21"..., 8192) = 36
1512301488.083878 clock_gettime(CLOCK_BOOTTIME, {26559, 504467041}) = 0
1512301488.083902 clock_gettime(CLOCK_BOOTTIME, {26559, 504489356}) = 0
1512301488.083924 select(7, [3 4], [5], NULL, NULL) = 1 (out [5])
1512301488.083957 clock_gettime(CLOCK_BOOTTIME, {26559, 504545124}) = 0
1512301488.083979 write(5, "-", 1)      = 1
1512301488.084161 clock_gettime(CLOCK_BOOTTIME, {26559, 504750271}) = 0
1512301488.084189 clock_gettime(CLOCK_BOOTTIME, {26559, 504776478}) = 0
1512301488.084240 select(7, [3 4], [], NULL, NULL) = 1 (in [4])
1512301488.302544 clock_gettime(CLOCK_BOOTTIME, {26559, 723135617}) = 0
1512301488.302575 read(4, "m", 16384)   = 1
1512301488.302620 clock_gettime(CLOCK_BOOTTIME, {26559, 723208854}) = 0
1512301488.302644 clock_gettime(CLOCK_BOOTTIME, {26559, 723231226}) = 0
1512301488.302666 select(7, [3 4], [3], NULL, NULL) = 1 (out [3])
1512301488.302700 clock_gettime(CLOCK_BOOTTIME, {26559, 723287608}) = 0
1512301488.302723 write(3, "VXC\247\235\225uZK\241S\242\221\331\\\374\366\332a\207\346 \10z\255\306ZJ\372\2565\356"..., 36) = 36
1512301488.302865 clock_gettime(CLOCK_BOOTTIME, {26559, 723458628}) = 0
1512301488.302901 clock_gettime(CLOCK_BOOTTIME, {26559, 723489211}) = 0
1512301488.302953 select(7, [3 4], [], NULL, NULL) = 1 (in [3])
1512301488.303403 clock_gettime(CLOCK_BOOTTIME, {26559, 723994130}) = 0
1512301488.303508 read(3, "\251~\355t\362\372\232\256\201\264\266\250~Lv\32\272\321\22\317@\33\0320B\220\324\346/I\274U"..., 8192) = 36
1512301488.303553 clock_gettime(CLOCK_BOOTTIME, {26559, 724142582}) = 0
1512301488.303578 clock_gettime(CLOCK_BOOTTIME, {26559, 724165314}) = 0
1512301488.303600 select(7, [3 4], [5], NULL, NULL) = 1 (out [5])
1512301488.303636 clock_gettime(CLOCK_BOOTTIME, {26559, 724223426}) = 0
1512301488.303657 write(5, "m", 1)      = 1
1512301488.303843 clock_gettime(CLOCK_BOOTTIME, {26559, 724432127}) = 0
1512301488.303871 clock_gettime(CLOCK_BOOTTIME, {26559, 724458499}) = 0
1512301488.303893 select(7, [3 4], [], NULL, NULL) = 1 (in [4])
1512301488.613298 clock_gettime(CLOCK_BOOTTIME, {26560, 33885863}) = 0
1512301488.613317 read(4, "\r", 16384)  = 1
1512301488.613343 clock_gettime(CLOCK_BOOTTIME, {26560, 33928435}) = 0
1512301488.613356 clock_gettime(CLOCK_BOOTTIME, {26560, 33940691}) = 0
1512301488.613368 select(7, [3 4], [3], NULL, NULL) = 1 (out [3])
1512301488.613386 clock_gettime(CLOCK_BOOTTIME, {26560, 33971083}) = 0
1512301488.613398 write(3, "W$\16\t\273\376\242\224V\370\256\33%,\215B\376\240\347>\35\222\313D\276S\234\33l\335[\344"..., 36) = 36
1512301488.613478 clock_gettime(CLOCK_BOOTTIME, {26560, 34063527}) = 0
1512301488.613493 clock_gettime(CLOCK_BOOTTIME, {26560, 34077553}) = 0
1512301488.613505 select(7, [3 4], [], NULL, NULL) = 1 (in [3])
1512301488.615251 clock_gettime(CLOCK_BOOTTIME, {26560, 35842984}) = 0
1512301488.615283 read(3, "\3760\30\232\31\375\307\270\337\267R\357M\260@\360P\270\334\317\21\210\10V\241\31\261\250e\307\327\203"..., 8192) = 36
1512301488.615326 clock_gettime(CLOCK_BOOTTIME, {26560, 35914089}) = 0
1512301488.615348 clock_gettime(CLOCK_BOOTTIME, {26560, 35935763}) = 0
1512301488.615372 select(7, [3 4], [5], NULL, NULL) = 1 (out [5])
1512301488.615415 clock_gettime(CLOCK_BOOTTIME, {26560, 36003096}) = 0
1512301488.615438 write(5, "\r\n", 2)   = 2
1512301488.615820 clock_gettime(CLOCK_BOOTTIME, {26560, 36410502}) = 0
1512301488.615848 clock_gettime(CLOCK_BOOTTIME, {26560, 36435918}) = 0
1512301488.615871 select(7, [3 4], [], NULL, NULL) = 1 (in [3])
1512301488.615906 clock_gettime(CLOCK_BOOTTIME, {26560, 36494191}) = 0
1512301488.615928 read(3, "#M\324\"\325\2041\27<\303\"y|\227/e:\233\6$>e\215\273\33t\3E \302z$"..., 8192) = 380
1512301488.615974 clock_gettime(CLOCK_BOOTTIME, {26560, 36564020}) = 0
1512301488.615999 clock_gettime(CLOCK_BOOTTIME, {26560, 36586228}) = 0
1512301488.616021 select(7, [3 4], [5], NULL, NULL) = 2 (in [3], out [5])
1512301488.616252 clock_gettime(CLOCK_BOOTTIME, {26560, 36839893}) = 0
1512301488.616274 write(5, "Filesystem                   1M-"..., 202) = 202
1512301488.616537 read(3, "kz&\365\365\357^\322$\354\343 \336(Ll\0\267\332\351\35\314\32\352\236\r\20\263r\201l\331"..., 8192) = 460
1512301488.616595 clock_gettime(CLOCK_BOOTTIME, {26560, 37184375}) = 0
1512301488.616621 clock_gettime(CLOCK_BOOTTIME, {26560, 37209130}) = 0
1512301488.616645 select(7, [3 4], [5], NULL, NULL) = 1 (out [5])
1512301488.616678 clock_gettime(CLOCK_BOOTTIME, {26560, 37266432}) = 0
1512301488.616701 write(5, "\r\n/dev/mapper/PyStudy--vg-root  "..., 206) = 206
1512301488.616937 clock_gettime(CLOCK_BOOTTIME, {26560, 37527169}) = 0
1512301488.616965 clock_gettime(CLOCK_BOOTTIME, {26560, 37552679}) = 0
1512301488.616986 select(7, [3 4], [], NULL, NULL) = 1 (in [3])
1512301488.617017 clock_gettime(CLOCK_BOOTTIME, {26560, 37674364}) = 0
1512301488.617123 read(3, "\364\255Z\351)J\337\333\325Ot\23C\300\235\207\360\24\2647\6NZ\\\tFY\244\361\35n&"..., 8192) = 424
1512301488.617211 clock_gettime(CLOCK_BOOTTIME, {26560, 37800259}) = 0
1512301488.617234 clock_gettime(CLOCK_BOOTTIME, {26560, 37820354}) = 0
1512301488.617253 select(7, [3 4], [5], NULL, NULL) = 1 (out [5])
1512301488.617284 clock_gettime(CLOCK_BOOTTIME, {26560, 37870327}) = 0
1512301488.617303 write(5, "tmpfs                           "..., 219) = 219
1512301488.617421 clock_gettime(CLOCK_BOOTTIME, {26560, 38009236}) = 0
1512301488.617444 clock_gettime(CLOCK_BOOTTIME, {26560, 38031114}) = 0
1512301488.617476 select(7, [3 4], [], NULL, NULL) = 1 (in [3])
1512301488.617764 clock_gettime(CLOCK_BOOTTIME, {26560, 38349715}) = 0
1512301488.617778 read(3, "\3226\f\325\226\267up\371\3504\273@\25\10\313^\307\305:m\233\203\243\357V\214\251'WY\273"..., 8192) = 100
1512301488.617860 clock_gettime(CLOCK_BOOTTIME, {26560, 38448380}) = 0
1512301488.617877 clock_gettime(CLOCK_BOOTTIME, {26560, 38461615}) = 0
1512301488.617888 select(7, [3 4], [5], NULL, NULL) = 1 (out [5])
1512301488.617907 clock_gettime(CLOCK_BOOTTIME, {26560, 38492069}) = 0
1512301488.617919 write(5, "\33]0;hy@PyStudy2: ~\7\33[01;32mhy@Py"..., 60) = 60
1512301488.618013 clock_gettime(CLOCK_BOOTTIME, {26560, 38598138}) = 0
1512301488.618041 clock_gettime(CLOCK_BOOTTIME, {26560, 38627347}) = 0
1512301488.618055 select(7, [3 4], [], NULL, NULL) = 1 (in [4])
1512301492.939926 clock_gettime(CLOCK_BOOTTIME, {26564, 360545225}) = 0
1512301492.940036 read(4, "l", 16384)   = 1
1512301492.940163 clock_gettime(CLOCK_BOOTTIME, {26564, 360770635}) = 0
1512301492.940300 clock_gettime(CLOCK_BOOTTIME, {26564, 360926891}) = 0
1512301492.940410 select(7, [3 4], [3], NULL, NULL) = 1 (out [3])
1512301492.940529 clock_gettime(CLOCK_BOOTTIME, {26564, 361132836}) = 0
1512301492.940606 write(3, "\177&\330`KN\340#Y\261\357X[Nv\321\274J\313\372\237\351Xo.\222\17'\336\37\241\205"..., 36) = 36
1512301492.941073 clock_gettime(CLOCK_BOOTTIME, {26564, 361684841}) = 0
1512301492.941174 clock_gettime(CLOCK_BOOTTIME, {26564, 361778097}) = 0
1512301492.941334 select(7, [3 4], [], NULL, NULL) = 1 (in [3])
1512301492.942008 clock_gettime(CLOCK_BOOTTIME, {26564, 362606112}) = 0
1512301492.942058 read(3, "\212\316\210B7\260\277Xj\271\374\215 \330Af\334\17\276\25\204F\325U\340WHn\2`\377\243"..., 8192) = 36
1512301492.942127 clock_gettime(CLOCK_BOOTTIME, {26564, 362719900}) = 0
1512301492.942168 clock_gettime(CLOCK_BOOTTIME, {26564, 362759952}) = 0
1512301492.942206 select(7, [3 4], [5], NULL, NULL) = 1 (out [5])
1512301492.942347 clock_gettime(CLOCK_BOOTTIME, {26564, 362951775}) = 0
1512301492.942405 write(5, "l", 1)      = 1
1512301492.942717 clock_gettime(CLOCK_BOOTTIME, {26564, 363311150}) = 0
1512301492.942814 clock_gettime(CLOCK_BOOTTIME, {26564, 363407607}) = 0
1512301492.942858 select(7, [3 4], [], NULL, NULL) = 1 (in [4])
1512301493.086074 clock_gettime(CLOCK_BOOTTIME, {26564, 506665926}) = 0
1512301493.086123 read(4, "s", 16384)   = 1
1512301493.086165 clock_gettime(CLOCK_BOOTTIME, {26564, 506753203}) = 0
1512301493.086187 clock_gettime(CLOCK_BOOTTIME, {26564, 506774416}) = 0
1512301493.086208 select(7, [3 4], [3], NULL, NULL) = 1 (out [3])
1512301493.086239 clock_gettime(CLOCK_BOOTTIME, {26564, 506826567}) = 0
1512301493.086260 write(3, "\6\27\25O\365EmF6;S\\7\327\316R\261c\220\235\207\364'7\236\317\230\205\270\261\213\31"..., 36) = 36
1512301493.086414 clock_gettime(CLOCK_BOOTTIME, {26564, 507006885}) = 0
1512301493.086454 clock_gettime(CLOCK_BOOTTIME, {26564, 507045602}) = 0
1512301493.086489 select(7, [3 4], [], NULL, NULL) = 1 (in [3])
1512301493.086963 clock_gettime(CLOCK_BOOTTIME, {26564, 507553159}) = 0
1512301493.086989 read(3, "$uz[\231\205+\263\254f\251\367\234\245\264u\366\226\205-\r\250\264\216\355\341V\264\3464\345{"..., 8192) = 36
1512301493.087085 clock_gettime(CLOCK_BOOTTIME, {26564, 507674675}) = 0
1512301493.087110 clock_gettime(CLOCK_BOOTTIME, {26564, 507697685}) = 0
1512301493.087132 select(7, [3 4], [5], NULL, NULL) = 1 (out [5])
1512301493.087166 clock_gettime(CLOCK_BOOTTIME, {26564, 507753808}) = 0
1512301493.087187 write(5, "s", 1)      = 1
1512301493.087360 clock_gettime(CLOCK_BOOTTIME, {26564, 507949120}) = 0
1512301493.087386 clock_gettime(CLOCK_BOOTTIME, {26564, 507973647}) = 0
1512301493.087407 select(7, [3 4], [], NULL, NULL) = 1 (in [4])
1512301493.279017 clock_gettime(CLOCK_BOOTTIME, {26564, 699604364}) = 0
1512301493.279035 read(4, "\r", 16384)  = 1
1512301493.279062 clock_gettime(CLOCK_BOOTTIME, {26564, 699647993}) = 0
1512301493.279075 clock_gettime(CLOCK_BOOTTIME, {26564, 699660479}) = 0
1512301493.279088 select(7, [3 4], [3], NULL, NULL) = 1 (out [3])
1512301493.279119 clock_gettime(CLOCK_BOOTTIME, {26564, 699704344}) = 0
1512301493.279132 write(3, "\17\2561\333@\205I\327\35\336y<iY\324[EWoM(.L\250>\363\317\2260E/\336"..., 36) = 36
1512301493.279226 clock_gettime(CLOCK_BOOTTIME, {26564, 699812062}) = 0
1512301493.279241 clock_gettime(CLOCK_BOOTTIME, {26564, 699826503}) = 0
1512301493.279254 select(7, [3 4], [], NULL, NULL) = 1 (in [3])
1512301493.281027 clock_gettime(CLOCK_BOOTTIME, {26564, 701614216}) = 0
1512301493.281044 read(3, "}\331l\34\335 \224\254\360'\316\215\200*N\263\334+\220*$\354-\246\251b\3\267\277\327\326\314"..., 8192) = 108
1512301493.281072 clock_gettime(CLOCK_BOOTTIME, {26564, 701657093}) = 0
1512301493.281085 clock_gettime(CLOCK_BOOTTIME, {26564, 701669466}) = 0
1512301493.281097 select(7, [3 4], [5], NULL, NULL) = 1 (out [5])
1512301493.281116 clock_gettime(CLOCK_BOOTTIME, {26564, 701700532}) = 0
1512301493.281127 write(5, "\r\naaa.txt\r\n\33]0;hy@PyStudy2: ~\7\33["..., 71) = 71
1512301493.281264 clock_gettime(CLOCK_BOOTTIME, {26564, 701849985}) = 0
1512301493.281279 clock_gettime(CLOCK_BOOTTIME, {26564, 701864171}) = 0
1512301493.281291 select(7, [3 4], [], NULL, NULL) = 1 (in [4])
1512301496.566669 clock_gettime(CLOCK_BOOTTIME, {26567, 987257285}) = 0
1512301496.566689 read(4, "d", 16384)   = 1
1512301496.566727 clock_gettime(CLOCK_BOOTTIME, {26567, 987314023}) = 0
1512301496.566743 clock_gettime(CLOCK_BOOTTIME, {26567, 987328650}) = 0
1512301496.566757 select(7, [3 4], [3], NULL, NULL) = 1 (out [3])
1512301496.566777 clock_gettime(CLOCK_BOOTTIME, {26567, 987362614}) = 0
1512301496.566791 write(3, "\227z\274*n\246\315\205\221\265;Y}\277g\23\270b\22\225\36\231{\302C\2666kQ E\17"..., 36) = 36
1512301496.566881 clock_gettime(CLOCK_BOOTTIME, {26567, 987470334}) = 0
1512301496.566906 clock_gettime(CLOCK_BOOTTIME, {26567, 987490992}) = 0
1512301496.566920 select(7, [3 4], [], NULL, NULL) = 1 (in [3])
1512301496.567245 clock_gettime(CLOCK_BOOTTIME, {26567, 987831966}) = 0
1512301496.567262 read(3, "\355O\377\262\363\363\340kC\367\23\353\5\355\20\245\306\344\375\272\240-s\364\3512p\314\3630\202s"..., 8192) = 36
1512301496.567286 clock_gettime(CLOCK_BOOTTIME, {26567, 987872100}) = 0
1512301496.567300 clock_gettime(CLOCK_BOOTTIME, {26567, 987885798}) = 0
1512301496.567314 select(7, [3 4], [5], NULL, NULL) = 1 (out [5])
1512301496.567334 clock_gettime(CLOCK_BOOTTIME, {26567, 987919766}) = 0
1512301496.567348 write(5, "d", 1)      = 1
1512301496.567531 clock_gettime(CLOCK_BOOTTIME, {26567, 988120716}) = 0
1512301496.567557 clock_gettime(CLOCK_BOOTTIME, {26567, 988142119}) = 0
1512301496.567571 select(7, [3 4], [], NULL, NULL) = 1 (in [4])
1512301498.609602 clock_gettime(CLOCK_BOOTTIME, {26570, 30193344}) = 0
1512301498.609627 read(4, "\r", 16384)  = 1
1512301498.609663 clock_gettime(CLOCK_BOOTTIME, {26570, 30248415}) = 0
1512301498.609676 clock_gettime(CLOCK_BOOTTIME, {26570, 30260777}) = 0
1512301498.609688 select(7, [3 4], [3], NULL, NULL) = 1 (out [3])
1512301498.609706 clock_gettime(CLOCK_BOOTTIME, {26570, 30291052}) = 0
1512301498.609718 write(3, "\300\275\225\272\212blI6\237h!~\221\324\264XA\216\214\326'L+4\376QL\346\213\355\212"..., 36) = 36
1512301498.609825 clock_gettime(CLOCK_BOOTTIME, {26570, 30411528}) = 0
1512301498.609841 clock_gettime(CLOCK_BOOTTIME, {26570, 30425796}) = 0
1512301498.609853 select(7, [3 4], [], NULL, NULL) = 1 (in [3])
1512301498.614136 clock_gettime(CLOCK_BOOTTIME, {26570, 34723556}) = 0
1512301498.614154 read(3, "\331g\327p\337Zh\205\330\6\337\37S\366Vl\2762\336\337z\211\372\242\210g\27$\271H\303\t"..., 8192) = 36
1512301498.614182 clock_gettime(CLOCK_BOOTTIME, {26570, 34767489}) = 0
1512301498.614195 clock_gettime(CLOCK_BOOTTIME, {26570, 34779876}) = 0
1512301498.614207 select(7, [3 4], [5], NULL, NULL) = 1 (out [5])
1512301498.614226 clock_gettime(CLOCK_BOOTTIME, {26570, 34810635}) = 0
1512301498.614237 write(5, "\r\n", 2)   = 2
1512301498.614388 clock_gettime(CLOCK_BOOTTIME, {26570, 34973605}) = 0
1512301498.614403 clock_gettime(CLOCK_BOOTTIME, {26570, 34988041}) = 0
1512301498.614415 select(7, [3 4], [], NULL, NULL) = 1 (in [3])
1512301498.686538 clock_gettime(CLOCK_BOOTTIME, {26570, 107128236}) = 0
1512301498.686564 read(3, "\241MN\226\356m\215\360\261e\343\306[i3\354\276\366b\334&\226:\"\371\337K'\254\371\242\0"..., 8192) = 96
1512301498.686602 clock_gettime(CLOCK_BOOTTIME, {26570, 107189810}) = 0
1512301498.686622 clock_gettime(CLOCK_BOOTTIME, {26570, 107208478}) = 0
1512301498.686640 select(7, [3 4], [5], NULL, NULL) = 1 (out [5])
1512301498.686669 clock_gettime(CLOCK_BOOTTIME, {26570, 107255777}) = 0
1512301498.686687 write(5, "d: command not found\r\n", 22) = 22
1512301498.686825 clock_gettime(CLOCK_BOOTTIME, {26570, 107428079}) = 0
1512301498.686862 clock_gettime(CLOCK_BOOTTIME, {26570, 107448458}) = 0
1512301498.686880 select(7, [3 4], [], NULL, NULL) = 1 (in [3])
1512301498.696525 clock_gettime(CLOCK_BOOTTIME, {26570, 117112843}) = 0
1512301498.696543 read(3, "\355\211\21F\36\271;\213\264\333b8\243j\24=\221$\256\321?\322\224r\211B\342!\353\317\237!"..., 8192) = 100
1512301498.696568 clock_gettime(CLOCK_BOOTTIME, {26570, 117152707}) = 0
1512301498.696579 clock_gettime(CLOCK_BOOTTIME, {26570, 117163090}) = 0
1512301498.696589 select(7, [3 4], [5], NULL, NULL) = 1 (out [5])
1512301498.696604 clock_gettime(CLOCK_BOOTTIME, {26570, 117188597}) = 0
1512301498.696614 write(5, "\33]0;hy@PyStudy2: ~\7\33[01;32mhy@Py"..., 60) = 60
1512301498.696720 clock_gettime(CLOCK_BOOTTIME, {26570, 117305434}) = 0
1512301498.696733 clock_gettime(CLOCK_BOOTTIME, {26570, 117317205}) = 0
1512301498.696743 select(7, [3 4], [], NULL, NULL) = 1 (in [4])
1512301499.451886 clock_gettime(CLOCK_BOOTTIME, {26570, 872483723}) = 0
1512301499.451938 read(4, "i", 16384)   = 1
1512301499.452010 clock_gettime(CLOCK_BOOTTIME, {26570, 872604386}) = 0
1512301499.452138 clock_gettime(CLOCK_BOOTTIME, {26570, 872730998}) = 0
1512301499.452179 select(7, [3 4], [3], NULL, NULL) = 1 (out [3])
1512301499.452237 clock_gettime(CLOCK_BOOTTIME, {26570, 872829771}) = 0
1512301499.452277 write(3, "\360\250\t\242\235\273\257t\335\265\353\370\364\366tF\23\255{\10\351Q\377\267\36v{\254\362\255\260\224"..., 36) = 36
1512301499.452498 clock_gettime(CLOCK_BOOTTIME, {26570, 873092794}) = 0
1512301499.452613 clock_gettime(CLOCK_BOOTTIME, {26570, 873207208}) = 0
1512301499.452656 select(7, [3 4], [], NULL, NULL) = 1 (in [3])
1512301499.453417 clock_gettime(CLOCK_BOOTTIME, {26570, 874014667}) = 0
1512301499.453466 read(3, "F\333?xx\342\241\205\201\356\367h\203\321K\313\300[m^2\307\344\316\35Ku\307\247\257z0"..., 8192) = 36
1512301499.453598 clock_gettime(CLOCK_BOOTTIME, {26570, 874211972}) = 0
1512301499.453679 clock_gettime(CLOCK_BOOTTIME, {26570, 874272046}) = 0
1512301499.453720 select(7, [3 4], [5], NULL, NULL) = 1 (out [5])
1512301499.453785 clock_gettime(CLOCK_BOOTTIME, {26570, 874377038}) = 0
1512301499.453823 write(5, "i", 1)      = 1
1512301499.454162 clock_gettime(CLOCK_BOOTTIME, {26570, 874757451}) = 0
1512301499.454212 clock_gettime(CLOCK_BOOTTIME, {26570, 874804164}) = 0
1512301499.454251 select(7, [3 4], [], NULL, NULL) = 1 (in [4])
1512301499.648031 clock_gettime(CLOCK_BOOTTIME, {26571, 68628773}) = 0
1512301499.648135 read(4, "f", 16384)   = 1
1512301499.648221 clock_gettime(CLOCK_BOOTTIME, {26571, 68815849}) = 0
1512301499.648263 clock_gettime(CLOCK_BOOTTIME, {26571, 68855531}) = 0
1512301499.648302 select(7, [3 4], [3], NULL, NULL) = 1 (out [3])
1512301499.648361 clock_gettime(CLOCK_BOOTTIME, {26571, 68953547}) = 0
1512301499.648401 write(3, "5\231 Q\3\26\257t#x\215\327\256#\263^\27\24\177\313S\375\n\377fj\200]\231\34V7"..., 36) = 36
1512301499.648652 clock_gettime(CLOCK_BOOTTIME, {26571, 69247165}) = 0
1512301499.648701 clock_gettime(CLOCK_BOOTTIME, {26571, 69292770}) = 0
1512301499.648739 select(7, [3 4], [], NULL, NULL) = 1 (in [3])
1512301499.649515 clock_gettime(CLOCK_BOOTTIME, {26571, 70112617}) = 0
1512301499.649634 read(3, "\217z\27\260\276\361`n\360\232\371\354#\332\177\220p\201-\330f\32\224\253\252\3\34D\2449\360\374"..., 8192) = 36
1512301499.649704 clock_gettime(CLOCK_BOOTTIME, {26571, 70297669}) = 0
1512301499.649745 clock_gettime(CLOCK_BOOTTIME, {26571, 70337190}) = 0
1512301499.649812 select(7, [3 4], [5], NULL, NULL) = 1 (out [5])
1512301499.649878 clock_gettime(CLOCK_BOOTTIME, {26571, 70470238}) = 0
1512301499.649916 write(5, "f", 1)      = 1
1512301499.650227 clock_gettime(CLOCK_BOOTTIME, {26571, 70821995}) = 0
1512301499.650276 clock_gettime(CLOCK_BOOTTIME, {26571, 70868046}) = 0
1512301499.650315 select(7, [3 4], [], NULL, NULL) = 1 (in [4])
1512301500.379131 clock_gettime(CLOCK_BOOTTIME, {26571, 799729373}) = 0
1512301500.379184 read(4, "c", 16384)   = 1
1512301500.379256 clock_gettime(CLOCK_BOOTTIME, {26571, 799850764}) = 0
1512301500.379326 clock_gettime(CLOCK_BOOTTIME, {26571, 800006097}) = 0
1512301500.379486 select(7, [3 4], [3], NULL, NULL) = 1 (out [3])
1512301500.379574 clock_gettime(CLOCK_BOOTTIME, {26571, 800167455}) = 0
1512301500.379616 write(3, "$\333\216\25.\313\343\360l9\276\355\3447\347S\35\330\321\357\251\372U\325\200?T\3611\32\212\213"..., 36) = 36
1512301500.379925 clock_gettime(CLOCK_BOOTTIME, {26571, 800519447}) = 0
1512301500.379973 clock_gettime(CLOCK_BOOTTIME, {26571, 800565468}) = 0
1512301500.380012 select(7, [3 4], [], NULL, NULL) = 1 (in [3])
1512301500.380782 clock_gettime(CLOCK_BOOTTIME, {26571, 801379503}) = 0
1512301500.380878 read(3, "\263\357\234\274\243\34l\250\2W\325\234\257\310\315/\22\331:~!\375\357:p\207\n.\f\f\266*"..., 8192) = 36
1512301500.380963 clock_gettime(CLOCK_BOOTTIME, {26571, 801557053}) = 0
1512301500.381005 clock_gettime(CLOCK_BOOTTIME, {26571, 801597030}) = 0
1512301500.381044 select(7, [3 4], [5], NULL, NULL) = 1 (out [5])
1512301500.381108 clock_gettime(CLOCK_BOOTTIME, {26571, 801700870}) = 0
1512301500.381147 write(5, "c", 1)      = 1
1512301500.381727 clock_gettime(CLOCK_BOOTTIME, {26571, 802323677}) = 0
1512301500.381781 clock_gettime(CLOCK_BOOTTIME, {26571, 802373382}) = 0
1512301500.381820 select(7, [3 4], [], NULL, NULL) = 1 (in [4])
1512301500.474916 clock_gettime(CLOCK_BOOTTIME, {26571, 895512993}) = 0
1512301500.474967 read(4, "o", 16384)   = 1
1512301500.475087 clock_gettime(CLOCK_BOOTTIME, {26571, 895688257}) = 0
1512301500.475141 clock_gettime(CLOCK_BOOTTIME, {26571, 895733026}) = 0
1512301500.475180 select(7, [3 4], [3], NULL, NULL) = 1 (out [3])
1512301500.475241 clock_gettime(CLOCK_BOOTTIME, {26571, 895833041}) = 0
1512301500.475280 write(3, "\315\366A\341\247j\v\277\332\33\n\262\322P`\27\307J\253\303\25\304\16=\227\351]\226\256\360B\314"..., 36) = 36
1512301500.475615 clock_gettime(CLOCK_BOOTTIME, {26571, 896230985}) = 0
1512301500.475788 clock_gettime(CLOCK_BOOTTIME, {26571, 896400471}) = 0
1512301500.475874 select(7, [3 4], [], NULL, NULL) = 1 (in [3])
1512301500.476676 clock_gettime(CLOCK_BOOTTIME, {26571, 897279936}) = 0
1512301500.476747 read(3, "/\0036\23\227\236h\201\363\25c5.\200\361:\274`\327;v\262N\30Ql,!%\332\177\307"..., 8192) = 36
1512301500.476848 clock_gettime(CLOCK_BOOTTIME, {26571, 897449713}) = 0
1512301500.476918 clock_gettime(CLOCK_BOOTTIME, {26571, 897517916}) = 0
1512301500.476974 select(7, [3 4], [5], NULL, NULL) = 1 (out [5])
1512301500.477082 clock_gettime(CLOCK_BOOTTIME, {26571, 897682681}) = 0
1512301500.477133 write(5, "o", 1)      = 1
1512301500.477446 clock_gettime(CLOCK_BOOTTIME, {26571, 898040332}) = 0
1512301500.477495 clock_gettime(CLOCK_BOOTTIME, {26571, 898086278}) = 0
1512301500.477591 select(7, [3 4], [], NULL, NULL) = 1 (in [4])
1512301500.741231 clock_gettime(CLOCK_BOOTTIME, {26572, 161837931}) = 0
1512301500.741365 read(4, "\t", 16384)  = 1
1512301500.741538 clock_gettime(CLOCK_BOOTTIME, {26572, 162140525}) = 0
1512301500.741604 clock_gettime(CLOCK_BOOTTIME, {26572, 162200182}) = 0
1512301500.741663 select(7, [3 4], [3], NULL, NULL) = 1 (out [3])
1512301500.741760 clock_gettime(CLOCK_BOOTTIME, {26572, 162357821}) = 0
1512301500.741823 write(3, "\267@A\342-\237\360\205\367\23Q*$\237\215\244\21\r:D\300\260\200f\376]\20\363\357L\32\342"..., 36) = 36
1512301500.742152 clock_gettime(CLOCK_BOOTTIME, {26572, 162753455}) = 0
1512301500.742222 clock_gettime(CLOCK_BOOTTIME, {26572, 162819993}) = 0
1512301500.742285 select(7, [3 4], [], NULL, NULL) = 1 (in [3])
1512301500.746484 clock_gettime(CLOCK_BOOTTIME, {26572, 167107650}) = 0
1512301500.746577 read(3, "\231\305\310nD\332\230\200\17\210\241\375\2643\333\22\371\10\251W\322\0002\353\220\271%\357X\5\311\371"..., 8192) = 44
1512301500.746676 clock_gettime(CLOCK_BOOTTIME, {26572, 167270872}) = 0
1512301500.746719 clock_gettime(CLOCK_BOOTTIME, {26572, 167310574}) = 0
1512301500.746757 select(7, [3 4], [5], NULL, NULL) = 1 (out [5])
1512301500.746823 clock_gettime(CLOCK_BOOTTIME, {26572, 167414850}) = 0
1512301500.746861 write(5, "nfig ", 5)  = 5
1512301500.747267 clock_gettime(CLOCK_BOOTTIME, {26572, 167860995}) = 0
1512301500.747317 clock_gettime(CLOCK_BOOTTIME, {26572, 167908504}) = 0
1512301500.747356 select(7, [3 4], [], NULL, NULL) = 1 (in [4])
1512301501.619309 clock_gettime(CLOCK_BOOTTIME, {26573, 39895927}) = 0
1512301501.619327 read(4, "\r", 16384)  = 1
1512301501.619361 clock_gettime(CLOCK_BOOTTIME, {26573, 39946984}) = 0
1512301501.619375 clock_gettime(CLOCK_BOOTTIME, {26573, 39959681}) = 0
1512301501.619405 select(7, [3 4], [3], NULL, NULL) = 1 (out [3])
1512301501.619430 clock_gettime(CLOCK_BOOTTIME, {26573, 40014763}) = 0
1512301501.619443 write(3, "\200r\22[@%&X \2650L\327\365|$\3531\374IH|\253DY\322\220\207\225\373\17\17"..., 36) = 36
1512301501.619527 clock_gettime(CLOCK_BOOTTIME, {26573, 40113101}) = 0
1512301501.619542 clock_gettime(CLOCK_BOOTTIME, {26573, 40127314}) = 0
1512301501.619555 select(7, [3 4], [], NULL, NULL) = 1 (in [3])
1512301501.619808 clock_gettime(CLOCK_BOOTTIME, {26573, 40394113}) = 0
1512301501.619822 read(3, "\210\337\321h\226\3538@\270\311\337VL%\201\273\213\232\35]\276\345{\223\317\257O\200O\272\f\354"..., 8192) = 36
1512301501.619843 clock_gettime(CLOCK_BOOTTIME, {26573, 40428156}) = 0
1512301501.619855 clock_gettime(CLOCK_BOOTTIME, {26573, 40440106}) = 0
1512301501.619867 select(7, [3 4], [5], NULL, NULL) = 1 (out [5])
1512301501.619885 clock_gettime(CLOCK_BOOTTIME, {26573, 40485143}) = 0
1512301501.619916 write(5, "\r\n", 2)   = 2
1512301501.620021 clock_gettime(CLOCK_BOOTTIME, {26573, 40606270}) = 0
1512301501.620035 clock_gettime(CLOCK_BOOTTIME, {26573, 40620318}) = 0
1512301501.620047 select(7, [3 4], [], NULL, NULL) = 1 (in [3])
1512301501.621049 clock_gettime(CLOCK_BOOTTIME, {26573, 41635521}) = 0
1512301501.621064 read(3, "\303\317\36\254>d6\264\346V\236]Cw\223$\325S\34(\"{-p\371\17\346\253\331\26\241\206"..., 8192) = 128
1512301501.621091 clock_gettime(CLOCK_BOOTTIME, {26573, 41676271}) = 0
1512301501.621103 clock_gettime(CLOCK_BOOTTIME, {26573, 41688457}) = 0
1512301501.621116 select(7, [3 4], [5], NULL, NULL) = 1 (out [5])
1512301501.621133 clock_gettime(CLOCK_BOOTTIME, {26573, 41718440}) = 0
1512301501.621145 write(5, "ens32     Link encap:Ethernet  H"..., 59) = 59
1512301501.621334 clock_gettime(CLOCK_BOOTTIME, {26573, 41919944}) = 0
1512301501.621349 clock_gettime(CLOCK_BOOTTIME, {26573, 41934018}) = 0
1512301501.621361 select(7, [3 4], [], NULL, NULL) = 1 (in [3])
1512301501.621378 clock_gettime(CLOCK_BOOTTIME, {26573, 41962886}) = 0
1512301501.621478 read(3, "\21l\232\374'E\244\267G\264\207'\6\220\212\257\3$\30\251\271W\376\203f\10\2637\236\212\354\324"..., 8192) = 424
1512301501.621511 clock_gettime(CLOCK_BOOTTIME, {26573, 42096595}) = 0
1512301501.621524 clock_gettime(CLOCK_BOOTTIME, {26573, 42108703}) = 0
1512301501.621536 select(7, [3 4], [5], NULL, NULL) = 1 (out [5])
1512301501.621554 clock_gettime(CLOCK_BOOTTIME, {26573, 42139133}) = 0
1512301501.621566 write(5, "          inet addr:192.168.100."..., 204) = 204
1512301501.621747 clock_gettime(CLOCK_BOOTTIME, {26573, 42332920}) = 0
1512301501.621762 clock_gettime(CLOCK_BOOTTIME, {26573, 42346842}) = 0
1512301501.621774 select(7, [3 4], [], NULL, NULL) = 1 (in [3])
1512301501.621791 clock_gettime(CLOCK_BOOTTIME, {26573, 42375537}) = 0
1512301501.621802 read(3, "0_\266\4\1\"\301\200\251\242\0269w\253\364S\345x`\230\203o ~i\336\202Mh\217\215p"..., 8192) = 272
1512301501.621825 clock_gettime(CLOCK_BOOTTIME, {26573, 42409898}) = 0
1512301501.621837 clock_gettime(CLOCK_BOOTTIME, {26573, 42421614}) = 0
1512301501.621848 select(7, [3 4], [5], NULL, NULL) = 1 (out [5])
1512301501.621881 clock_gettime(CLOCK_BOOTTIME, {26573, 42465926}) = 0
1512301501.622014 write(5, "          RX packets:4238 errors"..., 132) = 132
1512301501.622103 clock_gettime(CLOCK_BOOTTIME, {26573, 42688993}) = 0
1512301501.622118 clock_gettime(CLOCK_BOOTTIME, {26573, 42702905}) = 0
1512301501.622130 select(7, [3 4], [], NULL, NULL) = 1 (in [3])
1512301501.622147 clock_gettime(CLOCK_BOOTTIME, {26573, 42731420}) = 0
1512301501.622158 read(3, "\240\307\334\304\36c*]\4\301\304\370u#\365\1\345\\\245.H\35\201\333\234\21S\241\2*d\306"..., 8192) = 360
1512301501.622240 clock_gettime(CLOCK_BOOTTIME, {26573, 42825255}) = 0
1512301501.622252 clock_gettime(CLOCK_BOOTTIME, {26573, 42837157}) = 0
1512301501.622264 select(7, [3 4], [5], NULL, NULL) = 2 (in [3], out [5])
1512301501.622282 clock_gettime(CLOCK_BOOTTIME, {26573, 42867244}) = 0
1512301501.622294 write(5, "          collisions:0 txqueuele"..., 145) = 145
1512301501.622382 read(3, "DY\266\317\345m\204\223W\324]\342\377\224\27\2\205w\342)\337\244\220\332j\2449\3108\33~w"..., 8192) = 268
1512301501.622489 clock_gettime(CLOCK_BOOTTIME, {26573, 43074386}) = 0
1512301501.622502 clock_gettime(CLOCK_BOOTTIME, {26573, 43086475}) = 0
1512301501.622513 select(7, [3 4], [5], NULL, NULL) = 2 (in [3], out [5])
1512301501.622532 clock_gettime(CLOCK_BOOTTIME, {26573, 43117080}) = 0
1512301501.622544 write(5, "\r\n          inet addr:127.0.0.1 "..., 91) = 91
1512301501.622641 read(3, "J\334.\340\326\221x\333\204\207\3131!O)B3i\377\334\311,\363\314\267\207\313_\313b\"\226"..., 8192) = 356
1512301501.622708 clock_gettime(CLOCK_BOOTTIME, {26573, 43293300}) = 0
1512301501.622721 clock_gettime(CLOCK_BOOTTIME, {26573, 43305481}) = 0
1512301501.622732 select(7, [3 4], [5], NULL, NULL) = 2 (in [3], out [5])
1512301501.622751 clock_gettime(CLOCK_BOOTTIME, {26573, 43335695}) = 0
1512301501.622762 write(5, "          UP LOOPBACK RUNNING  M"..., 180) = 180
1512301501.622871 read(3, "\360c\374\371\267\215\364;S\37G\fw\237.\251]\241\321\205\336_\344\373\224\5D\35_\336[%"..., 8192) = 284
1512301501.622949 clock_gettime(CLOCK_BOOTTIME, {26573, 43535266}) = 0
1512301501.622962 clock_gettime(CLOCK_BOOTTIME, {26573, 43547492}) = 0
1512301501.622974 select(7, [3 4], [5], NULL, NULL) = 2 (in [3], out [5])
1512301501.622993 clock_gettime(CLOCK_BOOTTIME, {26573, 43577751}) = 0
1512301501.623004 write(5, "\r\n          collisions:0 txqueue"..., 102) = 102
1512301501.623084 read(3, "\334\265q[\206\v\241F\311V\215\243\241J0\25553\252\213.NT\221\363t\216\357\351?{\267"..., 8192) = 36
1512301501.623137 clock_gettime(CLOCK_BOOTTIME, {26573, 43723242}) = 0
1512301501.623150 clock_gettime(CLOCK_BOOTTIME, {26573, 43735257}) = 0
1512301501.623162 select(7, [3 4], [5], NULL, NULL) = 1 (out [5])
1512301501.623181 clock_gettime(CLOCK_BOOTTIME, {26573, 43765515}) = 0
1512301501.623192 write(5, "\r\n", 2)   = 2
1512301501.623277 clock_gettime(CLOCK_BOOTTIME, {26573, 43862375}) = 0
1512301501.623291 clock_gettime(CLOCK_BOOTTIME, {26573, 43876181}) = 0
1512301501.623303 select(7, [3 4], [], NULL, NULL) = 1 (in [3])
1512301501.623320 clock_gettime(CLOCK_BOOTTIME, {26573, 43904642}) = 0
1512301501.623331 read(3, ":\345\270\376\233\345\\\21\31\312.\341\225\350K@\255\251`\274\212\20\24u\203<@\24U\351m\250"..., 8192) = 100
1512301501.623389 clock_gettime(CLOCK_BOOTTIME, {26573, 43997645}) = 0
1512301501.623431 clock_gettime(CLOCK_BOOTTIME, {26573, 44018132}) = 0
1512301501.623451 select(7, [3 4], [5], NULL, NULL) = 1 (out [5])
1512301501.623481 clock_gettime(CLOCK_BOOTTIME, {26573, 44068186}) = 0
1512301501.623500 write(5, "\33]0;hy@PyStudy2: ~\7\33[01;32mhy@Py"..., 60) = 60
1512301501.623636 clock_gettime(CLOCK_BOOTTIME, {26573, 44225287}) = 0
1512301501.623663 clock_gettime(CLOCK_BOOTTIME, {26573, 44250021}) = 0
1512301501.623684 select(7, [3 4], [], NULL, NULL) = 1 (in [4])
1512301502.644023 clock_gettime(CLOCK_BOOTTIME, {26574, 64622047}) = 0
1512301502.644101 read(4, "e", 16384)   = 1
1512301502.644279 clock_gettime(CLOCK_BOOTTIME, {26574, 64885124}) = 0
1512301502.644356 clock_gettime(CLOCK_BOOTTIME, {26574, 64992983}) = 0
1512301502.644465 select(7, [3 4], [3], NULL, NULL) = 1 (out [3])
1512301502.644571 clock_gettime(CLOCK_BOOTTIME, {26574, 65171280}) = 0
1512301502.644692 write(3, "H\33\360\222T\235+\nz\22\274\27\0033*\375\34\227\224F\222\27\306u\207|\270C\0\357\3241"..., 36) = 36
1512301502.645004 clock_gettime(CLOCK_BOOTTIME, {26574, 65607912}) = 0
1512301502.645081 clock_gettime(CLOCK_BOOTTIME, {26574, 65683096}) = 0
1512301502.645225 select(7, [3 4], [], NULL, NULL) = 1 (in [3])
1512301502.646323 clock_gettime(CLOCK_BOOTTIME, {26574, 66942853}) = 0
1512301502.646434 read(3, "\272\236\177U\2\26\203o\231\272\335.\2168\213\216\226\375\344!\244\v\23\245=v{\227\213<\200\253"..., 8192) = 36
1512301502.646684 clock_gettime(CLOCK_BOOTTIME, {26574, 67303125}) = 0
1512301502.646838 clock_gettime(CLOCK_BOOTTIME, {26574, 67446321}) = 0
1512301502.646921 select(7, [3 4], [5], NULL, NULL) = 1 (out [5])
1512301502.647105 clock_gettime(CLOCK_BOOTTIME, {26574, 67839945}) = 0
1512301502.647353 write(5, "e", 1)      = 1
1512301502.647946 clock_gettime(CLOCK_BOOTTIME, {26574, 68554029}) = 0
1512301502.648038 clock_gettime(CLOCK_BOOTTIME, {26574, 68640864}) = 0
1512301502.648107 select(7, [3 4], [], NULL, NULL) = 1 (in [4])
1512301502.848179 clock_gettime(CLOCK_BOOTTIME, {26574, 268771048}) = 0
1512301502.848213 read(4, "x", 16384)   = 1
1512301502.848260 clock_gettime(CLOCK_BOOTTIME, {26574, 268848750}) = 0
1512301502.848285 clock_gettime(CLOCK_BOOTTIME, {26574, 268872482}) = 0
1512301502.848308 select(7, [3 4], [3], NULL, NULL) = 1 (out [3])
1512301502.848343 clock_gettime(CLOCK_BOOTTIME, {26574, 268930561}) = 0
1512301502.848366 write(3, "W\2369\t>\250\344c.\206P\267\345\215\352\17x\225/\224)d\244\235%\356vO\312m\304{"..., 36) = 36
1512301502.848550 clock_gettime(CLOCK_BOOTTIME, {26574, 269144282}) = 0
1512301502.848585 clock_gettime(CLOCK_BOOTTIME, {26574, 269172411}) = 0
1512301502.848608 select(7, [3 4], [], NULL, NULL) = 1 (in [3])
1512301502.849186 clock_gettime(CLOCK_BOOTTIME, {26574, 269776938}) = 0
1512301502.849216 read(3, "E\247\350\300\37s\311\24\202dov\214\240?\233Ynh\274\224i@h<\202[m\340X\30\26"..., 8192) = 36
1512301502.849260 clock_gettime(CLOCK_BOOTTIME, {26574, 269848661}) = 0
1512301502.849285 clock_gettime(CLOCK_BOOTTIME, {26574, 269872161}) = 0
1512301502.849308 select(7, [3 4], [5], NULL, NULL) = 1 (out [5])
1512301502.849343 clock_gettime(CLOCK_BOOTTIME, {26574, 269930462}) = 0
1512301502.849366 write(5, "x", 1)      = 1
1512301502.849582 clock_gettime(CLOCK_BOOTTIME, {26574, 270171255}) = 0
1512301502.849612 clock_gettime(CLOCK_BOOTTIME, {26574, 270199498}) = 0
1512301502.849635 select(7, [3 4], [], NULL, NULL) = 1 (in [4])
1512301502.983840 clock_gettime(CLOCK_BOOTTIME, {26574, 404431439}) = 0
1512301502.983872 read(4, "i", 16384)   = 1
1512301502.983918 clock_gettime(CLOCK_BOOTTIME, {26574, 404507093}) = 0
1512301502.983943 clock_gettime(CLOCK_BOOTTIME, {26574, 404530100}) = 0
1512301502.983966 select(7, [3 4], [3], NULL, NULL) = 1 (out [3])
1512301502.984000 clock_gettime(CLOCK_BOOTTIME, {26574, 404587445}) = 0
1512301502.984023 write(3, "\352J4!\325\226\257\212\321\322QU\322}]\242\236\360y\252\24\7\1\205Y\34\327\345\177\257\214\352"..., 36) = 36
1512301502.984164 clock_gettime(CLOCK_BOOTTIME, {26574, 404752605}) = 0
1512301502.984223 clock_gettime(CLOCK_BOOTTIME, {26574, 404814970}) = 0
1512301502.984253 select(7, [3 4], [], NULL, NULL) = 1 (in [3])
1512301502.984752 clock_gettime(CLOCK_BOOTTIME, {26574, 405342372}) = 0
1512301502.984782 read(3, "E\306\325\271\362\335N=*\320n\207n\35~\350\221U\2\3408\335\246E\36\230wo%x\357\334"..., 8192) = 36
1512301502.984825 clock_gettime(CLOCK_BOOTTIME, {26574, 405412965}) = 0
1512301502.984849 clock_gettime(CLOCK_BOOTTIME, {26574, 405436188}) = 0
1512301502.984871 select(7, [3 4], [5], NULL, NULL) = 1 (out [5])
1512301502.984908 clock_gettime(CLOCK_BOOTTIME, {26574, 405495821}) = 0
1512301502.984931 write(5, "i", 1)      = 1
1512301502.985118 clock_gettime(CLOCK_BOOTTIME, {26574, 405707356}) = 0
1512301502.985148 clock_gettime(CLOCK_BOOTTIME, {26574, 405752355}) = 0
1512301502.985370 select(7, [3 4], [], NULL, NULL) = 1 (in [4])
1512301503.140352 clock_gettime(CLOCK_BOOTTIME, {26574, 560943023}) = 0
1512301503.140384 read(4, "t", 16384)   = 1
1512301503.140429 clock_gettime(CLOCK_BOOTTIME, {26574, 561018224}) = 0
1512301503.140454 clock_gettime(CLOCK_BOOTTIME, {26574, 561041836}) = 0
1512301503.140477 select(7, [3 4], [3], NULL, NULL) = 1 (out [3])
1512301503.140512 clock_gettime(CLOCK_BOOTTIME, {26574, 561099066}) = 0
1512301503.140535 write(3, "\343(\370\251?'R5_X\17\302&\371.>5S\362\6\3062\373d\247\257\367\213\220W\230\300"..., 36) = 36
1512301503.140695 clock_gettime(CLOCK_BOOTTIME, {26574, 561284439}) = 0
1512301503.140725 clock_gettime(CLOCK_BOOTTIME, {26574, 561312201}) = 0
1512301503.140748 select(7, [3 4], [], NULL, NULL) = 1 (in [3])
1512301503.141264 clock_gettime(CLOCK_BOOTTIME, {26574, 561859138}) = 0
1512301503.141311 read(3, "\317\215R\233p\3\204nF_hm<\220&\240\312\254~w\300\2csu\34:%\243\t\220\264"..., 8192) = 36
1512301503.141359 clock_gettime(CLOCK_BOOTTIME, {26574, 561947545}) = 0
1512301503.141383 clock_gettime(CLOCK_BOOTTIME, {26574, 561970793}) = 0
1512301503.141406 select(7, [3 4], [5], NULL, NULL) = 1 (out [5])
1512301503.141443 clock_gettime(CLOCK_BOOTTIME, {26574, 562030469}) = 0
1512301503.141465 write(5, "t", 1)      = 1
1512301503.141680 clock_gettime(CLOCK_BOOTTIME, {26574, 562269674}) = 0
1512301503.141710 clock_gettime(CLOCK_BOOTTIME, {26574, 562297097}) = 0
1512301503.141732 select(7, [3 4], [], NULL, NULL) = 1 (in [4])
1512301503.251998 clock_gettime(CLOCK_BOOTTIME, {26574, 672584534}) = 0
1512301503.252015 read(4, "\r", 16384)  = 1
1512301503.252041 clock_gettime(CLOCK_BOOTTIME, {26574, 672627045}) = 0
1512301503.252054 clock_gettime(CLOCK_BOOTTIME, {26574, 672638727}) = 0
1512301503.252066 select(7, [3 4], [3], NULL, NULL) = 1 (out [3])
1512301503.252083 clock_gettime(CLOCK_BOOTTIME, {26574, 672667941}) = 0
1512301503.252095 write(3, "\265\vy\253\334p|\33\223\253\315\323N$4\242\344E\246\323\20H\31!\33o\336\201\366\276\346\321"..., 36) = 36
1512301503.252206 clock_gettime(CLOCK_BOOTTIME, {26574, 672793982}) = 0
1512301503.252230 clock_gettime(CLOCK_BOOTTIME, {26574, 672816565}) = 0
1512301503.252249 select(7, [3 4], [], NULL, NULL) = 1 (in [3])
1512301503.253829 clock_gettime(CLOCK_BOOTTIME, {26574, 674416270}) = 0
1512301503.253846 read(3, "\346\227h\5\7\311M\274\0232\367\261zY\212\321?\353\220\226 \303FP)_\205\342\31\322\327\301"..., 8192) = 148
1512301503.253877 close(4)              = 0
1512301503.253892 clock_gettime(CLOCK_BOOTTIME, {26574, 674476669}) = 0
1512301503.253904 clock_gettime(CLOCK_BOOTTIME, {26574, 674488554}) = 0
1512301503.253915 select(7, [3], [5], NULL, NULL) = 1 (out [5])
1512301503.253933 clock_gettime(CLOCK_BOOTTIME, {26574, 674517590}) = 0
1512301503.253944 write(5, "\r\nlogout\r\n", 10) = 10
1512301503.254102 clock_gettime(CLOCK_BOOTTIME, {26574, 674687266}) = 0
1512301503.254117 clock_gettime(CLOCK_BOOTTIME, {26574, 674701186}) = 0
1512301503.254128 select(7, [3], [], NULL, NULL) = 1 (in [3])
1512301503.254274 clock_gettime(CLOCK_BOOTTIME, {26574, 674866654}) = 0
1512301503.254302 read(3, "\v\216\254\231\3077;\236\333X\24\352\251\261\261\237d3\347\216q\32\277\177>\303i\217T\355*\2"..., 8192) = 72
1512301503.254332 close(5)              = 0
1512301503.254345 clock_gettime(CLOCK_BOOTTIME, {26574, 674929937}) = 0
1512301503.254357 clock_gettime(CLOCK_BOOTTIME, {26574, 674941445}) = 0
1512301503.254369 ioctl(0, TCGETS, {B38400 -opost -isig -icanon -echo ...}) = 0
1512301503.254385 ioctl(0, SNDCTL_TMR_STOP or TCSETSW, {B38400 opost isig icanon echo ...}) = 0
1512301503.254398 ioctl(0, TCGETS, {B38400 opost isig icanon echo ...}) = 0
1512301503.254422 close(6)              = 0
1512301503.254435 select(7, [3], [3], NULL, NULL) = 1 (out [3])
1512301503.254452 clock_gettime(CLOCK_BOOTTIME, {26574, 675036391}) = 0
1512301503.254463 write(3, "\307\254\257\233\345\214R\334K\7\317\372\f\317~\347q\315yu\240\360\35b\313\347\370\230T\311t\365"..., 36) = 36
1512301503.254553 rt_sigaction(SIGWINCH, NULL, {0x5604c10b5230, [], SA_RESTORER, 0x7fe9180c84b0}, 8) = 0
1512301503.254595 rt_sigaction(SIGWINCH, {SIG_DFL, [], SA_RESTORER, 0x7fe9180c84b0}, NULL, 8) = 0
1512301503.254623 write(3, ":\17d\27\342,\246N,\22\334*\200\244\272\305@\202\273\1K\360\f^\212\202\t:\247\200j'"..., 60) = 60
1512301503.254735 ioctl(0, TCGETS, {B38400 opost isig icanon echo ...}) = 0
1512301503.254762 ioctl(1, TCGETS, {B38400 opost isig icanon echo ...}) = 0
1512301503.254782 ioctl(2, TCGETS, {B38400 opost isig icanon echo ...}) = 0
1512301503.254806 write(2, "Connection to 192.168.100.130 cl"..., 39) = 39
1512301503.255054 close(3)              = 0
1512301503.255339 exit_group(0)         = ?
1512301503.256787 +++ exited with 0 +++
