1512300632.096965 read(3, "S", 1)       = 1
1512300632.119669 read(3, "S", 1)       = 1
1512300632.119693 read(3, "H", 1)       = 1
1512300632.119708 read(3, "-", 1)       = 1
1512300632.119724 read(3, "2", 1)       = 1
1512300632.119740 read(3, ".", 1)       = 1
1512300632.119750 read(3, "0", 1)       = 1
1512300632.119760 read(3, "-", 1)       = 1
1512300632.119769 read(3, "O", 1)       = 1
1512300632.119778 read(3, "p", 1)       = 1
1512300632.119787 read(3, "e", 1)       = 1
1512300632.119820 read(3, "n", 1)       = 1
1512300632.119836 read(3, "S", 1)       = 1
1512300632.119852 read(3, "S", 1)       = 1
1512300632.119867 read(3, "H", 1)       = 1
1512300632.119883 read(3, "_", 1)       = 1
1512300632.119898 read(3, "7", 1)       = 1
1512300632.119913 read(3, ".", 1)       = 1
1512300632.119929 read(3, "2", 1)       = 1
1512300632.119942 read(3, "p", 1)       = 1
1512300632.119953 read(3, "2", 1)       = 1
1512300632.119963 read(3, " ", 1)       = 1
1512300632.119972 read(3, "U", 1)       = 1
1512300632.119981 read(3, "b", 1)       = 1
1512300632.119990 read(3, "u", 1)       = 1
1512300632.120000 read(3, "n", 1)       = 1
1512300632.120009 read(3, "t", 1)       = 1
1512300632.120018 read(3, "u", 1)       = 1
1512300632.120028 read(3, "-", 1)       = 1
1512300632.120037 read(3, "4", 1)       = 1
1512300632.120046 read(3, "u", 1)       = 1
1512300632.120055 read(3, "b", 1)       = 1
1512300632.120064 read(3, "u", 1)       = 1
1512300632.120074 read(3, "n", 1)       = 1
1512300632.120083 read(3, "t", 1)       = 1
1512300632.120092 read(3, "u", 1)       = 1
1512300632.120101 read(3, "2", 1)       = 1
1512300632.120110 read(3, ".", 1)       = 1
1512300632.120120 read(3, "1", 1)       = 1
1512300632.120129 read(3, "\r", 1)      = 1
1512300632.120138 read(3, "\n", 1)      = 1
1512300632.120170 fcntl(3, F_GETFL)     = 0x2 (flags O_RDWR)
1512300632.120181 fcntl(3, F_SETFL, O_RDWR|O_NONBLOCK) = 0
1512300632.120198 open("/home/hy/.ssh/known_hosts", O_RDONLY) = 4
1512300632.120231 fstat(4, {st_mode=S_IFREG|0644, st_size=621, ...}) = 0
1512300632.120411 read(4, "|1|O9ZITlqm8A5drAsYzTgRRbmdEoY=|"..., 4096) = 621
1512300632.120458 read(4, "", 4096)     = 0
1512300632.120469 close(4)              = 0
1512300632.120481 open("/home/hy/.ssh/known_hosts2", O_RDONLY) = -1 ENOENT (No such file or directory)
1512300632.120498 open("/usr/local/openssh7/etc/ssh_known_hosts", O_RDONLY) = -1 ENOENT (No such file or directory)
1512300632.120513 open("/usr/local/openssh7/etc/ssh_known_hosts2", O_RDONLY) = -1 ENOENT (No such file or directory)
1512300632.120580 write(3, "\0\0\5L\5\24\21\252K\201\342\261\372\354\257\240\33\356<\210\246\207\0\0\0010curve2"..., 1360) = 1360
1512300632.120647 select(4, [3], NULL, NULL, NULL) = 1 (in [3])
1512300632.120664 read(3, "\0\0\3\314\n\24\276\263\210\357Z\204c\262\262\372\370\332~(\37\361\0\0\0\226curve2"..., 8192) = 976
1512300632.122503 write(3, "\0\0\0,\6\36\0\0\0 p\371\22\31\230\t3h^\177r\354\30\313P/\333\334\263\177\250i"..., 48) = 48
1512300632.123918 select(4, [3], NULL, NULL, NULL) = 1 (in [3])
1512300632.127772 read(3, "\0\0\1\4\t\37\0\0\0h\0\0\0\23ecdsa-sha2-nistp25"..., 8192) = 364
1512300632.127985 open("/home/hy/.ssh/known_hosts", O_RDONLY) = 4
1512300632.128015 fstat(4, {st_mode=S_IFREG|0644, st_size=621, ...}) = 0
1512300632.128031 read(4, "|1|O9ZITlqm8A5drAsYzTgRRbmdEoY=|"..., 4096) = 621
1512300632.128058 read(4, "", 4096)     = 0
1512300632.128069 close(4)              = 0
1512300632.128082 open("/home/hy/.ssh/known_hosts2", O_RDONLY) = -1 ENOENT (No such file or directory)
1512300632.128098 open("/usr/local/openssh7/etc/ssh_known_hosts", O_RDONLY) = -1 ENOENT (No such file or directory)
1512300632.128113 open("/usr/local/openssh7/etc/ssh_known_hosts2", O_RDONLY) = -1 ENOENT (No such file or directory)
1512300632.128126 open("/home/hy/.ssh/known_hosts", O_WRONLY|O_CREAT|O_APPEND, 0666) = 4
1512300632.128141 lseek(4, 0, SEEK_END) = 621
1512300632.128152 fstat(4, {st_mode=S_IFREG|0644, st_size=621, ...}) = 0
1512300632.128176 write(4, "192.168.100.132 ecdsa-sha2-nistp"..., 177) = 177
1512300632.128198 close(4)              = 0
1512300632.128218 write(2, "Warning: Permanently added '192."..., 82) = 82
1512300632.130452 clock_gettime(CLOCK_BOOTTIME, {25703, 551044600}) = 0
1512300632.130479 write(3, "\0\0\0\f\n\25\0\0\0\0\0\0\0\0\0\0", 16) = 16
1512300632.130559 write(3, "yV\371\224\323\311\332\356\30\204\23qx\272{3sP\205\5\262@\257O5n:\17u\271U\346"..., 44) = 44
1512300632.130581 select(4, [3], NULL, NULL, NULL) = 1 (in [3])
1512300632.169924 read(3, "\336l\273\212:e6l\10\316\34\274\302\355\204\35\341I\353\300\310\251m?\210\311\177dNr\25\234"..., 8192) = 44
1512300632.169961 write(3, "A\270u\3\357\34\325'\f\361\331\311K\22\240\0Q\4\246E\325'^\366\340\3769\212\36\310\251f"..., 60) = 60
1512300632.170043 select(4, [3], NULL, NULL, NULL) = 1 (in [3])
1512300632.171169 read(3, ",{f+\251\315\316;\221.\373^\0011\2728\364\340\32)\23\276\367\v\36V\4\375\fWG\274"..., 8192) = 52
1512300632.171202 stat("/home/hy/.ssh/id_rsa", 0x7fffebc529e0) = -1 ENOENT (No such file or directory)
1512300632.171228 stat("/home/hy/.ssh/id_dsa", 0x7fffebc529e0) = -1 ENOENT (No such file or directory)
1512300632.171241 stat("/home/hy/.ssh/id_ecdsa", 0x7fffebc529e0) = -1 ENOENT (No such file or directory)
1512300632.171253 stat("/home/hy/.ssh/id_ed25519", 0x7fffebc529e0) = -1 ENOENT (No such file or directory)
1512300632.171269 open("/dev/tty", O_RDWR) = 4
1512300632.171291 close(4)              = 0
1512300632.171303 open("/dev/tty", O_RDWR) = 4
1512300632.171343 ioctl(4, TCGETS, {B38400 opost isig icanon echo ...}) = 0
1512300632.171366 ioctl(4, TCGETS, {B38400 opost isig icanon echo ...}) = 0
1512300632.171377 ioctl(4, SNDCTL_TMR_CONTINUE or TCSETSF, {B38400 opost isig icanon -echo ...}) = 0
1512300632.171390 ioctl(4, TCGETS, {B38400 opost isig icanon -echo ...}) = 0
1512300632.171400 rt_sigaction(SIGALRM, {0x562b2fb165b0, [], SA_RESTORER, 0x7f1b528c24b0}, {SIG_DFL, [], 0}, 8) = 0
1512300632.171413 rt_sigaction(SIGHUP, {0x562b2fb165b0, [], SA_RESTORER, 0x7f1b528c24b0}, {SIG_DFL, [], 0}, 8) = 0
1512300632.171424 rt_sigaction(SIGINT, {0x562b2fb165b0, [], SA_RESTORER, 0x7f1b528c24b0}, {SIG_DFL, [], 0}, 8) = 0
1512300632.171435 rt_sigaction(SIGPIPE, {0x562b2fb165b0, [], SA_RESTORER, 0x7f1b528c24b0}, {SIG_IGN, [], SA_RESTORER, 0x7f1b528c24b0}, 8) = 0
1512300632.171446 rt_sigaction(SIGQUIT, {0x562b2fb165b0, [], SA_RESTORER, 0x7f1b528c24b0}, {SIG_DFL, [], 0}, 8) = 0
1512300632.171456 rt_sigaction(SIGTERM, {0x562b2fb165b0, [], SA_RESTORER, 0x7f1b528c24b0}, {SIG_DFL, [], 0}, 8) = 0
1512300632.171467 rt_sigaction(SIGTSTP, {0x562b2fb165b0, [], SA_RESTORER, 0x7f1b528c24b0}, {SIG_DFL, [], 0}, 8) = 0
1512300632.171478 rt_sigaction(SIGTTIN, {0x562b2fb165b0, [], SA_RESTORER, 0x7f1b528c24b0}, {SIG_DFL, [], 0}, 8) = 0
1512300632.171489 rt_sigaction(SIGTTOU, {0x562b2fb165b0, [], SA_RESTORER, 0x7f1b528c24b0}, {SIG_DFL, [], 0}, 8) = 0
1512300632.171499 write(4, "hy@192.168.100.132's password: ", 31) = 31
1512300632.171551 read(4, "1", 1)       = 1
1512300632.171562 read(4, "1", 1)       = 1
1512300632.171571 read(4, "1", 1)       = 1
1512300632.171580 read(4, "1", 1)       = 1
1512300632.171589 read(4, "\n", 1)      = 1
1512300632.171599 write(4, "\n", 1)     = 1
1512300632.171614 ioctl(4, TCGETS, {B38400 opost isig icanon -echo ...}) = 0
1512300632.171624 ioctl(4, SNDCTL_TMR_CONTINUE or TCSETSF, {B38400 opost isig icanon echo ...}) = 0
1512300632.171634 ioctl(4, TCGETS, {B38400 opost isig icanon echo ...}) = 0
1512300632.171643 rt_sigaction(SIGALRM, {SIG_DFL, [], SA_RESTORER, 0x7f1b528c24b0}, NULL, 8) = 0
1512300632.171652 rt_sigaction(SIGHUP, {SIG_DFL, [], SA_RESTORER, 0x7f1b528c24b0}, NULL, 8) = 0
1512300632.171661 rt_sigaction(SIGINT, {SIG_DFL, [], SA_RESTORER, 0x7f1b528c24b0}, NULL, 8) = 0
1512300632.171670 rt_sigaction(SIGQUIT, {SIG_DFL, [], SA_RESTORER, 0x7f1b528c24b0}, NULL, 8) = 0
1512300632.171679 rt_sigaction(SIGPIPE, {SIG_IGN, [], SA_RESTORER, 0x7f1b528c24b0}, NULL, 8) = 0
1512300632.171689 rt_sigaction(SIGTERM, {SIG_DFL, [], SA_RESTORER, 0x7f1b528c24b0}, NULL, 8) = 0
1512300632.171698 rt_sigaction(SIGTSTP, {SIG_DFL, [], SA_RESTORER, 0x7f1b528c24b0}, NULL, 8) = 0
1512300632.171718 rt_sigaction(SIGTTIN, {SIG_DFL, [], SA_RESTORER, 0x7f1b528c24b0}, NULL, 8) = 0
1512300632.171727 rt_sigaction(SIGTTOU, {SIG_DFL, [], SA_RESTORER, 0x7f1b528c24b0}, NULL, 8) = 0
1512300632.171736 close(4)              = 0
1512300632.171753 write(3, "\236&\235\32\210Q\202i\236\34/\210\346\207R\0170\306\240\222\342&\232\357\366\204\203\325\2\266Z\223"..., 84) = 84
1512300632.171855 select(4, [3], NULL, NULL, NULL) = 1 (in [3])
1512300632.212129 read(3, "|\334\355\343e\17v\342\360\353 \23\221\4\203\303\304\214\266\205g_C\16,C\374.", 8192) = 28
1512300632.212161 dup(0)                = 4
1512300632.212171 dup(1)                = 5
1512300632.212180 dup(2)                = 6
1512300632.212188 ioctl(4, TCGETS, {B38400 opost isig icanon echo ...}) = 0
1512300632.212204 ioctl(5, TCGETS, {B38400 opost isig icanon echo ...}) = 0
1512300632.212225 ioctl(6, TCGETS, {B38400 opost isig icanon echo ...}) = 0
1512300632.212243 fcntl(4, F_SETFD, FD_CLOEXEC) = 0
1512300632.212253 fcntl(5, F_SETFD, FD_CLOEXEC) = 0
1512300632.212261 fcntl(6, F_SETFD, FD_CLOEXEC) = 0
1512300632.212279 rt_sigaction(SIGHUP, NULL, {SIG_DFL, [], SA_RESTORER, 0x7f1b528c24b0}, 8) = 0
1512300632.212292 rt_sigaction(SIGHUP, {SIG_IGN, [], SA_RESTORER, 0x7f1b528c24b0}, NULL, 8) = 0
1512300632.212302 rt_sigaction(SIGHUP, NULL, {SIG_IGN, [], SA_RESTORER, 0x7f1b528c24b0}, 8) = 0
1512300632.212311 rt_sigaction(SIGHUP, {0x562b2fac0fc0, [], SA_RESTORER, 0x7f1b528c24b0}, NULL, 8) = 0
1512300632.212321 rt_sigaction(SIGINT, NULL, {SIG_DFL, [], SA_RESTORER, 0x7f1b528c24b0}, 8) = 0
1512300632.212330 rt_sigaction(SIGINT, {SIG_IGN, [], SA_RESTORER, 0x7f1b528c24b0}, NULL, 8) = 0
1512300632.212339 rt_sigaction(SIGINT, NULL, {SIG_IGN, [], SA_RESTORER, 0x7f1b528c24b0}, 8) = 0
1512300632.212349 rt_sigaction(SIGINT, {0x562b2fac0fc0, [], SA_RESTORER, 0x7f1b528c24b0}, NULL, 8) = 0
1512300632.212383 rt_sigaction(SIGQUIT, NULL, {SIG_DFL, [], SA_RESTORER, 0x7f1b528c24b0}, 8) = 0
1512300632.212393 rt_sigaction(SIGQUIT, {SIG_IGN, [], SA_RESTORER, 0x7f1b528c24b0}, NULL, 8) = 0
1512300632.212403 rt_sigaction(SIGQUIT, NULL, {SIG_IGN, [], SA_RESTORER, 0x7f1b528c24b0}, 8) = 0
1512300632.212412 rt_sigaction(SIGQUIT, {0x562b2fac0fc0, [], SA_RESTORER, 0x7f1b528c24b0}, NULL, 8) = 0
1512300632.212421 rt_sigaction(SIGTERM, NULL, {SIG_DFL, [], SA_RESTORER, 0x7f1b528c24b0}, 8) = 0
1512300632.212430 rt_sigaction(SIGTERM, {SIG_IGN, [], SA_RESTORER, 0x7f1b528c24b0}, NULL, 8) = 0
1512300632.212440 rt_sigaction(SIGTERM, NULL, {SIG_IGN, [], SA_RESTORER, 0x7f1b528c24b0}, 8) = 0
1512300632.212449 rt_sigaction(SIGTERM, {0x562b2fac0fc0, [], SA_RESTORER, 0x7f1b528c24b0}, NULL, 8) = 0
1512300632.212458 rt_sigaction(SIGWINCH, NULL, {SIG_DFL, [], 0}, 8) = 0
1512300632.212468 rt_sigaction(SIGWINCH, {0x562b2fac1230, [], SA_RESTORER, 0x7f1b528c24b0}, NULL, 8) = 0
1512300632.212478 ioctl(0, TCGETS, {B38400 opost isig icanon echo ...}) = 0
1512300632.212488 ioctl(0, TCGETS, {B38400 opost isig icanon echo ...}) = 0
1512300632.212498 ioctl(0, SNDCTL_TMR_STOP or TCSETSW, {B38400 -opost -isig -icanon -echo ...}) = 0
1512300632.212510 ioctl(0, TCGETS, {B38400 -opost -isig -icanon -echo ...}) = 0
1512300632.212522 clock_gettime(CLOCK_BOOTTIME, {25703, 633107516}) = 0
1512300632.212534 clock_gettime(CLOCK_BOOTTIME, {25703, 633118625}) = 0
1512300632.212544 select(7, [3], [3], NULL, NULL) = 1 (out [3])
1512300632.212560 clock_gettime(CLOCK_BOOTTIME, {25703, 633144051}) = 0
1512300632.212570 write(3, "kl<\33\260\225\3529F{\357\364\367Ck\334\250VOO\2765\372=\330a\370E\1D\177v"..., 112) = 112
1512300632.212639 clock_gettime(CLOCK_BOOTTIME, {25703, 633223485}) = 0
1512300632.212651 clock_gettime(CLOCK_BOOTTIME, {25703, 633235408}) = 0
1512300632.212661 select(7, [3], [], NULL, NULL) = 1 (in [3])
1512300632.838239 clock_gettime(CLOCK_BOOTTIME, {25704, 258828868}) = 0
1512300632.838262 read(3, "Hi\3545\347\353\257\271RC\372L\31&)\352\30\244\304J\32=\25\335\375\266\313\r\366\216\252|"..., 8192) = 940
1512300632.838322 clock_gettime(CLOCK_BOOTTIME, {25704, 258912586}) = 0
1512300632.838344 clock_gettime(CLOCK_BOOTTIME, {25704, 258941826}) = 0
1512300632.838372 select(7, [3], [], NULL, NULL) = 1 (in [3])
1512300632.876565 clock_gettime(CLOCK_BOOTTIME, {25704, 297151327}) = 0
1512300632.876579 read(3, "\220\322<\245\243\302B\34\254\315S\"Y\235EqM^\364%\201\215\337\237\205\242\253\260\202/\2313"..., 8192) = 44
1512300632.876606 getsockopt(3, SOL_TCP, TCP_NODELAY, [0], [4]) = 0
1512300632.876620 setsockopt(3, SOL_TCP, TCP_NODELAY, [1], 4) = 0
1512300632.876631 getsockname(3, {sa_family=AF_INET, sin_port=htons(36246), sin_addr=inet_addr("192.168.100.129")}, [16]) = 0
1512300632.876643 setsockopt(3, SOL_IP, IP_TOS, [16], 4) = 0
1512300632.876655 ioctl(0, TIOCGWINSZ, {ws_row=22, ws_col=226, ws_xpixel=1808, ws_ypixel=594}) = 0
1512300632.876681 clock_gettime(CLOCK_BOOTTIME, {25704, 297265885}) = 0
1512300632.876692 clock_gettime(CLOCK_BOOTTIME, {25704, 297275833}) = 0
1512300632.876701 select(7, [3], [3], NULL, NULL) = 1 (out [3])
1512300632.876715 clock_gettime(CLOCK_BOOTTIME, {25704, 297299433}) = 0
1512300632.876725 write(3, "]\22vw\341a\343\370y\210\371h\304Q\32h*\232\3z\303J*\f\305$!i>\261\34\353"..., 392) = 392
1512300632.876779 clock_gettime(CLOCK_BOOTTIME, {25704, 297363842}) = 0
1512300632.876791 clock_gettime(CLOCK_BOOTTIME, {25704, 297374878}) = 0
1512300632.876800 select(7, [3], [], NULL, NULL) = 1 (in [3])
1512300632.887614 clock_gettime(CLOCK_BOOTTIME, {25704, 308200423}) = 0
1512300632.887629 read(3, "\262N\20\325^r\326X\2\20L\253\321\23\223\30\324E\20\2'\212\33G\271U\253\362w\337,-"..., 8192) = 108
1512300632.887657 clock_gettime(CLOCK_BOOTTIME, {25704, 308241928}) = 0
1512300632.887668 clock_gettime(CLOCK_BOOTTIME, {25704, 308251772}) = 0
1512300632.887677 select(7, [3 4], [], NULL, NULL) = 1 (in [3])
1512300632.893672 clock_gettime(CLOCK_BOOTTIME, {25704, 314263529}) = 0
1512300632.893702 read(3, "]\321\336\2\302u\324=\355B\357Z\n\255\245\236\260}V\201P\265\22\267r\234k \364\22N\6"..., 8192) = 172
1512300632.893864 clock_gettime(CLOCK_BOOTTIME, {25704, 314453326}) = 0
1512300632.893888 clock_gettime(CLOCK_BOOTTIME, {25704, 314475373}) = 0
1512300632.893916 select(7, [3 4], [5], NULL, NULL) = 2 (in [3], out [5])
1512300632.893946 clock_gettime(CLOCK_BOOTTIME, {25704, 314532385}) = 0
1512300632.893964 write(5, "Welcome to Ubuntu 16.04.2 LTS (G"..., 69) = 69
1512300632.894116 read(3, "\366\232\371\201\356\360\323\35@\6\274t`7\305\36\231\251\364\325CX\325U\333vf5\3120\26q"..., 8192) = 456
1512300632.894233 clock_gettime(CLOCK_BOOTTIME, {25704, 314821516}) = 0
1512300632.894254 clock_gettime(CLOCK_BOOTTIME, {25704, 314841470}) = 0
1512300632.894274 select(7, [3 4], [5], NULL, NULL) = 2 (in [3], out [5])
1512300632.894300 clock_gettime(CLOCK_BOOTTIME, {25704, 314887188}) = 0
1512300632.894418 write(5, " * Documentation:  https://help."..., 175) = 175
1512300632.894545 read(3, "\24O\264\233%T.\272J.]\307!1\223\251\204\366\200[\f* ]RP\244\326:\216\222\0"..., 8192) = 340
1512300632.894620 clock_gettime(CLOCK_BOOTTIME, {25704, 315206697}) = 0
1512300632.894636 clock_gettime(CLOCK_BOOTTIME, {25704, 315222171}) = 0
1512300632.894652 select(7, [3 4], [5], NULL, NULL) = 1 (out [5])
1512300632.894676 clock_gettime(CLOCK_BOOTTIME, {25704, 315261797}) = 0
1512300632.894691 write(5, "\r\n81 updates are security update"..., 100) = 100
1512300632.894784 clock_gettime(CLOCK_BOOTTIME, {25704, 315370653}) = 0
1512300632.894803 clock_gettime(CLOCK_BOOTTIME, {25704, 315388977}) = 0
1512300632.894922 select(7, [3 4], [], NULL, NULL) = 1 (in [3])
1512300633.354532 clock_gettime(CLOCK_BOOTTIME, {25704, 775121772}) = 0
1512300633.354575 read(3, "\215\233\26\311\t6\362\33\4\373\303\247\322r\217\207/\310 ls\357`\252\207%\10 \222R\314R"..., 8192) = 100
1512300633.354608 clock_gettime(CLOCK_BOOTTIME, {25704, 775194041}) = 0
1512300633.354622 clock_gettime(CLOCK_BOOTTIME, {25704, 775206192}) = 0
1512300633.354632 select(7, [3 4], [5], NULL, NULL) = 1 (out [5])
1512300633.354652 clock_gettime(CLOCK_BOOTTIME, {25704, 775236108}) = 0
1512300633.354662 write(5, "\33]0;hy@PyStudy4: ~\7\33[01;32mhy@Py"..., 60) = 60
1512300633.354803 clock_gettime(CLOCK_BOOTTIME, {25704, 775398182}) = 0
1512300633.354828 clock_gettime(CLOCK_BOOTTIME, {25704, 775412108}) = 0
1512300633.354838 select(7, [3 4], [], NULL, NULL) = 1 (in [4])
1512300633.903650 clock_gettime(CLOCK_BOOTTIME, {25705, 324237170}) = 0
1512300633.903668 read(4, "d", 16384)   = 1
1512300633.903694 clock_gettime(CLOCK_BOOTTIME, {25705, 324279036}) = 0
1512300633.903706 clock_gettime(CLOCK_BOOTTIME, {25705, 324291090}) = 0
1512300633.903718 select(7, [3 4], [3], NULL, NULL) = 1 (out [3])
1512300633.903736 clock_gettime(CLOCK_BOOTTIME, {25705, 324320388}) = 0
1512300633.903748 write(3, "\232\261b\16\v\21\255l\17\261\272\374\255dw\343P\266\356EG\327\262\243\3268\17T\1\270G\234"..., 36) = 36
1512300633.903824 clock_gettime(CLOCK_BOOTTIME, {25705, 324409851}) = 0
1512300633.903839 clock_gettime(CLOCK_BOOTTIME, {25705, 324423809}) = 0
1512300633.903851 select(7, [3 4], [], NULL, NULL) = 1 (in [3])
1512300633.904187 clock_gettime(CLOCK_BOOTTIME, {25705, 324773346}) = 0
1512300633.904202 read(3, "\303\214\207\300h8>\236.d\256\314<}O/\225\216\347*]\333\30t\377#iy\36<\301\34"..., 8192) = 36
1512300633.904223 clock_gettime(CLOCK_BOOTTIME, {25705, 324808650}) = 0
1512300633.904236 clock_gettime(CLOCK_BOOTTIME, {25705, 324820514}) = 0
1512300633.904247 select(7, [3 4], [5], NULL, NULL) = 1 (out [5])
1512300633.904265 clock_gettime(CLOCK_BOOTTIME, {25705, 324849696}) = 0
1512300633.904276 write(5, "d", 1)      = 1
1512300633.904374 clock_gettime(CLOCK_BOOTTIME, {25705, 324960048}) = 0
1512300633.904390 clock_gettime(CLOCK_BOOTTIME, {25705, 324974380}) = 0
1512300633.904401 select(7, [3 4], [], NULL, NULL) = 1 (in [4])
1512300634.021640 clock_gettime(CLOCK_BOOTTIME, {25705, 442227750}) = 0
1512300634.021658 read(4, "f", 16384)   = 1
1512300634.021684 clock_gettime(CLOCK_BOOTTIME, {25705, 442269133}) = 0
1512300634.021696 clock_gettime(CLOCK_BOOTTIME, {25705, 442281210}) = 0
1512300634.021708 select(7, [3 4], [3], NULL, NULL) = 1 (out [3])
1512300634.021726 clock_gettime(CLOCK_BOOTTIME, {25705, 442311154}) = 0
1512300634.021738 write(3, "T\7\235\347p\277\230\362\217\334\365O\314\257\364\225\347\314\322\217\300\35*\26m6\37Py\24oI"..., 36) = 36
1512300634.021817 clock_gettime(CLOCK_BOOTTIME, {25705, 442403067}) = 0
1512300634.021832 clock_gettime(CLOCK_BOOTTIME, {25705, 442417219}) = 0
1512300634.021844 select(7, [3 4], [], NULL, NULL) = 1 (in [3])
1512300634.022172 clock_gettime(CLOCK_BOOTTIME, {25705, 442757874}) = 0
1512300634.022185 read(3, "P\234\353\375U\276\320\325\307\221\237-9\374'\374\350\36\227\324\17/m\337\323,\21Xx\37\360\373"..., 8192) = 36
1512300634.022204 clock_gettime(CLOCK_BOOTTIME, {25705, 442789089}) = 0
1512300634.022215 clock_gettime(CLOCK_BOOTTIME, {25705, 442799197}) = 0
1512300634.022225 select(7, [3 4], [5], NULL, NULL) = 1 (out [5])
1512300634.022240 clock_gettime(CLOCK_BOOTTIME, {25705, 442824461}) = 0
1512300634.022250 write(5, "f", 1)      = 1
1512300634.022338 clock_gettime(CLOCK_BOOTTIME, {25705, 442922846}) = 0
1512300634.022351 clock_gettime(CLOCK_BOOTTIME, {25705, 442934895}) = 0
1512300634.022360 select(7, [3 4], [], NULL, NULL) = 1 (in [4])
1512300635.680299 clock_gettime(CLOCK_BOOTTIME, {25707, 100891941}) = 0
1512300635.680333 read(4, " ", 16384)   = 1
1512300635.680396 clock_gettime(CLOCK_BOOTTIME, {25707, 100986155}) = 0
1512300635.680422 clock_gettime(CLOCK_BOOTTIME, {25707, 101010475}) = 0
1512300635.680446 select(7, [3 4], [3], NULL, NULL) = 1 (out [3])
1512300635.680481 clock_gettime(CLOCK_BOOTTIME, {25707, 101069229}) = 0
1512300635.680505 write(3, "\227np\324\254sXo\5\247x\2377\204\4\225\2341\6\275\376\254\236@\352\332\355yL:\272#"..., 36) = 36
1512300635.680700 clock_gettime(CLOCK_BOOTTIME, {25707, 101295446}) = 0
1512300635.680747 clock_gettime(CLOCK_BOOTTIME, {25707, 101340337}) = 0
1512300635.680788 select(7, [3 4], [], NULL, NULL) = 1 (in [3])
1512300635.681286 clock_gettime(CLOCK_BOOTTIME, {25707, 101877000}) = 0
1512300635.681316 read(3, "a\300\271\202WiW;p\244pn\357\247c)X\1\230\275\333\221Sn\246\267\34\356\17\264\177o"..., 8192) = 36
1512300635.681357 clock_gettime(CLOCK_BOOTTIME, {25707, 101962635}) = 0
1512300635.681400 clock_gettime(CLOCK_BOOTTIME, {25707, 101988957}) = 0
1512300635.681425 select(7, [3 4], [5], NULL, NULL) = 1 (out [5])
1512300635.681461 clock_gettime(CLOCK_BOOTTIME, {25707, 102049416}) = 0
1512300635.681485 write(5, " ", 1)      = 1
1512300635.681703 clock_gettime(CLOCK_BOOTTIME, {25707, 102292808}) = 0
1512300635.681734 clock_gettime(CLOCK_BOOTTIME, {25707, 102321773}) = 0
1512300635.681757 select(7, [3 4], [], NULL, NULL) = 1 (in [4])
1512300635.877186 clock_gettime(CLOCK_BOOTTIME, {25707, 297777775}) = 0
1512300635.877218 read(4, "-", 16384)   = 1
1512300635.877264 clock_gettime(CLOCK_BOOTTIME, {25707, 297852843}) = 0
1512300635.877289 clock_gettime(CLOCK_BOOTTIME, {25707, 297876668}) = 0
1512300635.877313 select(7, [3 4], [3], NULL, NULL) = 1 (out [3])
1512300635.877347 clock_gettime(CLOCK_BOOTTIME, {25707, 297935051}) = 0
1512300635.877371 write(3, "6\366\5\211\272De\23\r\326\370!\317\302\16*\211\304\303\241\303\352\310u!\356\3732G\250\241\25"..., 36) = 36
1512300635.877553 clock_gettime(CLOCK_BOOTTIME, {25707, 298148284}) = 0
1512300635.877590 clock_gettime(CLOCK_BOOTTIME, {25707, 298177845}) = 0
1512300635.877613 select(7, [3 4], [], NULL, NULL) = 1 (in [3])
1512300635.878188 clock_gettime(CLOCK_BOOTTIME, {25707, 298780007}) = 0
1512300635.878220 read(3, "w\242\342\320\342\345d\330c\253l\304i^\355\363\252\324\261\357\372\"8=\236l\206\3\30t\254\367"..., 8192) = 36
1512300635.878263 clock_gettime(CLOCK_BOOTTIME, {25707, 298852245}) = 0
1512300635.878288 clock_gettime(CLOCK_BOOTTIME, {25707, 298876124}) = 0
1512300635.878311 select(7, [3 4], [5], NULL, NULL) = 1 (out [5])
1512300635.878348 clock_gettime(CLOCK_BOOTTIME, {25707, 298935816}) = 0
1512300635.878371 write(5, "-", 1)      = 1
1512300635.878592 clock_gettime(CLOCK_BOOTTIME, {25707, 299181727}) = 0
1512300635.878623 clock_gettime(CLOCK_BOOTTIME, {25707, 299210745}) = 0
1512300635.878646 select(7, [3 4], [], NULL, NULL) = 1 (in [4])
1512300636.232308 clock_gettime(CLOCK_BOOTTIME, {25707, 652899284}) = 0
1512300636.232340 read(4, "m", 16384)   = 1
1512300636.232385 clock_gettime(CLOCK_BOOTTIME, {25707, 652974553}) = 0
1512300636.232424 clock_gettime(CLOCK_BOOTTIME, {25707, 653014118}) = 0
1512300636.232451 select(7, [3 4], [3], NULL, NULL) = 1 (out [3])
1512300636.232485 clock_gettime(CLOCK_BOOTTIME, {25707, 653073230}) = 0
1512300636.232509 write(3, "[\323=2\373\323\257\350\243)\276Q4\1\374\332\206\336\33\16x\201\304|\337\217\362#\v]\361O"..., 36) = 36
1512300636.232703 clock_gettime(CLOCK_BOOTTIME, {25707, 653304100}) = 0
1512300636.232757 clock_gettime(CLOCK_BOOTTIME, {25707, 653350444}) = 0
1512300636.232798 select(7, [3 4], [], NULL, NULL) = 1 (in [3])
1512300636.233270 clock_gettime(CLOCK_BOOTTIME, {25707, 653860612}) = 0
1512300636.233300 read(3, "\240`\207Z\227\334\2510\n\31s\216\312\344.\31\fD\262\346\331\356\357P\315\335\374+\313\250j\202"..., 8192) = 36
1512300636.233342 clock_gettime(CLOCK_BOOTTIME, {25707, 653931048}) = 0
1512300636.233367 clock_gettime(CLOCK_BOOTTIME, {25707, 653955075}) = 0
1512300636.233390 select(7, [3 4], [5], NULL, NULL) = 1 (out [5])
1512300636.233426 clock_gettime(CLOCK_BOOTTIME, {25707, 654013589}) = 0
1512300636.233448 write(5, "m", 1)      = 1
1512300636.233634 clock_gettime(CLOCK_BOOTTIME, {25707, 654223500}) = 0
1512300636.233782 clock_gettime(CLOCK_BOOTTIME, {25707, 654370726}) = 0
1512300636.233808 select(7, [3 4], [], NULL, NULL) = 1 (in [4])
1512300636.702639 clock_gettime(CLOCK_BOOTTIME, {25708, 123314617}) = 0
1512300636.702774 read(4, "\177", 16384) = 1
1512300636.702940 clock_gettime(CLOCK_BOOTTIME, {25708, 123536655}) = 0
1512300636.702986 clock_gettime(CLOCK_BOOTTIME, {25708, 123578826}) = 0
1512300636.703025 select(7, [3 4], [3], NULL, NULL) = 1 (out [3])
1512300636.703090 clock_gettime(CLOCK_BOOTTIME, {25708, 123683535}) = 0
1512300636.703131 write(3, "\10\23\17\37\363l\202\221\304\215\222\356\351\247\316\305\243l\306\312\346\222{;\0s\254\235\312\347\312e"..., 36) = 36
1512300636.703504 clock_gettime(CLOCK_BOOTTIME, {25708, 124103521}) = 0
1512300636.703564 clock_gettime(CLOCK_BOOTTIME, {25708, 124179601}) = 0
1512300636.703630 select(7, [3 4], [], NULL, NULL) = 1 (in [3])
1512300636.704064 clock_gettime(CLOCK_BOOTTIME, {25708, 124653891}) = 0
1512300636.704092 read(3, "fs1\252\312r\334m0\371.j\304\306r\341J\346\247\253\324\4\216\20m\32\220\10\327\204\250\340"..., 8192) = 44
1512300636.704135 clock_gettime(CLOCK_BOOTTIME, {25708, 124724395}) = 0
1512300636.704160 clock_gettime(CLOCK_BOOTTIME, {25708, 124747874}) = 0
1512300636.704183 select(7, [3 4], [5], NULL, NULL) = 1 (out [5])
1512300636.704218 clock_gettime(CLOCK_BOOTTIME, {25708, 124805909}) = 0
1512300636.704241 write(5, "\10\33[K", 4) = 4
1512300636.704478 clock_gettime(CLOCK_BOOTTIME, {25708, 125067688}) = 0
1512300636.704508 clock_gettime(CLOCK_BOOTTIME, {25708, 125095713}) = 0
1512300636.704531 select(7, [3 4], [], NULL, NULL) = 1 (in [4])
1512300637.256195 clock_gettime(CLOCK_BOOTTIME, {25708, 676787831}) = 0
1512300637.256229 read(4, "m", 16384)   = 1
1512300637.256293 clock_gettime(CLOCK_BOOTTIME, {25708, 676882884}) = 0
1512300637.256319 clock_gettime(CLOCK_BOOTTIME, {25708, 676907205}) = 0
1512300637.256343 select(7, [3 4], [3], NULL, NULL) = 1 (out [3])
1512300637.256378 clock_gettime(CLOCK_BOOTTIME, {25708, 676992972}) = 0
1512300637.256440 write(3, "m\23\353\2202<\313q\260\372\5\25\274\327/\362\243\320\342t\335o\322\346K\361\247\304\315K\336\23"..., 36) = 36
1512300637.256583 clock_gettime(CLOCK_BOOTTIME, {25708, 677172663}) = 0
1512300637.256612 clock_gettime(CLOCK_BOOTTIME, {25708, 677200422}) = 0
1512300637.256636 select(7, [3 4], [], NULL, NULL) = 1 (in [3])
1512300637.257212 clock_gettime(CLOCK_BOOTTIME, {25708, 677804507}) = 0
1512300637.257244 read(3, "Z\213\251H\22\25\3747\f\225\264\307;\213,\251\224\330\2252\262tq[\317g\374\246\206\200\2\301"..., 8192) = 36
1512300637.257287 clock_gettime(CLOCK_BOOTTIME, {25708, 677875971}) = 0
1512300637.257312 clock_gettime(CLOCK_BOOTTIME, {25708, 677899943}) = 0
1512300637.257335 select(7, [3 4], [5], NULL, NULL) = 1 (out [5])
1512300637.257371 clock_gettime(CLOCK_BOOTTIME, {25708, 677958839}) = 0
1512300637.257394 write(5, "m", 1)      = 1
1512300637.257613 clock_gettime(CLOCK_BOOTTIME, {25708, 678203171}) = 0
1512300637.257644 clock_gettime(CLOCK_BOOTTIME, {25708, 678231673}) = 0
1512300637.257667 select(7, [3 4], [], NULL, NULL) = 1 (in [4])
1512300637.534743 clock_gettime(CLOCK_BOOTTIME, {25708, 955330194}) = 0
1512300637.534760 read(4, "\r", 16384)  = 1
1512300637.534786 clock_gettime(CLOCK_BOOTTIME, {25708, 955371104}) = 0
1512300637.534798 clock_gettime(CLOCK_BOOTTIME, {25708, 955383022}) = 0
1512300637.534810 select(7, [3 4], [3], NULL, NULL) = 1 (out [3])
1512300637.534827 clock_gettime(CLOCK_BOOTTIME, {25708, 955412160}) = 0
1512300637.534839 write(3, "\234teB\310\354A0\266\263\206\216\n\210\3\317\255\0\177\307\303.m\305|\375LB5J\"["..., 36) = 36
1512300637.534938 clock_gettime(CLOCK_BOOTTIME, {25708, 955526280}) = 0
1512300637.534956 clock_gettime(CLOCK_BOOTTIME, {25708, 955541014}) = 0
1512300637.534968 select(7, [3 4], [], NULL, NULL) = 1 (in [3])
1512300637.535584 clock_gettime(CLOCK_BOOTTIME, {25708, 956170912}) = 0
1512300637.535600 read(3, "Z\v\370r\252g\205gZ\360\27\360\224\322\361\303\215\17J\205\333cUHnD_? \225\300\0"..., 8192) = 36
1512300637.535623 clock_gettime(CLOCK_BOOTTIME, {25708, 956208991}) = 0
1512300637.535636 clock_gettime(CLOCK_BOOTTIME, {25708, 956221262}) = 0
1512300637.535648 select(7, [3 4], [5], NULL, NULL) = 1 (out [5])
1512300637.535666 clock_gettime(CLOCK_BOOTTIME, {25708, 956251174}) = 0
1512300637.535678 write(5, "\r\n", 2)   = 2
1512300637.535794 clock_gettime(CLOCK_BOOTTIME, {25708, 956379356}) = 0
1512300637.535809 clock_gettime(CLOCK_BOOTTIME, {25708, 956393817}) = 0
1512300637.535821 select(7, [3 4], [], NULL, NULL) = 1 (in [3])
1512300637.564593 clock_gettime(CLOCK_BOOTTIME, {25708, 985184523}) = 0
1512300637.564617 read(3, "\314\317U\2332\206d\345+\16\201|+\346\313b \201\335\324\177B\1\357\335kiF\202\232[\344"..., 8192) = 416
1512300637.564653 clock_gettime(CLOCK_BOOTTIME, {25708, 985238683}) = 0
1512300637.564666 clock_gettime(CLOCK_BOOTTIME, {25708, 985262395}) = 0
1512300637.564690 select(7, [3 4], [5], NULL, NULL) = 1 (out [5])
1512300637.564711 clock_gettime(CLOCK_BOOTTIME, {25708, 985295961}) = 0
1512300637.564723 write(5, "Filesystem                   1M-"..., 204) = 204
1512300637.565083 clock_gettime(CLOCK_BOOTTIME, {25708, 985668457}) = 0
1512300637.565098 clock_gettime(CLOCK_BOOTTIME, {25708, 985683026}) = 0
1512300637.565110 select(7, [3 4], [], NULL, NULL) = 1 (in [3])
1512300637.565128 clock_gettime(CLOCK_BOOTTIME, {25708, 985712700}) = 0
1512300637.565139 read(3, "x\375\227L\226\273z\202\0\26\23\214\215\333\226\252\366b\350\1+\\\341\200\372\f!\366O\373\305\26"..., 8192) = 568
1512300637.565171 clock_gettime(CLOCK_BOOTTIME, {25708, 985756537}) = 0
1512300637.565183 clock_gettime(CLOCK_BOOTTIME, {25708, 985768224}) = 0
1512300637.565195 select(7, [3 4], [5], NULL, NULL) = 1 (out [5])
1512300637.565211 clock_gettime(CLOCK_BOOTTIME, {25708, 985795662}) = 0
1512300637.565222 write(5, "/dev/mapper/PyStudy--vg-root    "..., 280) = 280
1512300637.565344 clock_gettime(CLOCK_BOOTTIME, {25708, 985929776}) = 0
1512300637.565359 clock_gettime(CLOCK_BOOTTIME, {25708, 985943945}) = 0
1512300637.565371 select(7, [3 4], [], NULL, NULL) = 1 (in [3])
1512300637.565387 clock_gettime(CLOCK_BOOTTIME, {25708, 985971830}) = 0
1512300637.565398 read(3, "p\334h\256\200e\5\342\34dguFaD\304\350N\17Uu\301\3\335\n\224\254\277#\33-\335"..., 8192) = 280
1512300637.565458 clock_gettime(CLOCK_BOOTTIME, {25708, 986043793}) = 0
1512300637.565587 clock_gettime(CLOCK_BOOTTIME, {25708, 986184592}) = 0
1512300637.565617 select(7, [3 4], [5], NULL, NULL) = 1 (out [5])
1512300637.565637 clock_gettime(CLOCK_BOOTTIME, {25708, 986222170}) = 0
1512300637.565649 write(5, "/dev/sda1                       "..., 143) = 143
1512300637.565749 clock_gettime(CLOCK_BOOTTIME, {25708, 986334470}) = 0
1512300637.565764 clock_gettime(CLOCK_BOOTTIME, {25708, 986348502}) = 0
1512300637.565775 select(7, [3 4], [], NULL, NULL) = 1 (in [3])
1512300637.565791 clock_gettime(CLOCK_BOOTTIME, {25708, 986376205}) = 0
1512300637.565803 read(3, "\340\207b\365\235Cc\371\267\362\310\224@\200x\273\224$M\371\223<9\333\205\310lm#C\214\v"..., 8192) = 100
1512300637.565860 clock_gettime(CLOCK_BOOTTIME, {25708, 986446072}) = 0
1512300637.565873 clock_gettime(CLOCK_BOOTTIME, {25708, 986457713}) = 0
1512300637.565884 select(7, [3 4], [5], NULL, NULL) = 1 (out [5])
1512300637.565902 clock_gettime(CLOCK_BOOTTIME, {25708, 986486538}) = 0
1512300637.565913 write(5, "\33]0;hy@PyStudy4: ~\7\33[01;32mhy@Py"..., 60) = 60
1512300637.566003 clock_gettime(CLOCK_BOOTTIME, {25708, 986588593}) = 0
1512300637.566018 clock_gettime(CLOCK_BOOTTIME, {25708, 986602519}) = 0
1512300637.566029 select(7, [3 4], [], NULL, NULL) = 1 (in [4])
1512300638.599321 clock_gettime(CLOCK_BOOTTIME, {25710, 19933495}) = 0
1512300638.599410 read(4, "l", 16384)   = 1
1512300638.599645 clock_gettime(CLOCK_BOOTTIME, {25710, 20257267}) = 0
1512300638.599716 clock_gettime(CLOCK_BOOTTIME, {25710, 20308875}) = 0
1512300638.599756 select(7, [3 4], [3], NULL, NULL) = 1 (out [3])
1512300638.599819 clock_gettime(CLOCK_BOOTTIME, {25710, 20411382}) = 0
1512300638.599859 write(3, "]V\33h\214\356\370\35N\20\27\213p\370\34\r\372\31\216\275\2023\373H\203\333}\244\325\234\363\10"..., 36) = 36
1512300638.600146 clock_gettime(CLOCK_BOOTTIME, {25710, 20742109}) = 0
1512300638.600197 clock_gettime(CLOCK_BOOTTIME, {25710, 20788776}) = 0
1512300638.600235 select(7, [3 4], [], NULL, NULL) = 1 (in [3])
1512300638.600936 clock_gettime(CLOCK_BOOTTIME, {25710, 21533342}) = 0
1512300638.600984 read(3, "\231\4\34\201'Y\ny\16\370s\342<\337\35\37\254\273\2173b\276\27\223\375K\37\\\270\346J\313"..., 8192) = 36
1512300638.601104 clock_gettime(CLOCK_BOOTTIME, {25710, 21704747}) = 0
1512300638.601157 clock_gettime(CLOCK_BOOTTIME, {25710, 21749290}) = 0
1512300638.601196 select(7, [3 4], [5], NULL, NULL) = 1 (out [5])
1512300638.601257 clock_gettime(CLOCK_BOOTTIME, {25710, 21849356}) = 0
1512300638.601295 write(5, "l", 1)      = 1
1512300638.601721 clock_gettime(CLOCK_BOOTTIME, {25710, 22356454}) = 0
1512300638.601839 clock_gettime(CLOCK_BOOTTIME, {25710, 22433532}) = 0
1512300638.601882 select(7, [3 4], [], NULL, NULL) = 1 (in [4])
1512300638.684035 clock_gettime(CLOCK_BOOTTIME, {25710, 104681507}) = 0
1512300638.684148 read(4, "s", 16384)   = 1
1512300638.684223 clock_gettime(CLOCK_BOOTTIME, {25710, 104816634}) = 0
1512300638.684264 clock_gettime(CLOCK_BOOTTIME, {25710, 104855538}) = 0
1512300638.684302 select(7, [3 4], [3], NULL, NULL) = 1 (out [3])
1512300638.684361 clock_gettime(CLOCK_BOOTTIME, {25710, 104952647}) = 0
1512300638.684399 write(3, "\227\210f\330\202T\316\237F\375\343\33\37/p\273\313\211W\217]<\26\210\226\245`\264\34+\372\31"..., 36) = 36
1512300638.684653 clock_gettime(CLOCK_BOOTTIME, {25710, 105247101}) = 0
1512300638.684701 clock_gettime(CLOCK_BOOTTIME, {25710, 105293182}) = 0
1512300638.684739 select(7, [3 4], [], NULL, NULL) = 1 (in [3])
1512300638.685722 clock_gettime(CLOCK_BOOTTIME, {25710, 106320148}) = 0
1512300638.685821 read(3, "\344\354\0360\326C\371\224Gb\301Fl\260\345.\f\271G?\373\v\341Y(\232\272\4B\22\20|"..., 8192) = 36
1512300638.685903 clock_gettime(CLOCK_BOOTTIME, {25710, 106497437}) = 0
1512300638.685945 clock_gettime(CLOCK_BOOTTIME, {25710, 106575411}) = 0
1512300638.686089 select(7, [3 4], [5], NULL, NULL) = 1 (out [5])
1512300638.686215 clock_gettime(CLOCK_BOOTTIME, {25710, 106810683}) = 0
1512300638.686260 write(5, "s", 1)      = 1
1512300638.686633 clock_gettime(CLOCK_BOOTTIME, {25710, 107226742}) = 0
1512300638.686680 clock_gettime(CLOCK_BOOTTIME, {25710, 107271185}) = 0
1512300638.686716 select(7, [3 4], [], NULL, NULL) = 1 (in [4])
1512300638.860186 clock_gettime(CLOCK_BOOTTIME, {25710, 280773026}) = 0
1512300638.860203 read(4, "\r", 16384)  = 1
1512300638.860228 clock_gettime(CLOCK_BOOTTIME, {25710, 280813245}) = 0
1512300638.860240 clock_gettime(CLOCK_BOOTTIME, {25710, 280824810}) = 0
1512300638.860251 select(7, [3 4], [3], NULL, NULL) = 1 (out [3])
1512300638.860269 clock_gettime(CLOCK_BOOTTIME, {25710, 280853135}) = 0
1512300638.860280 write(3, "\257\300\32\306)|\322\373\233\367\271~\337\f\264S\352\302_\360\333\257\234B\270\355\"rV\350,\270"..., 36) = 36
1512300638.860369 clock_gettime(CLOCK_BOOTTIME, {25710, 280956424}) = 0
1512300638.860392 clock_gettime(CLOCK_BOOTTIME, {25710, 280979624}) = 0
1512300638.860412 select(7, [3 4], [], NULL, NULL) = 1 (in [3])
1512300638.860984 clock_gettime(CLOCK_BOOTTIME, {25710, 281570518}) = 0
1512300638.860999 read(3, "B\243\30P\0224\243\215\250c\244\300\223/\216\nlQ{\345\314K\322\264o\300\327\373\36\271a\226"..., 8192) = 36
1512300638.861023 clock_gettime(CLOCK_BOOTTIME, {25710, 281607659}) = 0
1512300638.861034 clock_gettime(CLOCK_BOOTTIME, {25710, 281618818}) = 0
1512300638.861046 select(7, [3 4], [5], NULL, NULL) = 1 (out [5])
1512300638.861063 clock_gettime(CLOCK_BOOTTIME, {25710, 281647341}) = 0
1512300638.861074 write(5, "\r\n", 2)   = 2
1512300638.861218 clock_gettime(CLOCK_BOOTTIME, {25710, 281803518}) = 0
1512300638.861233 clock_gettime(CLOCK_BOOTTIME, {25710, 281817630}) = 0
1512300638.861244 select(7, [3 4], [], NULL, NULL) = 1 (in [3])
1512300638.862076 clock_gettime(CLOCK_BOOTTIME, {25710, 282662821}) = 0
1512300638.862108 read(3, "\32\262XM\272]C\7\222o\221\2\354\322<wE\317$tyw\354\304\337\264\326\200\342\230\34F"..., 8192) = 88
1512300638.862134 clock_gettime(CLOCK_BOOTTIME, {25710, 282718973}) = 0
1512300638.862146 clock_gettime(CLOCK_BOOTTIME, {25710, 282730510}) = 0
1512300638.862157 select(7, [3 4], [5], NULL, NULL) = 1 (out [5])
1512300638.862176 clock_gettime(CLOCK_BOOTTIME, {25710, 282760669}) = 0
1512300638.862187 write(5, "user_enterpoint.py\r\n", 20) = 20
1512300638.862295 clock_gettime(CLOCK_BOOTTIME, {25710, 282880562}) = 0
1512300638.862310 clock_gettime(CLOCK_BOOTTIME, {25710, 282894106}) = 0
1512300638.862321 select(7, [3 4], [], NULL, NULL) = 1 (in [3])
1512300638.862433 clock_gettime(CLOCK_BOOTTIME, {25710, 283018292}) = 0
1512300638.862445 read(3, "{\273\214\"\245\277^\\c\22y@\254\206U\366\202]\321\327_K\210\321}\0207{\313.\340\247"..., 8192) = 100
1512300638.862463 clock_gettime(CLOCK_BOOTTIME, {25710, 283059193}) = 0
1512300638.862487 clock_gettime(CLOCK_BOOTTIME, {25710, 283071132}) = 0
1512300638.862498 select(7, [3 4], [5], NULL, NULL) = 1 (out [5])
1512300638.862514 clock_gettime(CLOCK_BOOTTIME, {25710, 283098115}) = 0
1512300638.862524 write(5, "\33]0;hy@PyStudy4: ~\7\33[01;32mhy@Py"..., 60) = 60
1512300638.862626 clock_gettime(CLOCK_BOOTTIME, {25710, 283213886}) = 0
1512300638.862645 clock_gettime(CLOCK_BOOTTIME, {25710, 283229888}) = 0
1512300638.862656 select(7, [3 4], [], NULL, NULL) = 1 (in [4])
1512300639.853234 clock_gettime(CLOCK_BOOTTIME, {25711, 273844566}) = 0
1512300639.853374 read(4, "e", 16384)   = 1
1512300639.853474 clock_gettime(CLOCK_BOOTTIME, {25711, 274069068}) = 0
1512300639.853517 clock_gettime(CLOCK_BOOTTIME, {25711, 274109010}) = 0
1512300639.853556 select(7, [3 4], [3], NULL, NULL) = 1 (out [3])
1512300639.853619 clock_gettime(CLOCK_BOOTTIME, {25711, 274210674}) = 0
1512300639.853657 write(3, "\30\n\336\3253\237\240H/M\342\360\231\234\4\263\3128U\371\242\202C\240\273\262\312\342\326\200IN"..., 36) = 36
1512300639.853941 clock_gettime(CLOCK_BOOTTIME, {25711, 274535618}) = 0
1512300639.853989 clock_gettime(CLOCK_BOOTTIME, {25711, 274581309}) = 0
1512300639.854028 select(7, [3 4], [], NULL, NULL) = 1 (in [3])
1512300639.854709 clock_gettime(CLOCK_BOOTTIME, {25711, 275306154}) = 0
1512300639.854758 read(3, "V\304\252\266\241\32\336\377\224\v9\243\272\330\234\350\313\341\301\344a\32\24v_\367\321\336\356\3\315-"..., 8192) = 36
1512300639.854883 clock_gettime(CLOCK_BOOTTIME, {25711, 275478020}) = 0
1512300639.854930 clock_gettime(CLOCK_BOOTTIME, {25711, 275521731}) = 0
1512300639.854968 select(7, [3 4], [5], NULL, NULL) = 1 (out [5])
1512300639.855029 clock_gettime(CLOCK_BOOTTIME, {25711, 275620850}) = 0
1512300639.855066 write(5, "e", 1)      = 1
1512300639.855531 clock_gettime(CLOCK_BOOTTIME, {25711, 276129191}) = 0
1512300639.855585 clock_gettime(CLOCK_BOOTTIME, {25711, 276176876}) = 0
1512300639.855623 select(7, [3 4], [], NULL, NULL) = 1 (in [4])
1512300640.033112 clock_gettime(CLOCK_BOOTTIME, {25711, 453710310}) = 0
1512300640.033164 read(4, "x", 16384)   = 1
1512300640.033323 clock_gettime(CLOCK_BOOTTIME, {25711, 453917889}) = 0
1512300640.033367 clock_gettime(CLOCK_BOOTTIME, {25711, 453958913}) = 0
1512300640.033405 select(7, [3 4], [3], NULL, NULL) = 1 (out [3])
1512300640.033465 clock_gettime(CLOCK_BOOTTIME, {25711, 454057130}) = 0
1512300640.033503 write(3, "\24\36\22/\3506\310\363\254\7\327\231\30\20]S\30Q\207ju\334\215\262\306E\311\347s\340\2\216"..., 36) = 36
1512300640.033758 clock_gettime(CLOCK_BOOTTIME, {25711, 454353297}) = 0
1512300640.033807 clock_gettime(CLOCK_BOOTTIME, {25711, 454399584}) = 0
1512300640.033846 select(7, [3 4], [], NULL, NULL) = 1 (in [3])
1512300640.034719 clock_gettime(CLOCK_BOOTTIME, {25711, 455324311}) = 0
1512300640.034781 read(3, "\355\320\25\315g8\260\346}\350W,E%\265H\262O\253s,O`\1\35f\363X\274 &<"..., 8192) = 36
1512300640.034851 clock_gettime(CLOCK_BOOTTIME, {25711, 455445119}) = 0
1512300640.034892 clock_gettime(CLOCK_BOOTTIME, {25711, 455484124}) = 0
1512300640.034930 select(7, [3 4], [5], NULL, NULL) = 1 (out [5])
1512300640.034992 clock_gettime(CLOCK_BOOTTIME, {25711, 455583779}) = 0
1512300640.035029 write(5, "x", 1)      = 1
1512300640.035373 clock_gettime(CLOCK_BOOTTIME, {25711, 455968526}) = 0
1512300640.035423 clock_gettime(CLOCK_BOOTTIME, {25711, 456015283}) = 0
1512300640.035461 select(7, [3 4], [], NULL, NULL) = 1 (in [4])
1512300640.208832 clock_gettime(CLOCK_BOOTTIME, {25711, 629430003}) = 0
1512300640.208883 read(4, "i", 16384)   = 1
1512300640.208955 clock_gettime(CLOCK_BOOTTIME, {25711, 629549739}) = 0
1512300640.208997 clock_gettime(CLOCK_BOOTTIME, {25711, 629588248}) = 0
1512300640.209034 select(7, [3 4], [3], NULL, NULL) = 1 (out [3])
1512300640.209157 clock_gettime(CLOCK_BOOTTIME, {25711, 629748853}) = 0
1512300640.209200 write(3, "\352\32RJ\233\v=\265\16t\300JK\21\371$g\244q\377#\251}\f\24\233MZf/r\35"..., 36) = 36
1512300640.209471 clock_gettime(CLOCK_BOOTTIME, {25711, 630072118}) = 0
1512300640.209546 clock_gettime(CLOCK_BOOTTIME, {25711, 630246786}) = 0
1512300640.209727 select(7, [3 4], [], NULL, NULL) = 1 (in [3])
1512300640.210467 clock_gettime(CLOCK_BOOTTIME, {25711, 631061503}) = 0
1512300640.210511 read(3, "n\317\216y\254\321/Gk/\33\313'\230\235\27fi\r\271J\306\204\34@>\326\325\234\256rd"..., 8192) = 36
1512300640.210623 clock_gettime(CLOCK_BOOTTIME, {25711, 631228363}) = 0
1512300640.210679 clock_gettime(CLOCK_BOOTTIME, {25711, 631270089}) = 0
1512300640.210716 select(7, [3 4], [5], NULL, NULL) = 1 (out [5])
1512300640.210775 clock_gettime(CLOCK_BOOTTIME, {25711, 631365785}) = 0
1512300640.210810 write(5, "i", 1)      = 1
1512300640.211153 clock_gettime(CLOCK_BOOTTIME, {25711, 631746768}) = 0
1512300640.211200 clock_gettime(CLOCK_BOOTTIME, {25711, 631790178}) = 0
1512300640.211235 select(7, [3 4], [], NULL, NULL) = 1 (in [4])
1512300640.317454 clock_gettime(CLOCK_BOOTTIME, {25711, 738052883}) = 0
1512300640.317635 read(4, "t", 16384)   = 1
1512300640.317720 clock_gettime(CLOCK_BOOTTIME, {25711, 738314225}) = 0
1512300640.317762 clock_gettime(CLOCK_BOOTTIME, {25711, 738354333}) = 0
1512300640.317801 select(7, [3 4], [3], NULL, NULL) = 1 (out [3])
1512300640.317861 clock_gettime(CLOCK_BOOTTIME, {25711, 738452649}) = 0
1512300640.317899 write(3, "I\34\351\241E\317\2539(\334\231\257\333\33\24Nm\314mx\34~<\335Op\26\253:{P4"..., 36) = 36
1512300640.318194 clock_gettime(CLOCK_BOOTTIME, {25711, 738797760}) = 0
1512300640.318273 clock_gettime(CLOCK_BOOTTIME, {25711, 738874206}) = 0
1512300640.318341 select(7, [3 4], [], NULL, NULL) = 1 (in [3])
1512300640.319347 clock_gettime(CLOCK_BOOTTIME, {25711, 739941947}) = 0
1512300640.319392 read(3, "mC\3l\322Q\375\217D0^\270\202\326\233v\334_7N\275`\236Q\362NR\377s\35\26\264"..., 8192) = 36
1512300640.319460 clock_gettime(CLOCK_BOOTTIME, {25711, 740055248}) = 0
1512300640.319604 clock_gettime(CLOCK_BOOTTIME, {25711, 740197411}) = 0
1512300640.319645 select(7, [3 4], [5], NULL, NULL) = 1 (out [5])
1512300640.319705 clock_gettime(CLOCK_BOOTTIME, {25711, 740296690}) = 0
1512300640.319742 write(5, "t", 1)      = 1
1512300640.320108 clock_gettime(CLOCK_BOOTTIME, {25711, 740703006}) = 0
1512300640.320158 clock_gettime(CLOCK_BOOTTIME, {25711, 740749709}) = 0
1512300640.320196 select(7, [3 4], [], NULL, NULL) = 1 (in [4])
1512300640.652361 clock_gettime(CLOCK_BOOTTIME, {25712, 72958175}) = 0
1512300640.652412 read(4, "\177", 16384) = 1
1512300640.652482 clock_gettime(CLOCK_BOOTTIME, {25712, 73076287}) = 0
1512300640.652546 clock_gettime(CLOCK_BOOTTIME, {25712, 73140781}) = 0
1512300640.652664 select(7, [3 4], [3], NULL, NULL) = 1 (out [3])
1512300640.652725 clock_gettime(CLOCK_BOOTTIME, {25712, 73317047}) = 0
1512300640.652763 write(3, "\336j@\212~\3266\337x\35Vx\200\261\22>\237(\337\260\376\254\300\355\21\237\274\10&\357\241\327"..., 36) = 36
1512300640.652980 clock_gettime(CLOCK_BOOTTIME, {25712, 73574085}) = 0
1512300640.653028 clock_gettime(CLOCK_BOOTTIME, {25712, 73619474}) = 0
1512300640.653112 select(7, [3 4], [], NULL, NULL) = 1 (in [3])
1512300640.653953 clock_gettime(CLOCK_BOOTTIME, {25712, 74550239}) = 0
1512300640.654002 read(3, "N#pG\215Ct\206\310\232\f\226\306\245?\261\246\227<\240\211\21\r\4\3245]\27\206'\216\350"..., 8192) = 44
1512300640.654111 clock_gettime(CLOCK_BOOTTIME, {25712, 74717084}) = 0
1512300640.654169 clock_gettime(CLOCK_BOOTTIME, {25712, 74761506}) = 0
1512300640.654208 select(7, [3 4], [5], NULL, NULL) = 1 (out [5])
1512300640.654268 clock_gettime(CLOCK_BOOTTIME, {25712, 74860509}) = 0
1512300640.654306 write(5, "\10\33[K", 4) = 4
1512300640.654736 clock_gettime(CLOCK_BOOTTIME, {25712, 75331625}) = 0
1512300640.654787 clock_gettime(CLOCK_BOOTTIME, {25712, 75379420}) = 0
1512300640.654827 select(7, [3 4], [], NULL, NULL) = 1 (in [4])
1512300640.801890 clock_gettime(CLOCK_BOOTTIME, {25712, 222487598}) = 0
1512300640.801992 read(4, "\177", 16384) = 1
1512300640.802084 clock_gettime(CLOCK_BOOTTIME, {25712, 222677976}) = 0
1512300640.802125 clock_gettime(CLOCK_BOOTTIME, {25712, 222716866}) = 0
1512300640.802163 select(7, [3 4], [3], NULL, NULL) = 1 (out [3])
1512300640.802252 clock_gettime(CLOCK_BOOTTIME, {25712, 222844816}) = 0
1512300640.802291 write(3, "q\357\260\236\267\364M\313g6\346\237\310V\27X\264\243{\1\26`S@\306\207Y6\317\203;;"..., 36) = 36
1512300640.802603 clock_gettime(CLOCK_BOOTTIME, {25712, 223202796}) = 0
1512300640.802659 clock_gettime(CLOCK_BOOTTIME, {25712, 223250717}) = 0
1512300640.802698 select(7, [3 4], [], NULL, NULL) = 1 (in [3])
1512300640.803464 clock_gettime(CLOCK_BOOTTIME, {25712, 224137135}) = 0
1512300640.803605 read(3, "\\\227\333&\230\241\232H\243\265\2671\320\375\253U&\241\224\331S\253T\30U\264\312\251\322\363g\345"..., 8192) = 44
1512300640.803676 clock_gettime(CLOCK_BOOTTIME, {25712, 224269566}) = 0
1512300640.803717 clock_gettime(CLOCK_BOOTTIME, {25712, 224308555}) = 0
1512300640.803754 select(7, [3 4], [5], NULL, NULL) = 1 (out [5])
1512300640.803815 clock_gettime(CLOCK_BOOTTIME, {25712, 224406000}) = 0
1512300640.803850 write(5, "\10\33[K", 4) = 4
1512300640.804156 clock_gettime(CLOCK_BOOTTIME, {25712, 224749477}) = 0
1512300640.804203 clock_gettime(CLOCK_BOOTTIME, {25712, 224793278}) = 0
1512300640.804238 select(7, [3 4], [], NULL, NULL) = 1 (in [4])
1512300640.966824 clock_gettime(CLOCK_BOOTTIME, {25712, 387415981}) = 0
1512300640.966856 read(4, "\177", 16384) = 1
1512300640.966927 clock_gettime(CLOCK_BOOTTIME, {25712, 387519835}) = 0
1512300640.966957 clock_gettime(CLOCK_BOOTTIME, {25712, 387543427}) = 0
1512300640.966977 select(7, [3 4], [3], NULL, NULL) = 1 (out [3])
1512300640.967012 clock_gettime(CLOCK_BOOTTIME, {25712, 387624536}) = 0
1512300640.967062 write(3, "*\232[\344\246*\276\226/R\360V\307i\3061\363\367t\34\210\r\224s\4\325m:\233d'4"..., 36) = 36
1512300640.967292 clock_gettime(CLOCK_BOOTTIME, {25712, 387891472}) = 0
1512300640.967341 clock_gettime(CLOCK_BOOTTIME, {25712, 387932636}) = 0
1512300640.967380 select(7, [3 4], [], NULL, NULL) = 1 (in [3])
1512300640.967908 clock_gettime(CLOCK_BOOTTIME, {25712, 388504817}) = 0
1512300640.967945 read(3, "gj)\335\35#-oHFM\23\210\270\205v\212r\274\323@Rr\223\361[\345\304H-\0\211"..., 8192) = 44
1512300640.967986 clock_gettime(CLOCK_BOOTTIME, {25712, 388573304}) = 0
1512300640.968007 clock_gettime(CLOCK_BOOTTIME, {25712, 388594559}) = 0
1512300640.968028 select(7, [3 4], [5], NULL, NULL) = 1 (out [5])
1512300640.968063 clock_gettime(CLOCK_BOOTTIME, {25712, 388649473}) = 0
1512300640.968082 write(5, "\10\33[K", 4) = 4
1512300640.968275 clock_gettime(CLOCK_BOOTTIME, {25712, 388863653}) = 0
1512300640.968302 clock_gettime(CLOCK_BOOTTIME, {25712, 388888809}) = 0
1512300640.968322 select(7, [3 4], [], NULL, NULL) = 1 (in [4])
1512300641.139948 clock_gettime(CLOCK_BOOTTIME, {25712, 560538147}) = 0
1512300641.139976 read(4, "\177", 16384) = 1
1512300641.140048 clock_gettime(CLOCK_BOOTTIME, {25712, 560640316}) = 0
1512300641.140078 clock_gettime(CLOCK_BOOTTIME, {25712, 560664478}) = 0
1512300641.140098 select(7, [3 4], [3], NULL, NULL) = 1 (out [3])
1512300641.140132 clock_gettime(CLOCK_BOOTTIME, {25712, 560718990}) = 0
1512300641.140153 write(3, "\363\220\244eK}\216\4`\375\252C\317U\322%\360\30D\231\6QjX:L\230 u\240\4\326"..., 36) = 36
1512300641.140281 clock_gettime(CLOCK_BOOTTIME, {25712, 560868769}) = 0
1512300641.140306 clock_gettime(CLOCK_BOOTTIME, {25712, 560893186}) = 0
1512300641.140327 select(7, [3 4], [], NULL, NULL) = 1 (in [3])
1512300641.140895 clock_gettime(CLOCK_BOOTTIME, {25712, 561491986}) = 0
1512300641.140933 read(3, "P\222jSV\300\315\31n\r\246\310\17d\321\322\205%-5\216\326\22\1\25\347\276.0\310\271["..., 8192) = 44
1512300641.141004 clock_gettime(CLOCK_BOOTTIME, {25712, 561624524}) = 0
1512300641.141066 clock_gettime(CLOCK_BOOTTIME, {25712, 561653496}) = 0
1512300641.141088 select(7, [3 4], [5], NULL, NULL) = 1 (out [5])
1512300641.141151 clock_gettime(CLOCK_BOOTTIME, {25712, 561738131}) = 0
1512300641.141172 write(5, "\10\33[K", 4) = 4
1512300641.141394 clock_gettime(CLOCK_BOOTTIME, {25712, 561982236}) = 0
1512300641.141420 clock_gettime(CLOCK_BOOTTIME, {25712, 562007177}) = 0
1512300641.141441 select(7, [3 4], [], NULL, NULL) = 1 (in [4])
1512300641.368342 clock_gettime(CLOCK_BOOTTIME, {25712, 788957739}) = 0
1512300641.368408 read(4, "l", 16384)   = 1
1512300641.368471 clock_gettime(CLOCK_BOOTTIME, {25712, 789064788}) = 0
1512300641.368531 clock_gettime(CLOCK_BOOTTIME, {25712, 789122850}) = 0
1512300641.368567 select(7, [3 4], [3], NULL, NULL) = 1 (out [3])
1512300641.368666 clock_gettime(CLOCK_BOOTTIME, {25712, 789259104}) = 0
1512300641.368707 write(3, "\223L27\\`\307\256\306\2157\274\223\"\252\356\2664O\357o\220o\354\25\2=\332\351y<\f"..., 36) = 36
1512300641.368922 clock_gettime(CLOCK_BOOTTIME, {25712, 789512362}) = 0
1512300641.368953 clock_gettime(CLOCK_BOOTTIME, {25712, 789540332}) = 0
1512300641.368975 select(7, [3 4], [], NULL, NULL) = 1 (in [3])
1512300641.369485 clock_gettime(CLOCK_BOOTTIME, {25712, 790075424}) = 0
1512300641.369513 read(3, "D\267\243K\255\344\3229\266n|\377\276a-\2L\34\341)\242\242\340\367>\203\235\332\372~\277\16"..., 8192) = 36
1512300641.369553 clock_gettime(CLOCK_BOOTTIME, {25712, 790141350}) = 0
1512300641.369576 clock_gettime(CLOCK_BOOTTIME, {25712, 790163607}) = 0
1512300641.369626 select(7, [3 4], [5], NULL, NULL) = 1 (out [5])
1512300641.369667 clock_gettime(CLOCK_BOOTTIME, {25712, 790254872}) = 0
1512300641.369689 write(5, "l", 1)      = 1
1512300641.369870 clock_gettime(CLOCK_BOOTTIME, {25712, 790459506}) = 0
1512300641.369899 clock_gettime(CLOCK_BOOTTIME, {25712, 790485985}) = 0
1512300641.369920 select(7, [3 4], [], NULL, NULL) = 1 (in [4])
1512300641.475981 clock_gettime(CLOCK_BOOTTIME, {25712, 896577472}) = 0
1512300641.476027 read(4, "s", 16384)   = 1
1512300641.476089 clock_gettime(CLOCK_BOOTTIME, {25712, 896683233}) = 0
1512300641.476128 clock_gettime(CLOCK_BOOTTIME, {25712, 896726805}) = 0
1512300641.476172 select(7, [3 4], [3], NULL, NULL) = 1 (out [3])
1512300641.476249 clock_gettime(CLOCK_BOOTTIME, {25712, 896860233}) = 0
1512300641.476310 write(3, "5\362\351\35\376\t\321,}\2572\261)o\241/\226\362!\257\307\353\266\311*\245\305\371P$x6"..., 36) = 36
1512300641.476476 clock_gettime(CLOCK_BOOTTIME, {25712, 897069876}) = 0
1512300641.476530 clock_gettime(CLOCK_BOOTTIME, {25712, 897121984}) = 0
1512300641.476567 select(7, [3 4], [], NULL, NULL) = 1 (in [3])
1512300641.477064 clock_gettime(CLOCK_BOOTTIME, {25712, 897657959}) = 0
1512300641.477103 read(3, "\222\252U\220y!\17\3255\206\216C\21_\336R\264\322Kx\fP\356{\207p\214\256\331|\204\252"..., 8192) = 36
1512300641.477160 clock_gettime(CLOCK_BOOTTIME, {25712, 897754247}) = 0
1512300641.477198 clock_gettime(CLOCK_BOOTTIME, {25712, 897790886}) = 0
1512300641.477265 select(7, [3 4], [5], NULL, NULL) = 1 (out [5])
1512300641.477327 clock_gettime(CLOCK_BOOTTIME, {25712, 897919056}) = 0
1512300641.477363 write(5, "s", 1)      = 1
1512300641.477582 clock_gettime(CLOCK_BOOTTIME, {25712, 898175412}) = 0
1512300641.477624 clock_gettime(CLOCK_BOOTTIME, {25712, 898229465}) = 0
1512300641.477674 select(7, [3 4], [], NULL, NULL) = 1 (in [4])
1512300641.604418 clock_gettime(CLOCK_BOOTTIME, {25713, 25004844}) = 0
1512300641.604435 read(4, "\r", 16384)  = 1
1512300641.604461 clock_gettime(CLOCK_BOOTTIME, {25713, 25046064}) = 0
1512300641.604473 clock_gettime(CLOCK_BOOTTIME, {25713, 25058025}) = 0
1512300641.604485 select(7, [3 4], [3], NULL, NULL) = 1 (out [3])
1512300641.604502 clock_gettime(CLOCK_BOOTTIME, {25713, 25087010}) = 0
1512300641.604514 write(3, "\276\202@\303\332]\260%\273i\273u\343\214O@\322\216\227.\250\353\264Qhh\262\24\310\204\2602"..., 36) = 36
1512300641.604606 clock_gettime(CLOCK_BOOTTIME, {25713, 25195735}) = 0
1512300641.604628 clock_gettime(CLOCK_BOOTTIME, {25713, 25213021}) = 0
1512300641.604640 select(7, [3 4], [], NULL, NULL) = 1 (in [3])
1512300641.605193 clock_gettime(CLOCK_BOOTTIME, {25713, 25779267}) = 0
1512300641.605209 read(3, "_Q1Y7\33\264\\Ce\312M\225\331\0257\302p\377\335\226\301i9\214\233w\300r\302\376\20"..., 8192) = 36
1512300641.605231 clock_gettime(CLOCK_BOOTTIME, {25713, 25816639}) = 0
1512300641.605244 clock_gettime(CLOCK_BOOTTIME, {25713, 25828758}) = 0
1512300641.605256 select(7, [3 4], [5], NULL, NULL) = 1 (out [5])
1512300641.605273 clock_gettime(CLOCK_BOOTTIME, {25713, 25869168}) = 0
1512300641.605297 write(5, "\r\n", 2)   = 2
1512300641.605411 clock_gettime(CLOCK_BOOTTIME, {25713, 25996418}) = 0
1512300641.605426 clock_gettime(CLOCK_BOOTTIME, {25713, 26010800}) = 0
1512300641.605438 select(7, [3 4], [], NULL, NULL) = 1 (in [3])
1512300641.606294 clock_gettime(CLOCK_BOOTTIME, {25713, 26881679}) = 0
1512300641.606311 read(3, " %\00692\216\306Ru\251c\2024\330\306\330\2626q\335\261\201\236\247R;\356\3547\262-\16"..., 8192) = 88
1512300641.606338 clock_gettime(CLOCK_BOOTTIME, {25713, 26923295}) = 0
1512300641.606350 clock_gettime(CLOCK_BOOTTIME, {25713, 26935302}) = 0
1512300641.606362 select(7, [3 4], [5], NULL, NULL) = 1 (out [5])
1512300641.606380 clock_gettime(CLOCK_BOOTTIME, {25713, 26965230}) = 0
1512300641.606393 write(5, "user_enterpoint.py\r\n", 20) = 20
1512300641.606505 clock_gettime(CLOCK_BOOTTIME, {25713, 27090545}) = 0
1512300641.606520 clock_gettime(CLOCK_BOOTTIME, {25713, 27104179}) = 0
1512300641.606531 select(7, [3 4], [], NULL, NULL) = 1 (in [3])
1512300641.606660 clock_gettime(CLOCK_BOOTTIME, {25713, 27247721}) = 0
1512300641.606681 read(3, "\362\377\ts\23h\354\376\26`\315\36\340+e\345XC\30AD\320N\33\375\261\337\373\205&\304\213"..., 8192) = 100
1512300641.606708 clock_gettime(CLOCK_BOOTTIME, {25713, 27293147}) = 0
1512300641.606720 clock_gettime(CLOCK_BOOTTIME, {25713, 27304117}) = 0
1512300641.606731 select(7, [3 4], [5], NULL, NULL) = 1 (out [5])
1512300641.606748 clock_gettime(CLOCK_BOOTTIME, {25713, 27332293}) = 0
1512300641.606758 write(5, "\33]0;hy@PyStudy4: ~\7\33[01;32mhy@Py"..., 60) = 60
1512300641.606848 clock_gettime(CLOCK_BOOTTIME, {25713, 27432993}) = 0
1512300641.606861 clock_gettime(CLOCK_BOOTTIME, {25713, 27446010}) = 0
1512300641.606872 select(7, [3 4], [], NULL, NULL) = 1 (in [4])
1512300642.157315 clock_gettime(CLOCK_BOOTTIME, {25713, 577901547}) = 0
1512300642.157332 read(4, "e", 16384)   = 1
1512300642.157358 clock_gettime(CLOCK_BOOTTIME, {25713, 577942720}) = 0
1512300642.157369 clock_gettime(CLOCK_BOOTTIME, {25713, 577954000}) = 0
1512300642.157381 select(7, [3 4], [3], NULL, NULL) = 1 (out [3])
1512300642.157398 clock_gettime(CLOCK_BOOTTIME, {25713, 577982410}) = 0
1512300642.157409 write(3, "&[\260z)\265F\234S\r\336\355g|\346\377\337\340^.\270\264c\336x\r\37\341\4a\356\274"..., 36) = 36
1512300642.157488 clock_gettime(CLOCK_BOOTTIME, {25713, 578075094}) = 0
1512300642.157510 clock_gettime(CLOCK_BOOTTIME, {25713, 578095065}) = 0
1512300642.157522 select(7, [3 4], [], NULL, NULL) = 1 (in [3])
1512300642.157865 clock_gettime(CLOCK_BOOTTIME, {25713, 578450806}) = 0
1512300642.157879 read(3, "\20\205\325\336\27\320\267\261z\236\363\2310\347y\372\21#\210Nf\266:7\377}WB#*\16'"..., 8192) = 36
1512300642.157900 clock_gettime(CLOCK_BOOTTIME, {25713, 578485007}) = 0
1512300642.157912 clock_gettime(CLOCK_BOOTTIME, {25713, 578496072}) = 0
1512300642.157923 select(7, [3 4], [5], NULL, NULL) = 1 (out [5])
1512300642.157940 clock_gettime(CLOCK_BOOTTIME, {25713, 578524726}) = 0
1512300642.157951 write(5, "e", 1)      = 1
1512300642.158053 clock_gettime(CLOCK_BOOTTIME, {25713, 578637879}) = 0
1512300642.158067 clock_gettime(CLOCK_BOOTTIME, {25713, 578651328}) = 0
1512300642.158078 select(7, [3 4], [], NULL, NULL) = 1 (in [4])
1512300642.356064 clock_gettime(CLOCK_BOOTTIME, {25713, 776661801}) = 0
1512300642.356203 read(4, "c", 16384)   = 1
1512300642.356324 clock_gettime(CLOCK_BOOTTIME, {25713, 776919656}) = 0
1512300642.356368 clock_gettime(CLOCK_BOOTTIME, {25713, 776959517}) = 0
1512300642.356405 select(7, [3 4], [3], NULL, NULL) = 1 (out [3])
1512300642.356470 clock_gettime(CLOCK_BOOTTIME, {25713, 777061387}) = 0
1512300642.356508 write(3, "\327\225\321\231Y+8\272\356\376\226\235\345I\22\206&\37\10\313)\3448T\345E\271\t{\225\260s"..., 36) = 36
1512300642.356879 clock_gettime(CLOCK_BOOTTIME, {25713, 777472430}) = 0
1512300642.356928 clock_gettime(CLOCK_BOOTTIME, {25713, 777519182}) = 0
1512300642.356965 select(7, [3 4], [], NULL, NULL) = 1 (in [3])
1512300642.358318 clock_gettime(CLOCK_BOOTTIME, {25713, 778925006}) = 0
1512300642.358401 read(3, "\332r\266c\224+2\274\24\203\22\334N|\233\2568\217\315\274)U\345\300D\373\255Q@\220\237 "..., 8192) = 36
1512300642.358517 clock_gettime(CLOCK_BOOTTIME, {25713, 779110083}) = 0
1512300642.358557 clock_gettime(CLOCK_BOOTTIME, {25713, 779148376}) = 0
1512300642.358594 select(7, [3 4], [5], NULL, NULL) = 1 (out [5])
1512300642.358997 clock_gettime(CLOCK_BOOTTIME, {25713, 779602955}) = 0
1512300642.359074 write(5, "c", 1)      = 1
1512300642.359492 clock_gettime(CLOCK_BOOTTIME, {25713, 780086228}) = 0
1512300642.359540 clock_gettime(CLOCK_BOOTTIME, {25713, 780131337}) = 0
1512300642.359577 select(7, [3 4], [], NULL, NULL) = 1 (in [4])
1512300642.522213 clock_gettime(CLOCK_BOOTTIME, {25713, 942810734}) = 0
1512300642.522265 read(4, "i", 16384)   = 1
1512300642.522411 clock_gettime(CLOCK_BOOTTIME, {25713, 943012374}) = 0
1512300642.522465 clock_gettime(CLOCK_BOOTTIME, {25713, 943056887}) = 0
1512300642.522503 select(7, [3 4], [3], NULL, NULL) = 1 (out [3])
1512300642.522583 clock_gettime(CLOCK_BOOTTIME, {25713, 943175560}) = 0
1512300642.522623 write(3, "\265\240!'\360\370\2702=nI\366B\20\226\372D.\25\320\342\367\36\274_\311A\375V\310/<"..., 36) = 36
1512300642.522903 clock_gettime(CLOCK_BOOTTIME, {25713, 943498715}) = 0
1512300642.522953 clock_gettime(CLOCK_BOOTTIME, {25713, 943544661}) = 0
1512300642.522991 select(7, [3 4], [], NULL, NULL) = 1 (in [3])
1512300642.523785 clock_gettime(CLOCK_BOOTTIME, {25713, 944383143}) = 0
1512300642.523900 read(3, "\247\241\350\336\215\303\306\234\234\244\26\240&I\355\270\"R\10\3)_r\257\240\376PR\234E/\340"..., 8192) = 36
1512300642.524016 clock_gettime(CLOCK_BOOTTIME, {25713, 944620720}) = 0
1512300642.524091 clock_gettime(CLOCK_BOOTTIME, {25713, 944692891}) = 0
1512300642.524151 select(7, [3 4], [5], NULL, NULL) = 1 (out [5])
1512300642.524216 clock_gettime(CLOCK_BOOTTIME, {25713, 944807666}) = 0
1512300642.524253 write(5, "i", 1)      = 1
1512300642.524616 clock_gettime(CLOCK_BOOTTIME, {25713, 945210655}) = 0
1512300642.524665 clock_gettime(CLOCK_BOOTTIME, {25713, 945256886}) = 0
1512300642.524703 select(7, [3 4], [], NULL, NULL) = 1 (in [4])
1512300642.800975 clock_gettime(CLOCK_BOOTTIME, {25714, 221651427}) = 0
1512300642.801145 read(4, "\177", 16384) = 1
1512300642.801271 clock_gettime(CLOCK_BOOTTIME, {25714, 221880114}) = 0
1512300642.801357 clock_gettime(CLOCK_BOOTTIME, {25714, 221959011}) = 0
1512300642.801432 select(7, [3 4], [3], NULL, NULL) = 1 (out [3])
1512300642.801619 clock_gettime(CLOCK_BOOTTIME, {25714, 222221902}) = 0
1512300642.801693 write(3, "\377w\342\300/\221\301\20?c\303Q\343\210t\330\35\317\2?\346]\320Gy\223\"\310nu\215\307"..., 36) = 36
1512300642.802060 clock_gettime(CLOCK_BOOTTIME, {25714, 222667108}) = 0
1512300642.802200 clock_gettime(CLOCK_BOOTTIME, {25714, 222811005}) = 0
1512300642.802286 select(7, [3 4], [], NULL, NULL) = 1 (in [3])
1512300642.803254 clock_gettime(CLOCK_BOOTTIME, {25714, 223857056}) = 0
1512300642.803333 read(3, "\234`\217L\346\202\316eGJ\335\0\0368\27k.]#-\312\246\223\366\232Z\277\273\370.\4\263"..., 8192) = 44
1512300642.803444 clock_gettime(CLOCK_BOOTTIME, {25714, 224141226}) = 0
1512300642.803632 clock_gettime(CLOCK_BOOTTIME, {25714, 224232090}) = 0
1512300642.803699 select(7, [3 4], [5], NULL, NULL) = 1 (out [5])
1512300642.803806 clock_gettime(CLOCK_BOOTTIME, {25714, 224404097}) = 0
1512300642.803869 write(5, "\10\33[K", 4) = 4
1512300642.804357 clock_gettime(CLOCK_BOOTTIME, {25714, 224958189}) = 0
1512300642.804429 clock_gettime(CLOCK_BOOTTIME, {25714, 225025389}) = 0
1512300642.804537 select(7, [3 4], [], NULL, NULL) = 1 (in [4])
1512300642.958022 clock_gettime(CLOCK_BOOTTIME, {25714, 378618343}) = 0
1512300642.958072 read(4, "\177", 16384) = 1
1512300642.958144 clock_gettime(CLOCK_BOOTTIME, {25714, 378738510}) = 0
1512300642.958252 clock_gettime(CLOCK_BOOTTIME, {25714, 378843828}) = 0
1512300642.958290 select(7, [3 4], [3], NULL, NULL) = 1 (out [3])
1512300642.958349 clock_gettime(CLOCK_BOOTTIME, {25714, 378939458}) = 0
1512300642.958386 write(3, "Po|\1+\202\20B}\256hm\301\275/k,W\367P.=\220tb\6,|~dzu"..., 36) = 36
1512300642.958750 clock_gettime(CLOCK_BOOTTIME, {25714, 379365084}) = 0
1512300642.958842 clock_gettime(CLOCK_BOOTTIME, {25714, 379441165}) = 0
1512300642.958905 select(7, [3 4], [], NULL, NULL) = 1 (in [3])
1512300642.959771 clock_gettime(CLOCK_BOOTTIME, {25714, 380367524}) = 0
1512300642.959823 read(3, "\204\237\331&\331{+\363tG\275u\322h\2276H\257,*\257\216\342,\366ve\"\22\26\314\332"..., 8192) = 44
1512300642.959891 clock_gettime(CLOCK_BOOTTIME, {25714, 380483772}) = 0
1512300642.959929 clock_gettime(CLOCK_BOOTTIME, {25714, 380519640}) = 0
1512300642.959965 select(7, [3 4], [5], NULL, NULL) = 1 (out [5])
1512300642.960025 clock_gettime(CLOCK_BOOTTIME, {25714, 380615611}) = 0
1512300642.960060 write(5, "\10\33[K", 4) = 4
1512300642.960375 clock_gettime(CLOCK_BOOTTIME, {25714, 380967687}) = 0
1512300642.960420 clock_gettime(CLOCK_BOOTTIME, {25714, 381011057}) = 0
1512300642.960456 select(7, [3 4], [], NULL, NULL) = 1 (in [4])
1512300643.155416 clock_gettime(CLOCK_BOOTTIME, {25714, 576027894}) = 0
1512300643.155511 read(4, "\177", 16384) = 1
1512300643.155765 clock_gettime(CLOCK_BOOTTIME, {25714, 576372688}) = 0
1512300643.155848 clock_gettime(CLOCK_BOOTTIME, {25714, 576449520}) = 0
1512300643.155922 select(7, [3 4], [3], NULL, NULL) = 1 (out [3])
1512300643.156240 clock_gettime(CLOCK_BOOTTIME, {25714, 576845223}) = 0
1512300643.156323 write(3, "\323e\336\215\213\277hwZ\v\221R\246\204\255\363\36^+\17\377\273\1\332\31\201{A\263\256\317<"..., 36) = 36
1512300643.156691 clock_gettime(CLOCK_BOOTTIME, {25714, 577296603}) = 0
1512300643.156778 clock_gettime(CLOCK_BOOTTIME, {25714, 577379800}) = 0
1512300643.156854 select(7, [3 4], [], NULL, NULL) = 1 (in [3])
1512300643.157909 clock_gettime(CLOCK_BOOTTIME, {25714, 578505985}) = 0
1512300643.157959 read(3, "\215\236\333\345H\200K\300\243*\305u\257\214r\33Q\374K\262\312\217&e\273vL#N\206J:"..., 8192) = 44
1512300643.158031 clock_gettime(CLOCK_BOOTTIME, {25714, 578687538}) = 0
1512300643.158151 clock_gettime(CLOCK_BOOTTIME, {25714, 578742184}) = 0
1512300643.158189 select(7, [3 4], [5], NULL, NULL) = 1 (out [5])
1512300643.158252 clock_gettime(CLOCK_BOOTTIME, {25714, 578842896}) = 0
1512300643.158288 write(5, "\10\33[K", 4) = 4
1512300643.158894 clock_gettime(CLOCK_BOOTTIME, {25714, 579507413}) = 0
1512300643.158991 clock_gettime(CLOCK_BOOTTIME, {25714, 579588795}) = 0
1512300643.159111 select(7, [3 4], [], NULL, NULL) = 1 (in [4])
1512300643.277914 clock_gettime(CLOCK_BOOTTIME, {25714, 698510881}) = 0
1512300643.277964 read(4, "e", 16384)   = 1
1512300643.278036 clock_gettime(CLOCK_BOOTTIME, {25714, 698628322}) = 0
1512300643.278074 clock_gettime(CLOCK_BOOTTIME, {25714, 698664655}) = 0
1512300643.278110 select(7, [3 4], [3], NULL, NULL) = 1 (out [3])
1512300643.278226 clock_gettime(CLOCK_BOOTTIME, {25714, 698817688}) = 0
1512300643.278265 write(3, "\v\205y\3230V\372~\257\326Wm\251\366\310\316\310\233\t\206\223\367\327\20\\]b0\314\361\32G"..., 36) = 36
1512300643.278485 clock_gettime(CLOCK_BOOTTIME, {25714, 699078389}) = 0
1512300643.278531 clock_gettime(CLOCK_BOOTTIME, {25714, 699121679}) = 0
1512300643.278569 select(7, [3 4], [], NULL, NULL) = 1 (in [3])
1512300643.279604 clock_gettime(CLOCK_BOOTTIME, {25714, 700200209}) = 0
1512300643.279653 read(3, "\216\354y\312\371\204y\257\304A\302\33${0\276\"\351@MX\376\246@\n\210b|\316\3368r"..., 8192) = 36
1512300643.279866 clock_gettime(CLOCK_BOOTTIME, {25714, 700465255}) = 0
1512300643.279915 clock_gettime(CLOCK_BOOTTIME, {25714, 700506530}) = 0
1512300643.279953 select(7, [3 4], [5], NULL, NULL) = 1 (out [5])
1512300643.280019 clock_gettime(CLOCK_BOOTTIME, {25714, 700610260}) = 0
1512300643.280056 write(5, "e", 1)      = 1
1512300643.280442 clock_gettime(CLOCK_BOOTTIME, {25714, 701035835}) = 0
1512300643.280490 clock_gettime(CLOCK_BOOTTIME, {25714, 701080508}) = 0
1512300643.280526 select(7, [3 4], [], NULL, NULL) = 1 (in [4])
1512300643.482044 clock_gettime(CLOCK_BOOTTIME, {25714, 902641288}) = 0
1512300643.482094 read(4, "x", 16384)   = 1
1512300643.482186 clock_gettime(CLOCK_BOOTTIME, {25714, 902784782}) = 0
1512300643.482233 clock_gettime(CLOCK_BOOTTIME, {25714, 902844800}) = 0
1512300643.482293 select(7, [3 4], [3], NULL, NULL) = 1 (out [3])
1512300643.482356 clock_gettime(CLOCK_BOOTTIME, {25714, 902949924}) = 0
1512300643.482398 write(3, "\231\357L\26D\217\313\2007\246\354\277X\376Q\330\272\317\2245\216\3d\376-\0329\211\357\255z+"..., 36) = 36
1512300643.482602 clock_gettime(CLOCK_BOOTTIME, {25714, 903197207}) = 0
1512300643.482682 clock_gettime(CLOCK_BOOTTIME, {25714, 903275937}) = 0
1512300643.482725 select(7, [3 4], [], NULL, NULL) = 1 (in [3])
1512300643.483708 clock_gettime(CLOCK_BOOTTIME, {25714, 904304421}) = 0
1512300643.483755 read(3, "p\2668@\350\221P\251\6\324\335\232Iz\323F\3218\3\0255\202|\241\\\373h\330^\30\3252"..., 8192) = 36
1512300643.483820 clock_gettime(CLOCK_BOOTTIME, {25714, 904414956}) = 0
1512300643.483864 clock_gettime(CLOCK_BOOTTIME, {25714, 904456942}) = 0
1512300643.483904 select(7, [3 4], [5], NULL, NULL) = 1 (out [5])
1512300643.483966 clock_gettime(CLOCK_BOOTTIME, {25714, 904559533}) = 0
1512300643.484006 write(5, "x", 1)      = 1
1512300643.484235 clock_gettime(CLOCK_BOOTTIME, {25714, 904830525}) = 0
1512300643.484283 clock_gettime(CLOCK_BOOTTIME, {25714, 904876117}) = 0
1512300643.484324 select(7, [3 4], [], NULL, NULL) = 1 (in [4])
1512300643.657844 clock_gettime(CLOCK_BOOTTIME, {25715, 78455630}) = 0
1512300643.657938 read(4, "i", 16384)   = 1
1512300643.658022 clock_gettime(CLOCK_BOOTTIME, {25715, 78692476}) = 0
1512300643.658196 clock_gettime(CLOCK_BOOTTIME, {25715, 78789690}) = 0
1512300643.658238 select(7, [3 4], [3], NULL, NULL) = 1 (out [3])
1512300643.658302 clock_gettime(CLOCK_BOOTTIME, {25715, 78894547}) = 0
1512300643.658342 write(3, "\352a\220\354\232\242\221\21M\245\347}\323\342o{HT\262\242\206\363Rn<\22\21\231\340&\324U"..., 36) = 36
1512300643.658684 clock_gettime(CLOCK_BOOTTIME, {25715, 79309789}) = 0
1512300643.658788 clock_gettime(CLOCK_BOOTTIME, {25715, 79388976}) = 0
1512300643.658854 select(7, [3 4], [], NULL, NULL) = 1 (in [3])
1512300643.659592 clock_gettime(CLOCK_BOOTTIME, {25715, 80189537}) = 0
1512300643.659727 read(3, "\242\321\314\372\\\335t\372]\231\252\214\21\333\332,\257\363T\330h\220\373\fR\0050\3\375\233\304d"..., 8192) = 36
1512300643.659814 clock_gettime(CLOCK_BOOTTIME, {25715, 80408582}) = 0
1512300643.659856 clock_gettime(CLOCK_BOOTTIME, {25715, 80448143}) = 0
1512300643.659895 select(7, [3 4], [5], NULL, NULL) = 1 (out [5])
1512300643.659957 clock_gettime(CLOCK_BOOTTIME, {25715, 80548860}) = 0
1512300643.659995 write(5, "i", 1)      = 1
1512300643.660318 clock_gettime(CLOCK_BOOTTIME, {25715, 80911892}) = 0
1512300643.660365 clock_gettime(CLOCK_BOOTTIME, {25715, 80955864}) = 0
1512300643.660401 select(7, [3 4], [], NULL, NULL) = 1 (in [4])
1512300643.766799 clock_gettime(CLOCK_BOOTTIME, {25715, 187416811}) = 0
1512300643.766894 read(4, "t", 16384)   = 1
1512300643.766996 clock_gettime(CLOCK_BOOTTIME, {25715, 187597779}) = 0
1512300643.767052 clock_gettime(CLOCK_BOOTTIME, {25715, 187649247}) = 0
1512300643.767163 select(7, [3 4], [3], NULL, NULL) = 1 (out [3])
1512300643.767264 clock_gettime(CLOCK_BOOTTIME, {25715, 187860694}) = 0
1512300643.767323 write(3, "\253D\212\236\244\200\377\310\323\352\344\2046=X\24\343\21\350j\312\2214\27P\271\276\344\323\260\311'"..., 36) = 36
1512300643.767736 clock_gettime(CLOCK_BOOTTIME, {25715, 188338115}) = 0
1512300643.767815 clock_gettime(CLOCK_BOOTTIME, {25715, 188413248}) = 0
1512300643.767875 select(7, [3 4], [], NULL, NULL) = 1 (in [3])
1512300643.768725 clock_gettime(CLOCK_BOOTTIME, {25715, 189319186}) = 0
1512300643.768768 read(3, "\347\253\205S\242BL\257)\0018M\272\216\212\260\310Zwj\251\253#&?\313w\236\200\301\255\250"..., 8192) = 36
1512300643.768836 clock_gettime(CLOCK_BOOTTIME, {25715, 189428237}) = 0
1512300643.768873 clock_gettime(CLOCK_BOOTTIME, {25715, 189463263}) = 0
1512300643.768908 select(7, [3 4], [5], NULL, NULL) = 1 (out [5])
1512300643.768965 clock_gettime(CLOCK_BOOTTIME, {25715, 189556012}) = 0
1512300643.769001 write(5, "t", 1)      = 1
1512300643.769359 clock_gettime(CLOCK_BOOTTIME, {25715, 189952245}) = 0
1512300643.769405 clock_gettime(CLOCK_BOOTTIME, {25715, 190021830}) = 0
1512300643.769471 select(7, [3 4], [], NULL, NULL) = 1 (in [4])
1512300643.949631 clock_gettime(CLOCK_BOOTTIME, {25715, 370217805}) = 0
1512300643.949647 read(4, "\r", 16384)  = 1
1512300643.949672 clock_gettime(CLOCK_BOOTTIME, {25715, 370257253}) = 0
1512300643.949684 clock_gettime(CLOCK_BOOTTIME, {25715, 370268545}) = 0
1512300643.949695 select(7, [3 4], [3], NULL, NULL) = 1 (out [3])
1512300643.949712 clock_gettime(CLOCK_BOOTTIME, {25715, 370297024}) = 0
1512300643.949724 write(3, "\301\225\346}\6\3\374|\256,'\257\356\261\5\310\240\34\37\20C\233\261\271\241\226\206\31J\315W\273"..., 36) = 36
1512300643.949802 clock_gettime(CLOCK_BOOTTIME, {25715, 370387397}) = 0
1512300643.949816 clock_gettime(CLOCK_BOOTTIME, {25715, 370400719}) = 0
1512300643.949828 select(7, [3 4], [], NULL, NULL) = 1 (in [3])
1512300643.950391 clock_gettime(CLOCK_BOOTTIME, {25715, 370977346}) = 0
1512300643.950406 read(3, "\347\275\235u\367\324\220Q\333)\231K\261hBF\310]\351\363\375\205\300T.\31\346\202\226\22\237\266"..., 8192) = 44
1512300643.950428 clock_gettime(CLOCK_BOOTTIME, {25715, 371013511}) = 0
1512300643.950440 clock_gettime(CLOCK_BOOTTIME, {25715, 371024794}) = 0
1512300643.950451 select(7, [3 4], [5], NULL, NULL) = 1 (out [5])
1512300643.950469 clock_gettime(CLOCK_BOOTTIME, {25715, 371053335}) = 0
1512300643.950480 write(5, "\r\nlogout\r\n", 10) = 10
1512300643.950591 clock_gettime(CLOCK_BOOTTIME, {25715, 371175951}) = 0
1512300643.950606 clock_gettime(CLOCK_BOOTTIME, {25715, 371190038}) = 0
1512300643.950620 select(7, [3 4], [], NULL, NULL) = 1 (in [3])
1512300643.999601 clock_gettime(CLOCK_BOOTTIME, {25715, 420187822}) = 0
1512300643.999618 read(3, "e\326hd\37\211T\247\351]D\305\216\254\263\246\nC\\\2315\361#\221\232L\353Q:X\370\365"..., 8192) = 176
1512300643.999647 close(4)              = 0
1512300643.999663 close(5)              = 0
1512300643.999675 clock_gettime(CLOCK_BOOTTIME, {25715, 420260114}) = 0
1512300643.999687 clock_gettime(CLOCK_BOOTTIME, {25715, 420271805}) = 0
1512300643.999699 ioctl(0, TCGETS, {B38400 -opost -isig -icanon -echo ...}) = 0
1512300643.999714 ioctl(0, SNDCTL_TMR_STOP or TCSETSW, {B38400 opost isig icanon echo ...}) = 0
1512300643.999726 ioctl(0, TCGETS, {B38400 opost isig icanon echo ...}) = 0
1512300643.999749 close(6)              = 0
1512300643.999762 select(7, [3], [3], NULL, NULL) = 1 (out [3])
1512300643.999779 clock_gettime(CLOCK_BOOTTIME, {25715, 420363774}) = 0
1512300643.999790 write(3, "\276[U\206<\26774h\274.\31oF;*\27`yCY\301\342\315\22\222\2731\271@\317\262"..., 36) = 36
1512300643.999875 rt_sigaction(SIGWINCH, NULL, {0x562b2fac1230, [], SA_RESTORER, 0x7f1b528c24b0}, 8) = 0
1512300643.999891 rt_sigaction(SIGWINCH, {SIG_DFL, [], SA_RESTORER, 0x7f1b528c24b0}, NULL, 8) = 0
1512300643.999907 write(3, "\244\377\332\214\227\373\271\32G\244\353\271\0238/7\17\336\317\0uB\270\23\324\265\357\260Qf\332\241"..., 60) = 60
1512300643.999959 ioctl(0, TCGETS, {B38400 opost isig icanon echo ...}) = 0
1512300643.999974 ioctl(1, TCGETS, {B38400 opost isig icanon echo ...}) = 0
1512300643.999985 ioctl(2, TCGETS, {B38400 opost isig icanon echo ...}) = 0
1512300643.999998 write(2, "Connection to 192.168.100.132 cl"..., 39) = 39
1512300644.000186 close(3)              = 0
1512300644.000270 exit_group(0)         = ?
1512300644.001223 +++ exited with 0 +++
